
*** Running vivado
    with args -log PmodJSTK.vds -m64 -product Vivado -mode batch -messageDb vivado.pb -notrace -source PmodJSTK.tcl



****** Vivado v2024.1 (64-bit)
  **** SW Build 5076996 on Wed May 22 18:37:14 MDT 2024
  **** IP Build 5075265 on Wed May 22 21:45:21 MDT 2024
  **** SharedData Build 5076995 on Wed May 22 18:29:18 MDT 2024
  **** Start of session at: Thu Nov 28 11:12:41 2024
    ** Copyright 1986-2022 Xilinx, Inc. All Rights Reserved.
    ** Copyright 2022-2024 Advanced Micro Devices, Inc. All Rights Reserved.

source PmodJSTK.tcl -notrace
create_project: Time (s): cpu = 00:00:04 ; elapsed = 00:00:11 . Memory (MB): peak = 522.336 ; gain = 235.945
Command: read_checkpoint -auto_incremental -incremental C:/Users/mariu/Downloads/JSTCK/JSTCK.srcs/utils_1/imports/synth_1/PmodJSTK.dcp
INFO: [Vivado 12-5825] Read reference checkpoint from C:/Users/mariu/Downloads/JSTCK/JSTCK.srcs/utils_1/imports/synth_1/PmodJSTK.dcp for incremental synthesis
INFO: [Vivado 12-7989] Please ensure there are no constraint changes
Command: synth_design -top PmodJSTK -part xc7a35tcpg236-1
Starting synth_design
Attempting to get a license for feature 'Synthesis' and/or device 'xc7a35t'
INFO: [Common 17-349] Got license for feature 'Synthesis' and/or device 'xc7a35t'
INFO: [Designutils 20-5440] No compile time benefit to using incremental synthesis; A full resynthesis will be run
INFO: [Designutils 20-4379] Flow is switching to default flow due to incremental criteria not met. If you would like to alter this behaviour and have the flow terminate instead, please set the following parameter config_implementation {autoIncr.Synth.RejectBehavior Terminate}
INFO: [Synth 8-7079] Multithreading enabled for synth_design using a maximum of 2 processes.
INFO: [Synth 8-7078] Launching helper process for spawning children vivado processes
INFO: [Synth 8-7075] Helper process launched with PID 7360
---------------------------------------------------------------------------------
Starting Synthesize : Time (s): cpu = 00:00:03 ; elapsed = 00:00:07 . Memory (MB): peak = 981.004 ; gain = 448.906
---------------------------------------------------------------------------------
INFO: [Synth 8-638] synthesizing module 'PmodJSTK' [C:/Users/mariu/Downloads/JSTCK/JSTCK.srcs/sources_1/new/PmodJSTK.vhd:20]
INFO: [Synth 8-638] synthesizing module 'spiCtrl' [C:/Users/mariu/Downloads/JSTCK/JSTCK.srcs/sources_1/new/spiCtrl.vhd:21]
INFO: [Synth 8-256] done synthesizing module 'spiCtrl' (0#1) [C:/Users/mariu/Downloads/JSTCK/JSTCK.srcs/sources_1/new/spiCtrl.vhd:21]
INFO: [Synth 8-638] synthesizing module 'spiMode0' [C:/Users/mariu/Downloads/JSTCK/JSTCK.srcs/sources_1/new/spiMode0.vhd:20]
INFO: [Synth 8-226] default block is never used [C:/Users/mariu/Downloads/JSTCK/JSTCK.srcs/sources_1/new/spiMode0.vhd:89]
INFO: [Synth 8-256] done synthesizing module 'spiMode0' (0#1) [C:/Users/mariu/Downloads/JSTCK/JSTCK.srcs/sources_1/new/spiMode0.vhd:20]
INFO: [Synth 8-638] synthesizing module 'ClkDiv_66_67kHz' [C:/Users/mariu/Downloads/JSTCK/JSTCK.srcs/sources_1/new/ClkDiv_66_67kHz.vhd:14]
INFO: [Synth 8-256] done synthesizing module 'ClkDiv_66_67kHz' (0#1) [C:/Users/mariu/Downloads/JSTCK/JSTCK.srcs/sources_1/new/ClkDiv_66_67kHz.vhd:14]
INFO: [Synth 8-256] done synthesizing module 'PmodJSTK' (0#1) [C:/Users/mariu/Downloads/JSTCK/JSTCK.srcs/sources_1/new/PmodJSTK.vhd:20]
---------------------------------------------------------------------------------
Finished Synthesize : Time (s): cpu = 00:00:04 ; elapsed = 00:00:09 . Memory (MB): peak = 1091.066 ; gain = 558.969
---------------------------------------------------------------------------------
---------------------------------------------------------------------------------
Finished Constraint Validation : Time (s): cpu = 00:00:04 ; elapsed = 00:00:10 . Memory (MB): peak = 1091.066 ; gain = 558.969
---------------------------------------------------------------------------------
---------------------------------------------------------------------------------
Start Loading Part and Timing Information
---------------------------------------------------------------------------------
Loading part: xc7a35tcpg236-1
---------------------------------------------------------------------------------
Finished Loading Part and Timing Information : Time (s): cpu = 00:00:04 ; elapsed = 00:00:10 . Memory (MB): peak = 1091.066 ; gain = 558.969
---------------------------------------------------------------------------------
INFO: [Device 21-403] Loading part xc7a35tcpg236-1
INFO: [Synth 8-802] inferred FSM for state register 'state_reg' in module 'spiCtrl'
INFO: [Synth 8-802] inferred FSM for state register 'pState_reg' in module 'spiMode0'
---------------------------------------------------------------------------------------------------
                   State |                     New Encoding |                Previous Encoding 
---------------------------------------------------------------------------------------------------
                  iSTATE |                              001 |                              000
                 iSTATE0 |                              010 |                              001
                 iSTATE1 |                              100 |                              010
---------------------------------------------------------------------------------------------------
INFO: [Synth 8-3354] encoded FSM with state register 'state_reg' using encoding 'one-hot' in module 'spiCtrl'
---------------------------------------------------------------------------------------------------
                   State |                     New Encoding |                Previous Encoding 
---------------------------------------------------------------------------------------------------
                    idle |                             0001 |                               00
                    init |                             0010 |                               01
                    rxtx |                             0100 |                               10
                    done |                             1000 |                               11
---------------------------------------------------------------------------------------------------
INFO: [Synth 8-3354] encoded FSM with state register 'pState_reg' using encoding 'one-hot' in module 'spiMode0'
---------------------------------------------------------------------------------
Finished RTL Optimization Phase 2 : Time (s): cpu = 00:00:04 ; elapsed = 00:00:10 . Memory (MB): peak = 1091.066 ; gain = 558.969
---------------------------------------------------------------------------------
No constraint files found.
---------------------------------------------------------------------------------
Start RTL Component Statistics 
---------------------------------------------------------------------------------
Detailed RTL Component Info : 
+---Adders : 
	   2 Input   10 Bit       Adders := 1     
	   2 Input    4 Bit       Adders := 1     
+---Registers : 
	               40 Bit    Registers := 2     
	               10 Bit    Registers := 1     
	                8 Bit    Registers := 3     
	                4 Bit    Registers := 1     
	                1 Bit    Registers := 5     
+---Muxes : 
	   3 Input    8 Bit        Muxes := 1     
	   4 Input    4 Bit        Muxes := 1     
	   3 Input    1 Bit        Muxes := 6     
	   2 Input    1 Bit        Muxes := 1     
	   4 Input    1 Bit        Muxes := 4     
---------------------------------------------------------------------------------
Finished RTL Component Statistics 
---------------------------------------------------------------------------------
---------------------------------------------------------------------------------
Start Part Resource Summary
---------------------------------------------------------------------------------
INFO: [Device 21-9227] Part: xc7a35tcpg236-1 does not have CEAM library.
Part Resources:
DSPs: 90 (col length:60)
BRAMs: 100 (col length: RAMB18 60 RAMB36 30)
---------------------------------------------------------------------------------
Finished Part Resource Summary
---------------------------------------------------------------------------------
No constraint files found.
---------------------------------------------------------------------------------
Start Cross Boundary and Area Optimization
---------------------------------------------------------------------------------
WARNING: [Synth 8-7080] Parallel synthesis criteria is not met
---------------------------------------------------------------------------------
Finished Cross Boundary and Area Optimization : Time (s): cpu = 00:00:07 ; elapsed = 00:00:18 . Memory (MB): peak = 1283.004 ; gain = 750.906
---------------------------------------------------------------------------------
No constraint files found.
---------------------------------------------------------------------------------
Start Timing Optimization
---------------------------------------------------------------------------------
---------------------------------------------------------------------------------
Finished Timing Optimization : Time (s): cpu = 00:00:07 ; elapsed = 00:00:19 . Memory (MB): peak = 1283.004 ; gain = 750.906
---------------------------------------------------------------------------------
---------------------------------------------------------------------------------
Start Technology Mapping
---------------------------------------------------------------------------------
---------------------------------------------------------------------------------
Finished Technology Mapping : Time (s): cpu = 00:00:07 ; elapsed = 00:00:19 . Memory (MB): peak = 1283.004 ; gain = 750.906
---------------------------------------------------------------------------------
---------------------------------------------------------------------------------
Start IO Insertion
---------------------------------------------------------------------------------
---------------------------------------------------------------------------------
Start Flattening Before IO Insertion
---------------------------------------------------------------------------------
---------------------------------------------------------------------------------
Finished Flattening Before IO Insertion
---------------------------------------------------------------------------------
---------------------------------------------------------------------------------
Start Final Netlist Cleanup
---------------------------------------------------------------------------------
---------------------------------------------------------------------------------
Finished Final Netlist Cleanup
---------------------------------------------------------------------------------
---------------------------------------------------------------------------------
Finished IO Insertion : Time (s): cpu = 00:00:10 ; elapsed = 00:00:25 . Memory (MB): peak = 1283.004 ; gain = 750.906
---------------------------------------------------------------------------------
---------------------------------------------------------------------------------
Start Renaming Generated Instances
---------------------------------------------------------------------------------
---------------------------------------------------------------------------------
Finished Renaming Generated Instances : Time (s): cpu = 00:00:10 ; elapsed = 00:00:25 . Memory (MB): peak = 1283.004 ; gain = 750.906
---------------------------------------------------------------------------------
---------------------------------------------------------------------------------
Start Rebuilding User Hierarchy
---------------------------------------------------------------------------------
---------------------------------------------------------------------------------
Finished Rebuilding User Hierarchy : Time (s): cpu = 00:00:10 ; elapsed = 00:00:25 . Memory (MB): peak = 1283.004 ; gain = 750.906
---------------------------------------------------------------------------------
---------------------------------------------------------------------------------
Start Renaming Generated Ports
---------------------------------------------------------------------------------
---------------------------------------------------------------------------------
Finished Renaming Generated Ports : Time (s): cpu = 00:00:10 ; elapsed = 00:00:25 . Memory (MB): peak = 1283.004 ; gain = 750.906
---------------------------------------------------------------------------------
---------------------------------------------------------------------------------
Start Handling Custom Attributes
---------------------------------------------------------------------------------
---------------------------------------------------------------------------------
Finished Handling Custom Attributes : Time (s): cpu = 00:00:10 ; elapsed = 00:00:25 . Memory (MB): peak = 1283.004 ; gain = 750.906
---------------------------------------------------------------------------------
---------------------------------------------------------------------------------
Start Renaming Generated Nets
---------------------------------------------------------------------------------
---------------------------------------------------------------------------------
Finished Renaming Generated Nets : Time (s): cpu = 00:00:10 ; elapsed = 00:00:25 . Memory (MB): peak = 1283.004 ; gain = 750.906
---------------------------------------------------------------------------------
---------------------------------------------------------------------------------
Start Writing Synthesis Report
---------------------------------------------------------------------------------

Report BlackBoxes: 
+-+--------------+----------+
| |BlackBox name |Instances |
+-+--------------+----------+
+-+--------------+----------+

Report Cell Usage: 
+------+-----+------+
|      |Cell |Count |
+------+-----+------+
|1     |BUFG |     2|
|2     |LUT2 |     6|
|3     |LUT3 |     5|
|4     |LUT4 |    13|
|5     |LUT5 |    10|
|6     |LUT6 |     9|
|7     |FDCE |    62|
|8     |FDPE |     2|
|9     |FDRE |    65|
|10    |FDSE |     1|
|11    |IBUF |    12|
|12    |OBUF |    43|
+------+-----+------+

Report Instance Areas: 
+------+---------------------+----------------+------+
|      |Instance             |Module          |Cells |
+------+---------------------+----------------+------+
|1     |top                  |                |   230|
|2     |  Clock_Divider_inst |ClkDiv_66_67kHz |    28|
|3     |  SPI_Ctrl_inst      |spiCtrl         |   100|
|4     |  SPI_Int_inst       |spiMode0        |    45|
+------+---------------------+----------------+------+
---------------------------------------------------------------------------------
Finished Writing Synthesis Report : Time (s): cpu = 00:00:10 ; elapsed = 00:00:25 . Memory (MB): peak = 1283.004 ; gain = 750.906
---------------------------------------------------------------------------------
Synthesis finished with 0 errors, 0 critical warnings and 1 warnings.
Synthesis Optimization Runtime : Time (s): cpu = 00:00:10 ; elapsed = 00:00:25 . Memory (MB): peak = 1283.004 ; gain = 750.906
Synthesis Optimization Complete : Time (s): cpu = 00:00:10 ; elapsed = 00:00:25 . Memory (MB): peak = 1283.004 ; gain = 750.906
INFO: [Project 1-571] Translating synthesized netlist
Netlist sorting complete. Time (s): cpu = 00:00:00 ; elapsed = 00:00:00.003 . Memory (MB): peak = 1286.891 ; gain = 0.000
INFO: [Project 1-570] Preparing netlist for logic optimization
INFO: [Opt 31-138] Pushed 0 inverter(s) to 0 load pin(s).
Netlist sorting complete. Time (s): cpu = 00:00:00 ; elapsed = 00:00:00 . Memory (MB): peak = 1384.270 ; gain = 0.000
INFO: [Project 1-111] Unisim Transformation Summary:
No Unisim elements were transformed.

Synth Design complete | Checksum: 572c1d76
INFO: [Common 17-83] Releasing license: Synthesis
28 Infos, 1 Warnings, 0 Critical Warnings and 0 Errors encountered.
synth_design completed successfully
synth_design: Time (s): cpu = 00:00:10 ; elapsed = 00:00:28 . Memory (MB): peak = 1384.270 ; gain = 857.465
Write ShapeDB Complete: Time (s): cpu = 00:00:00 ; elapsed = 00:00:00.005 . Memory (MB): peak = 1384.270 ; gain = 0.000
INFO: [Common 17-1381] The checkpoint 'C:/Users/mariu/Downloads/JSTCK/JSTCK.runs/synth_1/PmodJSTK.dcp' has been generated.
INFO: [Vivado 12-24828] Executing command : report_utilization -file PmodJSTK_utilization_synth.rpt -pb PmodJSTK_utilization_synth.pb
INFO: [Common 17-206] Exiting Vivado at Thu Nov 28 11:13:23 2024...
