
*** Running vivado
    with args -log top.vds -m64 -product Vivado -mode batch -messageDb vivado.pb -notrace -source top.tcl



****** Vivado v2024.1 (64-bit)
  **** SW Build 5076996 on Wed May 22 18:37:14 MDT 2024
  **** IP Build 5075265 on Wed May 22 21:45:21 MDT 2024
  **** SharedData Build 5076995 on Wed May 22 18:29:18 MDT 2024
  **** Start of session at: Mon Dec 16 19:37:53 2024
    ** Copyright 1986-2022 Xilinx, Inc. All Rights Reserved.
    ** Copyright 2022-2024 Advanced Micro Devices, Inc. All Rights Reserved.

source top.tcl -notrace
create_project: Time (s): cpu = 00:00:04 ; elapsed = 00:00:09 . Memory (MB): peak = 523.254 ; gain = 238.570
Command: read_checkpoint -auto_incremental -incremental C:/Users/mariu/Downloads/TECLADO_BACKUP/TECLADO_BACKUP.srcs/utils_1/imports/synth_1/top.dcp
INFO: [Vivado 12-5825] Read reference checkpoint from C:/Users/mariu/Downloads/TECLADO_BACKUP/TECLADO_BACKUP.srcs/utils_1/imports/synth_1/top.dcp for incremental synthesis
INFO: [Vivado 12-7989] Please ensure there are no constraint changes
Command: synth_design -top top -part xc7a100tcsg324-1
Starting synth_design
Attempting to get a license for feature 'Synthesis' and/or device 'xc7a100t'
INFO: [Common 17-349] Got license for feature 'Synthesis' and/or device 'xc7a100t'
INFO: [Device 21-403] Loading part xc7a100tcsg324-1
INFO: [Device 21-9227] Part: xc7a100tcsg324-1 does not have CEAM library.
INFO: [Designutils 20-5440] No compile time benefit to using incremental synthesis; A full resynthesis will be run
INFO: [Designutils 20-4379] Flow is switching to default flow due to incremental criteria not met. If you would like to alter this behaviour and have the flow terminate instead, please set the following parameter config_implementation {autoIncr.Synth.RejectBehavior Terminate}
INFO: [Synth 8-7079] Multithreading enabled for synth_design using a maximum of 2 processes.
INFO: [Synth 8-7078] Launching helper process for spawning children vivado processes
INFO: [Synth 8-7075] Helper process launched with PID 716
---------------------------------------------------------------------------------
Starting RTL Elaboration : Time (s): cpu = 00:00:03 ; elapsed = 00:00:07 . Memory (MB): peak = 1391.461 ; gain = 449.234
---------------------------------------------------------------------------------
WARNING: [Synth 8-9694] invalid size of integer constant literal [C:/Users/mariu/Downloads/TECLADO_BACKUP/TECLADO_BACKUP.srcs/sources_1/imports/hdl/PS2Receiver.v:39]
INFO: [Synth 8-638] synthesizing module 'top' [C:/Users/mariu/Downloads/TECLADO_BACKUP/TECLADO_BACKUP.srcs/sources_1/new/TOP_KEYBOARD.vhd:22]
INFO: [Synth 8-6157] synthesizing module 'PS2Receiver' [C:/Users/mariu/Downloads/TECLADO_BACKUP/TECLADO_BACKUP.srcs/sources_1/imports/hdl/PS2Receiver.v:23]
INFO: [Synth 8-6157] synthesizing module 'debouncer' [C:/Users/mariu/Downloads/TECLADO_BACKUP/TECLADO_BACKUP.srcs/sources_1/imports/hdl/debouncer.v:23]
INFO: [Synth 8-6155] done synthesizing module 'debouncer' (0#1) [C:/Users/mariu/Downloads/TECLADO_BACKUP/TECLADO_BACKUP.srcs/sources_1/imports/hdl/debouncer.v:23]
INFO: [Synth 8-155] case statement is not full and has no default [C:/Users/mariu/Downloads/TECLADO_BACKUP/TECLADO_BACKUP.srcs/sources_1/imports/hdl/PS2Receiver.v:53]
INFO: [Synth 8-6155] done synthesizing module 'PS2Receiver' (0#1) [C:/Users/mariu/Downloads/TECLADO_BACKUP/TECLADO_BACKUP.srcs/sources_1/imports/hdl/PS2Receiver.v:23]
INFO: [Synth 8-638] synthesizing module 'MAQUINA_ESTADOS_TECLADO' [C:/Users/mariu/Downloads/TECLADO_BACKUP/TECLADO_BACKUP.srcs/sources_1/new/DISPLAY_BCD.vhd:20]
INFO: [Synth 8-226] default block is never used [C:/Users/mariu/Downloads/TECLADO_BACKUP/TECLADO_BACKUP.srcs/sources_1/new/DISPLAY_BCD.vhd:212]
INFO: [Synth 8-226] default block is never used [C:/Users/mariu/Downloads/TECLADO_BACKUP/TECLADO_BACKUP.srcs/sources_1/new/DISPLAY_BCD.vhd:253]
INFO: [Synth 8-256] done synthesizing module 'MAQUINA_ESTADOS_TECLADO' (0#1) [C:/Users/mariu/Downloads/TECLADO_BACKUP/TECLADO_BACKUP.srcs/sources_1/new/DISPLAY_BCD.vhd:20]
INFO: [Synth 8-256] done synthesizing module 'top' (0#1) [C:/Users/mariu/Downloads/TECLADO_BACKUP/TECLADO_BACKUP.srcs/sources_1/new/TOP_KEYBOARD.vhd:22]
WARNING: [Synth 8-3848] Net UART_TXD in module/entity top does not have driver. [C:/Users/mariu/Downloads/TECLADO_BACKUP/TECLADO_BACKUP.srcs/sources_1/new/TOP_KEYBOARD.vhd:14]
WARNING: [Synth 8-7129] Port x[31] in module MAQUINA_ESTADOS_TECLADO is either unconnected or has no load
WARNING: [Synth 8-7129] Port x[30] in module MAQUINA_ESTADOS_TECLADO is either unconnected or has no load
WARNING: [Synth 8-7129] Port x[29] in module MAQUINA_ESTADOS_TECLADO is either unconnected or has no load
WARNING: [Synth 8-7129] Port x[28] in module MAQUINA_ESTADOS_TECLADO is either unconnected or has no load
WARNING: [Synth 8-7129] Port x[27] in module MAQUINA_ESTADOS_TECLADO is either unconnected or has no load
WARNING: [Synth 8-7129] Port x[26] in module MAQUINA_ESTADOS_TECLADO is either unconnected or has no load
WARNING: [Synth 8-7129] Port x[25] in module MAQUINA_ESTADOS_TECLADO is either unconnected or has no load
WARNING: [Synth 8-7129] Port x[24] in module MAQUINA_ESTADOS_TECLADO is either unconnected or has no load
WARNING: [Synth 8-7129] Port x[23] in module MAQUINA_ESTADOS_TECLADO is either unconnected or has no load
WARNING: [Synth 8-7129] Port x[22] in module MAQUINA_ESTADOS_TECLADO is either unconnected or has no load
WARNING: [Synth 8-7129] Port x[21] in module MAQUINA_ESTADOS_TECLADO is either unconnected or has no load
WARNING: [Synth 8-7129] Port x[20] in module MAQUINA_ESTADOS_TECLADO is either unconnected or has no load
WARNING: [Synth 8-7129] Port x[19] in module MAQUINA_ESTADOS_TECLADO is either unconnected or has no load
WARNING: [Synth 8-7129] Port x[18] in module MAQUINA_ESTADOS_TECLADO is either unconnected or has no load
WARNING: [Synth 8-7129] Port x[17] in module MAQUINA_ESTADOS_TECLADO is either unconnected or has no load
WARNING: [Synth 8-7129] Port x[16] in module MAQUINA_ESTADOS_TECLADO is either unconnected or has no load
WARNING: [Synth 8-7129] Port x[15] in module MAQUINA_ESTADOS_TECLADO is either unconnected or has no load
WARNING: [Synth 8-7129] Port x[14] in module MAQUINA_ESTADOS_TECLADO is either unconnected or has no load
WARNING: [Synth 8-7129] Port x[13] in module MAQUINA_ESTADOS_TECLADO is either unconnected or has no load
WARNING: [Synth 8-7129] Port x[12] in module MAQUINA_ESTADOS_TECLADO is either unconnected or has no load
WARNING: [Synth 8-7129] Port x[11] in module MAQUINA_ESTADOS_TECLADO is either unconnected or has no load
WARNING: [Synth 8-7129] Port x[10] in module MAQUINA_ESTADOS_TECLADO is either unconnected or has no load
WARNING: [Synth 8-7129] Port x[9] in module MAQUINA_ESTADOS_TECLADO is either unconnected or has no load
WARNING: [Synth 8-7129] Port x[8] in module MAQUINA_ESTADOS_TECLADO is either unconnected or has no load
WARNING: [Synth 8-7129] Port UART_TXD in module top is either unconnected or has no load
---------------------------------------------------------------------------------
Finished RTL Elaboration : Time (s): cpu = 00:00:03 ; elapsed = 00:00:09 . Memory (MB): peak = 1502.652 ; gain = 560.426
---------------------------------------------------------------------------------
---------------------------------------------------------------------------------
Start Handling Custom Attributes
---------------------------------------------------------------------------------
---------------------------------------------------------------------------------
Finished Handling Custom Attributes : Time (s): cpu = 00:00:03 ; elapsed = 00:00:09 . Memory (MB): peak = 1502.652 ; gain = 560.426
---------------------------------------------------------------------------------
---------------------------------------------------------------------------------
Finished RTL Optimization Phase 1 : Time (s): cpu = 00:00:03 ; elapsed = 00:00:09 . Memory (MB): peak = 1502.652 ; gain = 560.426
---------------------------------------------------------------------------------
Netlist sorting complete. Time (s): cpu = 00:00:00 ; elapsed = 00:00:00.002 . Memory (MB): peak = 1502.652 ; gain = 0.000
INFO: [Project 1-570] Preparing netlist for logic optimization

Processing XDC Constraints
Initializing timing engine
Parsing XDC File [C:/Users/mariu/Downloads/TECLADO_BACKUP/TECLADO_BACKUP.srcs/constrs_1/imports/Downloads/Nexys4DDR_Master.xdc]
Finished Parsing XDC File [C:/Users/mariu/Downloads/TECLADO_BACKUP/TECLADO_BACKUP.srcs/constrs_1/imports/Downloads/Nexys4DDR_Master.xdc]
INFO: [Project 1-236] Implementation specific constraints were found while reading constraint file [C:/Users/mariu/Downloads/TECLADO_BACKUP/TECLADO_BACKUP.srcs/constrs_1/imports/Downloads/Nexys4DDR_Master.xdc]. These constraints will be ignored for synthesis but will be used in implementation. Impacted constraints are listed in the file [.Xil/top_propImpl.xdc].
Resolution: To avoid this warning, move constraints listed in [.Xil/top_propImpl.xdc] to another XDC file and exclude this new file from synthesis with the used_in_synthesis property (File Properties dialog in GUI) and re-run elaboration/synthesis.
Completed Processing XDC Constraints

Netlist sorting complete. Time (s): cpu = 00:00:00 ; elapsed = 00:00:00 . Memory (MB): peak = 1602.312 ; gain = 0.000
INFO: [Project 1-111] Unisim Transformation Summary:
No Unisim elements were transformed.

Constraint Validation Runtime : Time (s): cpu = 00:00:00 ; elapsed = 00:00:00.003 . Memory (MB): peak = 1602.312 ; gain = 0.000
INFO: [Designutils 20-5440] No compile time benefit to using incremental synthesis; A full resynthesis will be run
INFO: [Designutils 20-4379] Flow is switching to default flow due to incremental criteria not met. If you would like to alter this behaviour and have the flow terminate instead, please set the following parameter config_implementation {autoIncr.Synth.RejectBehavior Terminate}
---------------------------------------------------------------------------------
Finished Constraint Validation : Time (s): cpu = 00:00:07 ; elapsed = 00:00:17 . Memory (MB): peak = 1602.312 ; gain = 660.086
---------------------------------------------------------------------------------
---------------------------------------------------------------------------------
Start Loading Part and Timing Information
---------------------------------------------------------------------------------
Loading part: xc7a100tcsg324-1
---------------------------------------------------------------------------------
Finished Loading Part and Timing Information : Time (s): cpu = 00:00:07 ; elapsed = 00:00:17 . Memory (MB): peak = 1602.312 ; gain = 660.086
---------------------------------------------------------------------------------
---------------------------------------------------------------------------------
Start Applying 'set_property' XDC Constraints
---------------------------------------------------------------------------------
---------------------------------------------------------------------------------
Finished applying 'set_property' XDC Constraints : Time (s): cpu = 00:00:07 ; elapsed = 00:00:18 . Memory (MB): peak = 1602.312 ; gain = 660.086
---------------------------------------------------------------------------------
INFO: [Synth 8-802] inferred FSM for state register 'current_state_reg' in module 'MAQUINA_ESTADOS_TECLADO'
---------------------------------------------------------------------------------------------------
                   State |                     New Encoding |                Previous Encoding 
---------------------------------------------------------------------------------------------------
                es_reset |                              000 |                              000
              es_derecha |                              001 |                              100
            es_izquierda |                              010 |                              011
                es_abajo |                              011 |                              010
               es_arriba |                              100 |                              001
---------------------------------------------------------------------------------------------------
INFO: [Synth 8-3354] encoded FSM with state register 'current_state_reg' using encoding 'sequential' in module 'MAQUINA_ESTADOS_TECLADO'
---------------------------------------------------------------------------------
Finished RTL Optimization Phase 2 : Time (s): cpu = 00:00:08 ; elapsed = 00:00:18 . Memory (MB): peak = 1602.312 ; gain = 660.086
---------------------------------------------------------------------------------
---------------------------------------------------------------------------------
Start RTL Component Statistics 
---------------------------------------------------------------------------------
Detailed RTL Component Info : 
+---Adders : 
	   2 Input    5 Bit       Adders := 2     
	   2 Input    4 Bit       Adders := 1     
+---Registers : 
	               32 Bit    Registers := 1     
	                8 Bit    Registers := 2     
	                5 Bit    Registers := 2     
	                4 Bit    Registers := 2     
	                1 Bit    Registers := 6     
+---Muxes : 
	   5 Input   32 Bit        Muxes := 1     
	   8 Input    8 Bit        Muxes := 1     
	   2 Input    4 Bit        Muxes := 1     
	  37 Input    3 Bit        Muxes := 1     
	   2 Input    1 Bit        Muxes := 8     
	   3 Input    1 Bit        Muxes := 2     
	  12 Input    1 Bit        Muxes := 2     
	   5 Input    1 Bit        Muxes := 7     
	   4 Input    1 Bit        Muxes := 1     
---------------------------------------------------------------------------------
Finished RTL Component Statistics 
---------------------------------------------------------------------------------
---------------------------------------------------------------------------------
Start Part Resource Summary
---------------------------------------------------------------------------------
Part Resources:
DSPs: 240 (col length:80)
BRAMs: 270 (col length: RAMB18 80 RAMB36 40)
---------------------------------------------------------------------------------
Finished Part Resource Summary
---------------------------------------------------------------------------------
---------------------------------------------------------------------------------
Start Cross Boundary and Area Optimization
---------------------------------------------------------------------------------
WARNING: [Synth 8-7080] Parallel synthesis criteria is not met
WARNING: [Synth 8-3936] Found unconnected internal register 'keyboard/keycode_reg' and it is trimmed from '32' to '24' bits. [C:/Users/mariu/Downloads/TECLADO_BACKUP/TECLADO_BACKUP.srcs/sources_1/imports/hdl/PS2Receiver.v:74]
WARNING: [Synth 8-3917] design top has port DP driven by constant 1
WARNING: [Synth 8-7129] Port UART_TXD in module top is either unconnected or has no load
---------------------------------------------------------------------------------
Finished Cross Boundary and Area Optimization : Time (s): cpu = 00:00:09 ; elapsed = 00:00:21 . Memory (MB): peak = 1602.312 ; gain = 660.086
---------------------------------------------------------------------------------
---------------------------------------------------------------------------------
Start Applying XDC Timing Constraints
---------------------------------------------------------------------------------
---------------------------------------------------------------------------------
Finished Applying XDC Timing Constraints : Time (s): cpu = 00:00:11 ; elapsed = 00:00:26 . Memory (MB): peak = 1602.312 ; gain = 660.086
---------------------------------------------------------------------------------
---------------------------------------------------------------------------------
Start Timing Optimization
---------------------------------------------------------------------------------
---------------------------------------------------------------------------------
Finished Timing Optimization : Time (s): cpu = 00:00:11 ; elapsed = 00:00:27 . Memory (MB): peak = 1602.312 ; gain = 660.086
---------------------------------------------------------------------------------
---------------------------------------------------------------------------------
Start Technology Mapping
---------------------------------------------------------------------------------
---------------------------------------------------------------------------------
Finished Technology Mapping : Time (s): cpu = 00:00:11 ; elapsed = 00:00:27 . Memory (MB): peak = 1602.312 ; gain = 660.086
---------------------------------------------------------------------------------
---------------------------------------------------------------------------------
Start IO Insertion
---------------------------------------------------------------------------------
---------------------------------------------------------------------------------
Start Flattening Before IO Insertion
---------------------------------------------------------------------------------
---------------------------------------------------------------------------------
Finished Flattening Before IO Insertion
---------------------------------------------------------------------------------
---------------------------------------------------------------------------------
Start Final Netlist Cleanup
---------------------------------------------------------------------------------
---------------------------------------------------------------------------------
Finished Final Netlist Cleanup
---------------------------------------------------------------------------------
---------------------------------------------------------------------------------
Finished IO Insertion : Time (s): cpu = 00:00:14 ; elapsed = 00:00:32 . Memory (MB): peak = 1602.312 ; gain = 660.086
---------------------------------------------------------------------------------
---------------------------------------------------------------------------------
Start Renaming Generated Instances
---------------------------------------------------------------------------------
---------------------------------------------------------------------------------
Finished Renaming Generated Instances : Time (s): cpu = 00:00:14 ; elapsed = 00:00:32 . Memory (MB): peak = 1602.312 ; gain = 660.086
---------------------------------------------------------------------------------
---------------------------------------------------------------------------------
Start Rebuilding User Hierarchy
---------------------------------------------------------------------------------
---------------------------------------------------------------------------------
Finished Rebuilding User Hierarchy : Time (s): cpu = 00:00:14 ; elapsed = 00:00:32 . Memory (MB): peak = 1602.312 ; gain = 660.086
---------------------------------------------------------------------------------
---------------------------------------------------------------------------------
Start Renaming Generated Ports
---------------------------------------------------------------------------------
---------------------------------------------------------------------------------
Finished Renaming Generated Ports : Time (s): cpu = 00:00:14 ; elapsed = 00:00:32 . Memory (MB): peak = 1602.312 ; gain = 660.086
---------------------------------------------------------------------------------
---------------------------------------------------------------------------------
Start Handling Custom Attributes
---------------------------------------------------------------------------------
---------------------------------------------------------------------------------
Finished Handling Custom Attributes : Time (s): cpu = 00:00:14 ; elapsed = 00:00:32 . Memory (MB): peak = 1602.312 ; gain = 660.086
---------------------------------------------------------------------------------
---------------------------------------------------------------------------------
Start Renaming Generated Nets
---------------------------------------------------------------------------------
---------------------------------------------------------------------------------
Finished Renaming Generated Nets : Time (s): cpu = 00:00:14 ; elapsed = 00:00:32 . Memory (MB): peak = 1602.312 ; gain = 660.086
---------------------------------------------------------------------------------
---------------------------------------------------------------------------------
Start Writing Synthesis Report
---------------------------------------------------------------------------------

Report BlackBoxes: 
+-+--------------+----------+
| |BlackBox name |Instances |
+-+--------------+----------+
+-+--------------+----------+

Report Cell Usage: 
+------+-------+------+
|      |Cell   |Count |
+------+-------+------+
|1     |BUFG   |     1|
|2     |CARRY4 |     5|
|3     |LUT1   |     4|
|4     |LUT2   |     5|
|5     |LUT3   |    19|
|6     |LUT4   |    14|
|7     |LUT5   |     9|
|8     |LUT6   |    34|
|9     |FDCE   |     3|
|10    |FDRE   |    64|
|11    |FDSE   |     1|
|12    |IBUF   |     4|
|13    |OBUF   |    20|
|14    |OBUFT  |     1|
+------+-------+------+
---------------------------------------------------------------------------------
Finished Writing Synthesis Report : Time (s): cpu = 00:00:14 ; elapsed = 00:00:32 . Memory (MB): peak = 1602.312 ; gain = 660.086
---------------------------------------------------------------------------------
Synthesis finished with 0 errors, 0 critical warnings and 4 warnings.
Synthesis Optimization Runtime : Time (s): cpu = 00:00:10 ; elapsed = 00:00:30 . Memory (MB): peak = 1602.312 ; gain = 560.426
Synthesis Optimization Complete : Time (s): cpu = 00:00:14 ; elapsed = 00:00:32 . Memory (MB): peak = 1602.312 ; gain = 660.086
INFO: [Project 1-571] Translating synthesized netlist
Netlist sorting complete. Time (s): cpu = 00:00:00 ; elapsed = 00:00:00.001 . Memory (MB): peak = 1602.312 ; gain = 0.000
INFO: [Netlist 29-17] Analyzing 5 Unisim elements for replacement
INFO: [Netlist 29-28] Unisim Transformation completed in 0 CPU seconds
INFO: [Project 1-570] Preparing netlist for logic optimization
INFO: [Opt 31-138] Pushed 0 inverter(s) to 0 load pin(s).
Netlist sorting complete. Time (s): cpu = 00:00:00 ; elapsed = 00:00:00 . Memory (MB): peak = 1602.312 ; gain = 0.000
INFO: [Project 1-111] Unisim Transformation Summary:
No Unisim elements were transformed.

Synth Design complete | Checksum: d9a55cb4
INFO: [Common 17-83] Releasing license: Synthesis
35 Infos, 31 Warnings, 0 Critical Warnings and 0 Errors encountered.
synth_design completed successfully
synth_design: Time (s): cpu = 00:00:16 ; elapsed = 00:00:44 . Memory (MB): peak = 1602.312 ; gain = 1075.277
Write ShapeDB Complete: Time (s): cpu = 00:00:00 ; elapsed = 00:00:00.003 . Memory (MB): peak = 1602.312 ; gain = 0.000
INFO: [Common 17-1381] The checkpoint 'C:/Users/mariu/Downloads/TECLADO_BACKUP/TECLADO_BACKUP.runs/synth_1/top.dcp' has been generated.
INFO: [Vivado 12-24828] Executing command : report_utilization -file top_utilization_synth.rpt -pb top_utilization_synth.pb
INFO: [Common 17-206] Exiting Vivado at Mon Dec 16 19:38:50 2024...
