Copyright 1986-2022 Xilinx, Inc. All Rights Reserved. Copyright 2022-2024 Advanced Micro Devices, Inc. All Rights Reserved.
---------------------------------------------------------------------------------------------------------------------------------------------
| Tool Version : Vivado v.2024.1 (win64) Build 5076996 Wed May 22 18:37:14 MDT 2024
| Date         : Fri Dec 13 11:40:43 2024
| Host         : DESKTOP-1V0CU1G running 64-bit major release  (build 9200)
| Command      : report_control_sets -verbose -file top_control_sets_placed.rpt
| Design       : top
| Device       : xc7a100t
---------------------------------------------------------------------------------------------------------------------------------------------

Control Set Information

Table of Contents
-----------------
1. Summary
2. Histogram
3. Flip-Flop Distribution
4. Detailed Control Set Information

1. Summary
----------

+----------------------------------------------------------+-------+
|                          Status                          | Count |
+----------------------------------------------------------+-------+
| Total control sets                                       |    12 |
|    Minimum number of control sets                        |    12 |
|    Addition due to synthesis replication                 |     0 |
|    Addition due to physical synthesis replication        |     0 |
| Unused register locations in slices containing registers |    61 |
+----------------------------------------------------------+-------+
* Control sets can be merged at opt_design using control_set_merge or merge_equivalent_drivers
** Run report_qor_suggestions for automated merging and remapping suggestions


2. Histogram
------------

+--------------------+-------+
|       Fanout       | Count |
+--------------------+-------+
| Total control sets |    12 |
| >= 0 to < 4        |     5 |
| >= 4 to < 6        |     1 |
| >= 6 to < 8        |     1 |
| >= 8 to < 10       |     0 |
| >= 10 to < 12      |     1 |
| >= 12 to < 14      |     0 |
| >= 14 to < 16      |     1 |
| >= 16              |     3 |
+--------------------+-------+
* Control sets can be remapped at either synth_design or opt_design


3. Flip-Flop Distribution
-------------------------

+--------------+-----------------------+------------------------+-----------------+--------------+
| Clock Enable | Synchronous Set/Reset | Asynchronous Set/Reset | Total Registers | Total Slices |
+--------------+-----------------------+------------------------+-----------------+--------------+
| No           | No                    | No                     |              54 |           21 |
| No           | No                    | Yes                    |               3 |            1 |
| No           | Yes                   | No                     |              37 |           15 |
| Yes          | No                    | No                     |               0 |            0 |
| Yes          | No                    | Yes                    |               3 |            1 |
| Yes          | Yes                   | No                     |              26 |            7 |
+--------------+-----------------------+------------------------+-----------------+--------------+


4. Detailed Control Set Information
-----------------------------------

+---------------------------------------------+------------------------+-----------------------------------------+------------------+----------------+--------------+
|                 Clock Signal                |      Enable Signal     |             Set/Reset Signal            | Slice Load Count | Bel Load Count | Bels / Slice |
+---------------------------------------------+------------------------+-----------------------------------------+------------------+----------------+--------------+
|  Inst_PLL/inst/clk_out1                     |                        | Inst_VGA_Manager/Inst_VGA_Sync/v_sync0  |                1 |              1 |         1.00 |
|  Inst_PLL/inst/clk_out1                     |                        | Inst_VGA_Manager/Inst_VGA_Sync/h_sync0  |                1 |              1 |         1.00 |
|  Inst_MainFSM/FSM_onehot_cur_state_reg[2]_0 |                        |                                         |                1 |              2 |         2.00 |
|  Inst_Clock_Converter/sig_60Hz              |                        | reset_IBUF                              |                1 |              3 |         3.00 |
|  Inst_Clock_Converter/sig_60Hz              | Inst_Buttons_Sync/E[0] | Inst_Buttons_Lock/cur_state[2]_i_2_n_0  |                1 |              3 |         3.00 |
|  Inst_MainFSM/typeDraw                      |                        | Inst_VGA_Manager/Inst_VGA_Sync/en_reg_0 |                2 |              4 |         2.00 |
|  Inst_Clock_Converter/sig_60Hz              |                        |                                         |                2 |              7 |         3.50 |
|  Inst_PLL/inst/clk_out1                     |                        | Inst_VGA_Manager/Inst_VGA_Sync/p_0_in   |                5 |             11 |         2.20 |
|  Inst_ClockDistributor/clk_CV               |                        |                                         |                8 |             14 |         1.75 |
|  Inst_ClockDistributor/clk_CV               |                        | Inst_Clock_Converter/clk_temp           |                6 |             20 |         3.33 |
|  Inst_ClockDistributor/clk_CV               | Inst_MainFSM/sel       | Inst_MainFSM/counter                    |                7 |             26 |         3.71 |
|  Inst_PLL/inst/clk_out1                     |                        |                                         |               10 |             34 |         3.40 |
+---------------------------------------------+------------------------+-----------------------------------------+------------------+----------------+--------------+


