Copyright 1986-2022 Xilinx, Inc. All Rights Reserved. Copyright 2022-2024 Advanced Micro Devices, Inc. All Rights Reserved.
-------------------------------------------------------------------------------------------------------------------------------------------------
| Tool Version     : Vivado v.2024.1 (win64) Build 5076996 Wed May 22 18:37:14 MDT 2024
| Date             : Sat Dec 21 03:12:55 2024
| Host             : Mario running 64-bit major release  (build 9200)
| Command          : report_power -file TOP_2_power_routed.rpt -pb TOP_2_power_summary_routed.pb -rpx TOP_2_power_routed.rpx
| Design           : TOP_2
| Device           : xc7a100tcsg324-1
| Design State     : routed
| Grade            : commercial
| Process          : typical
| Characterization : Production
-------------------------------------------------------------------------------------------------------------------------------------------------

Power Report

Table of Contents
-----------------
1. Summary
1.1 On-Chip Components
1.2 Power Supply Summary
1.3 Confidence Level
2. Settings
2.1 Environment
2.2 Clock Constraints
3. Detailed Reports
3.1 By Hierarchy

1. Summary
----------

+--------------------------+--------------+
| Total On-Chip Power (W)  | 0.389        |
| Design Power Budget (W)  | Unspecified* |
| Power Budget Margin (W)  | NA           |
| Dynamic (W)              | 0.291        |
| Device Static (W)        | 0.098        |
| Effective TJA (C/W)      | 4.6          |
| Max Ambient (C)          | 83.2         |
| Junction Temperature (C) | 26.8         |
| Confidence Level         | Low          |
| Setting File             | ---          |
| Simulation Activity File | ---          |
| Design Nets Matched      | NA           |
+--------------------------+--------------+
* Specify Design Power Budget using, set_operating_conditions -design_power_budget <value in Watts>


1.1 On-Chip Components
----------------------

+----------------+-----------+----------+-----------+-----------------+
| On-Chip        | Power (W) | Used     | Available | Utilization (%) |
+----------------+-----------+----------+-----------+-----------------+
| Clocks         |     0.022 |        6 |       --- |             --- |
| Slice Logic    |     0.069 |    29013 |       --- |             --- |
|   LUT as Logic |     0.056 |    17901 |     63400 |           28.24 |
|   CARRY4       |     0.013 |     3984 |     15850 |           25.14 |
|   Register     |    <0.001 |     4909 |    126800 |            3.87 |
|   F7/F8 Muxes  |    <0.001 |       14 |     63400 |            0.02 |
|   BUFG         |    <0.001 |        3 |        32 |            9.38 |
|   Others       |     0.000 |       62 |       --- |             --- |
| Signals        |     0.072 |    23733 |       --- |             --- |
| PLL            |     0.113 |        1 |         6 |           16.67 |
| I/O            |     0.014 |       46 |       210 |           21.90 |
| Static Power   |     0.098 |          |           |                 |
| Total          |     0.389 |          |           |                 |
+----------------+-----------+----------+-----------+-----------------+


1.2 Power Supply Summary
------------------------

+-----------+-------------+-----------+-------------+------------+-------------+-------------+------------+
| Source    | Voltage (V) | Total (A) | Dynamic (A) | Static (A) | Powerup (A) | Budget (A)  | Margin (A) |
+-----------+-------------+-----------+-------------+------------+-------------+-------------+------------+
| Vccint    |       1.000 |     0.191 |       0.175 |      0.016 |       NA    | Unspecified | NA         |
| Vccaux    |       1.800 |     0.075 |       0.057 |      0.018 |       NA    | Unspecified | NA         |
| Vcco33    |       3.300 |     0.008 |       0.004 |      0.004 |       NA    | Unspecified | NA         |
| Vcco25    |       2.500 |     0.000 |       0.000 |      0.000 |       NA    | Unspecified | NA         |
| Vcco18    |       1.800 |     0.000 |       0.000 |      0.000 |       NA    | Unspecified | NA         |
| Vcco15    |       1.500 |     0.000 |       0.000 |      0.000 |       NA    | Unspecified | NA         |
| Vcco135   |       1.350 |     0.000 |       0.000 |      0.000 |       NA    | Unspecified | NA         |
| Vcco12    |       1.200 |     0.000 |       0.000 |      0.000 |       NA    | Unspecified | NA         |
| Vccaux_io |       1.800 |     0.000 |       0.000 |      0.000 |       NA    | Unspecified | NA         |
| Vccbram   |       1.000 |     0.000 |       0.000 |      0.000 |       NA    | Unspecified | NA         |
| MGTAVcc   |       1.000 |     0.000 |       0.000 |      0.000 |       NA    | Unspecified | NA         |
| MGTAVtt   |       1.200 |     0.000 |       0.000 |      0.000 |       NA    | Unspecified | NA         |
| Vccadc    |       1.800 |     0.020 |       0.000 |      0.020 |       NA    | Unspecified | NA         |
+-----------+-------------+-----------+-------------+------------+-------------+-------------+------------+


1.3 Confidence Level
--------------------

+-----------------------------+------------+--------------------------------------------------------+--------------------------------------------------------------------------------------------------------------------+
| User Input Data             | Confidence | Details                                                | Action                                                                                                             |
+-----------------------------+------------+--------------------------------------------------------+--------------------------------------------------------------------------------------------------------------------+
| Design implementation state | High       | Design is routed                                       |                                                                                                                    |
| Clock nodes activity        | Low        | User specified less than 75% of clocks                 | Provide missing clock activity with a constraint file, simulation results or by editing the "By Clock Domain" view |
| I/O nodes activity          | Low        | More than 75% of inputs are missing user specification | Provide missing input activity with simulation results or by editing the "By Resource Type -> I/Os" view           |
| Internal nodes activity     | Medium     | User specified less than 25% of internal nodes         | Provide missing internal nodes activity with simulation results or by editing the "By Resource Type" views         |
| Device models               | High       | Device models are Production                           |                                                                                                                    |
|                             |            |                                                        |                                                                                                                    |
| Overall confidence level    | Low        |                                                        |                                                                                                                    |
+-----------------------------+------------+--------------------------------------------------------+--------------------------------------------------------------------------------------------------------------------+


2. Settings
-----------

2.1 Environment
---------------

+-----------------------+--------------------------+
| Ambient Temp (C)      | 25.0                     |
| ThetaJA (C/W)         | 4.6                      |
| Airflow (LFM)         | 250                      |
| Heat Sink             | medium (Medium Profile)  |
| ThetaSA (C/W)         | 4.6                      |
| Board Selection       | medium (10"x10")         |
| # of Board Layers     | 12to15 (12 to 15 Layers) |
| Board Temperature (C) | 25.0                     |
+-----------------------+--------------------------+


2.2 Clock Constraints
---------------------

+----------------------+-------------------------------------------------------+-----------------+
| Clock                | Domain                                                | Constraint (ns) |
+----------------------+-------------------------------------------------------+-----------------+
| clk_out1_PLL100to108 | Inst_Clock_Manager/Inst_PLL/inst/clk_out1_PLL100to108 |             9.3 |
| clkfbout_PLL100to108 | Inst_Clock_Manager/Inst_PLL/inst/clkfbout_PLL100to108 |            50.0 |
| sys_clk_pin          | clk                                                   |            10.0 |
| sys_clk_pin          | clk_IBUF                                              |            10.0 |
+----------------------+-------------------------------------------------------+-----------------+


3. Detailed Reports
-------------------

3.1 By Hierarchy
----------------

+----------------------------+-----------+
| Name                       | Power (W) |
+----------------------------+-----------+
| TOP_2                      |     0.291 |
|   Inst_Clock_Manager       |     0.114 |
|     Inst_PLL               |     0.113 |
|       inst                 |     0.113 |
|   Inst_Flip_Flop           |     0.020 |
|   Inst_GAME_Play           |     0.033 |
|   Inst_ScaledString        |     0.003 |
|     scaling[1].Inst_Scaler |     0.002 |
|   Inst_Teclado             |     0.002 |
|     sevenSeg               |     0.001 |
|   Inst_VGA_Manager         |     0.105 |
|     Inst_VGA_Draw          |     0.064 |
|     Inst_VGA_Sync          |     0.041 |
+----------------------------+-----------+


