
*** Running vivado
    with args -log top.vds -m64 -product Vivado -mode batch -messageDb vivado.pb -notrace -source top.tcl



****** Vivado v2024.1 (64-bit)
  **** SW Build 5076996 on Wed May 22 18:37:14 MDT 2024
  **** IP Build 5075265 on Wed May 22 21:45:21 MDT 2024
  **** SharedData Build 5076995 on Wed May 22 18:29:18 MDT 2024
  **** Start of session at: Tue Dec 17 14:34:22 2024
    ** Copyright 1986-2022 Xilinx, Inc. All Rights Reserved.
    ** Copyright 2022-2024 Advanced Micro Devices, Inc. All Rights Reserved.

source top.tcl -notrace
create_project: Time (s): cpu = 00:00:03 ; elapsed = 00:00:08 . Memory (MB): peak = 522.047 ; gain = 235.723
Command: read_checkpoint -auto_incremental -incremental C:/Users/mariu/Downloads/SnakeGame/SnakeGame.srcs/utils_1/imports/synth_1/VGA_Sync.dcp
INFO: [Vivado 12-5825] Read reference checkpoint from C:/Users/mariu/Downloads/SnakeGame/SnakeGame.srcs/utils_1/imports/synth_1/VGA_Sync.dcp for incremental synthesis
INFO: [Vivado 12-7989] Please ensure there are no constraint changes
Command: synth_design -top top -part xc7a100tcsg324-1
Starting synth_design
Attempting to get a license for feature 'Synthesis' and/or device 'xc7a100t'
INFO: [Common 17-349] Got license for feature 'Synthesis' and/or device 'xc7a100t'
INFO: [Device 21-403] Loading part xc7a100tcsg324-1
INFO: [Device 21-9227] Part: xc7a100tcsg324-1 does not have CEAM library.
INFO: [Synth 8-7079] Multithreading enabled for synth_design using a maximum of 2 processes.
INFO: [Synth 8-7078] Launching helper process for spawning children vivado processes
INFO: [Synth 8-7075] Helper process launched with PID 13940
---------------------------------------------------------------------------------
Starting RTL Elaboration : Time (s): cpu = 00:00:02 ; elapsed = 00:00:07 . Memory (MB): peak = 1399.395 ; gain = 446.457
---------------------------------------------------------------------------------
WARNING: [Synth 8-9694] invalid size of integer constant literal [C:/Users/mariu/Downloads/SnakeGame/SnakeGame.srcs/sources_1/imports/sources_1/imports/hdl/PS2Receiver.v:39]
INFO: [Synth 8-638] synthesizing module 'top' [C:/Users/mariu/Downloads/SnakeGame/SnakeGame.srcs/sources_1/new/TOP_Test.vhd:66]
INFO: [Synth 8-3491] module 'Clock_distributor' declared at 'C:/Users/mariu/Downloads/SnakeGame/SnakeGame.srcs/sources_1/new/Clock_distributor.vhd:27' bound to instance 'Inst_ClockDistributor' of component 'Clock_distributor' [C:/Users/mariu/Downloads/SnakeGame/SnakeGame.srcs/sources_1/new/TOP_Test.vhd:231]
INFO: [Synth 8-638] synthesizing module 'Clock_distributor' [C:/Users/mariu/Downloads/SnakeGame/SnakeGame.srcs/sources_1/new/Clock_distributor.vhd:37]
INFO: [Synth 8-113] binding component instance 'bufg_inst' to cell 'BUFG' [C:/Users/mariu/Downloads/SnakeGame/SnakeGame.srcs/sources_1/new/Clock_distributor.vhd:42]
INFO: [Synth 8-256] done synthesizing module 'Clock_distributor' (0#1) [C:/Users/mariu/Downloads/SnakeGame/SnakeGame.srcs/sources_1/new/Clock_distributor.vhd:37]
INFO: [Synth 8-3491] module 'PLL100to108' declared at 'C:/Users/mariu/Downloads/SnakeGame/SnakeGame.runs/synth_1/.Xil/Vivado-2612-Mario/realtime/PLL100to108_stub.vhdl:6' bound to instance 'Inst_PLL' of component 'PLL100to108' [C:/Users/mariu/Downloads/SnakeGame/SnakeGame.srcs/sources_1/new/TOP_Test.vhd:242]
INFO: [Synth 8-638] synthesizing module 'PLL100to108' [C:/Users/mariu/Downloads/SnakeGame/SnakeGame.runs/synth_1/.Xil/Vivado-2612-Mario/realtime/PLL100to108_stub.vhdl:14]
INFO: [Synth 8-3491] module 'Clock_Converter' declared at 'C:/Users/mariu/Downloads/SnakeGame/SnakeGame.srcs/sources_1/new/Clock_Converter.vhd:26' bound to instance 'Inst_Clock_Converter' of component 'Clock_Converter' [C:/Users/mariu/Downloads/SnakeGame/SnakeGame.srcs/sources_1/new/TOP_Test.vhd:248]
INFO: [Synth 8-638] synthesizing module 'Clock_Converter' [C:/Users/mariu/Downloads/SnakeGame/SnakeGame.srcs/sources_1/new/Clock_Converter.vhd:34]
INFO: [Synth 8-256] done synthesizing module 'Clock_Converter' (0#1) [C:/Users/mariu/Downloads/SnakeGame/SnakeGame.srcs/sources_1/new/Clock_Converter.vhd:34]
INFO: [Synth 8-3491] module 'EDGEDTCTR' declared at 'C:/Users/mariu/Downloads/SnakeGame/SnakeGame.srcs/sources_1/new/EDGEDTCTR.vhd:23' bound to instance 'Inst_edge' of component 'EDGEDTCTR' [C:/Users/mariu/Downloads/SnakeGame/SnakeGame.srcs/sources_1/new/TOP_Test.vhd:254]
INFO: [Synth 8-638] synthesizing module 'EDGEDTCTR' [C:/Users/mariu/Downloads/SnakeGame/SnakeGame.srcs/sources_1/new/EDGEDTCTR.vhd:29]
INFO: [Synth 8-256] done synthesizing module 'EDGEDTCTR' (0#1) [C:/Users/mariu/Downloads/SnakeGame/SnakeGame.srcs/sources_1/new/EDGEDTCTR.vhd:29]
INFO: [Synth 8-3491] module 'Scaled_String' declared at 'C:/Users/mariu/Downloads/SnakeGame/SnakeGame.srcs/sources_1/new/Scaled_String.vhd:24' bound to instance 'Inst_ScaledString' of component 'Scaled_String' [C:/Users/mariu/Downloads/SnakeGame/SnakeGame.srcs/sources_1/new/TOP_Test.vhd:270]
INFO: [Synth 8-638] synthesizing module 'Scaled_String' [C:/Users/mariu/Downloads/SnakeGame/SnakeGame.srcs/sources_1/new/Scaled_String.vhd:32]
INFO: [Synth 8-3491] module 'Scaler' declared at 'C:/Users/mariu/Downloads/SnakeGame/SnakeGame.srcs/sources_1/new/Scaler.vhd:24' bound to instance 'Inst_Scaler' of component 'SCALER' [C:/Users/mariu/Downloads/SnakeGame/SnakeGame.srcs/sources_1/new/Scaled_String.vhd:47]
INFO: [Synth 8-638] synthesizing module 'Scaler' [C:/Users/mariu/Downloads/SnakeGame/SnakeGame.srcs/sources_1/new/Scaler.vhd:32]
INFO: [Synth 8-256] done synthesizing module 'Scaler' (0#1) [C:/Users/mariu/Downloads/SnakeGame/SnakeGame.srcs/sources_1/new/Scaler.vhd:32]
INFO: [Synth 8-3491] module 'Scaler' declared at 'C:/Users/mariu/Downloads/SnakeGame/SnakeGame.srcs/sources_1/new/Scaler.vhd:24' bound to instance 'Inst_Scaler' of component 'SCALER' [C:/Users/mariu/Downloads/SnakeGame/SnakeGame.srcs/sources_1/new/Scaled_String.vhd:47]
INFO: [Synth 8-3491] module 'Scaler' declared at 'C:/Users/mariu/Downloads/SnakeGame/SnakeGame.srcs/sources_1/new/Scaler.vhd:24' bound to instance 'Inst_Scaler' of component 'SCALER' [C:/Users/mariu/Downloads/SnakeGame/SnakeGame.srcs/sources_1/new/Scaled_String.vhd:47]
INFO: [Synth 8-3491] module 'Scaler' declared at 'C:/Users/mariu/Downloads/SnakeGame/SnakeGame.srcs/sources_1/new/Scaler.vhd:24' bound to instance 'Inst_Scaler' of component 'SCALER' [C:/Users/mariu/Downloads/SnakeGame/SnakeGame.srcs/sources_1/new/Scaled_String.vhd:47]
INFO: [Synth 8-3491] module 'Scaler' declared at 'C:/Users/mariu/Downloads/SnakeGame/SnakeGame.srcs/sources_1/new/Scaler.vhd:24' bound to instance 'Inst_Scaler' of component 'SCALER' [C:/Users/mariu/Downloads/SnakeGame/SnakeGame.srcs/sources_1/new/Scaled_String.vhd:47]
INFO: [Synth 8-3491] module 'Scaler' declared at 'C:/Users/mariu/Downloads/SnakeGame/SnakeGame.srcs/sources_1/new/Scaler.vhd:24' bound to instance 'Inst_Scaler' of component 'SCALER' [C:/Users/mariu/Downloads/SnakeGame/SnakeGame.srcs/sources_1/new/Scaled_String.vhd:47]
INFO: [Synth 8-3491] module 'Scaler' declared at 'C:/Users/mariu/Downloads/SnakeGame/SnakeGame.srcs/sources_1/new/Scaler.vhd:24' bound to instance 'Inst_Scaler' of component 'SCALER' [C:/Users/mariu/Downloads/SnakeGame/SnakeGame.srcs/sources_1/new/Scaled_String.vhd:47]
INFO: [Synth 8-3491] module 'Scaler' declared at 'C:/Users/mariu/Downloads/SnakeGame/SnakeGame.srcs/sources_1/new/Scaler.vhd:24' bound to instance 'Inst_Scaler' of component 'SCALER' [C:/Users/mariu/Downloads/SnakeGame/SnakeGame.srcs/sources_1/new/Scaled_String.vhd:47]
INFO: [Synth 8-3491] module 'Scaler' declared at 'C:/Users/mariu/Downloads/SnakeGame/SnakeGame.srcs/sources_1/new/Scaler.vhd:24' bound to instance 'Inst_Scaler' of component 'SCALER' [C:/Users/mariu/Downloads/SnakeGame/SnakeGame.srcs/sources_1/new/Scaled_String.vhd:47]
INFO: [Synth 8-256] done synthesizing module 'Scaled_String' (0#1) [C:/Users/mariu/Downloads/SnakeGame/SnakeGame.srcs/sources_1/new/Scaled_String.vhd:32]
INFO: [Synth 8-3491] module 'Main_Game' declared at 'C:/Users/mariu/Downloads/SnakeGame/SnakeGame.srcs/sources_1/new/Main_Game.vhd:25' bound to instance 'Inst_MainFSM' of component 'Main_Game' [C:/Users/mariu/Downloads/SnakeGame/SnakeGame.srcs/sources_1/new/TOP_Test.vhd:278]
INFO: [Synth 8-638] synthesizing module 'Main_Game' [C:/Users/mariu/Downloads/SnakeGame/SnakeGame.srcs/sources_1/new/Main_Game.vhd:34]
INFO: [Synth 8-256] done synthesizing module 'Main_Game' (0#1) [C:/Users/mariu/Downloads/SnakeGame/SnakeGame.srcs/sources_1/new/Main_Game.vhd:34]
INFO: [Synth 8-3491] module 'VGA_Manager' declared at 'C:/Users/mariu/Downloads/SnakeGame/SnakeGame.srcs/sources_1/new/VGA_Manager.vhd:27' bound to instance 'Inst_VGA_Manager' of component 'VGA_Manager' [C:/Users/mariu/Downloads/SnakeGame/SnakeGame.srcs/sources_1/new/TOP_Test.vhd:287]
INFO: [Synth 8-638] synthesizing module 'VGA_Manager' [C:/Users/mariu/Downloads/SnakeGame/SnakeGame.srcs/sources_1/new/VGA_Manager.vhd:42]
INFO: [Synth 8-3491] module 'VGA_Sync' declared at 'C:/Users/mariu/Downloads/SnakeGame/SnakeGame.srcs/sources_1/new/VGA_Sync.vhd:26' bound to instance 'Inst_VGA_Sync' of component 'VGA_Sync' [C:/Users/mariu/Downloads/SnakeGame/SnakeGame.srcs/sources_1/new/VGA_Manager.vhd:80]
INFO: [Synth 8-638] synthesizing module 'VGA_Sync' [C:/Users/mariu/Downloads/SnakeGame/SnakeGame.srcs/sources_1/new/VGA_Sync.vhd:54]
INFO: [Synth 8-256] done synthesizing module 'VGA_Sync' (0#1) [C:/Users/mariu/Downloads/SnakeGame/SnakeGame.srcs/sources_1/new/VGA_Sync.vhd:54]
INFO: [Synth 8-3491] module 'VGA_Draw' declared at 'C:/Users/mariu/Downloads/SnakeGame/SnakeGame.srcs/sources_1/new/VGA_Draw.vhd:28' bound to instance 'Inst_VGA_Draw' of component 'VGA_Draw' [C:/Users/mariu/Downloads/SnakeGame/SnakeGame.srcs/sources_1/new/VGA_Manager.vhd:90]
INFO: [Synth 8-638] synthesizing module 'VGA_Draw' [C:/Users/mariu/Downloads/SnakeGame/SnakeGame.srcs/sources_1/new/VGA_Draw.vhd:41]
WARNING: [Synth 8-614] signal 'enable' is read in the process but is not in the sensitivity list [C:/Users/mariu/Downloads/SnakeGame/SnakeGame.srcs/sources_1/new/VGA_Draw.vhd:44]
WARNING: [Synth 8-614] signal 'snake_length' is read in the process but is not in the sensitivity list [C:/Users/mariu/Downloads/SnakeGame/SnakeGame.srcs/sources_1/new/VGA_Draw.vhd:44]
WARNING: [Synth 8-614] signal 'snake_mesh_xy' is read in the process but is not in the sensitivity list [C:/Users/mariu/Downloads/SnakeGame/SnakeGame.srcs/sources_1/new/VGA_Draw.vhd:44]
WARNING: [Synth 8-614] signal 'food_xy' is read in the process but is not in the sensitivity list [C:/Users/mariu/Downloads/SnakeGame/SnakeGame.srcs/sources_1/new/VGA_Draw.vhd:44]
INFO: [Synth 8-256] done synthesizing module 'VGA_Draw' (0#1) [C:/Users/mariu/Downloads/SnakeGame/SnakeGame.srcs/sources_1/new/VGA_Draw.vhd:41]
INFO: [Synth 8-3491] module 'VGA_DrawStr' declared at 'C:/Users/mariu/Downloads/SnakeGame/SnakeGame.srcs/sources_1/new/VGA_DrawStr.vhd:33' bound to instance 'Inst_VGA_DrawStr' of component 'VGA_DrawStr' [C:/Users/mariu/Downloads/SnakeGame/SnakeGame.srcs/sources_1/new/VGA_Manager.vhd:103]
INFO: [Synth 8-638] synthesizing module 'VGA_DrawStr' [C:/Users/mariu/Downloads/SnakeGame/SnakeGame.srcs/sources_1/new/VGA_DrawStr.vhd:46]
WARNING: [Synth 8-614] signal 'mode' is read in the process but is not in the sensitivity list [C:/Users/mariu/Downloads/SnakeGame/SnakeGame.srcs/sources_1/new/VGA_DrawStr.vhd:56]
WARNING: [Synth 8-614] signal 'enable' is read in the process but is not in the sensitivity list [C:/Users/mariu/Downloads/SnakeGame/SnakeGame.srcs/sources_1/new/VGA_DrawStr.vhd:68]
WARNING: [Synth 8-614] signal 'Strlen' is read in the process but is not in the sensitivity list [C:/Users/mariu/Downloads/SnakeGame/SnakeGame.srcs/sources_1/new/VGA_DrawStr.vhd:68]
WARNING: [Synth 8-614] signal 'START' is read in the process but is not in the sensitivity list [C:/Users/mariu/Downloads/SnakeGame/SnakeGame.srcs/sources_1/new/VGA_DrawStr.vhd:68]
WARNING: [Synth 8-614] signal 'GAMEOVER' is read in the process but is not in the sensitivity list [C:/Users/mariu/Downloads/SnakeGame/SnakeGame.srcs/sources_1/new/VGA_DrawStr.vhd:68]
INFO: [Synth 8-256] done synthesizing module 'VGA_DrawStr' (0#1) [C:/Users/mariu/Downloads/SnakeGame/SnakeGame.srcs/sources_1/new/VGA_DrawStr.vhd:46]
WARNING: [Synth 8-614] signal 'mode' is read in the process but is not in the sensitivity list [C:/Users/mariu/Downloads/SnakeGame/SnakeGame.srcs/sources_1/new/VGA_Manager.vhd:116]
WARNING: [Synth 8-614] signal 'red_s' is read in the process but is not in the sensitivity list [C:/Users/mariu/Downloads/SnakeGame/SnakeGame.srcs/sources_1/new/VGA_Manager.vhd:116]
WARNING: [Synth 8-614] signal 'green_s' is read in the process but is not in the sensitivity list [C:/Users/mariu/Downloads/SnakeGame/SnakeGame.srcs/sources_1/new/VGA_Manager.vhd:116]
WARNING: [Synth 8-614] signal 'blue_s' is read in the process but is not in the sensitivity list [C:/Users/mariu/Downloads/SnakeGame/SnakeGame.srcs/sources_1/new/VGA_Manager.vhd:116]
WARNING: [Synth 8-614] signal 'red_g' is read in the process but is not in the sensitivity list [C:/Users/mariu/Downloads/SnakeGame/SnakeGame.srcs/sources_1/new/VGA_Manager.vhd:116]
WARNING: [Synth 8-614] signal 'green_g' is read in the process but is not in the sensitivity list [C:/Users/mariu/Downloads/SnakeGame/SnakeGame.srcs/sources_1/new/VGA_Manager.vhd:116]
WARNING: [Synth 8-614] signal 'blue_g' is read in the process but is not in the sensitivity list [C:/Users/mariu/Downloads/SnakeGame/SnakeGame.srcs/sources_1/new/VGA_Manager.vhd:116]
INFO: [Synth 8-256] done synthesizing module 'VGA_Manager' (0#1) [C:/Users/mariu/Downloads/SnakeGame/SnakeGame.srcs/sources_1/new/VGA_Manager.vhd:42]
INFO: [Synth 8-3491] module 'GAME_Play' declared at 'C:/Users/mariu/Downloads/SnakeGame/SnakeGame.srcs/sources_1/new/GAME_PLAY.vhd:27' bound to instance 'Inst_GAME_Play' of component 'GAME_Play' [C:/Users/mariu/Downloads/SnakeGame/SnakeGame.srcs/sources_1/new/TOP_Test.vhd:304]
INFO: [Synth 8-638] synthesizing module 'GAME_Play' [C:/Users/mariu/Downloads/SnakeGame/SnakeGame.srcs/sources_1/new/GAME_PLAY.vhd:44]
WARNING: [Synth 8-614] signal 'snake_mesh_xy_init_reg' is read in the process but is not in the sensitivity list [C:/Users/mariu/Downloads/SnakeGame/SnakeGame.srcs/sources_1/new/GAME_PLAY.vhd:153]
WARNING: [Synth 8-614] signal 'snake_length_init_reg' is read in the process but is not in the sensitivity list [C:/Users/mariu/Downloads/SnakeGame/SnakeGame.srcs/sources_1/new/GAME_PLAY.vhd:153]
WARNING: [Synth 8-614] signal 'food_xy_init_reg' is read in the process but is not in the sensitivity list [C:/Users/mariu/Downloads/SnakeGame/SnakeGame.srcs/sources_1/new/GAME_PLAY.vhd:153]
WARNING: [Synth 8-614] signal 'lose_init_sig' is read in the process but is not in the sensitivity list [C:/Users/mariu/Downloads/SnakeGame/SnakeGame.srcs/sources_1/new/GAME_PLAY.vhd:153]
WARNING: [Synth 8-614] signal 'snake_mesh_xy_up_reg' is read in the process but is not in the sensitivity list [C:/Users/mariu/Downloads/SnakeGame/SnakeGame.srcs/sources_1/new/GAME_PLAY.vhd:153]
WARNING: [Synth 8-614] signal 'snake_length_up_reg' is read in the process but is not in the sensitivity list [C:/Users/mariu/Downloads/SnakeGame/SnakeGame.srcs/sources_1/new/GAME_PLAY.vhd:153]
WARNING: [Synth 8-614] signal 'food_xy_up_reg' is read in the process but is not in the sensitivity list [C:/Users/mariu/Downloads/SnakeGame/SnakeGame.srcs/sources_1/new/GAME_PLAY.vhd:153]
WARNING: [Synth 8-614] signal 'lose_up_sig' is read in the process but is not in the sensitivity list [C:/Users/mariu/Downloads/SnakeGame/SnakeGame.srcs/sources_1/new/GAME_PLAY.vhd:153]
WARNING: [Synth 8-614] signal 'snake_mesh_xy_down_reg' is read in the process but is not in the sensitivity list [C:/Users/mariu/Downloads/SnakeGame/SnakeGame.srcs/sources_1/new/GAME_PLAY.vhd:153]
WARNING: [Synth 8-614] signal 'snake_length_down_reg' is read in the process but is not in the sensitivity list [C:/Users/mariu/Downloads/SnakeGame/SnakeGame.srcs/sources_1/new/GAME_PLAY.vhd:153]
WARNING: [Synth 8-614] signal 'food_xy_down_reg' is read in the process but is not in the sensitivity list [C:/Users/mariu/Downloads/SnakeGame/SnakeGame.srcs/sources_1/new/GAME_PLAY.vhd:153]
WARNING: [Synth 8-614] signal 'lose_down_sig' is read in the process but is not in the sensitivity list [C:/Users/mariu/Downloads/SnakeGame/SnakeGame.srcs/sources_1/new/GAME_PLAY.vhd:153]
WARNING: [Synth 8-614] signal 'snake_mesh_xy_left_reg' is read in the process but is not in the sensitivity list [C:/Users/mariu/Downloads/SnakeGame/SnakeGame.srcs/sources_1/new/GAME_PLAY.vhd:153]
WARNING: [Synth 8-614] signal 'snake_length_left_reg' is read in the process but is not in the sensitivity list [C:/Users/mariu/Downloads/SnakeGame/SnakeGame.srcs/sources_1/new/GAME_PLAY.vhd:153]
WARNING: [Synth 8-614] signal 'food_xy_left_reg' is read in the process but is not in the sensitivity list [C:/Users/mariu/Downloads/SnakeGame/SnakeGame.srcs/sources_1/new/GAME_PLAY.vhd:153]
WARNING: [Synth 8-614] signal 'lose_left_sig' is read in the process but is not in the sensitivity list [C:/Users/mariu/Downloads/SnakeGame/SnakeGame.srcs/sources_1/new/GAME_PLAY.vhd:153]
WARNING: [Synth 8-614] signal 'snake_mesh_xy_right_reg' is read in the process but is not in the sensitivity list [C:/Users/mariu/Downloads/SnakeGame/SnakeGame.srcs/sources_1/new/GAME_PLAY.vhd:153]
WARNING: [Synth 8-614] signal 'snake_length_right_reg' is read in the process but is not in the sensitivity list [C:/Users/mariu/Downloads/SnakeGame/SnakeGame.srcs/sources_1/new/GAME_PLAY.vhd:153]
WARNING: [Synth 8-614] signal 'food_xy_right_reg' is read in the process but is not in the sensitivity list [C:/Users/mariu/Downloads/SnakeGame/SnakeGame.srcs/sources_1/new/GAME_PLAY.vhd:153]
WARNING: [Synth 8-614] signal 'lose_right_sig' is read in the process but is not in the sensitivity list [C:/Users/mariu/Downloads/SnakeGame/SnakeGame.srcs/sources_1/new/GAME_PLAY.vhd:153]
WARNING: [Synth 8-614] signal 'play' is read in the process but is not in the sensitivity list [C:/Users/mariu/Downloads/SnakeGame/SnakeGame.srcs/sources_1/new/GAME_PLAY.vhd:191]
WARNING: [Synth 8-614] signal 'snake_mesh_xy_init_reg' is read in the process but is not in the sensitivity list [C:/Users/mariu/Downloads/SnakeGame/SnakeGame.srcs/sources_1/new/GAME_PLAY.vhd:201]
WARNING: [Synth 8-614] signal 'snake_length_init_reg' is read in the process but is not in the sensitivity list [C:/Users/mariu/Downloads/SnakeGame/SnakeGame.srcs/sources_1/new/GAME_PLAY.vhd:201]
WARNING: [Synth 8-614] signal 'food_xy_init_reg' is read in the process but is not in the sensitivity list [C:/Users/mariu/Downloads/SnakeGame/SnakeGame.srcs/sources_1/new/GAME_PLAY.vhd:201]
WARNING: [Synth 8-614] signal 'snake_mesh_xy_up_reg' is read in the process but is not in the sensitivity list [C:/Users/mariu/Downloads/SnakeGame/SnakeGame.srcs/sources_1/new/GAME_PLAY.vhd:201]
WARNING: [Synth 8-614] signal 'snake_length_up_reg' is read in the process but is not in the sensitivity list [C:/Users/mariu/Downloads/SnakeGame/SnakeGame.srcs/sources_1/new/GAME_PLAY.vhd:201]
WARNING: [Synth 8-614] signal 'food_xy_up_reg' is read in the process but is not in the sensitivity list [C:/Users/mariu/Downloads/SnakeGame/SnakeGame.srcs/sources_1/new/GAME_PLAY.vhd:201]
WARNING: [Synth 8-614] signal 'snake_mesh_xy_down_reg' is read in the process but is not in the sensitivity list [C:/Users/mariu/Downloads/SnakeGame/SnakeGame.srcs/sources_1/new/GAME_PLAY.vhd:201]
WARNING: [Synth 8-614] signal 'snake_length_down_reg' is read in the process but is not in the sensitivity list [C:/Users/mariu/Downloads/SnakeGame/SnakeGame.srcs/sources_1/new/GAME_PLAY.vhd:201]
WARNING: [Synth 8-614] signal 'food_xy_down_reg' is read in the process but is not in the sensitivity list [C:/Users/mariu/Downloads/SnakeGame/SnakeGame.srcs/sources_1/new/GAME_PLAY.vhd:201]
WARNING: [Synth 8-614] signal 'snake_mesh_xy_left_reg' is read in the process but is not in the sensitivity list [C:/Users/mariu/Downloads/SnakeGame/SnakeGame.srcs/sources_1/new/GAME_PLAY.vhd:201]
WARNING: [Synth 8-614] signal 'snake_length_left_reg' is read in the process but is not in the sensitivity list [C:/Users/mariu/Downloads/SnakeGame/SnakeGame.srcs/sources_1/new/GAME_PLAY.vhd:201]
WARNING: [Synth 8-614] signal 'food_xy_left_reg' is read in the process but is not in the sensitivity list [C:/Users/mariu/Downloads/SnakeGame/SnakeGame.srcs/sources_1/new/GAME_PLAY.vhd:201]
WARNING: [Synth 8-614] signal 'snake_mesh_xy_right_reg' is read in the process but is not in the sensitivity list [C:/Users/mariu/Downloads/SnakeGame/SnakeGame.srcs/sources_1/new/GAME_PLAY.vhd:201]
WARNING: [Synth 8-614] signal 'snake_length_right_reg' is read in the process but is not in the sensitivity list [C:/Users/mariu/Downloads/SnakeGame/SnakeGame.srcs/sources_1/new/GAME_PLAY.vhd:201]
WARNING: [Synth 8-614] signal 'food_xy_right_reg' is read in the process but is not in the sensitivity list [C:/Users/mariu/Downloads/SnakeGame/SnakeGame.srcs/sources_1/new/GAME_PLAY.vhd:201]
INFO: [Synth 8-3491] module 'Move_Init' declared at 'C:/Users/mariu/Downloads/SnakeGame/SnakeGame.srcs/sources_1/new/MOVE_Init.vhd:27' bound to instance 'Inst_Move_Init' of component 'Move_Init' [C:/Users/mariu/Downloads/SnakeGame/SnakeGame.srcs/sources_1/new/GAME_PLAY.vhd:288]
INFO: [Synth 8-638] synthesizing module 'Move_Init' [C:/Users/mariu/Downloads/SnakeGame/SnakeGame.srcs/sources_1/new/MOVE_Init.vhd:42]
INFO: [Synth 8-256] done synthesizing module 'Move_Init' (0#1) [C:/Users/mariu/Downloads/SnakeGame/SnakeGame.srcs/sources_1/new/MOVE_Init.vhd:42]
INFO: [Synth 8-3491] module 'Move_Up' declared at 'C:/Users/mariu/Downloads/SnakeGame/SnakeGame.srcs/sources_1/new/MOVE_Up.vhd:27' bound to instance 'Inst_Move_Up' of component 'Move_Up' [C:/Users/mariu/Downloads/SnakeGame/SnakeGame.srcs/sources_1/new/GAME_PLAY.vhd:300]
INFO: [Synth 8-638] synthesizing module 'Move_Up' [C:/Users/mariu/Downloads/SnakeGame/SnakeGame.srcs/sources_1/new/MOVE_Up.vhd:44]
WARNING: [Synth 8-614] signal 'inited' is read in the process but is not in the sensitivity list [C:/Users/mariu/Downloads/SnakeGame/SnakeGame.srcs/sources_1/new/MOVE_Up.vhd:56]
WARNING: [Synth 8-614] signal 'snake_length_input' is read in the process but is not in the sensitivity list [C:/Users/mariu/Downloads/SnakeGame/SnakeGame.srcs/sources_1/new/MOVE_Up.vhd:56]
WARNING: [Synth 8-614] signal 'snake_mesh_xy_input' is read in the process but is not in the sensitivity list [C:/Users/mariu/Downloads/SnakeGame/SnakeGame.srcs/sources_1/new/MOVE_Up.vhd:56]
WARNING: [Synth 8-614] signal 'food_xy_input' is read in the process but is not in the sensitivity list [C:/Users/mariu/Downloads/SnakeGame/SnakeGame.srcs/sources_1/new/MOVE_Up.vhd:56]
INFO: [Synth 8-256] done synthesizing module 'Move_Up' (0#1) [C:/Users/mariu/Downloads/SnakeGame/SnakeGame.srcs/sources_1/new/MOVE_Up.vhd:44]
INFO: [Synth 8-3491] module 'Move_Down' declared at 'C:/Users/mariu/Downloads/SnakeGame/SnakeGame.srcs/sources_1/new/MOVE_Down.vhd:27' bound to instance 'Inst_Move_Down' of component 'Move_Down' [C:/Users/mariu/Downloads/SnakeGame/SnakeGame.srcs/sources_1/new/GAME_PLAY.vhd:316]
INFO: [Synth 8-638] synthesizing module 'Move_Down' [C:/Users/mariu/Downloads/SnakeGame/SnakeGame.srcs/sources_1/new/MOVE_Down.vhd:44]
WARNING: [Synth 8-614] signal 'inited' is read in the process but is not in the sensitivity list [C:/Users/mariu/Downloads/SnakeGame/SnakeGame.srcs/sources_1/new/MOVE_Down.vhd:56]
WARNING: [Synth 8-614] signal 'snake_length_input' is read in the process but is not in the sensitivity list [C:/Users/mariu/Downloads/SnakeGame/SnakeGame.srcs/sources_1/new/MOVE_Down.vhd:56]
WARNING: [Synth 8-614] signal 'snake_mesh_xy_input' is read in the process but is not in the sensitivity list [C:/Users/mariu/Downloads/SnakeGame/SnakeGame.srcs/sources_1/new/MOVE_Down.vhd:56]
WARNING: [Synth 8-614] signal 'food_xy_input' is read in the process but is not in the sensitivity list [C:/Users/mariu/Downloads/SnakeGame/SnakeGame.srcs/sources_1/new/MOVE_Down.vhd:56]
INFO: [Synth 8-256] done synthesizing module 'Move_Down' (0#1) [C:/Users/mariu/Downloads/SnakeGame/SnakeGame.srcs/sources_1/new/MOVE_Down.vhd:44]
INFO: [Synth 8-3491] module 'Move_Left' declared at 'C:/Users/mariu/Downloads/SnakeGame/SnakeGame.srcs/sources_1/new/MOVE_Left.vhd:27' bound to instance 'Inst_Move_Left' of component 'Move_Left' [C:/Users/mariu/Downloads/SnakeGame/SnakeGame.srcs/sources_1/new/GAME_PLAY.vhd:332]
INFO: [Synth 8-638] synthesizing module 'Move_Left' [C:/Users/mariu/Downloads/SnakeGame/SnakeGame.srcs/sources_1/new/MOVE_Left.vhd:44]
WARNING: [Synth 8-614] signal 'inited' is read in the process but is not in the sensitivity list [C:/Users/mariu/Downloads/SnakeGame/SnakeGame.srcs/sources_1/new/MOVE_Left.vhd:56]
WARNING: [Synth 8-614] signal 'snake_length_input' is read in the process but is not in the sensitivity list [C:/Users/mariu/Downloads/SnakeGame/SnakeGame.srcs/sources_1/new/MOVE_Left.vhd:56]
WARNING: [Synth 8-614] signal 'snake_mesh_xy_input' is read in the process but is not in the sensitivity list [C:/Users/mariu/Downloads/SnakeGame/SnakeGame.srcs/sources_1/new/MOVE_Left.vhd:56]
WARNING: [Synth 8-614] signal 'food_xy_input' is read in the process but is not in the sensitivity list [C:/Users/mariu/Downloads/SnakeGame/SnakeGame.srcs/sources_1/new/MOVE_Left.vhd:56]
INFO: [Synth 8-256] done synthesizing module 'Move_Left' (0#1) [C:/Users/mariu/Downloads/SnakeGame/SnakeGame.srcs/sources_1/new/MOVE_Left.vhd:44]
INFO: [Synth 8-3491] module 'Move_Right' declared at 'C:/Users/mariu/Downloads/SnakeGame/SnakeGame.srcs/sources_1/new/MOVE_Right.vhd:27' bound to instance 'Inst_Move_Right' of component 'Move_Right' [C:/Users/mariu/Downloads/SnakeGame/SnakeGame.srcs/sources_1/new/GAME_PLAY.vhd:348]
INFO: [Synth 8-638] synthesizing module 'Move_Right' [C:/Users/mariu/Downloads/SnakeGame/SnakeGame.srcs/sources_1/new/MOVE_Right.vhd:44]
WARNING: [Synth 8-614] signal 'inited' is read in the process but is not in the sensitivity list [C:/Users/mariu/Downloads/SnakeGame/SnakeGame.srcs/sources_1/new/MOVE_Right.vhd:56]
WARNING: [Synth 8-614] signal 'snake_length_input' is read in the process but is not in the sensitivity list [C:/Users/mariu/Downloads/SnakeGame/SnakeGame.srcs/sources_1/new/MOVE_Right.vhd:56]
WARNING: [Synth 8-614] signal 'snake_mesh_xy_input' is read in the process but is not in the sensitivity list [C:/Users/mariu/Downloads/SnakeGame/SnakeGame.srcs/sources_1/new/MOVE_Right.vhd:56]
WARNING: [Synth 8-614] signal 'food_xy_input' is read in the process but is not in the sensitivity list [C:/Users/mariu/Downloads/SnakeGame/SnakeGame.srcs/sources_1/new/MOVE_Right.vhd:56]
INFO: [Synth 8-256] done synthesizing module 'Move_Right' (0#1) [C:/Users/mariu/Downloads/SnakeGame/SnakeGame.srcs/sources_1/new/MOVE_Right.vhd:44]
INFO: [Synth 8-256] done synthesizing module 'GAME_Play' (0#1) [C:/Users/mariu/Downloads/SnakeGame/SnakeGame.srcs/sources_1/new/GAME_PLAY.vhd:44]
INFO: [Synth 8-3491] module 'BUTTONS_Sync' declared at 'C:/Users/mariu/Downloads/SnakeGame/SnakeGame.srcs/sources_1/new/BUTTONS_SYNCHRONIZER.vhd:34' bound to instance 'Inst_Buttons_Sync' of component 'BUTTONS_Sync' [C:/Users/mariu/Downloads/SnakeGame/SnakeGame.srcs/sources_1/new/TOP_Test.vhd:319]
INFO: [Synth 8-638] synthesizing module 'BUTTONS_Sync' [C:/Users/mariu/Downloads/SnakeGame/SnakeGame.srcs/sources_1/new/BUTTONS_SYNCHRONIZER.vhd:48]
INFO: [Synth 8-256] done synthesizing module 'BUTTONS_Sync' (0#1) [C:/Users/mariu/Downloads/SnakeGame/SnakeGame.srcs/sources_1/new/BUTTONS_SYNCHRONIZER.vhd:48]
INFO: [Synth 8-3491] module 'BUTTON_Lock' declared at 'C:/Users/mariu/Downloads/SnakeGame/SnakeGame.srcs/sources_1/new/BUTTON_Lock.vhd:25' bound to instance 'Inst_Buttons_Lock' of component 'BUTTON_Lock' [C:/Users/mariu/Downloads/SnakeGame/SnakeGame.srcs/sources_1/new/TOP_Test.vhd:349]
INFO: [Synth 8-638] synthesizing module 'BUTTON_Lock' [C:/Users/mariu/Downloads/SnakeGame/SnakeGame.srcs/sources_1/new/BUTTON_Lock.vhd:34]
WARNING: [Synth 8-614] signal 'cur_state' is read in the process but is not in the sensitivity list [C:/Users/mariu/Downloads/SnakeGame/SnakeGame.srcs/sources_1/new/BUTTON_Lock.vhd:48]
INFO: [Synth 8-256] done synthesizing module 'BUTTON_Lock' (0#1) [C:/Users/mariu/Downloads/SnakeGame/SnakeGame.srcs/sources_1/new/BUTTON_Lock.vhd:34]
INFO: [Synth 8-3491] module 'TOP_TECLADO' declared at 'C:/Users/mariu/Downloads/SnakeGame/SnakeGame.srcs/sources_1/imports/sources_1/new/TOP_TEC.vhd:6' bound to instance 'Inst_Teclado' of component 'TOP_TECLADO' [C:/Users/mariu/Downloads/SnakeGame/SnakeGame.srcs/sources_1/new/TOP_Test.vhd:357]
INFO: [Synth 8-638] synthesizing module 'TOP_TECLADO' [C:/Users/mariu/Downloads/SnakeGame/SnakeGame.srcs/sources_1/imports/sources_1/new/TOP_TEC.vhd:24]
INFO: [Synth 8-6157] synthesizing module 'PS2Receiver' [C:/Users/mariu/Downloads/SnakeGame/SnakeGame.srcs/sources_1/imports/sources_1/imports/hdl/PS2Receiver.v:23]
INFO: [Synth 8-6157] synthesizing module 'debouncer' [C:/Users/mariu/Downloads/SnakeGame/SnakeGame.srcs/sources_1/imports/sources_1/imports/hdl/debouncer.v:23]
INFO: [Synth 8-6155] done synthesizing module 'debouncer' (0#1) [C:/Users/mariu/Downloads/SnakeGame/SnakeGame.srcs/sources_1/imports/sources_1/imports/hdl/debouncer.v:23]
INFO: [Synth 8-155] case statement is not full and has no default [C:/Users/mariu/Downloads/SnakeGame/SnakeGame.srcs/sources_1/imports/sources_1/imports/hdl/PS2Receiver.v:53]
INFO: [Synth 8-6155] done synthesizing module 'PS2Receiver' (0#1) [C:/Users/mariu/Downloads/SnakeGame/SnakeGame.srcs/sources_1/imports/sources_1/imports/hdl/PS2Receiver.v:23]
INFO: [Synth 8-638] synthesizing module 'MAQUINA_ESTADOS_TECLADO' [C:/Users/mariu/Downloads/SnakeGame/SnakeGame.srcs/sources_1/imports/sources_1/new/DISPLAY_BCD.vhd:22]
INFO: [Synth 8-226] default block is never used [C:/Users/mariu/Downloads/SnakeGame/SnakeGame.srcs/sources_1/imports/sources_1/new/DISPLAY_BCD.vhd:248]
INFO: [Synth 8-226] default block is never used [C:/Users/mariu/Downloads/SnakeGame/SnakeGame.srcs/sources_1/imports/sources_1/new/DISPLAY_BCD.vhd:290]
INFO: [Synth 8-256] done synthesizing module 'MAQUINA_ESTADOS_TECLADO' (0#1) [C:/Users/mariu/Downloads/SnakeGame/SnakeGame.srcs/sources_1/imports/sources_1/new/DISPLAY_BCD.vhd:22]
INFO: [Synth 8-256] done synthesizing module 'TOP_TECLADO' (0#1) [C:/Users/mariu/Downloads/SnakeGame/SnakeGame.srcs/sources_1/imports/sources_1/new/TOP_TEC.vhd:24]
INFO: [Synth 8-256] done synthesizing module 'top' (0#1) [C:/Users/mariu/Downloads/SnakeGame/SnakeGame.srcs/sources_1/new/TOP_Test.vhd:66]
WARNING: [Synth 8-3848] Net UART_TXD in module/entity TOP_TECLADO does not have driver. [C:/Users/mariu/Downloads/SnakeGame/SnakeGame.srcs/sources_1/imports/sources_1/new/TOP_TEC.vhd:15]
WARNING: [Synth 8-7129] Port x[31] in module MAQUINA_ESTADOS_TECLADO is either unconnected or has no load
WARNING: [Synth 8-7129] Port x[30] in module MAQUINA_ESTADOS_TECLADO is either unconnected or has no load
WARNING: [Synth 8-7129] Port x[29] in module MAQUINA_ESTADOS_TECLADO is either unconnected or has no load
WARNING: [Synth 8-7129] Port x[28] in module MAQUINA_ESTADOS_TECLADO is either unconnected or has no load
WARNING: [Synth 8-7129] Port x[27] in module MAQUINA_ESTADOS_TECLADO is either unconnected or has no load
WARNING: [Synth 8-7129] Port x[26] in module MAQUINA_ESTADOS_TECLADO is either unconnected or has no load
WARNING: [Synth 8-7129] Port x[25] in module MAQUINA_ESTADOS_TECLADO is either unconnected or has no load
WARNING: [Synth 8-7129] Port x[24] in module MAQUINA_ESTADOS_TECLADO is either unconnected or has no load
WARNING: [Synth 8-7129] Port x[23] in module MAQUINA_ESTADOS_TECLADO is either unconnected or has no load
WARNING: [Synth 8-7129] Port x[22] in module MAQUINA_ESTADOS_TECLADO is either unconnected or has no load
WARNING: [Synth 8-7129] Port x[21] in module MAQUINA_ESTADOS_TECLADO is either unconnected or has no load
WARNING: [Synth 8-7129] Port x[20] in module MAQUINA_ESTADOS_TECLADO is either unconnected or has no load
WARNING: [Synth 8-7129] Port x[19] in module MAQUINA_ESTADOS_TECLADO is either unconnected or has no load
WARNING: [Synth 8-7129] Port x[18] in module MAQUINA_ESTADOS_TECLADO is either unconnected or has no load
WARNING: [Synth 8-7129] Port x[17] in module MAQUINA_ESTADOS_TECLADO is either unconnected or has no load
WARNING: [Synth 8-7129] Port x[16] in module MAQUINA_ESTADOS_TECLADO is either unconnected or has no load
WARNING: [Synth 8-7129] Port x[15] in module MAQUINA_ESTADOS_TECLADO is either unconnected or has no load
WARNING: [Synth 8-7129] Port x[14] in module MAQUINA_ESTADOS_TECLADO is either unconnected or has no load
WARNING: [Synth 8-7129] Port x[13] in module MAQUINA_ESTADOS_TECLADO is either unconnected or has no load
WARNING: [Synth 8-7129] Port x[12] in module MAQUINA_ESTADOS_TECLADO is either unconnected or has no load
WARNING: [Synth 8-7129] Port x[11] in module MAQUINA_ESTADOS_TECLADO is either unconnected or has no load
WARNING: [Synth 8-7129] Port x[10] in module MAQUINA_ESTADOS_TECLADO is either unconnected or has no load
WARNING: [Synth 8-7129] Port x[9] in module MAQUINA_ESTADOS_TECLADO is either unconnected or has no load
WARNING: [Synth 8-7129] Port x[8] in module MAQUINA_ESTADOS_TECLADO is either unconnected or has no load
WARNING: [Synth 8-7129] Port UART_TXD in module TOP_TECLADO is either unconnected or has no load
---------------------------------------------------------------------------------
Finished RTL Elaboration : Time (s): cpu = 00:00:04 ; elapsed = 00:00:11 . Memory (MB): peak = 1622.004 ; gain = 669.066
---------------------------------------------------------------------------------
---------------------------------------------------------------------------------
Start Handling Custom Attributes
---------------------------------------------------------------------------------
---------------------------------------------------------------------------------
Finished Handling Custom Attributes : Time (s): cpu = 00:00:04 ; elapsed = 00:00:12 . Memory (MB): peak = 1622.004 ; gain = 669.066
---------------------------------------------------------------------------------
---------------------------------------------------------------------------------
Finished RTL Optimization Phase 1 : Time (s): cpu = 00:00:04 ; elapsed = 00:00:12 . Memory (MB): peak = 1622.004 ; gain = 669.066
---------------------------------------------------------------------------------
Netlist sorting complete. Time (s): cpu = 00:00:01 ; elapsed = 00:00:01 . Memory (MB): peak = 1622.004 ; gain = 0.000
INFO: [Project 1-570] Preparing netlist for logic optimization

Processing XDC Constraints
Initializing timing engine
Parsing XDC File [c:/Users/mariu/Downloads/SnakeGame/SnakeGame.gen/sources_1/ip/PLL100to108/PLL100to108/PLL100to108_in_context.xdc] for cell 'Inst_PLL'
Finished Parsing XDC File [c:/Users/mariu/Downloads/SnakeGame/SnakeGame.gen/sources_1/ip/PLL100to108/PLL100to108/PLL100to108_in_context.xdc] for cell 'Inst_PLL'
Parsing XDC File [C:/Users/mariu/Downloads/SnakeGame/SnakeGame.srcs/constrs_1/new/Nexys-4-DDR-Master.xdc]
Finished Parsing XDC File [C:/Users/mariu/Downloads/SnakeGame/SnakeGame.srcs/constrs_1/new/Nexys-4-DDR-Master.xdc]
INFO: [Project 1-236] Implementation specific constraints were found while reading constraint file [C:/Users/mariu/Downloads/SnakeGame/SnakeGame.srcs/constrs_1/new/Nexys-4-DDR-Master.xdc]. These constraints will be ignored for synthesis but will be used in implementation. Impacted constraints are listed in the file [.Xil/top_propImpl.xdc].
Resolution: To avoid this warning, move constraints listed in [.Xil/top_propImpl.xdc] to another XDC file and exclude this new file from synthesis with the used_in_synthesis property (File Properties dialog in GUI) and re-run elaboration/synthesis.
Completed Processing XDC Constraints

Netlist sorting complete. Time (s): cpu = 00:00:00 ; elapsed = 00:00:00.011 . Memory (MB): peak = 1922.039 ; gain = 0.000
INFO: [Project 1-111] Unisim Transformation Summary:
No Unisim elements were transformed.

Constraint Validation Runtime : Time (s): cpu = 00:00:00 ; elapsed = 00:00:00.223 . Memory (MB): peak = 1922.039 ; gain = 0.000
---------------------------------------------------------------------------------
Finished Constraint Validation : Time (s): cpu = 00:00:15 ; elapsed = 00:00:35 . Memory (MB): peak = 1922.039 ; gain = 969.102
---------------------------------------------------------------------------------
---------------------------------------------------------------------------------
Start Loading Part and Timing Information
---------------------------------------------------------------------------------
Loading part: xc7a100tcsg324-1
---------------------------------------------------------------------------------
Finished Loading Part and Timing Information : Time (s): cpu = 00:00:15 ; elapsed = 00:00:35 . Memory (MB): peak = 1922.039 ; gain = 969.102
---------------------------------------------------------------------------------
---------------------------------------------------------------------------------
Start Applying 'set_property' XDC Constraints
---------------------------------------------------------------------------------
Applied set_property IO_BUFFER_TYPE = NONE for clk. (constraint file  c:/Users/mariu/Downloads/SnakeGame/SnakeGame.gen/sources_1/ip/PLL100to108/PLL100to108/PLL100to108_in_context.xdc, line 3).
Applied set_property CLOCK_BUFFER_TYPE = NONE for clk. (constraint file  c:/Users/mariu/Downloads/SnakeGame/SnakeGame.gen/sources_1/ip/PLL100to108/PLL100to108/PLL100to108_in_context.xdc, line 4).
Applied set_property KEEP_HIERARCHY = SOFT for Inst_PLL. (constraint file  auto generated constraint).
---------------------------------------------------------------------------------
Finished applying 'set_property' XDC Constraints : Time (s): cpu = 00:00:15 ; elapsed = 00:00:35 . Memory (MB): peak = 1922.039 ; gain = 969.102
---------------------------------------------------------------------------------
---------------------------------------------------------------------------------
Start Preparing Guide Design
---------------------------------------------------------------------------------
got a mismatch Clock_distributor
WARNING: [Synth 8-6702] IncrSynth : Design change found in an area of the design that prevents previous synthesis information being used, Reverting to default synthesis
---------------------------------------------------------------------------------
Finished Doing Graph Differ : Time (s): cpu = 00:00:15 ; elapsed = 00:00:36 . Memory (MB): peak = 1922.039 ; gain = 969.102
---------------------------------------------------------------------------------
---------------------------------------------------------------------------------
Finished Preparing Guide Design : Time (s): cpu = 00:00:15 ; elapsed = 00:00:36 . Memory (MB): peak = 1922.039 ; gain = 969.102
---------------------------------------------------------------------------------
INFO: [Synth 8-802] inferred FSM for state register 'cur_state_reg' in module 'Main_Game'
WARNING: [Synth 8-3936] Found unconnected internal register 'snake_move_up.food_xy_future_reg' and it is trimmed from '32' to '16' bits. [C:/Users/mariu/Downloads/SnakeGame/SnakeGame.srcs/sources_1/new/Scaler.vhd:75]
WARNING: [Synth 8-3936] Found unconnected internal register 'snake_move_up.food_xy_future_reg' and it is trimmed from '32' to '16' bits. [C:/Users/mariu/Downloads/SnakeGame/SnakeGame.srcs/sources_1/new/MOVE_Right.vhd:75]
INFO: [Synth 8-802] inferred FSM for state register 'cur_state_reg' in module 'GAME_Play'
INFO: [Synth 8-802] inferred FSM for state register 'current_state_reg' in module 'MAQUINA_ESTADOS_TECLADO'
---------------------------------------------------------------------------------------------------
                   State |                     New Encoding |                Previous Encoding 
---------------------------------------------------------------------------------------------------
                s0_start |                              001 |                               00
                 s1_game |                              010 |                               01
                   s2_go |                              100 |                               10
---------------------------------------------------------------------------------------------------
INFO: [Synth 8-3354] encoded FSM with state register 'cur_state_reg' using encoding 'one-hot' in module 'Main_Game'
WARNING: [Synth 8-327] inferring latch for variable 'inited_reg' [C:/Users/mariu/Downloads/SnakeGame/SnakeGame.srcs/sources_1/new/Scaler.vhd:68]
WARNING: [Synth 8-327] inferring latch for variable 'snake_move_up.snake_length_future_reg' [C:/Users/mariu/Downloads/SnakeGame/SnakeGame.srcs/sources_1/new/Scaler.vhd:71]
WARNING: [Synth 8-327] inferring latch for variable 'snake_move_up.food_xy_future_reg' [C:/Users/mariu/Downloads/SnakeGame/SnakeGame.srcs/sources_1/new/Scaler.vhd:75]
WARNING: [Synth 8-327] inferring latch for variable 'inited_reg' [C:/Users/mariu/Downloads/SnakeGame/SnakeGame.srcs/sources_1/new/MOVE_Right.vhd:68]
WARNING: [Synth 8-327] inferring latch for variable 'snake_move_up.snake_length_future_reg' [C:/Users/mariu/Downloads/SnakeGame/SnakeGame.srcs/sources_1/new/MOVE_Right.vhd:71]
WARNING: [Synth 8-327] inferring latch for variable 'snake_move_up.food_xy_future_reg' [C:/Users/mariu/Downloads/SnakeGame/SnakeGame.srcs/sources_1/new/MOVE_Right.vhd:75]
WARNING: [Synth 8-327] inferring latch for variable 'inited_reg' [C:/Users/mariu/Downloads/SnakeGame/SnakeGame.srcs/sources_1/new/Main_Game.vhd:68]
WARNING: [Synth 8-327] inferring latch for variable 'snake_move_up.snake_length_future_reg' [C:/Users/mariu/Downloads/SnakeGame/SnakeGame.srcs/sources_1/new/Main_Game.vhd:71]
WARNING: [Synth 8-327] inferring latch for variable 'snake_move_up.food_xy_future_reg' [C:/Users/mariu/Downloads/SnakeGame/SnakeGame.srcs/sources_1/new/Main_Game.vhd:75]
WARNING: [Synth 8-327] inferring latch for variable 'inited_reg' [C:/Users/mariu/Downloads/SnakeGame/SnakeGame.srcs/sources_1/new/Scaled_String.vhd:68]
WARNING: [Synth 8-327] inferring latch for variable 'snake_move_up.snake_length_future_reg' [C:/Users/mariu/Downloads/SnakeGame/SnakeGame.srcs/sources_1/new/Scaled_String.vhd:71]
WARNING: [Synth 8-327] inferring latch for variable 'snake_move_up.food_xy_future_reg' [C:/Users/mariu/Downloads/SnakeGame/SnakeGame.srcs/sources_1/new/Scaled_String.vhd:75]
---------------------------------------------------------------------------------------------------
                   State |                     New Encoding |                Previous Encoding 
---------------------------------------------------------------------------------------------------
              state_init |                              000 |                              100
             state_right |                              001 |                              010
              state_left |                              010 |                              011
              state_down |                              011 |                              001
                state_up |                              100 |                              000
---------------------------------------------------------------------------------------------------
INFO: [Synth 8-3354] encoded FSM with state register 'cur_state_reg' using encoding 'sequential' in module 'GAME_Play'
WARNING: [Synth 8-327] inferring latch for variable 'snake_length_input_reg_reg' [C:/Users/mariu/Downloads/SnakeGame/SnakeGame.srcs/sources_1/new/MOVE_Init.vhd:207]
WARNING: [Synth 8-327] inferring latch for variable 'snake_mesh_xy_input_reg_reg[0]' [C:/Users/mariu/Downloads/SnakeGame/SnakeGame.srcs/sources_1/new/MOVE_Init.vhd:206]
WARNING: [Synth 8-327] inferring latch for variable 'snake_mesh_xy_input_reg_reg[1]' [C:/Users/mariu/Downloads/SnakeGame/SnakeGame.srcs/sources_1/new/MOVE_Init.vhd:206]
WARNING: [Synth 8-327] inferring latch for variable 'snake_mesh_xy_input_reg_reg[2]' [C:/Users/mariu/Downloads/SnakeGame/SnakeGame.srcs/sources_1/new/MOVE_Init.vhd:206]
WARNING: [Synth 8-327] inferring latch for variable 'snake_mesh_xy_input_reg_reg[3]' [C:/Users/mariu/Downloads/SnakeGame/SnakeGame.srcs/sources_1/new/MOVE_Init.vhd:206]
WARNING: [Synth 8-327] inferring latch for variable 'snake_mesh_xy_input_reg_reg[4]' [C:/Users/mariu/Downloads/SnakeGame/SnakeGame.srcs/sources_1/new/MOVE_Init.vhd:206]
WARNING: [Synth 8-327] inferring latch for variable 'snake_mesh_xy_input_reg_reg[5]' [C:/Users/mariu/Downloads/SnakeGame/SnakeGame.srcs/sources_1/new/MOVE_Init.vhd:206]
WARNING: [Synth 8-327] inferring latch for variable 'snake_mesh_xy_input_reg_reg[6]' [C:/Users/mariu/Downloads/SnakeGame/SnakeGame.srcs/sources_1/new/MOVE_Init.vhd:206]
WARNING: [Synth 8-327] inferring latch for variable 'snake_mesh_xy_input_reg_reg[7]' [C:/Users/mariu/Downloads/SnakeGame/SnakeGame.srcs/sources_1/new/MOVE_Init.vhd:206]
WARNING: [Synth 8-327] inferring latch for variable 'snake_mesh_xy_input_reg_reg[8]' [C:/Users/mariu/Downloads/SnakeGame/SnakeGame.srcs/sources_1/new/MOVE_Init.vhd:206]
WARNING: [Synth 8-327] inferring latch for variable 'snake_mesh_xy_input_reg_reg[9]' [C:/Users/mariu/Downloads/SnakeGame/SnakeGame.srcs/sources_1/new/MOVE_Init.vhd:206]
WARNING: [Synth 8-327] inferring latch for variable 'snake_mesh_xy_input_reg_reg[10]' [C:/Users/mariu/Downloads/SnakeGame/SnakeGame.srcs/sources_1/new/MOVE_Init.vhd:206]
WARNING: [Synth 8-327] inferring latch for variable 'snake_mesh_xy_input_reg_reg[11]' [C:/Users/mariu/Downloads/SnakeGame/SnakeGame.srcs/sources_1/new/MOVE_Init.vhd:206]
WARNING: [Synth 8-327] inferring latch for variable 'snake_mesh_xy_input_reg_reg[12]' [C:/Users/mariu/Downloads/SnakeGame/SnakeGame.srcs/sources_1/new/MOVE_Init.vhd:206]
WARNING: [Synth 8-327] inferring latch for variable 'snake_mesh_xy_input_reg_reg[13]' [C:/Users/mariu/Downloads/SnakeGame/SnakeGame.srcs/sources_1/new/MOVE_Init.vhd:206]
WARNING: [Synth 8-327] inferring latch for variable 'snake_mesh_xy_input_reg_reg[14]' [C:/Users/mariu/Downloads/SnakeGame/SnakeGame.srcs/sources_1/new/MOVE_Init.vhd:206]
WARNING: [Synth 8-327] inferring latch for variable 'snake_mesh_xy_input_reg_reg[15]' [C:/Users/mariu/Downloads/SnakeGame/SnakeGame.srcs/sources_1/new/MOVE_Init.vhd:206]
WARNING: [Synth 8-327] inferring latch for variable 'snake_mesh_xy_input_reg_reg[16]' [C:/Users/mariu/Downloads/SnakeGame/SnakeGame.srcs/sources_1/new/MOVE_Init.vhd:206]
WARNING: [Synth 8-327] inferring latch for variable 'snake_mesh_xy_input_reg_reg[17]' [C:/Users/mariu/Downloads/SnakeGame/SnakeGame.srcs/sources_1/new/MOVE_Init.vhd:206]
WARNING: [Synth 8-327] inferring latch for variable 'snake_mesh_xy_input_reg_reg[18]' [C:/Users/mariu/Downloads/SnakeGame/SnakeGame.srcs/sources_1/new/MOVE_Init.vhd:206]
WARNING: [Synth 8-327] inferring latch for variable 'snake_mesh_xy_input_reg_reg[19]' [C:/Users/mariu/Downloads/SnakeGame/SnakeGame.srcs/sources_1/new/MOVE_Init.vhd:206]
WARNING: [Synth 8-327] inferring latch for variable 'food_xy_input_reg_reg' [C:/Users/mariu/Downloads/SnakeGame/SnakeGame.srcs/sources_1/new/MOVE_Init.vhd:208]
---------------------------------------------------------------------------------------------------
                   State |                     New Encoding |                Previous Encoding 
---------------------------------------------------------------------------------------------------
                es_reset |                            00001 |                              000
              es_derecha |                            00010 |                              100
                es_abajo |                            00100 |                              010
            es_izquierda |                            01000 |                              011
               es_arriba |                            10000 |                              001
---------------------------------------------------------------------------------------------------
INFO: [Synth 8-3354] encoded FSM with state register 'current_state_reg' using encoding 'one-hot' in module 'MAQUINA_ESTADOS_TECLADO'
---------------------------------------------------------------------------------
Finished RTL Optimization Phase 2 : Time (s): cpu = 00:00:17 ; elapsed = 00:00:40 . Memory (MB): peak = 1922.039 ; gain = 969.102
---------------------------------------------------------------------------------


Incremental Synthesis Report Summary:

1. Incremental synthesis run: no

   Reason for not running incremental synthesis : Design change found in an area of the design that prevents previous synthesis information being used


INFO: [Synth 8-7130] Flow is switching to default flow due to incremental criteria not met. If you would like to alter this behaviour and have the flow terminate instead, please set the following parameter config_implementation {autoIncr.Synth.RejectBehavior Terminate}
---------------------------------------------------------------------------------
Start RTL Component Statistics 
---------------------------------------------------------------------------------
Detailed RTL Component Info : 
+---Adders : 
	   2 Input   32 Bit       Adders := 5     
	   2 Input   31 Bit       Adders := 1     
	   2 Input   20 Bit       Adders := 1     
	   2 Input   17 Bit       Adders := 1     
	   3 Input   16 Bit       Adders := 46    
	   2 Input   16 Bit       Adders := 66    
	   2 Input   11 Bit       Adders := 2     
	   2 Input    7 Bit       Adders := 1     
	   2 Input    5 Bit       Adders := 6     
	   2 Input    4 Bit       Adders := 1     
+---Registers : 
	               80 Bit    Registers := 117   
	               32 Bit    Registers := 179   
	               20 Bit    Registers := 1     
	               16 Bit    Registers := 10    
	               11 Bit    Registers := 2     
	                9 Bit    Registers := 1     
	                8 Bit    Registers := 2     
	                5 Bit    Registers := 11    
	                4 Bit    Registers := 2     
	                3 Bit    Registers := 4     
	                1 Bit    Registers := 28    
+---Muxes : 
	   2 Input   32 Bit        Muxes := 420   
	   5 Input   32 Bit        Muxes := 43    
	   2 Input   31 Bit        Muxes := 1     
	   2 Input   16 Bit        Muxes := 50    
	   8 Input    8 Bit        Muxes := 1     
	   2 Input    7 Bit        Muxes := 1     
	   3 Input    5 Bit        Muxes := 3     
	   2 Input    5 Bit        Muxes := 20    
	   5 Input    5 Bit        Muxes := 3     
	   6 Input    5 Bit        Muxes := 5     
	   4 Input    5 Bit        Muxes := 1     
	   2 Input    4 Bit        Muxes := 3     
	   3 Input    4 Bit        Muxes := 1     
	   4 Input    4 Bit        Muxes := 5     
	   3 Input    3 Bit        Muxes := 3     
	   5 Input    3 Bit        Muxes := 7     
	   6 Input    3 Bit        Muxes := 3     
	   2 Input    3 Bit        Muxes := 5     
	   4 Input    3 Bit        Muxes := 1     
	   2 Input    1 Bit        Muxes := 63    
	   5 Input    1 Bit        Muxes := 8     
	   3 Input    1 Bit        Muxes := 3     
	   4 Input    1 Bit        Muxes := 1     
	  12 Input    1 Bit        Muxes := 2     
---------------------------------------------------------------------------------
Finished RTL Component Statistics 
---------------------------------------------------------------------------------
---------------------------------------------------------------------------------
Start Part Resource Summary
---------------------------------------------------------------------------------
Part Resources:
DSPs: 240 (col length:80)
BRAMs: 270 (col length: RAMB18 80 RAMB36 40)
---------------------------------------------------------------------------------
Finished Part Resource Summary
---------------------------------------------------------------------------------
---------------------------------------------------------------------------------
Start Cross Boundary and Area Optimization
---------------------------------------------------------------------------------
WARNING: [Synth 8-3936] Found unconnected internal register 'Inst_Teclado/keyboard/keycode_reg' and it is trimmed from '32' to '24' bits. [C:/Users/mariu/Downloads/SnakeGame/SnakeGame.runs/synth_1/.Xil/Vivado-13612-Mario/realtime/PLL100to108_stub.vhdl:74]
INFO: [Synth 8-5544] ROM "Strlen" won't be mapped to Block RAM because address size (2) smaller than threshold (5)
INFO: [Synth 8-3886] merging instance 'Inst_VGA_Sync/col_reg[11]' (FD) to 'Inst_VGA_Sync/row_reg[15]'
INFO: [Synth 8-3886] merging instance 'Inst_VGA_Sync/col_reg[12]' (FD) to 'Inst_VGA_Sync/row_reg[15]'
INFO: [Synth 8-3886] merging instance 'Inst_VGA_Sync/col_reg[13]' (FD) to 'Inst_VGA_Sync/row_reg[15]'
INFO: [Synth 8-3886] merging instance 'Inst_VGA_Sync/col_reg[14]' (FD) to 'Inst_VGA_Sync/row_reg[15]'
INFO: [Synth 8-3886] merging instance 'Inst_VGA_Sync/col_reg[15]' (FD) to 'Inst_VGA_Sync/row_reg[15]'
INFO: [Synth 8-3886] merging instance 'Inst_VGA_Sync/row_reg[11]' (FD) to 'Inst_VGA_Sync/row_reg[15]'
INFO: [Synth 8-3886] merging instance 'Inst_VGA_Sync/row_reg[12]' (FD) to 'Inst_VGA_Sync/row_reg[15]'
INFO: [Synth 8-3886] merging instance 'Inst_VGA_Sync/row_reg[13]' (FD) to 'Inst_VGA_Sync/row_reg[15]'
INFO: [Synth 8-3886] merging instance 'Inst_VGA_Sync/row_reg[14]' (FD) to 'Inst_VGA_Sync/row_reg[15]'
INFO: [Synth 8-3333] propagating constant 0 across sequential element (\Inst_VGA_Sync/row_reg[15] )
INFO: [Synth 8-3886] merging instance 'Inst_GAME_Play/Inst_Move_Up/snake_move_up.snake_length_future_reg[31]' (LD) to 'Inst_GAME_Play/Inst_Move_Up/snake_move_up.snake_length_future_reg[30]'
INFO: [Synth 8-3886] merging instance 'Inst_GAME_Play/Inst_Move_Up/snake_move_up.snake_length_future_reg[30]' (LD) to 'Inst_GAME_Play/Inst_Move_Up/snake_move_up.snake_length_future_reg[29]'
INFO: [Synth 8-3886] merging instance 'Inst_GAME_Play/Inst_Move_Up/snake_move_up.snake_length_future_reg[29]' (LD) to 'Inst_GAME_Play/Inst_Move_Up/snake_move_up.snake_length_future_reg[28]'
INFO: [Synth 8-3886] merging instance 'Inst_GAME_Play/Inst_Move_Up/snake_move_up.snake_length_future_reg[28]' (LD) to 'Inst_GAME_Play/Inst_Move_Up/snake_move_up.snake_length_future_reg[27]'
INFO: [Synth 8-3886] merging instance 'Inst_GAME_Play/Inst_Move_Up/snake_move_up.snake_length_future_reg[27]' (LD) to 'Inst_GAME_Play/Inst_Move_Up/snake_move_up.snake_length_future_reg[26]'
INFO: [Synth 8-3886] merging instance 'Inst_GAME_Play/Inst_Move_Up/snake_move_up.snake_length_future_reg[26]' (LD) to 'Inst_GAME_Play/Inst_Move_Up/snake_move_up.snake_length_future_reg[25]'
INFO: [Synth 8-3886] merging instance 'Inst_GAME_Play/Inst_Move_Up/snake_move_up.snake_length_future_reg[25]' (LD) to 'Inst_GAME_Play/Inst_Move_Up/snake_move_up.snake_length_future_reg[24]'
INFO: [Synth 8-3886] merging instance 'Inst_GAME_Play/Inst_Move_Up/snake_move_up.snake_length_future_reg[24]' (LD) to 'Inst_GAME_Play/Inst_Move_Up/snake_move_up.snake_length_future_reg[23]'
INFO: [Synth 8-3886] merging instance 'Inst_GAME_Play/Inst_Move_Up/snake_move_up.snake_length_future_reg[23]' (LD) to 'Inst_GAME_Play/Inst_Move_Up/snake_move_up.snake_length_future_reg[22]'
INFO: [Synth 8-3886] merging instance 'Inst_GAME_Play/Inst_Move_Up/snake_move_up.snake_length_future_reg[22]' (LD) to 'Inst_GAME_Play/Inst_Move_Up/snake_move_up.snake_length_future_reg[21]'
INFO: [Synth 8-3886] merging instance 'Inst_GAME_Play/Inst_Move_Up/snake_move_up.snake_length_future_reg[21]' (LD) to 'Inst_GAME_Play/Inst_Move_Up/snake_move_up.snake_length_future_reg[20]'
INFO: [Synth 8-3886] merging instance 'Inst_GAME_Play/Inst_Move_Up/snake_move_up.snake_length_future_reg[20]' (LD) to 'Inst_GAME_Play/Inst_Move_Up/snake_move_up.snake_length_future_reg[19]'
INFO: [Synth 8-3886] merging instance 'Inst_GAME_Play/Inst_Move_Up/snake_move_up.snake_length_future_reg[19]' (LD) to 'Inst_GAME_Play/Inst_Move_Up/snake_move_up.snake_length_future_reg[18]'
INFO: [Synth 8-3886] merging instance 'Inst_GAME_Play/Inst_Move_Up/snake_move_up.snake_length_future_reg[18]' (LD) to 'Inst_GAME_Play/Inst_Move_Up/snake_move_up.snake_length_future_reg[17]'
INFO: [Synth 8-3886] merging instance 'Inst_GAME_Play/Inst_Move_Up/snake_move_up.snake_length_future_reg[17]' (LD) to 'Inst_GAME_Play/Inst_Move_Up/snake_move_up.snake_length_future_reg[16]'
INFO: [Synth 8-3886] merging instance 'Inst_GAME_Play/Inst_Move_Up/snake_move_up.snake_length_future_reg[16]' (LD) to 'Inst_GAME_Play/Inst_Move_Up/snake_move_up.snake_length_future_reg[15]'
INFO: [Synth 8-3886] merging instance 'Inst_GAME_Play/Inst_Move_Up/snake_move_up.snake_length_future_reg[15]' (LD) to 'Inst_GAME_Play/Inst_Move_Up/snake_move_up.snake_length_future_reg[14]'
INFO: [Synth 8-3886] merging instance 'Inst_GAME_Play/Inst_Move_Up/snake_move_up.snake_length_future_reg[14]' (LD) to 'Inst_GAME_Play/Inst_Move_Up/snake_move_up.snake_length_future_reg[13]'
INFO: [Synth 8-3886] merging instance 'Inst_GAME_Play/Inst_Move_Up/snake_move_up.snake_length_future_reg[13]' (LD) to 'Inst_GAME_Play/Inst_Move_Up/snake_move_up.snake_length_future_reg[12]'
INFO: [Synth 8-3886] merging instance 'Inst_GAME_Play/Inst_Move_Up/snake_move_up.snake_length_future_reg[12]' (LD) to 'Inst_GAME_Play/Inst_Move_Up/snake_move_up.snake_length_future_reg[11]'
INFO: [Synth 8-3886] merging instance 'Inst_GAME_Play/Inst_Move_Up/snake_move_up.snake_length_future_reg[11]' (LD) to 'Inst_GAME_Play/Inst_Move_Up/snake_move_up.snake_length_future_reg[10]'
INFO: [Synth 8-3886] merging instance 'Inst_GAME_Play/Inst_Move_Up/snake_move_up.snake_length_future_reg[10]' (LD) to 'Inst_GAME_Play/Inst_Move_Up/snake_move_up.snake_length_future_reg[9]'
INFO: [Synth 8-3886] merging instance 'Inst_GAME_Play/Inst_Move_Up/snake_move_up.snake_length_future_reg[9]' (LD) to 'Inst_GAME_Play/Inst_Move_Up/snake_move_up.snake_length_future_reg[8]'
INFO: [Synth 8-3886] merging instance 'Inst_GAME_Play/Inst_Move_Up/snake_move_up.snake_length_future_reg[8]' (LD) to 'Inst_GAME_Play/Inst_Move_Up/snake_move_up.snake_length_future_reg[7]'
INFO: [Synth 8-3886] merging instance 'Inst_GAME_Play/Inst_Move_Up/snake_move_up.snake_length_future_reg[7]' (LD) to 'Inst_GAME_Play/Inst_Move_Up/snake_move_up.snake_length_future_reg[6]'
INFO: [Synth 8-3886] merging instance 'Inst_GAME_Play/Inst_Move_Up/snake_move_up.snake_length_future_reg[6]' (LD) to 'Inst_GAME_Play/Inst_Move_Up/snake_move_up.snake_length_future_reg[5]'
INFO: [Synth 8-3333] propagating constant 0 across sequential element (\Inst_GAME_Play/Inst_Move_Up /\snake_move_up.snake_length_future_reg[5] )
INFO: [Synth 8-3886] merging instance 'Inst_GAME_Play/Inst_Move_Down/snake_move_up.snake_length_future_reg[31]' (LD) to 'Inst_GAME_Play/Inst_Move_Down/snake_move_up.snake_length_future_reg[30]'
INFO: [Synth 8-3886] merging instance 'Inst_GAME_Play/Inst_Move_Down/snake_move_up.snake_length_future_reg[30]' (LD) to 'Inst_GAME_Play/Inst_Move_Down/snake_move_up.snake_length_future_reg[29]'
INFO: [Synth 8-3886] merging instance 'Inst_GAME_Play/Inst_Move_Down/snake_move_up.snake_length_future_reg[29]' (LD) to 'Inst_GAME_Play/Inst_Move_Down/snake_move_up.snake_length_future_reg[28]'
INFO: [Synth 8-3886] merging instance 'Inst_GAME_Play/Inst_Move_Down/snake_move_up.snake_length_future_reg[28]' (LD) to 'Inst_GAME_Play/Inst_Move_Down/snake_move_up.snake_length_future_reg[27]'
INFO: [Synth 8-3886] merging instance 'Inst_GAME_Play/Inst_Move_Down/snake_move_up.snake_length_future_reg[27]' (LD) to 'Inst_GAME_Play/Inst_Move_Down/snake_move_up.snake_length_future_reg[26]'
INFO: [Synth 8-3886] merging instance 'Inst_GAME_Play/Inst_Move_Down/snake_move_up.snake_length_future_reg[26]' (LD) to 'Inst_GAME_Play/Inst_Move_Down/snake_move_up.snake_length_future_reg[25]'
INFO: [Synth 8-3886] merging instance 'Inst_GAME_Play/Inst_Move_Down/snake_move_up.snake_length_future_reg[25]' (LD) to 'Inst_GAME_Play/Inst_Move_Down/snake_move_up.snake_length_future_reg[24]'
INFO: [Synth 8-3886] merging instance 'Inst_GAME_Play/Inst_Move_Down/snake_move_up.snake_length_future_reg[24]' (LD) to 'Inst_GAME_Play/Inst_Move_Down/snake_move_up.snake_length_future_reg[23]'
INFO: [Synth 8-3886] merging instance 'Inst_GAME_Play/Inst_Move_Down/snake_move_up.snake_length_future_reg[23]' (LD) to 'Inst_GAME_Play/Inst_Move_Down/snake_move_up.snake_length_future_reg[22]'
INFO: [Synth 8-3886] merging instance 'Inst_GAME_Play/Inst_Move_Down/snake_move_up.snake_length_future_reg[22]' (LD) to 'Inst_GAME_Play/Inst_Move_Down/snake_move_up.snake_length_future_reg[21]'
INFO: [Synth 8-3886] merging instance 'Inst_GAME_Play/Inst_Move_Down/snake_move_up.snake_length_future_reg[21]' (LD) to 'Inst_GAME_Play/Inst_Move_Down/snake_move_up.snake_length_future_reg[20]'
INFO: [Synth 8-3886] merging instance 'Inst_GAME_Play/Inst_Move_Down/snake_move_up.snake_length_future_reg[20]' (LD) to 'Inst_GAME_Play/Inst_Move_Down/snake_move_up.snake_length_future_reg[19]'
INFO: [Synth 8-3886] merging instance 'Inst_GAME_Play/Inst_Move_Down/snake_move_up.snake_length_future_reg[19]' (LD) to 'Inst_GAME_Play/Inst_Move_Down/snake_move_up.snake_length_future_reg[18]'
INFO: [Synth 8-3886] merging instance 'Inst_GAME_Play/Inst_Move_Down/snake_move_up.snake_length_future_reg[18]' (LD) to 'Inst_GAME_Play/Inst_Move_Down/snake_move_up.snake_length_future_reg[17]'
INFO: [Synth 8-3886] merging instance 'Inst_GAME_Play/Inst_Move_Down/snake_move_up.snake_length_future_reg[17]' (LD) to 'Inst_GAME_Play/Inst_Move_Down/snake_move_up.snake_length_future_reg[16]'
INFO: [Synth 8-3886] merging instance 'Inst_GAME_Play/Inst_Move_Down/snake_move_up.snake_length_future_reg[16]' (LD) to 'Inst_GAME_Play/Inst_Move_Down/snake_move_up.snake_length_future_reg[15]'
INFO: [Synth 8-3886] merging instance 'Inst_GAME_Play/Inst_Move_Down/snake_move_up.snake_length_future_reg[15]' (LD) to 'Inst_GAME_Play/Inst_Move_Down/snake_move_up.snake_length_future_reg[14]'
INFO: [Synth 8-3886] merging instance 'Inst_GAME_Play/Inst_Move_Down/snake_move_up.snake_length_future_reg[14]' (LD) to 'Inst_GAME_Play/Inst_Move_Down/snake_move_up.snake_length_future_reg[13]'
INFO: [Synth 8-3886] merging instance 'Inst_GAME_Play/Inst_Move_Down/snake_move_up.snake_length_future_reg[13]' (LD) to 'Inst_GAME_Play/Inst_Move_Down/snake_move_up.snake_length_future_reg[12]'
INFO: [Synth 8-3886] merging instance 'Inst_GAME_Play/Inst_Move_Down/snake_move_up.snake_length_future_reg[12]' (LD) to 'Inst_GAME_Play/Inst_Move_Down/snake_move_up.snake_length_future_reg[11]'
INFO: [Synth 8-3886] merging instance 'Inst_GAME_Play/Inst_Move_Down/snake_move_up.snake_length_future_reg[11]' (LD) to 'Inst_GAME_Play/Inst_Move_Down/snake_move_up.snake_length_future_reg[10]'
INFO: [Synth 8-3886] merging instance 'Inst_GAME_Play/Inst_Move_Down/snake_move_up.snake_length_future_reg[10]' (LD) to 'Inst_GAME_Play/Inst_Move_Down/snake_move_up.snake_length_future_reg[9]'
INFO: [Synth 8-3886] merging instance 'Inst_GAME_Play/Inst_Move_Down/snake_move_up.snake_length_future_reg[9]' (LD) to 'Inst_GAME_Play/Inst_Move_Down/snake_move_up.snake_length_future_reg[8]'
INFO: [Synth 8-3886] merging instance 'Inst_GAME_Play/Inst_Move_Down/snake_move_up.snake_length_future_reg[8]' (LD) to 'Inst_GAME_Play/Inst_Move_Down/snake_move_up.snake_length_future_reg[7]'
INFO: [Synth 8-3886] merging instance 'Inst_GAME_Play/Inst_Move_Down/snake_move_up.snake_length_future_reg[7]' (LD) to 'Inst_GAME_Play/Inst_Move_Down/snake_move_up.snake_length_future_reg[6]'
INFO: [Synth 8-3886] merging instance 'Inst_GAME_Play/Inst_Move_Down/snake_move_up.snake_length_future_reg[6]' (LD) to 'Inst_GAME_Play/Inst_Move_Down/snake_move_up.snake_length_future_reg[5]'
INFO: [Synth 8-3333] propagating constant 0 across sequential element (\Inst_GAME_Play/Inst_Move_Down /\snake_move_up.snake_length_future_reg[5] )
INFO: [Synth 8-3886] merging instance 'Inst_GAME_Play/Inst_Move_Left/snake_move_up.snake_length_future_reg[31]' (LD) to 'Inst_GAME_Play/Inst_Move_Left/snake_move_up.snake_length_future_reg[30]'
INFO: [Synth 8-3886] merging instance 'Inst_GAME_Play/Inst_Move_Left/snake_move_up.snake_length_future_reg[30]' (LD) to 'Inst_GAME_Play/Inst_Move_Left/snake_move_up.snake_length_future_reg[29]'
INFO: [Synth 8-3886] merging instance 'Inst_GAME_Play/Inst_Move_Left/snake_move_up.snake_length_future_reg[29]' (LD) to 'Inst_GAME_Play/Inst_Move_Left/snake_move_up.snake_length_future_reg[28]'
INFO: [Synth 8-3886] merging instance 'Inst_GAME_Play/Inst_Move_Left/snake_move_up.snake_length_future_reg[28]' (LD) to 'Inst_GAME_Play/Inst_Move_Left/snake_move_up.snake_length_future_reg[27]'
INFO: [Synth 8-3886] merging instance 'Inst_GAME_Play/Inst_Move_Left/snake_move_up.snake_length_future_reg[27]' (LD) to 'Inst_GAME_Play/Inst_Move_Left/snake_move_up.snake_length_future_reg[26]'
INFO: [Synth 8-3886] merging instance 'Inst_GAME_Play/Inst_Move_Left/snake_move_up.snake_length_future_reg[26]' (LD) to 'Inst_GAME_Play/Inst_Move_Left/snake_move_up.snake_length_future_reg[25]'
INFO: [Synth 8-3886] merging instance 'Inst_GAME_Play/Inst_Move_Left/snake_move_up.snake_length_future_reg[25]' (LD) to 'Inst_GAME_Play/Inst_Move_Left/snake_move_up.snake_length_future_reg[24]'
INFO: [Synth 8-3886] merging instance 'Inst_GAME_Play/Inst_Move_Left/snake_move_up.snake_length_future_reg[24]' (LD) to 'Inst_GAME_Play/Inst_Move_Left/snake_move_up.snake_length_future_reg[23]'
INFO: [Synth 8-3886] merging instance 'Inst_GAME_Play/Inst_Move_Left/snake_move_up.snake_length_future_reg[23]' (LD) to 'Inst_GAME_Play/Inst_Move_Left/snake_move_up.snake_length_future_reg[22]'
INFO: [Synth 8-3886] merging instance 'Inst_GAME_Play/Inst_Move_Left/snake_move_up.snake_length_future_reg[22]' (LD) to 'Inst_GAME_Play/Inst_Move_Left/snake_move_up.snake_length_future_reg[21]'
INFO: [Synth 8-3886] merging instance 'Inst_GAME_Play/Inst_Move_Left/snake_move_up.snake_length_future_reg[21]' (LD) to 'Inst_GAME_Play/Inst_Move_Left/snake_move_up.snake_length_future_reg[20]'
INFO: [Synth 8-3886] merging instance 'Inst_GAME_Play/Inst_Move_Left/snake_move_up.snake_length_future_reg[20]' (LD) to 'Inst_GAME_Play/Inst_Move_Left/snake_move_up.snake_length_future_reg[19]'
INFO: [Synth 8-3886] merging instance 'Inst_GAME_Play/Inst_Move_Left/snake_move_up.snake_length_future_reg[19]' (LD) to 'Inst_GAME_Play/Inst_Move_Left/snake_move_up.snake_length_future_reg[18]'
INFO: [Synth 8-3886] merging instance 'Inst_GAME_Play/Inst_Move_Left/snake_move_up.snake_length_future_reg[18]' (LD) to 'Inst_GAME_Play/Inst_Move_Left/snake_move_up.snake_length_future_reg[17]'
INFO: [Synth 8-3886] merging instance 'Inst_GAME_Play/Inst_Move_Left/snake_move_up.snake_length_future_reg[17]' (LD) to 'Inst_GAME_Play/Inst_Move_Left/snake_move_up.snake_length_future_reg[16]'
INFO: [Synth 8-3886] merging instance 'Inst_GAME_Play/Inst_Move_Left/snake_move_up.snake_length_future_reg[16]' (LD) to 'Inst_GAME_Play/Inst_Move_Left/snake_move_up.snake_length_future_reg[15]'
INFO: [Synth 8-3886] merging instance 'Inst_GAME_Play/Inst_Move_Left/snake_move_up.snake_length_future_reg[15]' (LD) to 'Inst_GAME_Play/Inst_Move_Left/snake_move_up.snake_length_future_reg[14]'
INFO: [Synth 8-3886] merging instance 'Inst_GAME_Play/Inst_Move_Left/snake_move_up.snake_length_future_reg[14]' (LD) to 'Inst_GAME_Play/Inst_Move_Left/snake_move_up.snake_length_future_reg[13]'
INFO: [Synth 8-3886] merging instance 'Inst_GAME_Play/Inst_Move_Left/snake_move_up.snake_length_future_reg[13]' (LD) to 'Inst_GAME_Play/Inst_Move_Left/snake_move_up.snake_length_future_reg[12]'
INFO: [Synth 8-3886] merging instance 'Inst_GAME_Play/Inst_Move_Left/snake_move_up.snake_length_future_reg[12]' (LD) to 'Inst_GAME_Play/Inst_Move_Left/snake_move_up.snake_length_future_reg[11]'
INFO: [Synth 8-3886] merging instance 'Inst_GAME_Play/Inst_Move_Left/snake_move_up.snake_length_future_reg[11]' (LD) to 'Inst_GAME_Play/Inst_Move_Left/snake_move_up.snake_length_future_reg[10]'
INFO: [Synth 8-3886] merging instance 'Inst_GAME_Play/Inst_Move_Left/snake_move_up.snake_length_future_reg[10]' (LD) to 'Inst_GAME_Play/Inst_Move_Left/snake_move_up.snake_length_future_reg[9]'
INFO: [Synth 8-3886] merging instance 'Inst_GAME_Play/Inst_Move_Left/snake_move_up.snake_length_future_reg[9]' (LD) to 'Inst_GAME_Play/Inst_Move_Left/snake_move_up.snake_length_future_reg[8]'
INFO: [Synth 8-3886] merging instance 'Inst_GAME_Play/Inst_Move_Left/snake_move_up.snake_length_future_reg[8]' (LD) to 'Inst_GAME_Play/Inst_Move_Left/snake_move_up.snake_length_future_reg[7]'
INFO: [Synth 8-3886] merging instance 'Inst_GAME_Play/Inst_Move_Left/snake_move_up.snake_length_future_reg[7]' (LD) to 'Inst_GAME_Play/Inst_Move_Left/snake_move_up.snake_length_future_reg[6]'
INFO: [Synth 8-3886] merging instance 'Inst_GAME_Play/Inst_Move_Left/snake_move_up.snake_length_future_reg[6]' (LD) to 'Inst_GAME_Play/Inst_Move_Left/snake_move_up.snake_length_future_reg[5]'
INFO: [Synth 8-3333] propagating constant 0 across sequential element (\Inst_GAME_Play/Inst_Move_Left /\snake_move_up.snake_length_future_reg[5] )
INFO: [Synth 8-3886] merging instance 'Inst_GAME_Play/Inst_Move_Right/snake_move_up.snake_length_future_reg[31]' (LD) to 'Inst_GAME_Play/Inst_Move_Right/snake_move_up.snake_length_future_reg[30]'
INFO: [Synth 8-3886] merging instance 'Inst_GAME_Play/Inst_Move_Right/snake_move_up.snake_length_future_reg[30]' (LD) to 'Inst_GAME_Play/Inst_Move_Right/snake_move_up.snake_length_future_reg[29]'
INFO: [Synth 8-3886] merging instance 'Inst_GAME_Play/Inst_Move_Right/snake_move_up.snake_length_future_reg[29]' (LD) to 'Inst_GAME_Play/Inst_Move_Right/snake_move_up.snake_length_future_reg[28]'
INFO: [Synth 8-3886] merging instance 'Inst_GAME_Play/Inst_Move_Right/snake_move_up.snake_length_future_reg[28]' (LD) to 'Inst_GAME_Play/Inst_Move_Right/snake_move_up.snake_length_future_reg[27]'
INFO: [Synth 8-3886] merging instance 'Inst_GAME_Play/Inst_Move_Right/snake_move_up.snake_length_future_reg[27]' (LD) to 'Inst_GAME_Play/Inst_Move_Right/snake_move_up.snake_length_future_reg[26]'
INFO: [Synth 8-3886] merging instance 'Inst_GAME_Play/Inst_Move_Right/snake_move_up.snake_length_future_reg[26]' (LD) to 'Inst_GAME_Play/Inst_Move_Right/snake_move_up.snake_length_future_reg[25]'
INFO: [Synth 8-3886] merging instance 'Inst_GAME_Play/Inst_Move_Right/snake_move_up.snake_length_future_reg[25]' (LD) to 'Inst_GAME_Play/Inst_Move_Right/snake_move_up.snake_length_future_reg[24]'
INFO: [Synth 8-3886] merging instance 'Inst_GAME_Play/Inst_Move_Right/snake_move_up.snake_length_future_reg[24]' (LD) to 'Inst_GAME_Play/Inst_Move_Right/snake_move_up.snake_length_future_reg[23]'
INFO: [Synth 8-3886] merging instance 'Inst_GAME_Play/Inst_Move_Right/snake_move_up.snake_length_future_reg[23]' (LD) to 'Inst_GAME_Play/Inst_Move_Right/snake_move_up.snake_length_future_reg[22]'
INFO: [Synth 8-3886] merging instance 'Inst_GAME_Play/Inst_Move_Right/snake_move_up.snake_length_future_reg[22]' (LD) to 'Inst_GAME_Play/Inst_Move_Right/snake_move_up.snake_length_future_reg[21]'
INFO: [Synth 8-3886] merging instance 'Inst_GAME_Play/Inst_Move_Right/snake_move_up.snake_length_future_reg[21]' (LD) to 'Inst_GAME_Play/Inst_Move_Right/snake_move_up.snake_length_future_reg[20]'
INFO: [Synth 8-3886] merging instance 'Inst_GAME_Play/Inst_Move_Right/snake_move_up.snake_length_future_reg[20]' (LD) to 'Inst_GAME_Play/Inst_Move_Right/snake_move_up.snake_length_future_reg[19]'
INFO: [Synth 8-3886] merging instance 'Inst_GAME_Play/Inst_Move_Right/snake_move_up.snake_length_future_reg[19]' (LD) to 'Inst_GAME_Play/Inst_Move_Right/snake_move_up.snake_length_future_reg[18]'
INFO: [Common 17-14] Message 'Synth 8-3886' appears 100 times and further instances of the messages will be disabled. Use the Tcl command set_msg_config to change the current settings.
INFO: [Common 17-14] Message 'Synth 8-3886' appears 100 times and further instances of the messages will be disabled. Use the Tcl command set_msg_config to change the current settings.
INFO: [Synth 8-3333] propagating constant 0 across sequential element (\Inst_GAME_Play/Inst_Move_Right /\snake_move_up.snake_length_future_reg[5] )
INFO: [Synth 8-3333] propagating constant 1 across sequential element (\Inst_GAME_Play/Inst_Move_Init/snake_mesh_xy_reg[0][24] )
INFO: [Synth 8-3333] propagating constant 0 across sequential element (\Inst_GAME_Play/Inst_Move_Init/snake_mesh_xy_reg[0][31] )
INFO: [Synth 8-3333] propagating constant 0 across sequential element (\Inst_GAME_Play/Inst_Move_Init/snake_length_reg[4] )
WARNING: [Synth 8-3332] Sequential element (snake_move_up.snake_length_future_reg[5]) is unused and will be removed from module Move_Up.
WARNING: [Synth 8-3332] Sequential element (snake_move_up.snake_length_future_reg[5]) is unused and will be removed from module Move_Down.
WARNING: [Synth 8-3332] Sequential element (snake_move_up.snake_length_future_reg[5]) is unused and will be removed from module Move_Left.
WARNING: [Synth 8-3332] Sequential element (snake_move_up.food_xy_future_reg[15]) is unused and will be removed from module Move_Left.
WARNING: [Synth 8-3332] Sequential element (snake_move_up.food_xy_future_reg[14]) is unused and will be removed from module Move_Left.
WARNING: [Synth 8-3332] Sequential element (snake_move_up.food_xy_future_reg[13]) is unused and will be removed from module Move_Left.
WARNING: [Synth 8-3332] Sequential element (snake_move_up.food_xy_future_reg[12]) is unused and will be removed from module Move_Left.
WARNING: [Synth 8-3332] Sequential element (snake_move_up.food_xy_future_reg[11]) is unused and will be removed from module Move_Left.
WARNING: [Synth 8-3332] Sequential element (snake_move_up.food_xy_future_reg[10]) is unused and will be removed from module Move_Left.
WARNING: [Synth 8-3332] Sequential element (snake_move_up.food_xy_future_reg[9]) is unused and will be removed from module Move_Left.
WARNING: [Synth 8-3332] Sequential element (snake_move_up.food_xy_future_reg[8]) is unused and will be removed from module Move_Left.
WARNING: [Synth 8-3332] Sequential element (snake_move_up.food_xy_future_reg[7]) is unused and will be removed from module Move_Left.
WARNING: [Synth 8-3332] Sequential element (snake_move_up.food_xy_future_reg[6]) is unused and will be removed from module Move_Left.
WARNING: [Synth 8-3332] Sequential element (snake_move_up.food_xy_future_reg[5]) is unused and will be removed from module Move_Left.
WARNING: [Synth 8-3332] Sequential element (snake_move_up.food_xy_future_reg[4]) is unused and will be removed from module Move_Left.
WARNING: [Synth 8-3332] Sequential element (snake_move_up.food_xy_future_reg[3]) is unused and will be removed from module Move_Left.
WARNING: [Synth 8-3332] Sequential element (snake_move_up.food_xy_future_reg[2]) is unused and will be removed from module Move_Left.
WARNING: [Synth 8-3332] Sequential element (snake_move_up.food_xy_future_reg[1]) is unused and will be removed from module Move_Left.
WARNING: [Synth 8-3332] Sequential element (snake_move_up.food_xy_future_reg[0]) is unused and will be removed from module Move_Left.
WARNING: [Synth 8-3332] Sequential element (snake_move_up.snake_length_future_reg[5]) is unused and will be removed from module Move_Right.
WARNING: [Synth 8-3332] Sequential element (snake_move_up.food_xy_future_reg[15]) is unused and will be removed from module Move_Right.
WARNING: [Synth 8-3332] Sequential element (snake_move_up.food_xy_future_reg[14]) is unused and will be removed from module Move_Right.
WARNING: [Synth 8-3332] Sequential element (snake_move_up.food_xy_future_reg[13]) is unused and will be removed from module Move_Right.
WARNING: [Synth 8-3332] Sequential element (snake_move_up.food_xy_future_reg[12]) is unused and will be removed from module Move_Right.
WARNING: [Synth 8-3332] Sequential element (snake_move_up.food_xy_future_reg[11]) is unused and will be removed from module Move_Right.
WARNING: [Synth 8-3332] Sequential element (snake_move_up.food_xy_future_reg[10]) is unused and will be removed from module Move_Right.
WARNING: [Synth 8-3332] Sequential element (snake_move_up.food_xy_future_reg[9]) is unused and will be removed from module Move_Right.
WARNING: [Synth 8-3332] Sequential element (snake_move_up.food_xy_future_reg[8]) is unused and will be removed from module Move_Right.
WARNING: [Synth 8-3332] Sequential element (snake_move_up.food_xy_future_reg[7]) is unused and will be removed from module Move_Right.
WARNING: [Synth 8-3332] Sequential element (snake_move_up.food_xy_future_reg[6]) is unused and will be removed from module Move_Right.
WARNING: [Synth 8-3332] Sequential element (snake_move_up.food_xy_future_reg[5]) is unused and will be removed from module Move_Right.
WARNING: [Synth 8-3332] Sequential element (snake_move_up.food_xy_future_reg[4]) is unused and will be removed from module Move_Right.
WARNING: [Synth 8-3332] Sequential element (snake_move_up.food_xy_future_reg[3]) is unused and will be removed from module Move_Right.
WARNING: [Synth 8-3332] Sequential element (snake_move_up.food_xy_future_reg[2]) is unused and will be removed from module Move_Right.
WARNING: [Synth 8-3332] Sequential element (snake_move_up.food_xy_future_reg[1]) is unused and will be removed from module Move_Right.
WARNING: [Synth 8-3332] Sequential element (snake_move_up.food_xy_future_reg[0]) is unused and will be removed from module Move_Right.
---------------------------------------------------------------------------------
Finished Cross Boundary and Area Optimization : Time (s): cpu = 00:00:27 ; elapsed = 00:01:33 . Memory (MB): peak = 1922.039 ; gain = 969.102
---------------------------------------------------------------------------------
---------------------------------------------------------------------------------
Start Applying XDC Timing Constraints
---------------------------------------------------------------------------------
---------------------------------------------------------------------------------
Finished Applying XDC Timing Constraints : Time (s): cpu = 00:00:31 ; elapsed = 00:01:42 . Memory (MB): peak = 1922.039 ; gain = 969.102
---------------------------------------------------------------------------------
---------------------------------------------------------------------------------
Start Timing Optimization
---------------------------------------------------------------------------------
---------------------------------------------------------------------------------
Finished Timing Optimization : Time (s): cpu = 00:00:33 ; elapsed = 00:01:47 . Memory (MB): peak = 1922.039 ; gain = 969.102
---------------------------------------------------------------------------------
---------------------------------------------------------------------------------
Start Technology Mapping
---------------------------------------------------------------------------------
---------------------------------------------------------------------------------
Finished Technology Mapping : Time (s): cpu = 00:00:35 ; elapsed = 00:02:05 . Memory (MB): peak = 1922.039 ; gain = 969.102
---------------------------------------------------------------------------------
---------------------------------------------------------------------------------
Start IO Insertion
---------------------------------------------------------------------------------
---------------------------------------------------------------------------------
Start Flattening Before IO Insertion
---------------------------------------------------------------------------------
---------------------------------------------------------------------------------
Finished Flattening Before IO Insertion
---------------------------------------------------------------------------------
---------------------------------------------------------------------------------
Start Final Netlist Cleanup
---------------------------------------------------------------------------------
---------------------------------------------------------------------------------
Finished Final Netlist Cleanup
---------------------------------------------------------------------------------
---------------------------------------------------------------------------------
Finished IO Insertion : Time (s): cpu = 00:00:39 ; elapsed = 00:02:16 . Memory (MB): peak = 1922.039 ; gain = 969.102
---------------------------------------------------------------------------------
---------------------------------------------------------------------------------
Start Renaming Generated Instances
---------------------------------------------------------------------------------
---------------------------------------------------------------------------------
Finished Renaming Generated Instances : Time (s): cpu = 00:00:39 ; elapsed = 00:02:16 . Memory (MB): peak = 1922.039 ; gain = 969.102
---------------------------------------------------------------------------------
---------------------------------------------------------------------------------
Start Rebuilding User Hierarchy
---------------------------------------------------------------------------------
---------------------------------------------------------------------------------
Finished Rebuilding User Hierarchy : Time (s): cpu = 00:00:40 ; elapsed = 00:02:19 . Memory (MB): peak = 1922.039 ; gain = 969.102
---------------------------------------------------------------------------------
---------------------------------------------------------------------------------
Start Renaming Generated Ports
---------------------------------------------------------------------------------
---------------------------------------------------------------------------------
Finished Renaming Generated Ports : Time (s): cpu = 00:00:40 ; elapsed = 00:02:19 . Memory (MB): peak = 1922.039 ; gain = 969.102
---------------------------------------------------------------------------------
---------------------------------------------------------------------------------
Start Handling Custom Attributes
---------------------------------------------------------------------------------
---------------------------------------------------------------------------------
Finished Handling Custom Attributes : Time (s): cpu = 00:00:42 ; elapsed = 00:02:23 . Memory (MB): peak = 1922.039 ; gain = 969.102
---------------------------------------------------------------------------------
---------------------------------------------------------------------------------
Start Renaming Generated Nets
---------------------------------------------------------------------------------
---------------------------------------------------------------------------------
Finished Renaming Generated Nets : Time (s): cpu = 00:00:42 ; elapsed = 00:02:23 . Memory (MB): peak = 1922.039 ; gain = 969.102
---------------------------------------------------------------------------------
---------------------------------------------------------------------------------
Start ROM, RAM, DSP, Shift Register and Retiming Reporting
---------------------------------------------------------------------------------

Static Shift Register Report:
+------------+----------------------------------------+--------+-------+--------------+--------------------+-------------------+--------+---------+
|Module Name | RTL Name                               | Length | Width | Reset Signal | Pull out first Reg | Pull out last Reg | SRL16E | SRLC32E | 
+------------+----------------------------------------+--------+-------+--------------+--------------------+-------------------+--------+---------+
|top         | Inst_Buttons_Sync/button_output_reg[2] | 3      | 3     | NO           | NO                 | YES               | 3      | 0       | 
+------------+----------------------------------------+--------+-------+--------------+--------------------+-------------------+--------+---------+

---------------------------------------------------------------------------------
Finished ROM, RAM, DSP, Shift Register and Retiming Reporting
---------------------------------------------------------------------------------
---------------------------------------------------------------------------------
Start Writing Synthesis Report
---------------------------------------------------------------------------------

Report BlackBoxes: 
+------+--------------+----------+
|      |BlackBox name |Instances |
+------+--------------+----------+
|1     |PLL100to108   |         1|
+------+--------------+----------+

Report Cell Usage: 
+------+-----------------+------+
|      |Cell             |Count |
+------+-----------------+------+
|1     |PLL100to108_bbox |     1|
|2     |BUFG             |     3|
|3     |CARRY4           |   668|
|4     |LUT1             |   796|
|5     |LUT2             |   257|
|6     |LUT3             |  9201|
|7     |LUT4             |   833|
|8     |LUT5             |  4153|
|9     |LUT6             |  3151|
|10    |MUXF7            |    11|
|11    |MUXF8            |     2|
|12    |SRL16E           |     3|
|13    |FDCE             |  2806|
|14    |FDPE             |  2778|
|15    |FDRE             |  3138|
|16    |FDSE             |     1|
|17    |LD               |   761|
|18    |LDC              |  2860|
|19    |IBUF             |     8|
|20    |OBUF             |    43|
+------+-----------------+------+
---------------------------------------------------------------------------------
Finished Writing Synthesis Report : Time (s): cpu = 00:00:42 ; elapsed = 00:02:23 . Memory (MB): peak = 1922.039 ; gain = 969.102
---------------------------------------------------------------------------------
Synthesis finished with 0 errors, 0 critical warnings and 74 warnings.
Synthesis Optimization Runtime : Time (s): cpu = 00:00:30 ; elapsed = 00:02:09 . Memory (MB): peak = 1922.039 ; gain = 669.066
Synthesis Optimization Complete : Time (s): cpu = 00:00:42 ; elapsed = 00:02:26 . Memory (MB): peak = 1922.039 ; gain = 969.102
INFO: [Project 1-571] Translating synthesized netlist
Netlist sorting complete. Time (s): cpu = 00:00:00 ; elapsed = 00:00:00.393 . Memory (MB): peak = 1922.039 ; gain = 0.000
INFO: [Netlist 29-17] Analyzing 4302 Unisim elements for replacement
INFO: [Netlist 29-28] Unisim Transformation completed in 0 CPU seconds
INFO: [Project 1-570] Preparing netlist for logic optimization
INFO: [Opt 31-140] Inserted 1 IBUFs to IO ports without IO buffers.
INFO: [Opt 31-138] Pushed 0 inverter(s) to 0 load pin(s).
Netlist sorting complete. Time (s): cpu = 00:00:00 ; elapsed = 00:00:00.008 . Memory (MB): peak = 1922.039 ; gain = 0.000
INFO: [Project 1-111] Unisim Transformation Summary:
  A total of 3621 instances were transformed.
  LD => LDCE: 761 instances
  LDC => LDCE: 2860 instances

Synth Design complete | Checksum: 6acdce5b
INFO: [Common 17-83] Releasing license: Synthesis
216 Infos, 170 Warnings, 0 Critical Warnings and 0 Errors encountered.
synth_design completed successfully
synth_design: Time (s): cpu = 00:00:46 ; elapsed = 00:02:39 . Memory (MB): peak = 1922.039 ; gain = 1386.668
Write ShapeDB Complete: Time (s): cpu = 00:00:00 ; elapsed = 00:00:00.020 . Memory (MB): peak = 1922.039 ; gain = 0.000
INFO: [Common 17-1381] The checkpoint 'C:/Users/mariu/Downloads/SnakeGame/SnakeGame.runs/synth_1/top.dcp' has been generated.
write_checkpoint: Time (s): cpu = 00:00:03 ; elapsed = 00:00:09 . Memory (MB): peak = 1922.039 ; gain = 0.000
INFO: [Vivado 12-24828] Executing command : report_utilization -file top_utilization_synth.rpt -pb top_utilization_synth.pb
INFO: [Common 17-206] Exiting Vivado at Tue Dec 17 14:37:24 2024...
