#-----------------------------------------------------------
# Vivado v2024.1 (64-bit)
# SW Build 5076996 on Wed May 22 18:37:14 MDT 2024
# IP Build 5075265 on Wed May 22 21:45:21 MDT 2024
# SharedData Build 5076995 on Wed May 22 18:29:18 MDT 2024
# Start of session at: Tue Dec 17 18:51:53 2024
# Process ID: 2224
# Current directory: C:/Users/mariu/Downloads/SnakeGame
# Command line: vivado.exe -gui_launcher_event rodinguilauncherevent22868 C:\Users\mariu\Downloads\SnakeGame\SnakeGame.xpr
# Log file: C:/Users/mariu/Downloads/SnakeGame/vivado.log
# Journal file: C:/Users/mariu/Downloads/SnakeGame\vivado.jou
# Running On        :Mario
# Platform          :Windows Server 2016 or Windows 10
# Operating System  :22631
# Processor Detail  :11th Gen Intel(R) Core(TM) i5-1135G7 @ 2.40GHz
# CPU Frequency     :2419 MHz
# CPU Physical cores:4
# CPU Logical cores :8
# Host memory       :8266 MB
# Swap memory       :10737 MB
# Total Virtual     :19004 MB
# Available Virtual :6004 MB
#-----------------------------------------------------------
start_gui
open_project C:/Users/mariu/Downloads/SnakeGame/SnakeGame.xpr
WARNING: [Board 49-26] cannot add Board Part digilentinc.com:arty-s7-25:part0:1.1 available at C:/Vivado/2024.1/data/boards/board_files/arty-s7-25/E.0/board.xml as part xc7s25csga324-1 specified in board_part file is either invalid or not available
WARNING: [Board 49-26] cannot add Board Part digilentinc.com:arty-s7-50:part0:1.1 available at C:/Vivado/2024.1/data/boards/board_files/arty-s7-50/B.0/board.xml as part xc7s50csga324-1 specified in board_part file is either invalid or not available
WARNING: [Board 49-26] cannot add Board Part digilentinc.com:arty-z7-10:part0:1.1 available at C:/Vivado/2024.1/data/boards/board_files/arty-z7-10/A.0/board.xml as part xc7z010clg400-1 specified in board_part file is either invalid or not available
WARNING: [Board 49-26] cannot add Board Part digilentinc.com:arty-z7-20:part0:1.1 available at C:/Vivado/2024.1/data/boards/board_files/arty-z7-20/A.0/board.xml as part xc7z020clg400-1 specified in board_part file is either invalid or not available
WARNING: [Board 49-26] cannot add Board Part digilentinc.com:cmod-s7-25:part0:1.0 available at C:/Vivado/2024.1/data/boards/board_files/cmod-s7-25/B.0/board.xml as part xc7s25csga225-1 specified in board_part file is either invalid or not available
WARNING: [Board 49-26] cannot add Board Part digilentinc.com:cora-z7-07s:part0:1.1 available at C:/Vivado/2024.1/data/boards/board_files/cora-z7-07s/B.0/board.xml as part xc7z007sclg400-1 specified in board_part file is either invalid or not available
WARNING: [Board 49-26] cannot add Board Part digilentinc.com:cora-z7-10:part0:1.1 available at C:/Vivado/2024.1/data/boards/board_files/cora-z7-10/B.0/board.xml as part xc7z010clg400-1 specified in board_part file is either invalid or not available
WARNING: [Board 49-26] cannot add Board Part digilentinc.com:eclypse-z7:part0:1.0 available at C:/Vivado/2024.1/data/boards/board_files/eclypse-z7/A.0/board.xml as part xc7z020clg484-1 specified in board_part file is either invalid or not available
WARNING: [Board 49-26] cannot add Board Part digilentinc.com:eclypse-z7:part0:1.1 available at C:/Vivado/2024.1/data/boards/board_files/eclypse-z7/B.0/board.xml as part xc7z020clg484-1 specified in board_part file is either invalid or not available
WARNING: [Board 49-26] cannot add Board Part digilentinc.com:genesys2:part0:1.1 available at C:/Vivado/2024.1/data/boards/board_files/genesys2/H/board.xml as part xc7k325tffg900-2 specified in board_part file is either invalid or not available
WARNING: [Board 49-26] cannot add Board Part digilentinc.com:gzu_3eg:part0:1.0 available at C:/Vivado/2024.1/data/boards/board_files/genesys-zu-3eg/B.0/board.xml as part xczu3eg-sfvc784-1-e specified in board_part file is either invalid or not available
WARNING: [Board 49-26] cannot add Board Part digilentinc.com:gzu_3eg:part0:1.1 available at C:/Vivado/2024.1/data/boards/board_files/genesys-zu-3eg/D.0/board.xml as part xczu3eg-sfvc784-1-e specified in board_part file is either invalid or not available
WARNING: [Board 49-26] cannot add Board Part digilentinc.com:gzu_5ev:part0:1.1 available at C:/Vivado/2024.1/data/boards/board_files/genesys-zu-5ev/C.0/board.xml as part xczu5ev-sfvc784-1-e specified in board_part file is either invalid or not available
WARNING: [Board 49-26] cannot add Board Part digilentinc.com:sword:part0:1.0 available at C:/Vivado/2024.1/data/boards/board_files/sword/C.0/board.xml as part xc7k325tffg900-2 specified in board_part file is either invalid or not available
WARNING: [Board 49-26] cannot add Board Part digilentinc.com:zedboard:part0:1.1 available at C:/Vivado/2024.1/data/boards/board_files/zedboard/1.3/board.xml as part xc7z020clg484-1 specified in board_part file is either invalid or not available
WARNING: [Board 49-26] cannot add Board Part digilentinc.com:zybo-z7-10:part0:1.2 available at C:/Vivado/2024.1/data/boards/board_files/zybo-z7-10/A.0/board.xml as part xc7z010clg400-1 specified in board_part file is either invalid or not available
WARNING: [Board 49-26] cannot add Board Part digilentinc.com:zybo-z7-20:part0:1.2 available at C:/Vivado/2024.1/data/boards/board_files/zybo-z7-20/A.0/board.xml as part xc7z020clg400-1 specified in board_part file is either invalid or not available
WARNING: [Board 49-26] cannot add Board Part digilentinc.com:zybo:part0:1.0 available at C:/Vivado/2024.1/data/boards/board_files/zybo/B.3/board.xml as part xc7z010clg400-1 specified in board_part file is either invalid or not available
WARNING: [Board 49-26] cannot add Board Part digilentinc.com:zybo:part0:2.0 available at C:/Vivado/2024.1/data/boards/board_files/zybo/B.4/board.xml as part xc7z010clg400-1 specified in board_part file is either invalid or not available
WARNING: [Board 49-26] cannot add Board Part xilinx.com:k24c:part0:1.0 available at C:/Vivado/2024.1/data/xhub/boards/XilinxBoardStore/boards/Xilinx/k24c/1.0/board.xml as part xck24-ubva530-2lv-c specified in board_part file is either invalid or not available
WARNING: [Board 49-26] cannot add Board Part xilinx.com:k24i:part0:1.0 available at C:/Vivado/2024.1/data/xhub/boards/XilinxBoardStore/boards/Xilinx/k24i/1.0/board.xml as part xck24-ubva530-2lvi-i specified in board_part file is either invalid or not available
WARNING: [Board 49-26] cannot add Board Part xilinx.com:k26c:part0:1.2 available at C:/Vivado/2024.1/data/xhub/boards/XilinxBoardStore/boards/Xilinx/k26c/1.2/board.xml as part xck26-sfvc784-2lv-c specified in board_part file is either invalid or not available
WARNING: [Board 49-26] cannot add Board Part xilinx.com:k26c:part0:1.3 available at C:/Vivado/2024.1/data/xhub/boards/XilinxBoardStore/boards/Xilinx/k26c/1.3/board.xml as part xck26-sfvc784-2lv-c specified in board_part file is either invalid or not available
WARNING: [Board 49-26] cannot add Board Part xilinx.com:k26c:part0:1.4 available at C:/Vivado/2024.1/data/xhub/boards/XilinxBoardStore/boards/Xilinx/k26c/1.4/board.xml as part xck26-sfvc784-2lv-c specified in board_part file is either invalid or not available
WARNING: [Board 49-26] cannot add Board Part xilinx.com:k26i:part0:1.2 available at C:/Vivado/2024.1/data/xhub/boards/XilinxBoardStore/boards/Xilinx/k26i/1.2/board.xml as part xck26-sfvc784-2lvi-i specified in board_part file is either invalid or not available
WARNING: [Board 49-26] cannot add Board Part xilinx.com:k26i:part0:1.3 available at C:/Vivado/2024.1/data/xhub/boards/XilinxBoardStore/boards/Xilinx/k26i/1.3/board.xml as part xck26-sfvc784-2lvi-i specified in board_part file is either invalid or not available
WARNING: [Board 49-26] cannot add Board Part xilinx.com:k26i:part0:1.4 available at C:/Vivado/2024.1/data/xhub/boards/XilinxBoardStore/boards/Xilinx/k26i/1.4/board.xml as part xck26-sfvc784-2lvi-i specified in board_part file is either invalid or not available
WARNING: [Board 49-26] cannot add Board Part xilinx.com:kc705:part0:1.6 available at C:/Vivado/2024.1/data/xhub/boards/XilinxBoardStore/boards/Xilinx/kc705/1.6/board.xml as part xc7k325tffg900-2 specified in board_part file is either invalid or not available
WARNING: [Board 49-26] cannot add Board Part xilinx.com:kcu105:part0:1.6 available at C:/Vivado/2024.1/data/xhub/boards/XilinxBoardStore/boards/Xilinx/kcu105/1.6/board.xml as part xcku040-ffva1156-2-e specified in board_part file is either invalid or not available
WARNING: [Board 49-26] cannot add Board Part xilinx.com:kcu105:part0:1.7 available at C:/Vivado/2024.1/data/xhub/boards/XilinxBoardStore/boards/Xilinx/kcu105/1.7/board.xml as part xcku040-ffva1156-2-e specified in board_part file is either invalid or not available
WARNING: [Board 49-26] cannot add Board Part xilinx.com:kcu116:part0:1.4 available at C:/Vivado/2024.1/data/xhub/boards/XilinxBoardStore/boards/Xilinx/kcu116/1.4/board.xml as part xcku5p-ffvb676-2-e specified in board_part file is either invalid or not available
WARNING: [Board 49-26] cannot add Board Part xilinx.com:kcu116:part0:1.5 available at C:/Vivado/2024.1/data/xhub/boards/XilinxBoardStore/boards/Xilinx/kcu116/1.5/board.xml as part xcku5p-ffvb676-2-e specified in board_part file is either invalid or not available
WARNING: [Board 49-26] cannot add Board Part xilinx.com:kcu1500:part0:1.2 available at C:/Vivado/2024.1/data/xhub/boards/XilinxBoardStore/boards/Xilinx/kcu1500/1.2/board.xml as part xcku115-flvb2104-2-e specified in board_part file is either invalid or not available
WARNING: [Board 49-26] cannot add Board Part xilinx.com:kd240_som:part0:1.0 available at C:/Vivado/2024.1/data/xhub/boards/XilinxBoardStore/boards/Xilinx/kd240_som/1.0/board.xml as part xck24-ubva530-2lv-c specified in board_part file is either invalid or not available
WARNING: [Board 49-26] cannot add Board Part xilinx.com:kr260_som:part0:1.0 available at C:/Vivado/2024.1/data/xhub/boards/XilinxBoardStore/boards/Xilinx/kr260_som/1.0/board.xml as part xck26-sfvc784-2lv-c specified in board_part file is either invalid or not available
WARNING: [Board 49-26] cannot add Board Part xilinx.com:kr260_som:part0:1.1 available at C:/Vivado/2024.1/data/xhub/boards/XilinxBoardStore/boards/Xilinx/kr260_som/1.1/board.xml as part xck26-sfvc784-2lv-c specified in board_part file is either invalid or not available
WARNING: [Board 49-26] cannot add Board Part xilinx.com:kv260_som:part0:1.2 available at C:/Vivado/2024.1/data/xhub/boards/XilinxBoardStore/boards/Xilinx/kv260_som/1.2/board.xml as part xck26-sfvc784-2lv-c specified in board_part file is either invalid or not available
WARNING: [Board 49-26] cannot add Board Part xilinx.com:kv260_som:part0:1.3 available at C:/Vivado/2024.1/data/xhub/boards/XilinxBoardStore/boards/Xilinx/kv260_som/1.3/board.xml as part xck26-sfvc784-2lv-c specified in board_part file is either invalid or not available
WARNING: [Board 49-26] cannot add Board Part xilinx.com:kv260_som:part0:1.4 available at C:/Vivado/2024.1/data/xhub/boards/XilinxBoardStore/boards/Xilinx/kv260_som/1.4/board.xml as part xck26-sfvc784-2lv-c specified in board_part file is either invalid or not available
WARNING: [Board 49-26] cannot add Board Part xilinx.com:sp701:part0:1.0 available at C:/Vivado/2024.1/data/xhub/boards/XilinxBoardStore/boards/Xilinx/sp701/1.0/board.xml as part xc7s100fgga676-2 specified in board_part file is either invalid or not available
WARNING: [Board 49-26] cannot add Board Part xilinx.com:sp701:part0:1.1 available at C:/Vivado/2024.1/data/xhub/boards/XilinxBoardStore/boards/Xilinx/sp701/1.1/board.xml as part xc7s100fgga676-2 specified in board_part file is either invalid or not available
WARNING: [Board 49-26] cannot add Board Part xilinx.com:vc707:part0:1.4 available at C:/Vivado/2024.1/data/xhub/boards/XilinxBoardStore/boards/Xilinx/vc707/1.4/board.xml as part xc7vx485tffg1761-2 specified in board_part file is either invalid or not available
WARNING: [Board 49-26] cannot add Board Part xilinx.com:vc709:part0:1.8 available at C:/Vivado/2024.1/data/xhub/boards/XilinxBoardStore/boards/Xilinx/vc709/1.8/board.xml as part xc7vx690tffg1761-2 specified in board_part file is either invalid or not available
WARNING: [Board 49-26] cannot add Board Part xilinx.com:vck190:part0:2.2 available at C:/Vivado/2024.1/data/xhub/boards/XilinxBoardStore/boards/Xilinx/vck190/production/2.2/board.xml as part xcvc1902-vsva2197-2mp-e-s specified in board_part file is either invalid or not available
WARNING: [Board 49-26] cannot add Board Part xilinx.com:vck190:part0:3.0 available at C:/Vivado/2024.1/data/xhub/boards/XilinxBoardStore/boards/Xilinx/vck190/production/3.0/board.xml as part xcvc1902-vsva2197-2mp-e-s specified in board_part file is either invalid or not available
WARNING: [Board 49-26] cannot add Board Part xilinx.com:vck190:part0:3.1 available at C:/Vivado/2024.1/data/xhub/boards/XilinxBoardStore/boards/Xilinx/vck190/production/3.1/board.xml as part xcvc1902-vsva2197-2mp-e-s specified in board_part file is either invalid or not available
WARNING: [Board 49-26] cannot add Board Part xilinx.com:vck190:part0:3.2 available at C:/Vivado/2024.1/data/xhub/boards/XilinxBoardStore/boards/Xilinx/vck190/production/3.2/board.xml as part xcvc1902-vsva2197-2mp-e-s specified in board_part file is either invalid or not available
WARNING: [Board 49-26] cannot add Board Part xilinx.com:vck190:part0:3.3 available at C:/Vivado/2024.1/data/xhub/boards/XilinxBoardStore/boards/Xilinx/vck190/production/3.3/board.xml as part xcvc1902-vsva2197-2mp-e-s specified in board_part file is either invalid or not available
WARNING: [Board 49-26] cannot add Board Part xilinx.com:vck190_newl:part0:1.0 available at C:/Vivado/2024.1/data/xhub/boards/XilinxBoardStore/boards/Xilinx/vck190_newl/production/1.0/board.xml as part xcvc1902-vsva2197-2mp-e-s specified in board_part file is either invalid or not available
WARNING: [Board 49-26] cannot add Board Part xilinx.com:vck190_newl:part0:1.1 available at C:/Vivado/2024.1/data/xhub/boards/XilinxBoardStore/boards/Xilinx/vck190_newl/production/1.1/board.xml as part xcvc1902-vsva2197-2mp-e-s specified in board_part file is either invalid or not available
WARNING: [Board 49-26] cannot add Board Part xilinx.com:vck190_newl:part0:1.2 available at C:/Vivado/2024.1/data/xhub/boards/XilinxBoardStore/boards/Xilinx/vck190_newl/production/1.2/board.xml as part xcvc1902-vsva2197-2mp-e-s specified in board_part file is either invalid or not available
WARNING: [Board 49-26] cannot add Board Part xilinx.com:vcu108:part0:1.6 available at C:/Vivado/2024.1/data/xhub/boards/XilinxBoardStore/boards/Xilinx/vcu108/1.6/board.xml as part xcvu095-ffva2104-2-e specified in board_part file is either invalid or not available
WARNING: [Board 49-26] cannot add Board Part xilinx.com:vcu108:part0:1.7 available at C:/Vivado/2024.1/data/xhub/boards/XilinxBoardStore/boards/Xilinx/vcu108/1.7/board.xml as part xcvu095-ffva2104-2-e specified in board_part file is either invalid or not available
WARNING: [Board 49-26] cannot add Board Part xilinx.com:vcu110:part0:1.4 available at C:/Vivado/2024.1/data/xhub/boards/XilinxBoardStore/boards/Xilinx/vcu110/1.4/board.xml as part xcvu190-flgc2104-2-e specified in board_part file is either invalid or not available
WARNING: [Board 49-26] cannot add Board Part xilinx.com:vcu118:part0:2.0 available at C:/Vivado/2024.1/data/xhub/boards/XilinxBoardStore/boards/Xilinx/vcu118/2.0/board.xml as part xcvu9p-flga2104-2l-e specified in board_part file is either invalid or not available
WARNING: [Board 49-26] cannot add Board Part xilinx.com:vcu118:part0:2.3 available at C:/Vivado/2024.1/data/xhub/boards/XilinxBoardStore/boards/Xilinx/vcu118/2.3/board.xml as part xcvu9p-flga2104-2l-e specified in board_part file is either invalid or not available
WARNING: [Board 49-26] cannot add Board Part xilinx.com:vcu118:part0:2.4 available at C:/Vivado/2024.1/data/xhub/boards/XilinxBoardStore/boards/Xilinx/vcu118/2.4/board.xml as part xcvu9p-flga2104-2l-e specified in board_part file is either invalid or not available
WARNING: [Board 49-26] cannot add Board Part xilinx.com:vcu128:part0:1.0 available at C:/Vivado/2024.1/data/xhub/boards/XilinxBoardStore/boards/Xilinx/vcu128/production/1.0/board.xml as part xcvu37p-fsvh2892-2l-e specified in board_part file is either invalid or not available
WARNING: [Board 49-26] cannot add Board Part xilinx.com:vcu129:part0:1.0 available at C:/Vivado/2024.1/data/xhub/boards/XilinxBoardStore/boards/Xilinx/vcu129/production/1.0/board.xml as part xcvu29p-fsga2577-2l-e specified in board_part file is either invalid or not available
WARNING: [Board 49-26] cannot add Board Part xilinx.com:vcu1525:part0:1.3 available at C:/Vivado/2024.1/data/xhub/boards/XilinxBoardStore/boards/Xilinx/vcu1525/1.3/board.xml as part xcvu9p-fsgd2104-2l-e specified in board_part file is either invalid or not available
WARNING: [Board 49-26] cannot add Board Part xilinx.com:vek280:part0:1.0 available at C:/Vivado/2024.1/data/xhub/boards/XilinxBoardStore/boards/Xilinx/vek280/production/1.0/board.xml as part xcve2802-vsvh1760-2mp-e-s specified in board_part file is either invalid or not available
WARNING: [Board 49-26] cannot add Board Part xilinx.com:vek280:part0:1.1 available at C:/Vivado/2024.1/data/xhub/boards/XilinxBoardStore/boards/Xilinx/vek280/production/1.1/board.xml as part xcve2802-vsvh1760-2mp-e-s specified in board_part file is either invalid or not available
WARNING: [Board 49-26] cannot add Board Part xilinx.com:vek280:part0:1.2 available at C:/Vivado/2024.1/data/xhub/boards/XilinxBoardStore/boards/Xilinx/vek280/production/1.2/board.xml as part xcve2802-vsvh1760-2mp-e-s specified in board_part file is either invalid or not available
WARNING: [Board 49-26] cannot add Board Part xilinx.com:vek280_es:part0:1.0 available at C:/Vivado/2024.1/data/xhub/boards/XilinxBoardStore/boards/Xilinx/vek280/es/rev_a/1.0/board.xml as part xcve2802-vsvh1760-2lp-e-s-es1 specified in board_part file is either invalid or not available
WARNING: [Board 49-26] cannot add Board Part xilinx.com:vek280_es:part0:1.1 available at C:/Vivado/2024.1/data/xhub/boards/XilinxBoardStore/boards/Xilinx/vek280/es/rev_a/1.1/board.xml as part xcve2802-vsvh1760-2lp-e-s-es1 specified in board_part file is either invalid or not available
WARNING: [Board 49-26] cannot add Board Part xilinx.com:vek280_es_revb:part0:1.0 available at C:/Vivado/2024.1/data/xhub/boards/XilinxBoardStore/boards/Xilinx/vek280/es/rev_b/1.0/board.xml as part xcve2802-vsvh1760-2mp-e-s-es1 specified in board_part file is either invalid or not available
WARNING: [Board 49-26] cannot add Board Part xilinx.com:vek280_es_revb:part0:1.1 available at C:/Vivado/2024.1/data/xhub/boards/XilinxBoardStore/boards/Xilinx/vek280/es/rev_b/1.1/board.xml as part xcve2802-vsvh1760-2mp-e-s-es1 specified in board_part file is either invalid or not available
WARNING: [Board 49-26] cannot add Board Part xilinx.com:vermeo_t1_mpsoc:part0:1.0 available at C:/Vivado/2024.1/data/xhub/boards/XilinxBoardStore/boards/Xilinx/vermeo_t1_mpsoc/1.0/board.xml as part xczu19eg-ffvd1760-2l-e specified in board_part file is either invalid or not available
WARNING: [Board 49-26] cannot add Board Part xilinx.com:vermeo_t1_rfsoc:part0:1.0 available at C:/Vivado/2024.1/data/xhub/boards/XilinxBoardStore/boards/Xilinx/vermeo_t1_rfsoc/1.0/board.xml as part xczu21dr-ffvd1156-2l-e specified in board_part file is either invalid or not available
WARNING: [Board 49-26] cannot add Board Part xilinx.com:vhk158:part0:1.0 available at C:/Vivado/2024.1/data/xhub/boards/XilinxBoardStore/boards/Xilinx/vhk158/production/1.0/board.xml as part xcvh1582-vsva3697-2mp-e-s specified in board_part file is either invalid or not available
WARNING: [Board 49-26] cannot add Board Part xilinx.com:vhk158:part0:1.1 available at C:/Vivado/2024.1/data/xhub/boards/XilinxBoardStore/boards/Xilinx/vhk158/production/1.1/board.xml as part xcvh1582-vsva3697-2mp-e-s specified in board_part file is either invalid or not available
WARNING: [Board 49-26] cannot add Board Part xilinx.com:vhk158_es:part0:1.0 available at C:/Vivado/2024.1/data/xhub/boards/XilinxBoardStore/boards/Xilinx/vhk158/es/1.0/board.xml as part xcvh1582-vsva3697-2mp-e-s-es1 specified in board_part file is either invalid or not available
WARNING: [Board 49-26] cannot add Board Part xilinx.com:vhk158_es:part0:1.1 available at C:/Vivado/2024.1/data/xhub/boards/XilinxBoardStore/boards/Xilinx/vhk158/es/1.1/board.xml as part xcvh1582-vsva3697-2mp-e-s-es1 specified in board_part file is either invalid or not available
WARNING: [Board 49-26] cannot add Board Part xilinx.com:vmk180:part0:2.2 available at C:/Vivado/2024.1/data/xhub/boards/XilinxBoardStore/boards/Xilinx/vmk180/production/2.2/board.xml as part xcvm1802-vsva2197-2mp-e-s specified in board_part file is either invalid or not available
WARNING: [Board 49-26] cannot add Board Part xilinx.com:vmk180:part0:3.0 available at C:/Vivado/2024.1/data/xhub/boards/XilinxBoardStore/boards/Xilinx/vmk180/production/3.0/board.xml as part xcvm1802-vsva2197-2mp-e-s specified in board_part file is either invalid or not available
WARNING: [Board 49-26] cannot add Board Part xilinx.com:vmk180:part0:3.1 available at C:/Vivado/2024.1/data/xhub/boards/XilinxBoardStore/boards/Xilinx/vmk180/production/3.1/board.xml as part xcvm1802-vsva2197-2mp-e-s specified in board_part file is either invalid or not available
WARNING: [Board 49-26] cannot add Board Part xilinx.com:vmk180:part0:3.2 available at C:/Vivado/2024.1/data/xhub/boards/XilinxBoardStore/boards/Xilinx/vmk180/production/3.2/board.xml as part xcvm1802-vsva2197-2mp-e-s specified in board_part file is either invalid or not available
WARNING: [Board 49-26] cannot add Board Part xilinx.com:vmk180_newl:part0:1.0 available at C:/Vivado/2024.1/data/xhub/boards/XilinxBoardStore/boards/Xilinx/vmk180_newl/production/1.0/board.xml as part xcvm1802-vsva2197-2mp-e-s specified in board_part file is either invalid or not available
WARNING: [Board 49-26] cannot add Board Part xilinx.com:vmk180_newl:part0:1.1 available at C:/Vivado/2024.1/data/xhub/boards/XilinxBoardStore/boards/Xilinx/vmk180_newl/production/1.1/board.xml as part xcvm1802-vsva2197-2mp-e-s specified in board_part file is either invalid or not available
WARNING: [Board 49-26] cannot add Board Part xilinx.com:vpk120:part0:1.0 available at C:/Vivado/2024.1/data/xhub/boards/XilinxBoardStore/boards/Xilinx/vpk120/production/1.0/board.xml as part xcvp1202-vsva2785-2mp-e-s specified in board_part file is either invalid or not available
WARNING: [Board 49-26] cannot add Board Part xilinx.com:vpk120:part0:1.1 available at C:/Vivado/2024.1/data/xhub/boards/XilinxBoardStore/boards/Xilinx/vpk120/production/1.1/board.xml as part xcvp1202-vsva2785-2mp-e-s specified in board_part file is either invalid or not available
WARNING: [Board 49-26] cannot add Board Part xilinx.com:vpk120:part0:1.2 available at C:/Vivado/2024.1/data/xhub/boards/XilinxBoardStore/boards/Xilinx/vpk120/production/1.2/board.xml as part xcvp1202-vsva2785-2mp-e-s specified in board_part file is either invalid or not available
WARNING: [Board 49-26] cannot add Board Part xilinx.com:vpk180:part0:1.0 available at C:/Vivado/2024.1/data/xhub/boards/XilinxBoardStore/boards/Xilinx/vpk180/production/1.0/board.xml as part xcvp1802-lsvc4072-2mp-e-s specified in board_part file is either invalid or not available
WARNING: [Board 49-26] cannot add Board Part xilinx.com:vpk180:part0:1.1 available at C:/Vivado/2024.1/data/xhub/boards/XilinxBoardStore/boards/Xilinx/vpk180/production/1.1/board.xml as part xcvp1802-lsvc4072-2mp-e-s specified in board_part file is either invalid or not available
WARNING: [Board 49-26] cannot add Board Part xilinx.com:vpk180:part0:1.2 available at C:/Vivado/2024.1/data/xhub/boards/XilinxBoardStore/boards/Xilinx/vpk180/production/1.2/board.xml as part xcvp1802-lsvc4072-2mp-e-s specified in board_part file is either invalid or not available
WARNING: [Board 49-26] cannot add Board Part xilinx.com:zc702:part0:1.4 available at C:/Vivado/2024.1/data/xhub/boards/XilinxBoardStore/boards/Xilinx/zc702/1.4/board.xml as part xc7z020clg484-1 specified in board_part file is either invalid or not available
WARNING: [Board 49-26] cannot add Board Part xilinx.com:zc706:part0:1.4 available at C:/Vivado/2024.1/data/xhub/boards/XilinxBoardStore/boards/Xilinx/zc706/1.4/board.xml as part xc7z045ffg900-2 specified in board_part file is either invalid or not available
WARNING: [Board 49-26] cannot add Board Part xilinx.com:zcu102:part0:3.3 available at C:/Vivado/2024.1/data/xhub/boards/XilinxBoardStore/boards/Xilinx/zcu102/3.3/board.xml as part xczu9eg-ffvb1156-2-e specified in board_part file is either invalid or not available
WARNING: [Board 49-26] cannot add Board Part xilinx.com:zcu102:part0:3.4 available at C:/Vivado/2024.1/data/xhub/boards/XilinxBoardStore/boards/Xilinx/zcu102/3.4/board.xml as part xczu9eg-ffvb1156-2-e specified in board_part file is either invalid or not available
WARNING: [Board 49-26] cannot add Board Part xilinx.com:zcu104:part0:1.1 available at C:/Vivado/2024.1/data/xhub/boards/XilinxBoardStore/boards/Xilinx/zcu104/1.1/board.xml as part xczu7ev-ffvc1156-2-e specified in board_part file is either invalid or not available
WARNING: [Board 49-26] cannot add Board Part xilinx.com:zcu106:part0:2.4 available at C:/Vivado/2024.1/data/xhub/boards/XilinxBoardStore/boards/Xilinx/zcu106/2.4/board.xml as part xczu7ev-ffvc1156-2-e specified in board_part file is either invalid or not available
WARNING: [Board 49-26] cannot add Board Part xilinx.com:zcu106:part0:2.5 available at C:/Vivado/2024.1/data/xhub/boards/XilinxBoardStore/boards/Xilinx/zcu106/2.5/board.xml as part xczu7ev-ffvc1156-2-e specified in board_part file is either invalid or not available
WARNING: [Board 49-26] cannot add Board Part xilinx.com:zcu106:part0:2.6 available at C:/Vivado/2024.1/data/xhub/boards/XilinxBoardStore/boards/Xilinx/zcu106/2.6/board.xml as part xczu7ev-ffvc1156-2-e specified in board_part file is either invalid or not available
WARNING: [Board 49-26] cannot add Board Part xilinx.com:zcu111:part0:1.2 available at C:/Vivado/2024.1/data/xhub/boards/XilinxBoardStore/boards/Xilinx/zcu111/1.2/board.xml as part xczu28dr-ffvg1517-2-e specified in board_part file is either invalid or not available
WARNING: [Board 49-26] cannot add Board Part xilinx.com:zcu111:part0:1.3 available at C:/Vivado/2024.1/data/xhub/boards/XilinxBoardStore/boards/Xilinx/zcu111/1.3/board.xml as part xczu28dr-ffvg1517-2-e specified in board_part file is either invalid or not available
WARNING: [Board 49-26] cannot add Board Part xilinx.com:zcu111:part0:1.4 available at C:/Vivado/2024.1/data/xhub/boards/XilinxBoardStore/boards/Xilinx/zcu111/1.4/board.xml as part xczu28dr-ffvg1517-2-e specified in board_part file is either invalid or not available
WARNING: [Board 49-26] cannot add Board Part xilinx.com:zcu1275:part0:1.0 available at C:/Vivado/2024.1/data/xhub/boards/XilinxBoardStore/boards/Xilinx/zcu1275/1.0/board.xml as part xczu29dr-ffvf1760-2-e specified in board_part file is either invalid or not available
WARNING: [Board 49-26] cannot add Board Part xilinx.com:zcu1285:part0:1.0 available at C:/Vivado/2024.1/data/xhub/boards/XilinxBoardStore/boards/Xilinx/zcu1285/1.0/board.xml as part xczu39dr-ffvf1760-2-i specified in board_part file is either invalid or not available
WARNING: [Board 49-26] cannot add Board Part xilinx.com:zcu208:part0:2.0 available at C:/Vivado/2024.1/data/xhub/boards/XilinxBoardStore/boards/Xilinx/zcu208/production/2.0/board.xml as part xczu48dr-fsvg1517-2-e specified in board_part file is either invalid or not available
WARNING: [Board 49-26] cannot add Board Part xilinx.com:zcu208ld:part0:2.0 available at C:/Vivado/2024.1/data/xhub/boards/XilinxBoardStore/boards/Xilinx/zcu208ld/production/2.0/board.xml as part xczu58dr-fsvg1517-2-i specified in board_part file is either invalid or not available
INFO: [Common 17-14] Message 'Board 49-26' appears 100 times and further instances of the messages will be disabled. Use the Tcl command set_msg_config to change the current settings.
INFO: [Project 1-313] Project file moved from 'C:/Users/juans/OneDrive/Escritorio/Universidad/Cuarto/Sistemas Electrnicos Digitales/TRABAJO/VHDL-SnakeGame/SnakeGame' since last save.
Scanning sources...
Finished scanning sources
INFO: [IP_Flow 19-234] Refreshing IP repositories
INFO: [IP_Flow 19-1704] No user IP repositories specified
INFO: [IP_Flow 19-2313] Loaded Vivado IP repository 'C:/Vivado/2024.1/data/ip'.
open_project: Time (s): cpu = 00:00:17 ; elapsed = 00:00:14 . Memory (MB): peak = 1574.172 ; gain = 505.621
update_compile_order -fileset sources_1
import_files -norecurse {{C:/Users/mariu/OneDrive - Universidad Politécnica de Madrid/Escritorio/SnakeGame/SnakeGame.srcs/sources_1/imports/sources_1/new/DISPLAY_BCD.vhd} {C:/Users/mariu/OneDrive - Universidad Politécnica de Madrid/Escritorio/SnakeGame/SnakeGame.srcs/sources_1/imports/sources_1/new/TOP_TEC.vhd} {C:/Users/mariu/OneDrive - Universidad Politécnica de Madrid/Escritorio/SnakeGame/SnakeGame.srcs/sources_1/imports/sources_1/imports/hdl/debouncer.v} {C:/Users/mariu/OneDrive - Universidad Politécnica de Madrid/Escritorio/SnakeGame/SnakeGame.srcs/sources_1/imports/sources_1/imports/hdl/PS2Receiver.v}}
update_compile_order -fileset sources_1
set_property simulator_language Mixed [current_project]
WARNING: [filemgmt 56-199] Attempt to get parsing info during refresh. "On-the-fly" syntax checking information may be incorrect. [C:\Users\mariu\Downloads\SnakeGame\SnakeGame.srcs\sources_1\new\GAME_PLAY.vhd:]
WARNING: [filemgmt 56-199] Attempt to get parsing info during refresh. "On-the-fly" syntax checking information may be incorrect. [C:\Users\mariu\Downloads\SnakeGame\SnakeGame.srcs\sources_1\imports\sources_1\new\TOP_TEC.vhd:]
WARNING: [filemgmt 56-199] Attempt to get parsing info during refresh. "On-the-fly" syntax checking information may be incorrect. [C:\Users\mariu\Downloads\SnakeGame\SnakeGame.srcs\sources_1\new\GAME_PLAY.vhd:]
WARNING: [filemgmt 56-199] Attempt to get parsing info during refresh. "On-the-fly" syntax checking information may be incorrect. [C:\Users\mariu\Downloads\SnakeGame\SnakeGame.srcs\sources_1\new\GAME_PLAY.vhd:]
ERROR: [Common 17-180] Spawn failed: No error
export_ip_user_files -of_objects  [get_files C:/Users/mariu/Downloads/SnakeGame/SnakeGame.srcs/constrs_1/new/Nexys-4-DDR-Master.xdc] -no_script -reset -force -quiet
remove_files  -fileset constrs_1 C:/Users/mariu/Downloads/SnakeGame/SnakeGame.srcs/constrs_1/new/Nexys-4-DDR-Master.xdc
WARNING: [filemgmt 56-199] Attempt to get parsing info during refresh. "On-the-fly" syntax checking information may be incorrect. [C:\Users\mariu\Downloads\SnakeGame\SnakeGame.srcs\sources_1\new\GAME_PLAY.vhd:]
WARNING: [filemgmt 56-199] Attempt to get parsing info during refresh. "On-the-fly" syntax checking information may be incorrect. [C:\Users\mariu\Downloads\SnakeGame\SnakeGame.srcs\sources_1\imports\sources_1\new\TOP_TEC.vhd:]
WARNING: [filemgmt 56-199] Attempt to get parsing info during refresh. "On-the-fly" syntax checking information may be incorrect. [C:\Users\mariu\Downloads\SnakeGame\SnakeGame.srcs\sources_1\new\Top2LaSecuela.vhd:]
WARNING: [filemgmt 56-199] Attempt to get parsing info during refresh. "On-the-fly" syntax checking information may be incorrect. [C:\Users\mariu\Downloads\SnakeGame\SnakeGame.srcs\sources_1\imports\sources_1\new\TOP_TEC.vhd:]
WARNING: [filemgmt 56-199] Attempt to get parsing info during refresh. "On-the-fly" syntax checking information may be incorrect. [C:\Users\mariu\Downloads\SnakeGame\SnakeGame.srcs\sources_1\imports\sources_1\new\TOP_TEC.vhd:]
WARNING: [filemgmt 56-199] Attempt to get parsing info during refresh. "On-the-fly" syntax checking information may be incorrect. [C:\Users\mariu\Downloads\SnakeGame\SnakeGame.srcs\sources_1\new\GAME_PLAY.vhd:]
WARNING: [filemgmt 56-199] Attempt to get parsing info during refresh. "On-the-fly" syntax checking information may be incorrect. [C:\Users\mariu\Downloads\SnakeGame\SnakeGame.srcs\sources_1\imports\sources_1\new\TOP_TEC.vhd:]
WARNING: [filemgmt 56-199] Attempt to get parsing info during refresh. "On-the-fly" syntax checking information may be incorrect. [C:\Users\mariu\Downloads\SnakeGame\SnakeGame.srcs\sources_1\new\Top2LaSecuela.vhd:]
WARNING: [filemgmt 56-199] Attempt to get parsing info during refresh. "On-the-fly" syntax checking information may be incorrect. [C:\Users\mariu\Downloads\SnakeGame\SnakeGame.srcs\sources_1\new\GAME_PLAY.vhd:]
WARNING: [filemgmt 56-199] Attempt to get parsing info during refresh. "On-the-fly" syntax checking information may be incorrect. [C:\Users\mariu\Downloads\SnakeGame\SnakeGame.srcs\sources_1\new\GAME_PLAY.vhd:]
add_files -fileset constrs_1 -norecurse {{C:/Users/mariu/OneDrive - Universidad Politécnica de Madrid/Escritorio/SnakeGame/SnakeGame.srcs/constrs_1/new/Nexys-4-DDR-Master.xdc}}
import_files -fileset constrs_1 {{C:/Users/mariu/OneDrive - Universidad Politécnica de Madrid/Escritorio/SnakeGame/SnakeGame.srcs/constrs_1/new/Nexys-4-DDR-Master.xdc}}
WARNING: [filemgmt 56-199] Attempt to get parsing info during refresh. "On-the-fly" syntax checking information may be incorrect. [C:\Users\mariu\Downloads\SnakeGame\SnakeGame.srcs\sources_1\new\GAME_PLAY.vhd:]
WARNING: [filemgmt 56-199] Attempt to get parsing info during refresh. "On-the-fly" syntax checking information may be incorrect. [C:\Users\mariu\Downloads\SnakeGame\SnakeGame.srcs\sources_1\imports\sources_1\new\TOP_TEC.vhd:]
WARNING: [filemgmt 56-199] Attempt to get parsing info during refresh. "On-the-fly" syntax checking information may be incorrect. [C:\Users\mariu\Downloads\SnakeGame\SnakeGame.srcs\sources_1\new\Top2LaSecuela.vhd:]
WARNING: [filemgmt 56-199] Attempt to get parsing info during refresh. "On-the-fly" syntax checking information may be incorrect. [C:\Users\mariu\Downloads\SnakeGame\SnakeGame.srcs\sources_1\imports\sources_1\new\TOP_TEC.vhd:]
WARNING: [filemgmt 56-199] Attempt to get parsing info during refresh. "On-the-fly" syntax checking information may be incorrect. [C:\Users\mariu\Downloads\SnakeGame\SnakeGame.srcs\sources_1\imports\sources_1\new\TOP_TEC.vhd:]
WARNING: [filemgmt 56-199] Attempt to get parsing info during refresh. "On-the-fly" syntax checking information may be incorrect. [C:\Users\mariu\Downloads\SnakeGame\SnakeGame.srcs\sources_1\new\GAME_PLAY.vhd:]
WARNING: [filemgmt 56-199] Attempt to get parsing info during refresh. "On-the-fly" syntax checking information may be incorrect. [C:\Users\mariu\Downloads\SnakeGame\SnakeGame.srcs\sources_1\imports\sources_1\new\TOP_TEC.vhd:]
WARNING: [filemgmt 56-199] Attempt to get parsing info during refresh. "On-the-fly" syntax checking information may be incorrect. [C:\Users\mariu\Downloads\SnakeGame\SnakeGame.srcs\sources_1\new\Top2LaSecuela.vhd:]
WARNING: [filemgmt 56-199] Attempt to get parsing info during refresh. "On-the-fly" syntax checking information may be incorrect. [C:\Users\mariu\Downloads\SnakeGame\SnakeGame.srcs\sources_1\new\GAME_PLAY.vhd:]
WARNING: [filemgmt 56-199] Attempt to get parsing info during refresh. "On-the-fly" syntax checking information may be incorrect. [C:\Users\mariu\Downloads\SnakeGame\SnakeGame.srcs\sources_1\new\GAME_PLAY.vhd:]
WARNING: [filemgmt 56-199] Attempt to get parsing info during refresh. "On-the-fly" syntax checking information may be incorrect. [C:\Users\mariu\Downloads\SnakeGame\SnakeGame.srcs\sources_1\new\GAME_PLAY.vhd:]
WARNING: [filemgmt 56-199] Attempt to get parsing info during refresh. "On-the-fly" syntax checking information may be incorrect. [C:\Users\mariu\Downloads\SnakeGame\SnakeGame.srcs\sources_1\imports\sources_1\new\TOP_TEC.vhd:]
WARNING: [filemgmt 56-199] Attempt to get parsing info during refresh. "On-the-fly" syntax checking information may be incorrect. [C:\Users\mariu\Downloads\SnakeGame\SnakeGame.srcs\sources_1\new\Top2LaSecuela.vhd:]
WARNING: [filemgmt 56-199] Attempt to get parsing info during refresh. "On-the-fly" syntax checking information may be incorrect. [C:\Users\mariu\Downloads\SnakeGame\SnakeGame.srcs\sources_1\imports\sources_1\new\TOP_TEC.vhd:]
WARNING: [filemgmt 56-199] Attempt to get parsing info during refresh. "On-the-fly" syntax checking information may be incorrect. [C:\Users\mariu\Downloads\SnakeGame\SnakeGame.srcs\sources_1\imports\sources_1\new\TOP_TEC.vhd:]
WARNING: [filemgmt 56-199] Attempt to get parsing info during refresh. "On-the-fly" syntax checking information may be incorrect. [C:\Users\mariu\Downloads\SnakeGame\SnakeGame.srcs\sources_1\new\GAME_PLAY.vhd:]
WARNING: [filemgmt 56-199] Attempt to get parsing info during refresh. "On-the-fly" syntax checking information may be incorrect. [C:\Users\mariu\Downloads\SnakeGame\SnakeGame.srcs\sources_1\imports\sources_1\new\TOP_TEC.vhd:]
WARNING: [filemgmt 56-199] Attempt to get parsing info during refresh. "On-the-fly" syntax checking information may be incorrect. [C:\Users\mariu\Downloads\SnakeGame\SnakeGame.srcs\sources_1\new\Top2LaSecuela.vhd:]
WARNING: [filemgmt 56-199] Attempt to get parsing info during refresh. "On-the-fly" syntax checking information may be incorrect. [C:\Users\mariu\Downloads\SnakeGame\SnakeGame.srcs\sources_1\new\Top2LaSecuela.vhd:]
WARNING: [filemgmt 56-199] Attempt to get parsing info during refresh. "On-the-fly" syntax checking information may be incorrect. [C:\Users\mariu\Downloads\SnakeGame\SnakeGame.srcs\sources_1\new\Top2LaSecuela.vhd:]
update_compile_order -fileset sources_1
WARNING: [filemgmt 56-199] Attempt to get parsing info during refresh. "On-the-fly" syntax checking information may be incorrect. [C:\Users\mariu\Downloads\SnakeGame\SnakeGame.srcs\sources_1\new\GAME_PLAY.vhd:]
WARNING: [filemgmt 56-199] Attempt to get parsing info during refresh. "On-the-fly" syntax checking information may be incorrect. [C:\Users\mariu\Downloads\SnakeGame\SnakeGame.srcs\sources_1\imports\sources_1\new\TOP_TEC.vhd:]
WARNING: [filemgmt 56-199] Attempt to get parsing info during refresh. "On-the-fly" syntax checking information may be incorrect. [C:\Users\mariu\Downloads\SnakeGame\SnakeGame.srcs\sources_1\new\Top2LaSecuela.vhd:]
WARNING: [filemgmt 56-199] Attempt to get parsing info during refresh. "On-the-fly" syntax checking information may be incorrect. [C:\Users\mariu\Downloads\SnakeGame\SnakeGame.srcs\sources_1\imports\sources_1\new\TOP_TEC.vhd:]
WARNING: [filemgmt 56-199] Attempt to get parsing info during refresh. "On-the-fly" syntax checking information may be incorrect. [C:\Users\mariu\Downloads\SnakeGame\SnakeGame.srcs\sources_1\imports\sources_1\new\TOP_TEC.vhd:]
WARNING: [filemgmt 56-199] Attempt to get parsing info during refresh. "On-the-fly" syntax checking information may be incorrect. [C:\Users\mariu\Downloads\SnakeGame\SnakeGame.srcs\sources_1\new\GAME_PLAY.vhd:]
WARNING: [filemgmt 56-199] Attempt to get parsing info during refresh. "On-the-fly" syntax checking information may be incorrect. [C:\Users\mariu\Downloads\SnakeGame\SnakeGame.srcs\sources_1\imports\sources_1\new\TOP_TEC.vhd:]
WARNING: [filemgmt 56-199] Attempt to get parsing info during refresh. "On-the-fly" syntax checking information may be incorrect. [C:\Users\mariu\Downloads\SnakeGame\SnakeGame.srcs\sources_1\new\Top2LaSecuela.vhd:]
WARNING: [filemgmt 56-199] Attempt to get parsing info during refresh. "On-the-fly" syntax checking information may be incorrect. [C:\Users\mariu\Downloads\SnakeGame\SnakeGame.srcs\sources_1\new\Top2LaSecuela.vhd:]
WARNING: [filemgmt 56-199] Attempt to get parsing info during refresh. "On-the-fly" syntax checking information may be incorrect. [C:\Users\mariu\Downloads\SnakeGame\SnakeGame.srcs\sources_1\new\Top2LaSecuela.vhd:]
WARNING: [filemgmt 56-199] Attempt to get parsing info during refresh. "On-the-fly" syntax checking information may be incorrect. [C:\Users\mariu\Downloads\SnakeGame\SnakeGame.srcs\sources_1\new\GAME_PLAY.vhd:]
WARNING: [filemgmt 56-199] Attempt to get parsing info during refresh. "On-the-fly" syntax checking information may be incorrect. [C:\Users\mariu\Downloads\SnakeGame\SnakeGame.srcs\sources_1\imports\sources_1\new\TOP_TEC.vhd:]
WARNING: [filemgmt 56-199] Attempt to get parsing info during refresh. "On-the-fly" syntax checking information may be incorrect. [C:\Users\mariu\Downloads\SnakeGame\SnakeGame.srcs\sources_1\new\Top2LaSecuela.vhd:]
WARNING: [filemgmt 56-199] Attempt to get parsing info during refresh. "On-the-fly" syntax checking information may be incorrect. [C:\Users\mariu\Downloads\SnakeGame\SnakeGame.srcs\sources_1\imports\sources_1\new\TOP_TEC.vhd:]
WARNING: [filemgmt 56-199] Attempt to get parsing info during refresh. "On-the-fly" syntax checking information may be incorrect. [C:\Users\mariu\Downloads\SnakeGame\SnakeGame.srcs\sources_1\imports\sources_1\new\TOP_TEC.vhd:]
WARNING: [filemgmt 56-199] Attempt to get parsing info during refresh. "On-the-fly" syntax checking information may be incorrect. [C:\Users\mariu\Downloads\SnakeGame\SnakeGame.srcs\sources_1\new\GAME_PLAY.vhd:]
WARNING: [filemgmt 56-199] Attempt to get parsing info during refresh. "On-the-fly" syntax checking information may be incorrect. [C:\Users\mariu\Downloads\SnakeGame\SnakeGame.srcs\sources_1\imports\sources_1\new\TOP_TEC.vhd:]
WARNING: [filemgmt 56-199] Attempt to get parsing info during refresh. "On-the-fly" syntax checking information may be incorrect. [C:\Users\mariu\Downloads\SnakeGame\SnakeGame.srcs\sources_1\new\Top2LaSecuela.vhd:]
WARNING: [filemgmt 56-199] Attempt to get parsing info during refresh. "On-the-fly" syntax checking information may be incorrect. [C:\Users\mariu\Downloads\SnakeGame\SnakeGame.srcs\sources_1\new\Top2LaSecuela.vhd:]
WARNING: [filemgmt 56-199] Attempt to get parsing info during refresh. "On-the-fly" syntax checking information may be incorrect. [C:\Users\mariu\Downloads\SnakeGame\SnakeGame.srcs\sources_1\new\Top2LaSecuela.vhd:]
update_compile_order -fileset sources_1
WARNING: [filemgmt 56-199] Attempt to get parsing info during refresh. "On-the-fly" syntax checking information may be incorrect. [C:\Users\mariu\Downloads\SnakeGame\SnakeGame.srcs\sources_1\new\GAME_PLAY.vhd:]
WARNING: [filemgmt 56-199] Attempt to get parsing info during refresh. "On-the-fly" syntax checking information may be incorrect. [C:\Users\mariu\Downloads\SnakeGame\SnakeGame.srcs\sources_1\imports\sources_1\new\TOP_TEC.vhd:]
WARNING: [filemgmt 56-199] Attempt to get parsing info during refresh. "On-the-fly" syntax checking information may be incorrect. [C:\Users\mariu\Downloads\SnakeGame\SnakeGame.srcs\sources_1\new\Top2LaSecuela.vhd:]
WARNING: [filemgmt 56-199] Attempt to get parsing info during refresh. "On-the-fly" syntax checking information may be incorrect. [C:\Users\mariu\Downloads\SnakeGame\SnakeGame.srcs\sources_1\imports\sources_1\new\TOP_TEC.vhd:]
WARNING: [filemgmt 56-199] Attempt to get parsing info during refresh. "On-the-fly" syntax checking information may be incorrect. [C:\Users\mariu\Downloads\SnakeGame\SnakeGame.srcs\sources_1\imports\sources_1\new\TOP_TEC.vhd:]
WARNING: [filemgmt 56-199] Attempt to get parsing info during refresh. "On-the-fly" syntax checking information may be incorrect. [C:\Users\mariu\Downloads\SnakeGame\SnakeGame.srcs\sources_1\new\GAME_PLAY.vhd:]
WARNING: [filemgmt 56-199] Attempt to get parsing info during refresh. "On-the-fly" syntax checking information may be incorrect. [C:\Users\mariu\Downloads\SnakeGame\SnakeGame.srcs\sources_1\imports\sources_1\new\TOP_TEC.vhd:]
WARNING: [filemgmt 56-199] Attempt to get parsing info during refresh. "On-the-fly" syntax checking information may be incorrect. [C:\Users\mariu\Downloads\SnakeGame\SnakeGame.srcs\sources_1\new\Top2LaSecuela.vhd:]
WARNING: [filemgmt 56-199] Attempt to get parsing info during refresh. "On-the-fly" syntax checking information may be incorrect. [C:\Users\mariu\Downloads\SnakeGame\SnakeGame.srcs\sources_1\new\Top2LaSecuela.vhd:]
WARNING: [filemgmt 56-199] Attempt to get parsing info during refresh. "On-the-fly" syntax checking information may be incorrect. [C:\Users\mariu\Downloads\SnakeGame\SnakeGame.srcs\sources_1\new\Top2LaSecuela.vhd:]
WARNING: [filemgmt 56-199] Attempt to get parsing info during refresh. "On-the-fly" syntax checking information may be incorrect. [C:\Users\mariu\Downloads\SnakeGame\SnakeGame.srcs\sources_1\new\GAME_PLAY.vhd:]
WARNING: [filemgmt 56-199] Attempt to get parsing info during refresh. "On-the-fly" syntax checking information may be incorrect. [C:\Users\mariu\Downloads\SnakeGame\SnakeGame.srcs\sources_1\imports\sources_1\new\TOP_TEC.vhd:]
WARNING: [filemgmt 56-199] Attempt to get parsing info during refresh. "On-the-fly" syntax checking information may be incorrect. [C:\Users\mariu\Downloads\SnakeGame\SnakeGame.srcs\sources_1\new\Top2LaSecuela.vhd:]
WARNING: [filemgmt 56-199] Attempt to get parsing info during refresh. "On-the-fly" syntax checking information may be incorrect. [C:\Users\mariu\Downloads\SnakeGame\SnakeGame.srcs\sources_1\new\GAME_PLAY.vhd:]
WARNING: [filemgmt 56-199] Attempt to get parsing info during refresh. "On-the-fly" syntax checking information may be incorrect. [C:\Users\mariu\Downloads\SnakeGame\SnakeGame.srcs\sources_1\new\GAME_PLAY.vhd:]
ERROR: [Common 17-180] Spawn failed: No error
WARNING: [filemgmt 56-199] Attempt to get parsing info during refresh. "On-the-fly" syntax checking information may be incorrect. [C:\Users\mariu\Downloads\SnakeGame\SnakeGame.srcs\sources_1\new\GAME_PLAY.vhd:]
WARNING: [filemgmt 56-199] Attempt to get parsing info during refresh. "On-the-fly" syntax checking information may be incorrect. [C:\Users\mariu\Downloads\SnakeGame\SnakeGame.srcs\sources_1\imports\sources_1\new\TOP_TEC.vhd:]
WARNING: [filemgmt 56-199] Attempt to get parsing info during refresh. "On-the-fly" syntax checking information may be incorrect. [C:\Users\mariu\Downloads\SnakeGame\SnakeGame.srcs\sources_1\new\Top2LaSecuela.vhd:]
WARNING: [filemgmt 56-199] Attempt to get parsing info during refresh. "On-the-fly" syntax checking information may be incorrect. [C:\Users\mariu\Downloads\SnakeGame\SnakeGame.srcs\sources_1\imports\sources_1\new\TOP_TEC.vhd:]
WARNING: [filemgmt 56-199] Attempt to get parsing info during refresh. "On-the-fly" syntax checking information may be incorrect. [C:\Users\mariu\Downloads\SnakeGame\SnakeGame.srcs\sources_1\imports\sources_1\new\TOP_TEC.vhd:]
WARNING: [filemgmt 56-199] Attempt to get parsing info during refresh. "On-the-fly" syntax checking information may be incorrect. [C:\Users\mariu\Downloads\SnakeGame\SnakeGame.srcs\sources_1\new\GAME_PLAY.vhd:]
WARNING: [filemgmt 56-199] Attempt to get parsing info during refresh. "On-the-fly" syntax checking information may be incorrect. [C:\Users\mariu\Downloads\SnakeGame\SnakeGame.srcs\sources_1\imports\sources_1\new\TOP_TEC.vhd:]
WARNING: [filemgmt 56-199] Attempt to get parsing info during refresh. "On-the-fly" syntax checking information may be incorrect. [C:\Users\mariu\Downloads\SnakeGame\SnakeGame.srcs\sources_1\new\Top2LaSecuela.vhd:]
WARNING: [filemgmt 56-199] Attempt to get parsing info during refresh. "On-the-fly" syntax checking information may be incorrect. [C:\Users\mariu\Downloads\SnakeGame\SnakeGame.srcs\sources_1\new\Top2LaSecuela.vhd:]
WARNING: [filemgmt 56-199] Attempt to get parsing info during refresh. "On-the-fly" syntax checking information may be incorrect. [C:\Users\mariu\Downloads\SnakeGame\SnakeGame.srcs\sources_1\new\Top2LaSecuela.vhd:]
WARNING: [filemgmt 56-199] Attempt to get parsing info during refresh. "On-the-fly" syntax checking information may be incorrect. [C:\Users\mariu\Downloads\SnakeGame\SnakeGame.srcs\sources_1\new\GAME_PLAY.vhd:]
WARNING: [filemgmt 56-199] Attempt to get parsing info during refresh. "On-the-fly" syntax checking information may be incorrect. [C:\Users\mariu\Downloads\SnakeGame\SnakeGame.srcs\sources_1\imports\sources_1\new\TOP_TEC.vhd:]
WARNING: [filemgmt 56-199] Attempt to get parsing info during refresh. "On-the-fly" syntax checking information may be incorrect. [C:\Users\mariu\Downloads\SnakeGame\SnakeGame.srcs\sources_1\new\Top2LaSecuela.vhd:]
WARNING: [filemgmt 56-199] Attempt to get parsing info during refresh. "On-the-fly" syntax checking information may be incorrect. [C:\Users\mariu\Downloads\SnakeGame\SnakeGame.srcs\sources_1\new\Top2LaSecuela.vhd:]
WARNING: [filemgmt 56-199] Attempt to get parsing info during refresh. "On-the-fly" syntax checking information may be incorrect. [C:\Users\mariu\Downloads\SnakeGame\SnakeGame.srcs\sources_1\new\Top2LaSecuela.vhd:]
WARNING: [filemgmt 56-199] Attempt to get parsing info during refresh. "On-the-fly" syntax checking information may be incorrect. [C:\Users\mariu\Downloads\SnakeGame\SnakeGame.srcs\sources_1\new\GAME_PLAY.vhd:]
WARNING: [filemgmt 56-199] Attempt to get parsing info during refresh. "On-the-fly" syntax checking information may be incorrect. [C:\Users\mariu\Downloads\SnakeGame\SnakeGame.srcs\sources_1\imports\sources_1\new\TOP_TEC.vhd:]
WARNING: [filemgmt 56-199] Attempt to get parsing info during refresh. "On-the-fly" syntax checking information may be incorrect. [C:\Users\mariu\Downloads\SnakeGame\SnakeGame.srcs\sources_1\new\Top2LaSecuela.vhd:]
WARNING: [filemgmt 56-199] Attempt to get parsing info during refresh. "On-the-fly" syntax checking information may be incorrect. [C:\Users\mariu\Downloads\SnakeGame\SnakeGame.srcs\sources_1\imports\sources_1\new\TOP_TEC.vhd:]
WARNING: [filemgmt 56-199] Attempt to get parsing info during refresh. "On-the-fly" syntax checking information may be incorrect. [C:\Users\mariu\Downloads\SnakeGame\SnakeGame.srcs\sources_1\imports\sources_1\new\TOP_TEC.vhd:]
WARNING: [filemgmt 56-199] Attempt to get parsing info during refresh. "On-the-fly" syntax checking information may be incorrect. [C:\Users\mariu\Downloads\SnakeGame\SnakeGame.srcs\sources_1\new\GAME_PLAY.vhd:]
WARNING: [filemgmt 56-199] Attempt to get parsing info during refresh. "On-the-fly" syntax checking information may be incorrect. [C:\Users\mariu\Downloads\SnakeGame\SnakeGame.srcs\sources_1\imports\sources_1\new\TOP_TEC.vhd:]
WARNING: [filemgmt 56-199] Attempt to get parsing info during refresh. "On-the-fly" syntax checking information may be incorrect. [C:\Users\mariu\Downloads\SnakeGame\SnakeGame.srcs\sources_1\new\Top2LaSecuela.vhd:]
WARNING: [filemgmt 56-199] Attempt to get parsing info during refresh. "On-the-fly" syntax checking information may be incorrect. [C:\Users\mariu\Downloads\SnakeGame\SnakeGame.srcs\sources_1\new\Clock_distributor.vhd:]
WARNING: [filemgmt 56-199] Attempt to get parsing info during refresh. "On-the-fly" syntax checking information may be incorrect. [C:\Users\mariu\Downloads\SnakeGame\SnakeGame.srcs\sources_1\imports\sources_1\new\TOP_TEC.vhd:]
WARNING: [filemgmt 56-199] Attempt to get parsing info during refresh. "On-the-fly" syntax checking information may be incorrect. [C:\Users\mariu\Downloads\SnakeGame\SnakeGame.srcs\sources_1\imports\sources_1\new\TOP_TEC.vhd:]
WARNING: [filemgmt 56-199] Attempt to get parsing info during refresh. "On-the-fly" syntax checking information may be incorrect. [C:\Users\mariu\Downloads\SnakeGame\SnakeGame.srcs\sources_1\new\GAME_PLAY.vhd:]
WARNING: [filemgmt 56-199] Attempt to get parsing info during refresh. "On-the-fly" syntax checking information may be incorrect. [C:\Users\mariu\Downloads\SnakeGame\SnakeGame.srcs\sources_1\imports\sources_1\new\TOP_TEC.vhd:]
WARNING: [filemgmt 56-199] Attempt to get parsing info during refresh. "On-the-fly" syntax checking information may be incorrect. [C:\Users\mariu\Downloads\SnakeGame\SnakeGame.srcs\sources_1\new\Top2LaSecuela.vhd:]
WARNING: [filemgmt 56-199] Attempt to get parsing info during refresh. "On-the-fly" syntax checking information may be incorrect. [C:\Users\mariu\Downloads\SnakeGame\SnakeGame.srcs\sources_1\new\Clock_distributor.vhd:]
WARNING: [filemgmt 56-199] Attempt to get parsing info during refresh. "On-the-fly" syntax checking information may be incorrect. [C:\Users\mariu\Downloads\SnakeGame\SnakeGame.srcs\sources_1\new\Clock_distributor.vhd:]
WARNING: [filemgmt 56-199] Attempt to get parsing info during refresh. "On-the-fly" syntax checking information may be incorrect. [C:\Users\mariu\Downloads\SnakeGame\SnakeGame.srcs\sources_1\new\Clock_distributor.vhd:]
ERROR: [Common 17-180] Spawn failed: No error
WARNING: [filemgmt 56-199] Attempt to get parsing info during refresh. "On-the-fly" syntax checking information may be incorrect. [C:\Users\mariu\Downloads\SnakeGame\SnakeGame.srcs\sources_1\new\GAME_PLAY.vhd:]
WARNING: [filemgmt 56-199] Attempt to get parsing info during refresh. "On-the-fly" syntax checking information may be incorrect. [C:\Users\mariu\Downloads\SnakeGame\SnakeGame.srcs\sources_1\imports\sources_1\new\TOP_TEC.vhd:]
WARNING: [filemgmt 56-199] Attempt to get parsing info during refresh. "On-the-fly" syntax checking information may be incorrect. [C:\Users\mariu\Downloads\SnakeGame\SnakeGame.srcs\sources_1\new\Top2LaSecuela.vhd:]
WARNING: [filemgmt 56-199] Attempt to get parsing info during refresh. "On-the-fly" syntax checking information may be incorrect. [C:\Users\mariu\Downloads\SnakeGame\SnakeGame.srcs\sources_1\new\Clock_distributor.vhd:]
WARNING: [filemgmt 56-199] Attempt to get parsing info during refresh. "On-the-fly" syntax checking information may be incorrect. [C:\Users\mariu\Downloads\SnakeGame\SnakeGame.srcs\sources_1\new\Top2LaSecuela.vhd:]
WARNING: [filemgmt 56-199] Attempt to get parsing info during refresh. "On-the-fly" syntax checking information may be incorrect. [C:\Users\mariu\Downloads\SnakeGame\SnakeGame.srcs\sources_1\new\Top2LaSecuela.vhd:]
ERROR: [Common 17-180] Spawn failed: No error
WARNING: [filemgmt 56-199] Attempt to get parsing info during refresh. "On-the-fly" syntax checking information may be incorrect. [C:\Users\mariu\Downloads\SnakeGame\SnakeGame.srcs\sources_1\new\GAME_PLAY.vhd:]
WARNING: [filemgmt 56-199] Attempt to get parsing info during refresh. "On-the-fly" syntax checking information may be incorrect. [C:\Users\mariu\Downloads\SnakeGame\SnakeGame.srcs\sources_1\imports\sources_1\new\TOP_TEC.vhd:]
WARNING: [filemgmt 56-199] Attempt to get parsing info during refresh. "On-the-fly" syntax checking information may be incorrect. [C:\Users\mariu\Downloads\SnakeGame\SnakeGame.srcs\sources_1\new\Top2LaSecuela.vhd:]
WARNING: [filemgmt 56-199] Attempt to get parsing info during refresh. "On-the-fly" syntax checking information may be incorrect. [C:\Users\mariu\Downloads\SnakeGame\SnakeGame.srcs\sources_1\new\Clock_distributor.vhd:]
WARNING: [filemgmt 56-199] Attempt to get parsing info during refresh. "On-the-fly" syntax checking information may be incorrect. [C:\Users\mariu\Downloads\SnakeGame\SnakeGame.srcs\sources_1\new\GAME_PLAY.vhd:]
WARNING: [filemgmt 56-199] Attempt to get parsing info during refresh. "On-the-fly" syntax checking information may be incorrect. [C:\Users\mariu\Downloads\SnakeGame\SnakeGame.srcs\sources_1\new\GAME_PLAY.vhd:]
WARNING: [filemgmt 56-199] Attempt to get parsing info during refresh. "On-the-fly" syntax checking information may be incorrect. [C:\Users\mariu\Downloads\SnakeGame\SnakeGame.srcs\sources_1\new\GAME_PLAY.vhd:]
WARNING: [filemgmt 56-199] Attempt to get parsing info during refresh. "On-the-fly" syntax checking information may be incorrect. [C:\Users\mariu\Downloads\SnakeGame\SnakeGame.srcs\sources_1\imports\sources_1\new\TOP_TEC.vhd:]
WARNING: [filemgmt 56-199] Attempt to get parsing info during refresh. "On-the-fly" syntax checking information may be incorrect. [C:\Users\mariu\Downloads\SnakeGame\SnakeGame.srcs\sources_1\new\Top2LaSecuela.vhd:]
WARNING: [filemgmt 56-199] Attempt to get parsing info during refresh. "On-the-fly" syntax checking information may be incorrect. [C:\Users\mariu\Downloads\SnakeGame\SnakeGame.srcs\sources_1\new\Clock_distributor.vhd:]
WARNING: [filemgmt 56-199] Attempt to get parsing info during refresh. "On-the-fly" syntax checking information may be incorrect. [C:\Users\mariu\Downloads\SnakeGame\SnakeGame.srcs\sources_1\new\Clock_distributor.vhd:]
WARNING: [filemgmt 56-199] Attempt to get parsing info during refresh. "On-the-fly" syntax checking information may be incorrect. [C:\Users\mariu\Downloads\SnakeGame\SnakeGame.srcs\sources_1\new\Clock_distributor.vhd:]
ERROR: [Common 17-180] Spawn failed: No error
WARNING: [filemgmt 56-199] Attempt to get parsing info during refresh. "On-the-fly" syntax checking information may be incorrect. [C:\Users\mariu\Downloads\SnakeGame\SnakeGame.srcs\sources_1\new\GAME_PLAY.vhd:]
WARNING: [filemgmt 56-199] Attempt to get parsing info during refresh. "On-the-fly" syntax checking information may be incorrect. [C:\Users\mariu\Downloads\SnakeGame\SnakeGame.srcs\sources_1\imports\sources_1\new\TOP_TEC.vhd:]
WARNING: [filemgmt 56-199] Attempt to get parsing info during refresh. "On-the-fly" syntax checking information may be incorrect. [C:\Users\mariu\Downloads\SnakeGame\SnakeGame.srcs\sources_1\new\Top2LaSecuela.vhd:]
WARNING: [filemgmt 56-199] Attempt to get parsing info during refresh. "On-the-fly" syntax checking information may be incorrect. [C:\Users\mariu\Downloads\SnakeGame\SnakeGame.srcs\sources_1\new\Clock_distributor.vhd:]
WARNING: [filemgmt 56-199] Attempt to get parsing info during refresh. "On-the-fly" syntax checking information may be incorrect. [C:\Users\mariu\Downloads\SnakeGame\SnakeGame.srcs\sources_1\imports\sources_1\new\TOP_TEC.vhd:]
WARNING: [filemgmt 56-199] Attempt to get parsing info during refresh. "On-the-fly" syntax checking information may be incorrect. [C:\Users\mariu\Downloads\SnakeGame\SnakeGame.srcs\sources_1\imports\sources_1\new\TOP_TEC.vhd:]
ERROR: [Common 17-180] Spawn failed: No error
reset_run synth_1
INFO: [Project 1-1161] Replacing file C:/Users/mariu/Downloads/SnakeGame/SnakeGame.srcs/utils_1/imports/synth_1/VGA_Sync.dcp with file C:/Users/mariu/Downloads/SnakeGame/SnakeGame.runs/synth_1/TOP_2.dcp
WARNING: [filemgmt 56-199] Attempt to get parsing info during refresh. "On-the-fly" syntax checking information may be incorrect. [C:\Users\mariu\Downloads\SnakeGame\SnakeGame.srcs\sources_1\new\GAME_PLAY.vhd:]
WARNING: [filemgmt 56-199] Attempt to get parsing info during refresh. "On-the-fly" syntax checking information may be incorrect. [C:\Users\mariu\Downloads\SnakeGame\SnakeGame.srcs\sources_1\imports\sources_1\new\TOP_TEC.vhd:]
WARNING: [filemgmt 56-199] Attempt to get parsing info during refresh. "On-the-fly" syntax checking information may be incorrect. [C:\Users\mariu\Downloads\SnakeGame\SnakeGame.srcs\sources_1\new\Top2LaSecuela.vhd:]
WARNING: [filemgmt 56-199] Attempt to get parsing info during refresh. "On-the-fly" syntax checking information may be incorrect. [C:\Users\mariu\Downloads\SnakeGame\SnakeGame.srcs\sources_1\new\Clock_distributor.vhd:]
WARNING: [filemgmt 56-199] Attempt to get parsing info during refresh. "On-the-fly" syntax checking information may be incorrect. [C:\Users\mariu\Downloads\SnakeGame\SnakeGame.srcs\sources_1\new\GAME_PLAY.vhd:]
WARNING: [filemgmt 56-199] Attempt to get parsing info during refresh. "On-the-fly" syntax checking information may be incorrect. [C:\Users\mariu\Downloads\SnakeGame\SnakeGame.srcs\sources_1\new\GAME_PLAY.vhd:]
WARNING: [filemgmt 56-199] Attempt to get parsing info during refresh. "On-the-fly" syntax checking information may be incorrect. [C:\Users\mariu\Downloads\SnakeGame\SnakeGame.srcs\sources_1\new\GAME_PLAY.vhd:]
WARNING: [filemgmt 56-199] Attempt to get parsing info during refresh. "On-the-fly" syntax checking information may be incorrect. [C:\Users\mariu\Downloads\SnakeGame\SnakeGame.srcs\sources_1\imports\sources_1\new\TOP_TEC.vhd:]
WARNING: [filemgmt 56-199] Attempt to get parsing info during refresh. "On-the-fly" syntax checking information may be incorrect. [C:\Users\mariu\Downloads\SnakeGame\SnakeGame.srcs\sources_1\new\Top2LaSecuela.vhd:]
WARNING: [filemgmt 56-199] Attempt to get parsing info during refresh. "On-the-fly" syntax checking information may be incorrect. [C:\Users\mariu\Downloads\SnakeGame\SnakeGame.srcs\sources_1\new\Clock_distributor.vhd:]
WARNING: [filemgmt 56-199] Attempt to get parsing info during refresh. "On-the-fly" syntax checking information may be incorrect. [C:\Users\mariu\Downloads\SnakeGame\SnakeGame.srcs\sources_1\new\Clock_distributor.vhd:]
WARNING: [filemgmt 56-199] Attempt to get parsing info during refresh. "On-the-fly" syntax checking information may be incorrect. [C:\Users\mariu\Downloads\SnakeGame\SnakeGame.srcs\sources_1\new\Clock_distributor.vhd:]
ERROR: [Common 17-180] Spawn failed: No error
ERROR: [Common 17-180] Spawn failed: No error
launch_runs impl_1 -to_step write_bitstream -jobs 8
[Tue Dec 17 19:26:50 2024] Launched synth_1...
Run output will be captured here: C:/Users/mariu/Downloads/SnakeGame/SnakeGame.runs/synth_1/runme.log
[Tue Dec 17 19:26:50 2024] Launched impl_1...
Run output will be captured here: C:/Users/mariu/Downloads/SnakeGame/SnakeGame.runs/impl_1/runme.log
reset_run synth_1
WARNING: [Vivado 12-1017] Problems encountered:
1. Failed to delete one or more files in run directory C:/Users/mariu/Downloads/SnakeGame/SnakeGame.runs/synth_1

launch_runs synth_1 -jobs 8
[Tue Dec 17 19:27:13 2024] Launched synth_1...
Run output will be captured here: C:/Users/mariu/Downloads/SnakeGame/SnakeGame.runs/synth_1/runme.log
reset_run synth_1
INFO: [Project 1-1161] Replacing file C:/Users/mariu/Downloads/SnakeGame/SnakeGame.srcs/utils_1/imports/synth_1/VGA_Sync.dcp with file C:/Users/mariu/Downloads/SnakeGame/SnakeGame.runs/synth_1/top.dcp
launch_runs synth_1 -jobs 8
WARNING: [filemgmt 56-199] Attempt to get parsing info during refresh. "On-the-fly" syntax checking information may be incorrect. [C:\Users\mariu\Downloads\SnakeGame\SnakeGame.srcs\sources_1\new\GAME_PLAY.vhd:]
WARNING: [filemgmt 56-199] Attempt to get parsing info during refresh. "On-the-fly" syntax checking information may be incorrect. [C:\Users\mariu\Downloads\SnakeGame\SnakeGame.srcs\sources_1\imports\sources_1\new\TOP_TEC.vhd:]
WARNING: [filemgmt 56-199] Attempt to get parsing info during refresh. "On-the-fly" syntax checking information may be incorrect. [C:\Users\mariu\Downloads\SnakeGame\SnakeGame.srcs\sources_1\new\Top2LaSecuela.vhd:]
WARNING: [filemgmt 56-199] Attempt to get parsing info during refresh. "On-the-fly" syntax checking information may be incorrect. [C:\Users\mariu\Downloads\SnakeGame\SnakeGame.srcs\sources_1\new\Clock_distributor.vhd:]
WARNING: [filemgmt 56-199] Attempt to get parsing info during refresh. "On-the-fly" syntax checking information may be incorrect. [C:\Users\mariu\Downloads\SnakeGame\SnakeGame.srcs\sources_1\new\Top2LaSecuela.vhd:]
WARNING: [filemgmt 56-199] Attempt to get parsing info during refresh. "On-the-fly" syntax checking information may be incorrect. [C:\Users\mariu\Downloads\SnakeGame\SnakeGame.srcs\sources_1\new\Top2LaSecuela.vhd:]
WARNING: [filemgmt 56-199] Attempt to get parsing info during refresh. "On-the-fly" syntax checking information may be incorrect. [C:\Users\mariu\Downloads\SnakeGame\SnakeGame.srcs\sources_1\new\GAME_PLAY.vhd:]
WARNING: [filemgmt 56-199] Attempt to get parsing info during refresh. "On-the-fly" syntax checking information may be incorrect. [C:\Users\mariu\Downloads\SnakeGame\SnakeGame.srcs\sources_1\imports\sources_1\new\TOP_TEC.vhd:]
WARNING: [filemgmt 56-199] Attempt to get parsing info during refresh. "On-the-fly" syntax checking information may be incorrect. [C:\Users\mariu\Downloads\SnakeGame\SnakeGame.srcs\sources_1\new\Top2LaSecuela.vhd:]
WARNING: [filemgmt 56-199] Attempt to get parsing info during refresh. "On-the-fly" syntax checking information may be incorrect. [C:\Users\mariu\Downloads\SnakeGame\SnakeGame.srcs\sources_1\new\Clock_distributor.vhd:]
WARNING: [filemgmt 56-199] Attempt to get parsing info during refresh. "On-the-fly" syntax checking information may be incorrect. [C:\Users\mariu\Downloads\SnakeGame\SnakeGame.srcs\sources_1\new\GAME_PLAY.vhd:]
WARNING: [filemgmt 56-199] Attempt to get parsing info during refresh. "On-the-fly" syntax checking information may be incorrect. [C:\Users\mariu\Downloads\SnakeGame\SnakeGame.srcs\sources_1\new\GAME_PLAY.vhd:]
[Tue Dec 17 19:31:34 2024] Launched synth_1...
Run output will be captured here: C:/Users/mariu/Downloads/SnakeGame/SnakeGame.runs/synth_1/runme.log
WARNING: [filemgmt 56-199] Attempt to get parsing info during refresh. "On-the-fly" syntax checking information may be incorrect. [C:\Users\mariu\Downloads\SnakeGame\SnakeGame.srcs\sources_1\new\GAME_PLAY.vhd:]
WARNING: [filemgmt 56-199] Attempt to get parsing info during refresh. "On-the-fly" syntax checking information may be incorrect. [C:\Users\mariu\Downloads\SnakeGame\SnakeGame.srcs\sources_1\imports\sources_1\new\TOP_TEC.vhd:]
WARNING: [filemgmt 56-199] Attempt to get parsing info during refresh. "On-the-fly" syntax checking information may be incorrect. [C:\Users\mariu\Downloads\SnakeGame\SnakeGame.srcs\sources_1\new\Top2LaSecuela.vhd:]
WARNING: [filemgmt 56-199] Attempt to get parsing info during refresh. "On-the-fly" syntax checking information may be incorrect. [C:\Users\mariu\Downloads\SnakeGame\SnakeGame.srcs\sources_1\new\Clock_distributor.vhd:]
WARNING: [filemgmt 56-199] Attempt to get parsing info during refresh. "On-the-fly" syntax checking information may be incorrect. [C:\Users\mariu\Downloads\SnakeGame\SnakeGame.srcs\sources_1\imports\sources_1\new\TOP_TEC.vhd:]
WARNING: [filemgmt 56-199] Attempt to get parsing info during refresh. "On-the-fly" syntax checking information may be incorrect. [C:\Users\mariu\Downloads\SnakeGame\SnakeGame.srcs\sources_1\imports\sources_1\new\TOP_TEC.vhd:]
open_run synth_1 -name synth_1
Design is defaulting to impl run constrset: constrs_1
Design is defaulting to synth run part: xc7a100tcsg324-1
INFO: [Device 21-403] Loading part xc7a100tcsg324-1
INFO: [Device 21-9227] Part: xc7a100tcsg324-1 does not have CEAM library.
INFO: [Project 1-454] Reading design checkpoint 'c:/Users/mariu/Downloads/SnakeGame/SnakeGame.gen/sources_1/ip/PLL100to108/PLL100to108.dcp' for cell 'Inst_PLL'
Netlist sorting complete. Time (s): cpu = 00:00:00 ; elapsed = 00:00:00.060 . Memory (MB): peak = 2082.402 ; gain = 0.000
INFO: [Netlist 29-17] Analyzing 606 Unisim elements for replacement
INFO: [Netlist 29-28] Unisim Transformation completed in 0 CPU seconds
INFO: [Project 1-479] Netlist was created with Vivado 2024.1
INFO: [Project 1-570] Preparing netlist for logic optimization
WARNING: [Opt 31-35] Removing redundant IBUF, Inst_PLL/inst/clkin1_ibufg, from the path connected to top-level port: clk 
Resolution: The tool has removed redundant IBUF. To resolve this warning, check for redundant IBUF in the input design.
WARNING: [Constraints 18-550] Could not create 'IBUF_LOW_PWR' constraint because net 'Inst_PLL/clk_in1' is not directly connected to top level port. 'IBUF_LOW_PWR' is ignored for synthesis but preserved for implementation.
Parsing XDC File [c:/Users/mariu/Downloads/SnakeGame/SnakeGame.gen/sources_1/ip/PLL100to108/PLL100to108_board.xdc] for cell 'Inst_PLL/inst'
Finished Parsing XDC File [c:/Users/mariu/Downloads/SnakeGame/SnakeGame.gen/sources_1/ip/PLL100to108/PLL100to108_board.xdc] for cell 'Inst_PLL/inst'
Parsing XDC File [c:/Users/mariu/Downloads/SnakeGame/SnakeGame.gen/sources_1/ip/PLL100to108/PLL100to108.xdc] for cell 'Inst_PLL/inst'
INFO: [Timing 38-35] Done setting XDC timing constraints. [c:/Users/mariu/Downloads/SnakeGame/SnakeGame.gen/sources_1/ip/PLL100to108/PLL100to108.xdc:54]
INFO: [Timing 38-2] Deriving generated clocks [c:/Users/mariu/Downloads/SnakeGame/SnakeGame.gen/sources_1/ip/PLL100to108/PLL100to108.xdc:54]
Finished Parsing XDC File [c:/Users/mariu/Downloads/SnakeGame/SnakeGame.gen/sources_1/ip/PLL100to108/PLL100to108.xdc] for cell 'Inst_PLL/inst'
Parsing XDC File [C:/Users/mariu/Downloads/SnakeGame/SnakeGame.srcs/constrs_1/imports/new/Nexys-4-DDR-Master.xdc]
WARNING: [Vivado 12-584] No ports matched 'SALIDA_ARRIBA'. [C:/Users/mariu/Downloads/SnakeGame/SnakeGame.srcs/constrs_1/imports/new/Nexys-4-DDR-Master.xdc:40]
CRITICAL WARNING: [Common 17-55] 'set_property' expects at least one object. [C:/Users/mariu/Downloads/SnakeGame/SnakeGame.srcs/constrs_1/imports/new/Nexys-4-DDR-Master.xdc:40]
Resolution: If [get_<value>] was used to populate the object, check to make sure this command returns at least one valid object.
WARNING: [Vivado 12-584] No ports matched 'SALIDA_ABAJO'. [C:/Users/mariu/Downloads/SnakeGame/SnakeGame.srcs/constrs_1/imports/new/Nexys-4-DDR-Master.xdc:41]
CRITICAL WARNING: [Common 17-55] 'set_property' expects at least one object. [C:/Users/mariu/Downloads/SnakeGame/SnakeGame.srcs/constrs_1/imports/new/Nexys-4-DDR-Master.xdc:41]
Resolution: If [get_<value>] was used to populate the object, check to make sure this command returns at least one valid object.
WARNING: [Vivado 12-584] No ports matched 'SALIDA_IZQUIERDA'. [C:/Users/mariu/Downloads/SnakeGame/SnakeGame.srcs/constrs_1/imports/new/Nexys-4-DDR-Master.xdc:42]
CRITICAL WARNING: [Common 17-55] 'set_property' expects at least one object. [C:/Users/mariu/Downloads/SnakeGame/SnakeGame.srcs/constrs_1/imports/new/Nexys-4-DDR-Master.xdc:42]
Resolution: If [get_<value>] was used to populate the object, check to make sure this command returns at least one valid object.
WARNING: [Vivado 12-584] No ports matched 'SALIDA_DERECHA'. [C:/Users/mariu/Downloads/SnakeGame/SnakeGame.srcs/constrs_1/imports/new/Nexys-4-DDR-Master.xdc:43]
CRITICAL WARNING: [Common 17-55] 'set_property' expects at least one object. [C:/Users/mariu/Downloads/SnakeGame/SnakeGame.srcs/constrs_1/imports/new/Nexys-4-DDR-Master.xdc:43]
Resolution: If [get_<value>] was used to populate the object, check to make sure this command returns at least one valid object.
WARNING: [Vivado 12-584] No ports matched 'SEG[0]'. [C:/Users/mariu/Downloads/SnakeGame/SnakeGame.srcs/constrs_1/imports/new/Nexys-4-DDR-Master.xdc:60]
CRITICAL WARNING: [Common 17-55] 'set_property' expects at least one object. [C:/Users/mariu/Downloads/SnakeGame/SnakeGame.srcs/constrs_1/imports/new/Nexys-4-DDR-Master.xdc:60]
Resolution: If [get_<value>] was used to populate the object, check to make sure this command returns at least one valid object.
WARNING: [Vivado 12-584] No ports matched 'SEG[1]'. [C:/Users/mariu/Downloads/SnakeGame/SnakeGame.srcs/constrs_1/imports/new/Nexys-4-DDR-Master.xdc:61]
CRITICAL WARNING: [Common 17-55] 'set_property' expects at least one object. [C:/Users/mariu/Downloads/SnakeGame/SnakeGame.srcs/constrs_1/imports/new/Nexys-4-DDR-Master.xdc:61]
Resolution: If [get_<value>] was used to populate the object, check to make sure this command returns at least one valid object.
WARNING: [Vivado 12-584] No ports matched 'SEG[2]'. [C:/Users/mariu/Downloads/SnakeGame/SnakeGame.srcs/constrs_1/imports/new/Nexys-4-DDR-Master.xdc:62]
CRITICAL WARNING: [Common 17-55] 'set_property' expects at least one object. [C:/Users/mariu/Downloads/SnakeGame/SnakeGame.srcs/constrs_1/imports/new/Nexys-4-DDR-Master.xdc:62]
Resolution: If [get_<value>] was used to populate the object, check to make sure this command returns at least one valid object.
WARNING: [Vivado 12-584] No ports matched 'SEG[3]'. [C:/Users/mariu/Downloads/SnakeGame/SnakeGame.srcs/constrs_1/imports/new/Nexys-4-DDR-Master.xdc:63]
CRITICAL WARNING: [Common 17-55] 'set_property' expects at least one object. [C:/Users/mariu/Downloads/SnakeGame/SnakeGame.srcs/constrs_1/imports/new/Nexys-4-DDR-Master.xdc:63]
Resolution: If [get_<value>] was used to populate the object, check to make sure this command returns at least one valid object.
WARNING: [Vivado 12-584] No ports matched 'SEG[4]'. [C:/Users/mariu/Downloads/SnakeGame/SnakeGame.srcs/constrs_1/imports/new/Nexys-4-DDR-Master.xdc:64]
CRITICAL WARNING: [Common 17-55] 'set_property' expects at least one object. [C:/Users/mariu/Downloads/SnakeGame/SnakeGame.srcs/constrs_1/imports/new/Nexys-4-DDR-Master.xdc:64]
Resolution: If [get_<value>] was used to populate the object, check to make sure this command returns at least one valid object.
WARNING: [Vivado 12-584] No ports matched 'SEG[5]'. [C:/Users/mariu/Downloads/SnakeGame/SnakeGame.srcs/constrs_1/imports/new/Nexys-4-DDR-Master.xdc:65]
CRITICAL WARNING: [Common 17-55] 'set_property' expects at least one object. [C:/Users/mariu/Downloads/SnakeGame/SnakeGame.srcs/constrs_1/imports/new/Nexys-4-DDR-Master.xdc:65]
Resolution: If [get_<value>] was used to populate the object, check to make sure this command returns at least one valid object.
WARNING: [Vivado 12-584] No ports matched 'SEG[6]'. [C:/Users/mariu/Downloads/SnakeGame/SnakeGame.srcs/constrs_1/imports/new/Nexys-4-DDR-Master.xdc:66]
CRITICAL WARNING: [Common 17-55] 'set_property' expects at least one object. [C:/Users/mariu/Downloads/SnakeGame/SnakeGame.srcs/constrs_1/imports/new/Nexys-4-DDR-Master.xdc:66]
Resolution: If [get_<value>] was used to populate the object, check to make sure this command returns at least one valid object.
WARNING: [Vivado 12-584] No ports matched 'DP'. [C:/Users/mariu/Downloads/SnakeGame/SnakeGame.srcs/constrs_1/imports/new/Nexys-4-DDR-Master.xdc:68]
CRITICAL WARNING: [Common 17-55] 'set_property' expects at least one object. [C:/Users/mariu/Downloads/SnakeGame/SnakeGame.srcs/constrs_1/imports/new/Nexys-4-DDR-Master.xdc:68]
Resolution: If [get_<value>] was used to populate the object, check to make sure this command returns at least one valid object.
WARNING: [Vivado 12-584] No ports matched 'AN[0]'. [C:/Users/mariu/Downloads/SnakeGame/SnakeGame.srcs/constrs_1/imports/new/Nexys-4-DDR-Master.xdc:70]
CRITICAL WARNING: [Common 17-55] 'set_property' expects at least one object. [C:/Users/mariu/Downloads/SnakeGame/SnakeGame.srcs/constrs_1/imports/new/Nexys-4-DDR-Master.xdc:70]
Resolution: If [get_<value>] was used to populate the object, check to make sure this command returns at least one valid object.
WARNING: [Vivado 12-584] No ports matched 'AN[1]'. [C:/Users/mariu/Downloads/SnakeGame/SnakeGame.srcs/constrs_1/imports/new/Nexys-4-DDR-Master.xdc:71]
CRITICAL WARNING: [Common 17-55] 'set_property' expects at least one object. [C:/Users/mariu/Downloads/SnakeGame/SnakeGame.srcs/constrs_1/imports/new/Nexys-4-DDR-Master.xdc:71]
Resolution: If [get_<value>] was used to populate the object, check to make sure this command returns at least one valid object.
WARNING: [Vivado 12-584] No ports matched 'AN[2]'. [C:/Users/mariu/Downloads/SnakeGame/SnakeGame.srcs/constrs_1/imports/new/Nexys-4-DDR-Master.xdc:72]
CRITICAL WARNING: [Common 17-55] 'set_property' expects at least one object. [C:/Users/mariu/Downloads/SnakeGame/SnakeGame.srcs/constrs_1/imports/new/Nexys-4-DDR-Master.xdc:72]
Resolution: If [get_<value>] was used to populate the object, check to make sure this command returns at least one valid object.
WARNING: [Vivado 12-584] No ports matched 'AN[3]'. [C:/Users/mariu/Downloads/SnakeGame/SnakeGame.srcs/constrs_1/imports/new/Nexys-4-DDR-Master.xdc:73]
CRITICAL WARNING: [Common 17-55] 'set_property' expects at least one object. [C:/Users/mariu/Downloads/SnakeGame/SnakeGame.srcs/constrs_1/imports/new/Nexys-4-DDR-Master.xdc:73]
Resolution: If [get_<value>] was used to populate the object, check to make sure this command returns at least one valid object.
WARNING: [Vivado 12-584] No ports matched 'AN[4]'. [C:/Users/mariu/Downloads/SnakeGame/SnakeGame.srcs/constrs_1/imports/new/Nexys-4-DDR-Master.xdc:74]
CRITICAL WARNING: [Common 17-55] 'set_property' expects at least one object. [C:/Users/mariu/Downloads/SnakeGame/SnakeGame.srcs/constrs_1/imports/new/Nexys-4-DDR-Master.xdc:74]
Resolution: If [get_<value>] was used to populate the object, check to make sure this command returns at least one valid object.
WARNING: [Vivado 12-584] No ports matched 'AN[5]'. [C:/Users/mariu/Downloads/SnakeGame/SnakeGame.srcs/constrs_1/imports/new/Nexys-4-DDR-Master.xdc:75]
CRITICAL WARNING: [Common 17-55] 'set_property' expects at least one object. [C:/Users/mariu/Downloads/SnakeGame/SnakeGame.srcs/constrs_1/imports/new/Nexys-4-DDR-Master.xdc:75]
Resolution: If [get_<value>] was used to populate the object, check to make sure this command returns at least one valid object.
WARNING: [Vivado 12-584] No ports matched 'AN[6]'. [C:/Users/mariu/Downloads/SnakeGame/SnakeGame.srcs/constrs_1/imports/new/Nexys-4-DDR-Master.xdc:76]
CRITICAL WARNING: [Common 17-55] 'set_property' expects at least one object. [C:/Users/mariu/Downloads/SnakeGame/SnakeGame.srcs/constrs_1/imports/new/Nexys-4-DDR-Master.xdc:76]
Resolution: If [get_<value>] was used to populate the object, check to make sure this command returns at least one valid object.
WARNING: [Vivado 12-584] No ports matched 'AN[7]'. [C:/Users/mariu/Downloads/SnakeGame/SnakeGame.srcs/constrs_1/imports/new/Nexys-4-DDR-Master.xdc:77]
CRITICAL WARNING: [Common 17-55] 'set_property' expects at least one object. [C:/Users/mariu/Downloads/SnakeGame/SnakeGame.srcs/constrs_1/imports/new/Nexys-4-DDR-Master.xdc:77]
Resolution: If [get_<value>] was used to populate the object, check to make sure this command returns at least one valid object.
WARNING: [Vivado 12-584] No ports matched 'UART_TXD'. [C:/Users/mariu/Downloads/SnakeGame/SnakeGame.srcs/constrs_1/imports/new/Nexys-4-DDR-Master.xdc:221]
CRITICAL WARNING: [Common 17-55] 'set_property' expects at least one object. [C:/Users/mariu/Downloads/SnakeGame/SnakeGame.srcs/constrs_1/imports/new/Nexys-4-DDR-Master.xdc:221]
Resolution: If [get_<value>] was used to populate the object, check to make sure this command returns at least one valid object.
WARNING: [Vivado 12-584] No ports matched 'PS2_CLK'. [C:/Users/mariu/Downloads/SnakeGame/SnakeGame.srcs/constrs_1/imports/new/Nexys-4-DDR-Master.xdc:227]
CRITICAL WARNING: [Common 17-55] 'set_property' expects at least one object. [C:/Users/mariu/Downloads/SnakeGame/SnakeGame.srcs/constrs_1/imports/new/Nexys-4-DDR-Master.xdc:227]
Resolution: If [get_<value>] was used to populate the object, check to make sure this command returns at least one valid object.
WARNING: [Vivado 12-584] No ports matched 'PS2_DATA'. [C:/Users/mariu/Downloads/SnakeGame/SnakeGame.srcs/constrs_1/imports/new/Nexys-4-DDR-Master.xdc:228]
CRITICAL WARNING: [Common 17-55] 'set_property' expects at least one object. [C:/Users/mariu/Downloads/SnakeGame/SnakeGame.srcs/constrs_1/imports/new/Nexys-4-DDR-Master.xdc:228]
Resolution: If [get_<value>] was used to populate the object, check to make sure this command returns at least one valid object.
Finished Parsing XDC File [C:/Users/mariu/Downloads/SnakeGame/SnakeGame.srcs/constrs_1/imports/new/Nexys-4-DDR-Master.xdc]
INFO: [Opt 31-138] Pushed 0 inverter(s) to 0 load pin(s).
Netlist sorting complete. Time (s): cpu = 00:00:00 ; elapsed = 00:00:00.001 . Memory (MB): peak = 2777.414 ; gain = 0.000
INFO: [Project 1-111] Unisim Transformation Summary:
No Unisim elements were transformed.

open_run: Time (s): cpu = 00:00:13 ; elapsed = 00:00:21 . Memory (MB): peak = 2778.562 ; gain = 1111.434
launch_runs impl_1 -to_step write_bitstream -jobs 8
INFO: [Timing 38-480] Writing timing data to binary archive.
Wrote PlaceDB: Time (s): cpu = 00:00:00 ; elapsed = 00:00:00.005 . Memory (MB): peak = 2788.836 ; gain = 0.133
Wrote PulsedLatchDB: Time (s): cpu = 00:00:00 ; elapsed = 00:00:00.002 . Memory (MB): peak = 2788.836 ; gain = 0.000
Writing XDEF routing.
Write ShapeDB Complete: Time (s): cpu = 00:00:00 ; elapsed = 00:00:00.029 . Memory (MB): peak = 2788.836 ; gain = 0.133
Writing XDEF routing logical nets.
Writing XDEF routing special nets.
Wrote RouteStorage: Time (s): cpu = 00:00:00 ; elapsed = 00:00:00.089 . Memory (MB): peak = 2790.895 ; gain = 2.059
Wrote Netlist Cache: Time (s): cpu = 00:00:00 ; elapsed = 00:00:00.001 . Memory (MB): peak = 2790.895 ; gain = 0.000
Wrote Device Cache: Time (s): cpu = 00:00:00 ; elapsed = 00:00:00.011 . Memory (MB): peak = 2790.895 ; gain = 0.000
Write Physdb Complete: Time (s): cpu = 00:00:00 ; elapsed = 00:00:00.126 . Memory (MB): peak = 2790.895 ; gain = 2.191
[Tue Dec 17 19:38:13 2024] Launched impl_1...
Run output will be captured here: C:/Users/mariu/Downloads/SnakeGame/SnakeGame.runs/impl_1/runme.log
open_hw_manager
connect_hw_server -allow_non_jtag
INFO: [Labtools 27-2285] Connecting to hw_server url TCP:localhost:3121
INFO: [Labtools 27-2222] Launching hw_server...
INFO: [Labtools 27-2221] Launch Output:

****** Xilinx hw_server v2024.1.0
  **** Build date : Mar  6 2024 at 20:50:54
    ** Copyright 1986-2022 Xilinx, Inc. All Rights Reserved.


INFO: [Labtools 27-3415] Connecting to cs_server url TCP:localhost:0
INFO: [Labtools 27-3417] Launching cs_server...
INFO: [Labtools 27-2221] Launch Output:


******** Xilinx cs_server v2024.1.0
  ****** Build date   : Mar 09 2024-01:00:37
    **** Build number : 2024.1.1709942437
      ** Copyright 2017-2022 Xilinx, Inc. All Rights Reserved.
      ** Copyright 2022-2024 Advanced Micro Devices, Inc. All Rights Reserved.



connect_hw_server: Time (s): cpu = 00:00:01 ; elapsed = 00:00:09 . Memory (MB): peak = 2812.277 ; gain = 0.000
open_hw_target
INFO: [Labtoolstcl 44-466] Opening hw_target localhost:3121/xilinx_tcf/Digilent/210292AE3A67A
set_property PROGRAM.FILE {C:/Users/mariu/Downloads/SnakeGame/SnakeGame.runs/impl_1/top.bit} [get_hw_devices xc7a100t_0]
current_hw_device [get_hw_devices xc7a100t_0]
refresh_hw_device -update_hw_probes false [lindex [get_hw_devices xc7a100t_0] 0]
INFO: [Labtools 27-1435] Device xc7a100t (JTAG device index = 0) is not programmed (DONE status = 0).
set_property PROBES.FILE {} [get_hw_devices xc7a100t_0]
set_property FULL_PROBES.FILE {} [get_hw_devices xc7a100t_0]
set_property PROGRAM.FILE {C:/Users/mariu/Downloads/SnakeGame/SnakeGame.runs/impl_1/top.bit} [get_hw_devices xc7a100t_0]
program_hw_devices [get_hw_devices xc7a100t_0]
INFO: [Labtools 27-3164] End of startup status: HIGH
refresh_hw_device [lindex [get_hw_devices xc7a100t_0] 0]
INFO: [Labtools 27-1434] Device xc7a100t (JTAG device index = 0) is programmed with a design that has no supported debug core(s) in it.
ERROR: [Labtoolstcl 44-513] HW Target shutdown. Closing target: localhost:3121/xilinx_tcf/Digilent/210292AE3A67A
disconnect_hw_server localhost:3121
connect_hw_server -allow_non_jtag
INFO: [Labtools 27-2285] Connecting to hw_server url TCP:localhost:3121
INFO: [Labtools 27-3415] Connecting to cs_server url TCP:localhost:0
INFO: [Labtools 27-3417] Launching cs_server...
INFO: [Labtools 27-2221] Launch Output:


******** Xilinx cs_server v2024.1.0
  ****** Build date   : Mar 09 2024-01:00:37
    **** Build number : 2024.1.1709942437
      ** Copyright 2017-2022 Xilinx, Inc. All Rights Reserved.
      ** Copyright 2022-2024 Advanced Micro Devices, Inc. All Rights Reserved.



open_hw_target
INFO: [Labtoolstcl 44-466] Opening hw_target localhost:3121/xilinx_tcf/Digilent/210292AE3A68A
set_property PROGRAM.FILE {C:/Users/mariu/Downloads/SnakeGame/SnakeGame.runs/impl_1/top.bit} [get_hw_devices xc7a100t_0]
current_hw_device [get_hw_devices xc7a100t_0]
refresh_hw_device -update_hw_probes false [lindex [get_hw_devices xc7a100t_0] 0]
INFO: [Labtools 27-1435] Device xc7a100t (JTAG device index = 0) is not programmed (DONE status = 0).
set_property PROBES.FILE {} [get_hw_devices xc7a100t_0]
set_property FULL_PROBES.FILE {} [get_hw_devices xc7a100t_0]
set_property PROGRAM.FILE {C:/Users/mariu/Downloads/SnakeGame/SnakeGame.runs/impl_1/top.bit} [get_hw_devices xc7a100t_0]
program_hw_devices [get_hw_devices xc7a100t_0]
INFO: [Labtools 27-3164] End of startup status: HIGH
refresh_hw_device [lindex [get_hw_devices xc7a100t_0] 0]
INFO: [Labtools 27-1434] Device xc7a100t (JTAG device index = 0) is programmed with a design that has no supported debug core(s) in it.
ERROR: [Labtoolstcl 44-513] HW Target shutdown. Closing target: localhost:3121/xilinx_tcf/Digilent/210292AE3A68A
WARNING: [filemgmt 56-199] Attempt to get parsing info during refresh. "On-the-fly" syntax checking information may be incorrect. [C:\Users\mariu\Downloads\SnakeGame\SnakeGame.srcs\sources_1\new\GAME_PLAY.vhd:]
WARNING: [filemgmt 56-199] Attempt to get parsing info during refresh. "On-the-fly" syntax checking information may be incorrect. [C:\Users\mariu\Downloads\SnakeGame\SnakeGame.srcs\sources_1\imports\sources_1\new\TOP_TEC.vhd:]
WARNING: [filemgmt 56-199] Attempt to get parsing info during refresh. "On-the-fly" syntax checking information may be incorrect. [C:\Users\mariu\Downloads\SnakeGame\SnakeGame.srcs\sources_1\new\Top2LaSecuela.vhd:]
WARNING: [filemgmt 56-199] Attempt to get parsing info during refresh. "On-the-fly" syntax checking information may be incorrect. [C:\Users\mariu\Downloads\SnakeGame\SnakeGame.srcs\sources_1\new\Clock_distributor.vhd:]
WARNING: [filemgmt 56-199] Attempt to get parsing info during refresh. "On-the-fly" syntax checking information may be incorrect. [C:\Users\mariu\Downloads\SnakeGame\SnakeGame.srcs\sources_1\imports\sources_1\new\TOP_TEC.vhd:]
WARNING: [filemgmt 56-199] Attempt to get parsing info during refresh. "On-the-fly" syntax checking information may be incorrect. [C:\Users\mariu\Downloads\SnakeGame\SnakeGame.srcs\sources_1\imports\sources_1\new\TOP_TEC.vhd:]
WARNING: [filemgmt 56-199] Attempt to get parsing info during refresh. "On-the-fly" syntax checking information may be incorrect. [C:\Users\mariu\Downloads\SnakeGame\SnakeGame.srcs\sources_1\new\GAME_PLAY.vhd:]
WARNING: [filemgmt 56-199] Attempt to get parsing info during refresh. "On-the-fly" syntax checking information may be incorrect. [C:\Users\mariu\Downloads\SnakeGame\SnakeGame.srcs\sources_1\imports\sources_1\new\TOP_TEC.vhd:]
WARNING: [filemgmt 56-199] Attempt to get parsing info during refresh. "On-the-fly" syntax checking information may be incorrect. [C:\Users\mariu\Downloads\SnakeGame\SnakeGame.srcs\sources_1\new\Top2LaSecuela.vhd:]
WARNING: [filemgmt 56-199] Attempt to get parsing info during refresh. "On-the-fly" syntax checking information may be incorrect. [C:\Users\mariu\Downloads\SnakeGame\SnakeGame.srcs\sources_1\new\Clock_distributor.vhd:]
WARNING: [filemgmt 56-199] Attempt to get parsing info during refresh. "On-the-fly" syntax checking information may be incorrect. [C:\Users\mariu\Downloads\SnakeGame\SnakeGame.srcs\sources_1\new\Clock_distributor.vhd:]
WARNING: [filemgmt 56-199] Attempt to get parsing info during refresh. "On-the-fly" syntax checking information may be incorrect. [C:\Users\mariu\Downloads\SnakeGame\SnakeGame.srcs\sources_1\new\Clock_distributor.vhd:]
ERROR: [Common 17-180] Spawn failed: No error
WARNING: [filemgmt 56-199] Attempt to get parsing info during refresh. "On-the-fly" syntax checking information may be incorrect. [C:\Users\mariu\Downloads\SnakeGame\SnakeGame.srcs\sources_1\new\GAME_PLAY.vhd:]
WARNING: [filemgmt 56-199] Attempt to get parsing info during refresh. "On-the-fly" syntax checking information may be incorrect. [C:\Users\mariu\Downloads\SnakeGame\SnakeGame.srcs\sources_1\imports\sources_1\new\TOP_TEC.vhd:]
WARNING: [filemgmt 56-199] Attempt to get parsing info during refresh. "On-the-fly" syntax checking information may be incorrect. [C:\Users\mariu\Downloads\SnakeGame\SnakeGame.srcs\sources_1\new\Top2LaSecuela.vhd:]
WARNING: [filemgmt 56-199] Attempt to get parsing info during refresh. "On-the-fly" syntax checking information may be incorrect. [C:\Users\mariu\Downloads\SnakeGame\SnakeGame.srcs\sources_1\new\Clock_distributor.vhd:]
WARNING: [filemgmt 56-199] Attempt to get parsing info during refresh. "On-the-fly" syntax checking information may be incorrect. [C:\Users\mariu\Downloads\SnakeGame\SnakeGame.srcs\sources_1\new\GAME_PLAY.vhd:]
WARNING: [filemgmt 56-199] Attempt to get parsing info during refresh. "On-the-fly" syntax checking information may be incorrect. [C:\Users\mariu\Downloads\SnakeGame\SnakeGame.srcs\sources_1\new\GAME_PLAY.vhd:]
ERROR: [Common 17-180] Spawn failed: No error
WARNING: [filemgmt 56-199] Attempt to get parsing info during refresh. "On-the-fly" syntax checking information may be incorrect. [C:\Users\mariu\Downloads\SnakeGame\SnakeGame.srcs\sources_1\new\GAME_PLAY.vhd:]
WARNING: [filemgmt 56-199] Attempt to get parsing info during refresh. "On-the-fly" syntax checking information may be incorrect. [C:\Users\mariu\Downloads\SnakeGame\SnakeGame.srcs\sources_1\imports\sources_1\new\TOP_TEC.vhd:]
WARNING: [filemgmt 56-199] Attempt to get parsing info during refresh. "On-the-fly" syntax checking information may be incorrect. [C:\Users\mariu\Downloads\SnakeGame\SnakeGame.srcs\sources_1\new\Top2LaSecuela.vhd:]
WARNING: [filemgmt 56-199] Attempt to get parsing info during refresh. "On-the-fly" syntax checking information may be incorrect. [C:\Users\mariu\Downloads\SnakeGame\SnakeGame.srcs\sources_1\new\Clock_distributor.vhd:]
WARNING: [filemgmt 56-199] Attempt to get parsing info during refresh. "On-the-fly" syntax checking information may be incorrect. [C:\Users\mariu\Downloads\SnakeGame\SnakeGame.srcs\sources_1\imports\sources_1\new\TOP_TEC.vhd:]
WARNING: [filemgmt 56-199] Attempt to get parsing info during refresh. "On-the-fly" syntax checking information may be incorrect. [C:\Users\mariu\Downloads\SnakeGame\SnakeGame.srcs\sources_1\imports\sources_1\new\TOP_TEC.vhd:]
WARNING: [filemgmt 56-199] Attempt to get parsing info during refresh. "On-the-fly" syntax checking information may be incorrect. [C:\Users\mariu\Downloads\SnakeGame\SnakeGame.srcs\sources_1\new\GAME_PLAY.vhd:]
WARNING: [filemgmt 56-199] Attempt to get parsing info during refresh. "On-the-fly" syntax checking information may be incorrect. [C:\Users\mariu\Downloads\SnakeGame\SnakeGame.srcs\sources_1\imports\sources_1\new\TOP_TEC.vhd:]
WARNING: [filemgmt 56-199] Attempt to get parsing info during refresh. "On-the-fly" syntax checking information may be incorrect. [C:\Users\mariu\Downloads\SnakeGame\SnakeGame.srcs\sources_1\new\Top2LaSecuela.vhd:]
WARNING: [filemgmt 56-199] Attempt to get parsing info during refresh. "On-the-fly" syntax checking information may be incorrect. [C:\Users\mariu\Downloads\SnakeGame\SnakeGame.srcs\sources_1\new\Clock_distributor.vhd:]
WARNING: [filemgmt 56-199] Attempt to get parsing info during refresh. "On-the-fly" syntax checking information may be incorrect. [C:\Users\mariu\Downloads\SnakeGame\SnakeGame.srcs\sources_1\new\Clock_distributor.vhd:]
WARNING: [filemgmt 56-199] Attempt to get parsing info during refresh. "On-the-fly" syntax checking information may be incorrect. [C:\Users\mariu\Downloads\SnakeGame\SnakeGame.srcs\sources_1\new\Clock_distributor.vhd:]
ERROR: [Common 17-180] Spawn failed: No error
WARNING: [filemgmt 56-199] Attempt to get parsing info during refresh. "On-the-fly" syntax checking information may be incorrect. [C:\Users\mariu\Downloads\SnakeGame\SnakeGame.srcs\sources_1\new\GAME_PLAY.vhd:]
WARNING: [filemgmt 56-199] Attempt to get parsing info during refresh. "On-the-fly" syntax checking information may be incorrect. [C:\Users\mariu\Downloads\SnakeGame\SnakeGame.srcs\sources_1\imports\sources_1\new\TOP_TEC.vhd:]
WARNING: [filemgmt 56-199] Attempt to get parsing info during refresh. "On-the-fly" syntax checking information may be incorrect. [C:\Users\mariu\Downloads\SnakeGame\SnakeGame.srcs\sources_1\new\Top2LaSecuela.vhd:]
WARNING: [filemgmt 56-199] Attempt to get parsing info during refresh. "On-the-fly" syntax checking information may be incorrect. [C:\Users\mariu\Downloads\SnakeGame\SnakeGame.srcs\sources_1\new\Clock_distributor.vhd:]
WARNING: [filemgmt 56-199] Attempt to get parsing info during refresh. "On-the-fly" syntax checking information may be incorrect. [C:\Users\mariu\Downloads\SnakeGame\SnakeGame.srcs\sources_1\new\GAME_PLAY.vhd:]
WARNING: [filemgmt 56-199] Attempt to get parsing info during refresh. "On-the-fly" syntax checking information may be incorrect. [C:\Users\mariu\Downloads\SnakeGame\SnakeGame.srcs\sources_1\new\GAME_PLAY.vhd:]
ERROR: [Common 17-180] Spawn failed: No error
reset_run synth_1
INFO: [Project 1-1161] Replacing file C:/Users/mariu/Downloads/SnakeGame/SnakeGame.srcs/utils_1/imports/synth_1/VGA_Sync.dcp with file C:/Users/mariu/Downloads/SnakeGame/SnakeGame.runs/synth_1/top.dcp
WARNING: [filemgmt 56-199] Attempt to get parsing info during refresh. "On-the-fly" syntax checking information may be incorrect. [C:\Users\mariu\Downloads\SnakeGame\SnakeGame.srcs\sources_1\new\GAME_PLAY.vhd:]
WARNING: [filemgmt 56-199] Attempt to get parsing info during refresh. "On-the-fly" syntax checking information may be incorrect. [C:\Users\mariu\Downloads\SnakeGame\SnakeGame.srcs\sources_1\imports\sources_1\new\TOP_TEC.vhd:]
WARNING: [filemgmt 56-199] Attempt to get parsing info during refresh. "On-the-fly" syntax checking information may be incorrect. [C:\Users\mariu\Downloads\SnakeGame\SnakeGame.srcs\sources_1\new\Top2LaSecuela.vhd:]
WARNING: [filemgmt 56-199] Attempt to get parsing info during refresh. "On-the-fly" syntax checking information may be incorrect. [C:\Users\mariu\Downloads\SnakeGame\SnakeGame.srcs\sources_1\new\Clock_distributor.vhd:]
WARNING: [filemgmt 56-199] Attempt to get parsing info during refresh. "On-the-fly" syntax checking information may be incorrect. [C:\Users\mariu\Downloads\SnakeGame\SnakeGame.srcs\sources_1\imports\sources_1\new\TOP_TEC.vhd:]
WARNING: [filemgmt 56-199] Attempt to get parsing info during refresh. "On-the-fly" syntax checking information may be incorrect. [C:\Users\mariu\Downloads\SnakeGame\SnakeGame.srcs\sources_1\imports\sources_1\new\TOP_TEC.vhd:]
WARNING: [filemgmt 56-199] Attempt to get parsing info during refresh. "On-the-fly" syntax checking information may be incorrect. [C:\Users\mariu\Downloads\SnakeGame\SnakeGame.srcs\sources_1\new\GAME_PLAY.vhd:]
WARNING: [filemgmt 56-199] Attempt to get parsing info during refresh. "On-the-fly" syntax checking information may be incorrect. [C:\Users\mariu\Downloads\SnakeGame\SnakeGame.srcs\sources_1\imports\sources_1\new\TOP_TEC.vhd:]
WARNING: [filemgmt 56-199] Attempt to get parsing info during refresh. "On-the-fly" syntax checking information may be incorrect. [C:\Users\mariu\Downloads\SnakeGame\SnakeGame.srcs\sources_1\new\Top2LaSecuela.vhd:]
WARNING: [filemgmt 56-199] Attempt to get parsing info during refresh. "On-the-fly" syntax checking information may be incorrect. [C:\Users\mariu\Downloads\SnakeGame\SnakeGame.srcs\sources_1\new\Clock_distributor.vhd:]
WARNING: [filemgmt 56-199] Attempt to get parsing info during refresh. "On-the-fly" syntax checking information may be incorrect. [C:\Users\mariu\Downloads\SnakeGame\SnakeGame.srcs\sources_1\new\Clock_distributor.vhd:]
WARNING: [filemgmt 56-199] Attempt to get parsing info during refresh. "On-the-fly" syntax checking information may be incorrect. [C:\Users\mariu\Downloads\SnakeGame\SnakeGame.srcs\sources_1\new\Clock_distributor.vhd:]
ERROR: [Common 17-180] Spawn failed: No error
WARNING: [filemgmt 56-199] Attempt to get parsing info during refresh. "On-the-fly" syntax checking information may be incorrect. [C:\Users\mariu\Downloads\SnakeGame\SnakeGame.srcs\sources_1\new\GAME_PLAY.vhd:]
WARNING: [filemgmt 56-199] Attempt to get parsing info during refresh. "On-the-fly" syntax checking information may be incorrect. [C:\Users\mariu\Downloads\SnakeGame\SnakeGame.srcs\sources_1\imports\sources_1\new\TOP_TEC.vhd:]
WARNING: [filemgmt 56-199] Attempt to get parsing info during refresh. "On-the-fly" syntax checking information may be incorrect. [C:\Users\mariu\Downloads\SnakeGame\SnakeGame.srcs\sources_1\new\Top2LaSecuela.vhd:]
WARNING: [filemgmt 56-199] Attempt to get parsing info during refresh. "On-the-fly" syntax checking information may be incorrect. [C:\Users\mariu\Downloads\SnakeGame\SnakeGame.srcs\sources_1\new\Clock_distributor.vhd:]
WARNING: [filemgmt 56-199] Attempt to get parsing info during refresh. "On-the-fly" syntax checking information may be incorrect. [C:\Users\mariu\Downloads\SnakeGame\SnakeGame.srcs\sources_1\new\Top2LaSecuela.vhd:]
WARNING: [filemgmt 56-199] Attempt to get parsing info during refresh. "On-the-fly" syntax checking information may be incorrect. [C:\Users\mariu\Downloads\SnakeGame\SnakeGame.srcs\sources_1\new\Top2LaSecuela.vhd:]
ERROR: [Common 17-180] Spawn failed: No error
launch_runs synth_1 -jobs 8
[Tue Dec 17 19:52:46 2024] Launched synth_1...
Run output will be captured here: C:/Users/mariu/Downloads/SnakeGame/SnakeGame.runs/synth_1/runme.log
launch_runs impl_1 -to_step write_bitstream -jobs 8
WARNING: [Project 1-478] Design 'synth_1' is stale and will not be used when launching 'impl_1'
[Tue Dec 17 19:57:04 2024] Launched impl_1...
Run output will be captured here: C:/Users/mariu/Downloads/SnakeGame/SnakeGame.runs/impl_1/runme.log
disconnect_hw_server localhost:3121
connect_hw_server -allow_non_jtag
INFO: [Labtools 27-2285] Connecting to hw_server url TCP:localhost:3121
INFO: [Labtools 27-3415] Connecting to cs_server url TCP:localhost:0
INFO: [Labtools 27-3417] Launching cs_server...
INFO: [Labtools 27-2221] Launch Output:


******** Xilinx cs_server v2024.1.0
  ****** Build date   : Mar 09 2024-01:00:37
    **** Build number : 2024.1.1709942437
      ** Copyright 2017-2022 Xilinx, Inc. All Rights Reserved.
      ** Copyright 2022-2024 Advanced Micro Devices, Inc. All Rights Reserved.



open_hw_target
INFO: [Labtoolstcl 44-466] Opening hw_target localhost:3121/xilinx_tcf/Digilent/210292AE3A67A
set_property PROGRAM.FILE {C:/Users/mariu/Downloads/SnakeGame/SnakeGame.runs/impl_1/top.bit} [get_hw_devices xc7a100t_0]
current_hw_device [get_hw_devices xc7a100t_0]
refresh_hw_device -update_hw_probes false [lindex [get_hw_devices xc7a100t_0] 0]
INFO: [Labtools 27-1435] Device xc7a100t (JTAG device index = 0) is not programmed (DONE status = 0).
set_property PROBES.FILE {} [get_hw_devices xc7a100t_0]
set_property FULL_PROBES.FILE {} [get_hw_devices xc7a100t_0]
set_property PROGRAM.FILE {C:/Users/mariu/Downloads/SnakeGame/SnakeGame.runs/impl_1/top.bit} [get_hw_devices xc7a100t_0]
program_hw_devices [get_hw_devices xc7a100t_0]
INFO: [Labtools 27-3164] End of startup status: HIGH
refresh_hw_device [lindex [get_hw_devices xc7a100t_0] 0]
INFO: [Labtools 27-1434] Device xc7a100t (JTAG device index = 0) is programmed with a design that has no supported debug core(s) in it.
exit
INFO: [Common 17-206] Exiting Vivado at Tue Dec 17 20:00:23 2024...
