#-----------------------------------------------------------
# Vivado v2024.1 (64-bit)
# SW Build 5076996 on Wed May 22 18:37:14 MDT 2024
# IP Build 5075265 on Wed May 22 21:45:21 MDT 2024
# SharedData Build 5076995 on Wed May 22 18:29:18 MDT 2024
# Start of session at: Fri Dec 13 18:26:04 2024
# Process ID: 15288
# Current directory: C:/Users/ivano/OneDrive/Documentos/GitHub/VHDL-SnakeGame/SnakeGame
# Command line: vivado.exe -gui_launcher_event rodinguilauncherevent21932 C:\Users\ivano\OneDrive\Documentos\GitHub\VHDL-SnakeGame\SnakeGame\SnakeGame.xpr
# Log file: C:/Users/ivano/OneDrive/Documentos/GitHub/VHDL-SnakeGame/SnakeGame/vivado.log
# Journal file: C:/Users/ivano/OneDrive/Documentos/GitHub/VHDL-SnakeGame/SnakeGame\vivado.jou
# Running On        :DESKTOP-1V0CU1G
# Platform          :Windows Server 2016 or Windows 10
# Operating System  :22631
# Processor Detail  :Intel(R) Core(TM) i7-10870H CPU @ 2.20GHz
# CPU Frequency     :2208 MHz
# CPU Physical cores:8
# CPU Logical cores :16
# Host memory       :17007 MB
# Swap memory       :11274 MB
# Total Virtual     :28281 MB
# Available Virtual :13106 MB
#-----------------------------------------------------------
start_gui
open_project C:/Users/ivano/OneDrive/Documentos/GitHub/VHDL-SnakeGame/SnakeGame/SnakeGame.xpr
WARNING: [Board 49-26] cannot add Board Part digilentinc.com:arty-s7-25:part0:1.1 available at C:/XILINX1/Vivado/2024.1/data/boards/board_files/arty-s7-25/E.0/board.xml as part xc7s25csga324-1 specified in board_part file is either invalid or not available
WARNING: [Board 49-26] cannot add Board Part digilentinc.com:arty-s7-50:part0:1.1 available at C:/XILINX1/Vivado/2024.1/data/boards/board_files/arty-s7-50/B.0/board.xml as part xc7s50csga324-1 specified in board_part file is either invalid or not available
WARNING: [Board 49-26] cannot add Board Part digilentinc.com:arty-z7-10:part0:1.1 available at C:/XILINX1/Vivado/2024.1/data/boards/board_files/arty-z7-10/A.0/board.xml as part xc7z010clg400-1 specified in board_part file is either invalid or not available
WARNING: [Board 49-26] cannot add Board Part digilentinc.com:arty-z7-20:part0:1.1 available at C:/XILINX1/Vivado/2024.1/data/boards/board_files/arty-z7-20/A.0/board.xml as part xc7z020clg400-1 specified in board_part file is either invalid or not available
WARNING: [Board 49-26] cannot add Board Part digilentinc.com:cmod-s7-25:part0:1.0 available at C:/XILINX1/Vivado/2024.1/data/boards/board_files/cmod-s7-25/B.0/board.xml as part xc7s25csga225-1 specified in board_part file is either invalid or not available
WARNING: [Board 49-26] cannot add Board Part digilentinc.com:cora-z7-07s:part0:1.1 available at C:/XILINX1/Vivado/2024.1/data/boards/board_files/cora-z7-07s/B.0/board.xml as part xc7z007sclg400-1 specified in board_part file is either invalid or not available
WARNING: [Board 49-26] cannot add Board Part digilentinc.com:cora-z7-10:part0:1.1 available at C:/XILINX1/Vivado/2024.1/data/boards/board_files/cora-z7-10/B.0/board.xml as part xc7z010clg400-1 specified in board_part file is either invalid or not available
WARNING: [Board 49-26] cannot add Board Part digilentinc.com:eclypse-z7:part0:1.0 available at C:/XILINX1/Vivado/2024.1/data/boards/board_files/eclypse-z7/A.0/board.xml as part xc7z020clg484-1 specified in board_part file is either invalid or not available
WARNING: [Board 49-26] cannot add Board Part digilentinc.com:eclypse-z7:part0:1.1 available at C:/XILINX1/Vivado/2024.1/data/boards/board_files/eclypse-z7/B.0/board.xml as part xc7z020clg484-1 specified in board_part file is either invalid or not available
WARNING: [Board 49-26] cannot add Board Part digilentinc.com:genesys2:part0:1.1 available at C:/XILINX1/Vivado/2024.1/data/boards/board_files/genesys2/H/board.xml as part xc7k325tffg900-2 specified in board_part file is either invalid or not available
WARNING: [Board 49-26] cannot add Board Part digilentinc.com:gzu_3eg:part0:1.0 available at C:/XILINX1/Vivado/2024.1/data/boards/board_files/genesys-zu-3eg/B.0/board.xml as part xczu3eg-sfvc784-1-e specified in board_part file is either invalid or not available
WARNING: [Board 49-26] cannot add Board Part digilentinc.com:gzu_3eg:part0:1.1 available at C:/XILINX1/Vivado/2024.1/data/boards/board_files/genesys-zu-3eg/D.0/board.xml as part xczu3eg-sfvc784-1-e specified in board_part file is either invalid or not available
WARNING: [Board 49-26] cannot add Board Part digilentinc.com:gzu_5ev:part0:1.1 available at C:/XILINX1/Vivado/2024.1/data/boards/board_files/genesys-zu-5ev/C.0/board.xml as part xczu5ev-sfvc784-1-e specified in board_part file is either invalid or not available
WARNING: [Board 49-26] cannot add Board Part digilentinc.com:sword:part0:1.0 available at C:/XILINX1/Vivado/2024.1/data/boards/board_files/sword/C.0/board.xml as part xc7k325tffg900-2 specified in board_part file is either invalid or not available
WARNING: [Board 49-26] cannot add Board Part digilentinc.com:zedboard:part0:1.1 available at C:/XILINX1/Vivado/2024.1/data/boards/board_files/zedboard/1.3/board.xml as part xc7z020clg484-1 specified in board_part file is either invalid or not available
WARNING: [Board 49-26] cannot add Board Part digilentinc.com:zybo-z7-10:part0:1.2 available at C:/XILINX1/Vivado/2024.1/data/boards/board_files/zybo-z7-10/A.0/board.xml as part xc7z010clg400-1 specified in board_part file is either invalid or not available
WARNING: [Board 49-26] cannot add Board Part digilentinc.com:zybo-z7-20:part0:1.2 available at C:/XILINX1/Vivado/2024.1/data/boards/board_files/zybo-z7-20/A.0/board.xml as part xc7z020clg400-1 specified in board_part file is either invalid or not available
WARNING: [Board 49-26] cannot add Board Part digilentinc.com:zybo:part0:1.0 available at C:/XILINX1/Vivado/2024.1/data/boards/board_files/zybo/B.3/board.xml as part xc7z010clg400-1 specified in board_part file is either invalid or not available
WARNING: [Board 49-26] cannot add Board Part digilentinc.com:zybo:part0:2.0 available at C:/XILINX1/Vivado/2024.1/data/boards/board_files/zybo/B.4/board.xml as part xc7z010clg400-1 specified in board_part file is either invalid or not available
WARNING: [Board 49-26] cannot add Board Part xilinx.com:k24c:part0:1.0 available at C:/XILINX1/Vivado/2024.1/data/xhub/boards/XilinxBoardStore/boards/Xilinx/k24c/1.0/board.xml as part xck24-ubva530-2lv-c specified in board_part file is either invalid or not available
WARNING: [Board 49-26] cannot add Board Part xilinx.com:k24i:part0:1.0 available at C:/XILINX1/Vivado/2024.1/data/xhub/boards/XilinxBoardStore/boards/Xilinx/k24i/1.0/board.xml as part xck24-ubva530-2lvi-i specified in board_part file is either invalid or not available
WARNING: [Board 49-26] cannot add Board Part xilinx.com:k26c:part0:1.2 available at C:/XILINX1/Vivado/2024.1/data/xhub/boards/XilinxBoardStore/boards/Xilinx/k26c/1.2/board.xml as part xck26-sfvc784-2lv-c specified in board_part file is either invalid or not available
WARNING: [Board 49-26] cannot add Board Part xilinx.com:k26c:part0:1.3 available at C:/XILINX1/Vivado/2024.1/data/xhub/boards/XilinxBoardStore/boards/Xilinx/k26c/1.3/board.xml as part xck26-sfvc784-2lv-c specified in board_part file is either invalid or not available
WARNING: [Board 49-26] cannot add Board Part xilinx.com:k26c:part0:1.4 available at C:/XILINX1/Vivado/2024.1/data/xhub/boards/XilinxBoardStore/boards/Xilinx/k26c/1.4/board.xml as part xck26-sfvc784-2lv-c specified in board_part file is either invalid or not available
WARNING: [Board 49-26] cannot add Board Part xilinx.com:k26i:part0:1.2 available at C:/XILINX1/Vivado/2024.1/data/xhub/boards/XilinxBoardStore/boards/Xilinx/k26i/1.2/board.xml as part xck26-sfvc784-2lvi-i specified in board_part file is either invalid or not available
WARNING: [Board 49-26] cannot add Board Part xilinx.com:k26i:part0:1.3 available at C:/XILINX1/Vivado/2024.1/data/xhub/boards/XilinxBoardStore/boards/Xilinx/k26i/1.3/board.xml as part xck26-sfvc784-2lvi-i specified in board_part file is either invalid or not available
WARNING: [Board 49-26] cannot add Board Part xilinx.com:k26i:part0:1.4 available at C:/XILINX1/Vivado/2024.1/data/xhub/boards/XilinxBoardStore/boards/Xilinx/k26i/1.4/board.xml as part xck26-sfvc784-2lvi-i specified in board_part file is either invalid or not available
WARNING: [Board 49-26] cannot add Board Part xilinx.com:kc705:part0:1.6 available at C:/XILINX1/Vivado/2024.1/data/xhub/boards/XilinxBoardStore/boards/Xilinx/kc705/1.6/board.xml as part xc7k325tffg900-2 specified in board_part file is either invalid or not available
WARNING: [Board 49-26] cannot add Board Part xilinx.com:kcu105:part0:1.6 available at C:/XILINX1/Vivado/2024.1/data/xhub/boards/XilinxBoardStore/boards/Xilinx/kcu105/1.6/board.xml as part xcku040-ffva1156-2-e specified in board_part file is either invalid or not available
WARNING: [Board 49-26] cannot add Board Part xilinx.com:kcu105:part0:1.7 available at C:/XILINX1/Vivado/2024.1/data/xhub/boards/XilinxBoardStore/boards/Xilinx/kcu105/1.7/board.xml as part xcku040-ffva1156-2-e specified in board_part file is either invalid or not available
WARNING: [Board 49-26] cannot add Board Part xilinx.com:kcu116:part0:1.4 available at C:/XILINX1/Vivado/2024.1/data/xhub/boards/XilinxBoardStore/boards/Xilinx/kcu116/1.4/board.xml as part xcku5p-ffvb676-2-e specified in board_part file is either invalid or not available
WARNING: [Board 49-26] cannot add Board Part xilinx.com:kcu116:part0:1.5 available at C:/XILINX1/Vivado/2024.1/data/xhub/boards/XilinxBoardStore/boards/Xilinx/kcu116/1.5/board.xml as part xcku5p-ffvb676-2-e specified in board_part file is either invalid or not available
WARNING: [Board 49-26] cannot add Board Part xilinx.com:kcu1500:part0:1.2 available at C:/XILINX1/Vivado/2024.1/data/xhub/boards/XilinxBoardStore/boards/Xilinx/kcu1500/1.2/board.xml as part xcku115-flvb2104-2-e specified in board_part file is either invalid or not available
WARNING: [Board 49-26] cannot add Board Part xilinx.com:kd240_som:part0:1.0 available at C:/XILINX1/Vivado/2024.1/data/xhub/boards/XilinxBoardStore/boards/Xilinx/kd240_som/1.0/board.xml as part xck24-ubva530-2lv-c specified in board_part file is either invalid or not available
WARNING: [Board 49-26] cannot add Board Part xilinx.com:kr260_som:part0:1.0 available at C:/XILINX1/Vivado/2024.1/data/xhub/boards/XilinxBoardStore/boards/Xilinx/kr260_som/1.0/board.xml as part xck26-sfvc784-2lv-c specified in board_part file is either invalid or not available
WARNING: [Board 49-26] cannot add Board Part xilinx.com:kr260_som:part0:1.1 available at C:/XILINX1/Vivado/2024.1/data/xhub/boards/XilinxBoardStore/boards/Xilinx/kr260_som/1.1/board.xml as part xck26-sfvc784-2lv-c specified in board_part file is either invalid or not available
WARNING: [Board 49-26] cannot add Board Part xilinx.com:kv260_som:part0:1.2 available at C:/XILINX1/Vivado/2024.1/data/xhub/boards/XilinxBoardStore/boards/Xilinx/kv260_som/1.2/board.xml as part xck26-sfvc784-2lv-c specified in board_part file is either invalid or not available
WARNING: [Board 49-26] cannot add Board Part xilinx.com:kv260_som:part0:1.3 available at C:/XILINX1/Vivado/2024.1/data/xhub/boards/XilinxBoardStore/boards/Xilinx/kv260_som/1.3/board.xml as part xck26-sfvc784-2lv-c specified in board_part file is either invalid or not available
WARNING: [Board 49-26] cannot add Board Part xilinx.com:kv260_som:part0:1.4 available at C:/XILINX1/Vivado/2024.1/data/xhub/boards/XilinxBoardStore/boards/Xilinx/kv260_som/1.4/board.xml as part xck26-sfvc784-2lv-c specified in board_part file is either invalid or not available
WARNING: [Board 49-26] cannot add Board Part xilinx.com:sp701:part0:1.0 available at C:/XILINX1/Vivado/2024.1/data/xhub/boards/XilinxBoardStore/boards/Xilinx/sp701/1.0/board.xml as part xc7s100fgga676-2 specified in board_part file is either invalid or not available
WARNING: [Board 49-26] cannot add Board Part xilinx.com:sp701:part0:1.1 available at C:/XILINX1/Vivado/2024.1/data/xhub/boards/XilinxBoardStore/boards/Xilinx/sp701/1.1/board.xml as part xc7s100fgga676-2 specified in board_part file is either invalid or not available
WARNING: [Board 49-26] cannot add Board Part xilinx.com:vc707:part0:1.4 available at C:/XILINX1/Vivado/2024.1/data/xhub/boards/XilinxBoardStore/boards/Xilinx/vc707/1.4/board.xml as part xc7vx485tffg1761-2 specified in board_part file is either invalid or not available
WARNING: [Board 49-26] cannot add Board Part xilinx.com:vc709:part0:1.8 available at C:/XILINX1/Vivado/2024.1/data/xhub/boards/XilinxBoardStore/boards/Xilinx/vc709/1.8/board.xml as part xc7vx690tffg1761-2 specified in board_part file is either invalid or not available
WARNING: [Board 49-26] cannot add Board Part xilinx.com:vck190:part0:2.2 available at C:/XILINX1/Vivado/2024.1/data/xhub/boards/XilinxBoardStore/boards/Xilinx/vck190/production/2.2/board.xml as part xcvc1902-vsva2197-2mp-e-s specified in board_part file is either invalid or not available
WARNING: [Board 49-26] cannot add Board Part xilinx.com:vck190:part0:3.0 available at C:/XILINX1/Vivado/2024.1/data/xhub/boards/XilinxBoardStore/boards/Xilinx/vck190/production/3.0/board.xml as part xcvc1902-vsva2197-2mp-e-s specified in board_part file is either invalid or not available
WARNING: [Board 49-26] cannot add Board Part xilinx.com:vck190:part0:3.1 available at C:/XILINX1/Vivado/2024.1/data/xhub/boards/XilinxBoardStore/boards/Xilinx/vck190/production/3.1/board.xml as part xcvc1902-vsva2197-2mp-e-s specified in board_part file is either invalid or not available
WARNING: [Board 49-26] cannot add Board Part xilinx.com:vck190:part0:3.2 available at C:/XILINX1/Vivado/2024.1/data/xhub/boards/XilinxBoardStore/boards/Xilinx/vck190/production/3.2/board.xml as part xcvc1902-vsva2197-2mp-e-s specified in board_part file is either invalid or not available
WARNING: [Board 49-26] cannot add Board Part xilinx.com:vck190:part0:3.3 available at C:/XILINX1/Vivado/2024.1/data/xhub/boards/XilinxBoardStore/boards/Xilinx/vck190/production/3.3/board.xml as part xcvc1902-vsva2197-2mp-e-s specified in board_part file is either invalid or not available
WARNING: [Board 49-26] cannot add Board Part xilinx.com:vck190_newl:part0:1.0 available at C:/XILINX1/Vivado/2024.1/data/xhub/boards/XilinxBoardStore/boards/Xilinx/vck190_newl/production/1.0/board.xml as part xcvc1902-vsva2197-2mp-e-s specified in board_part file is either invalid or not available
WARNING: [Board 49-26] cannot add Board Part xilinx.com:vck190_newl:part0:1.1 available at C:/XILINX1/Vivado/2024.1/data/xhub/boards/XilinxBoardStore/boards/Xilinx/vck190_newl/production/1.1/board.xml as part xcvc1902-vsva2197-2mp-e-s specified in board_part file is either invalid or not available
WARNING: [Board 49-26] cannot add Board Part xilinx.com:vck190_newl:part0:1.2 available at C:/XILINX1/Vivado/2024.1/data/xhub/boards/XilinxBoardStore/boards/Xilinx/vck190_newl/production/1.2/board.xml as part xcvc1902-vsva2197-2mp-e-s specified in board_part file is either invalid or not available
WARNING: [Board 49-26] cannot add Board Part xilinx.com:vcu108:part0:1.6 available at C:/XILINX1/Vivado/2024.1/data/xhub/boards/XilinxBoardStore/boards/Xilinx/vcu108/1.6/board.xml as part xcvu095-ffva2104-2-e specified in board_part file is either invalid or not available
WARNING: [Board 49-26] cannot add Board Part xilinx.com:vcu108:part0:1.7 available at C:/XILINX1/Vivado/2024.1/data/xhub/boards/XilinxBoardStore/boards/Xilinx/vcu108/1.7/board.xml as part xcvu095-ffva2104-2-e specified in board_part file is either invalid or not available
WARNING: [Board 49-26] cannot add Board Part xilinx.com:vcu110:part0:1.4 available at C:/XILINX1/Vivado/2024.1/data/xhub/boards/XilinxBoardStore/boards/Xilinx/vcu110/1.4/board.xml as part xcvu190-flgc2104-2-e specified in board_part file is either invalid or not available
WARNING: [Board 49-26] cannot add Board Part xilinx.com:vcu118:part0:2.0 available at C:/XILINX1/Vivado/2024.1/data/xhub/boards/XilinxBoardStore/boards/Xilinx/vcu118/2.0/board.xml as part xcvu9p-flga2104-2l-e specified in board_part file is either invalid or not available
WARNING: [Board 49-26] cannot add Board Part xilinx.com:vcu118:part0:2.3 available at C:/XILINX1/Vivado/2024.1/data/xhub/boards/XilinxBoardStore/boards/Xilinx/vcu118/2.3/board.xml as part xcvu9p-flga2104-2l-e specified in board_part file is either invalid or not available
WARNING: [Board 49-26] cannot add Board Part xilinx.com:vcu118:part0:2.4 available at C:/XILINX1/Vivado/2024.1/data/xhub/boards/XilinxBoardStore/boards/Xilinx/vcu118/2.4/board.xml as part xcvu9p-flga2104-2l-e specified in board_part file is either invalid or not available
WARNING: [Board 49-26] cannot add Board Part xilinx.com:vcu128:part0:1.0 available at C:/XILINX1/Vivado/2024.1/data/xhub/boards/XilinxBoardStore/boards/Xilinx/vcu128/production/1.0/board.xml as part xcvu37p-fsvh2892-2l-e specified in board_part file is either invalid or not available
WARNING: [Board 49-26] cannot add Board Part xilinx.com:vcu129:part0:1.0 available at C:/XILINX1/Vivado/2024.1/data/xhub/boards/XilinxBoardStore/boards/Xilinx/vcu129/production/1.0/board.xml as part xcvu29p-fsga2577-2l-e specified in board_part file is either invalid or not available
WARNING: [Board 49-26] cannot add Board Part xilinx.com:vcu1525:part0:1.3 available at C:/XILINX1/Vivado/2024.1/data/xhub/boards/XilinxBoardStore/boards/Xilinx/vcu1525/1.3/board.xml as part xcvu9p-fsgd2104-2l-e specified in board_part file is either invalid or not available
WARNING: [Board 49-26] cannot add Board Part xilinx.com:vek280:part0:1.0 available at C:/XILINX1/Vivado/2024.1/data/xhub/boards/XilinxBoardStore/boards/Xilinx/vek280/production/1.0/board.xml as part xcve2802-vsvh1760-2mp-e-s specified in board_part file is either invalid or not available
WARNING: [Board 49-26] cannot add Board Part xilinx.com:vek280:part0:1.1 available at C:/XILINX1/Vivado/2024.1/data/xhub/boards/XilinxBoardStore/boards/Xilinx/vek280/production/1.1/board.xml as part xcve2802-vsvh1760-2mp-e-s specified in board_part file is either invalid or not available
WARNING: [Board 49-26] cannot add Board Part xilinx.com:vek280:part0:1.2 available at C:/XILINX1/Vivado/2024.1/data/xhub/boards/XilinxBoardStore/boards/Xilinx/vek280/production/1.2/board.xml as part xcve2802-vsvh1760-2mp-e-s specified in board_part file is either invalid or not available
WARNING: [Board 49-26] cannot add Board Part xilinx.com:vek280_es:part0:1.0 available at C:/XILINX1/Vivado/2024.1/data/xhub/boards/XilinxBoardStore/boards/Xilinx/vek280/es/rev_a/1.0/board.xml as part xcve2802-vsvh1760-2lp-e-s-es1 specified in board_part file is either invalid or not available
WARNING: [Board 49-26] cannot add Board Part xilinx.com:vek280_es:part0:1.1 available at C:/XILINX1/Vivado/2024.1/data/xhub/boards/XilinxBoardStore/boards/Xilinx/vek280/es/rev_a/1.1/board.xml as part xcve2802-vsvh1760-2lp-e-s-es1 specified in board_part file is either invalid or not available
WARNING: [Board 49-26] cannot add Board Part xilinx.com:vek280_es_revb:part0:1.0 available at C:/XILINX1/Vivado/2024.1/data/xhub/boards/XilinxBoardStore/boards/Xilinx/vek280/es/rev_b/1.0/board.xml as part xcve2802-vsvh1760-2mp-e-s-es1 specified in board_part file is either invalid or not available
WARNING: [Board 49-26] cannot add Board Part xilinx.com:vek280_es_revb:part0:1.1 available at C:/XILINX1/Vivado/2024.1/data/xhub/boards/XilinxBoardStore/boards/Xilinx/vek280/es/rev_b/1.1/board.xml as part xcve2802-vsvh1760-2mp-e-s-es1 specified in board_part file is either invalid or not available
WARNING: [Board 49-26] cannot add Board Part xilinx.com:vermeo_t1_mpsoc:part0:1.0 available at C:/XILINX1/Vivado/2024.1/data/xhub/boards/XilinxBoardStore/boards/Xilinx/vermeo_t1_mpsoc/1.0/board.xml as part xczu19eg-ffvd1760-2l-e specified in board_part file is either invalid or not available
WARNING: [Board 49-26] cannot add Board Part xilinx.com:vermeo_t1_rfsoc:part0:1.0 available at C:/XILINX1/Vivado/2024.1/data/xhub/boards/XilinxBoardStore/boards/Xilinx/vermeo_t1_rfsoc/1.0/board.xml as part xczu21dr-ffvd1156-2l-e specified in board_part file is either invalid or not available
WARNING: [Board 49-26] cannot add Board Part xilinx.com:vhk158:part0:1.0 available at C:/XILINX1/Vivado/2024.1/data/xhub/boards/XilinxBoardStore/boards/Xilinx/vhk158/production/1.0/board.xml as part xcvh1582-vsva3697-2mp-e-s specified in board_part file is either invalid or not available
WARNING: [Board 49-26] cannot add Board Part xilinx.com:vhk158:part0:1.1 available at C:/XILINX1/Vivado/2024.1/data/xhub/boards/XilinxBoardStore/boards/Xilinx/vhk158/production/1.1/board.xml as part xcvh1582-vsva3697-2mp-e-s specified in board_part file is either invalid or not available
WARNING: [Board 49-26] cannot add Board Part xilinx.com:vhk158_es:part0:1.0 available at C:/XILINX1/Vivado/2024.1/data/xhub/boards/XilinxBoardStore/boards/Xilinx/vhk158/es/1.0/board.xml as part xcvh1582-vsva3697-2mp-e-s-es1 specified in board_part file is either invalid or not available
WARNING: [Board 49-26] cannot add Board Part xilinx.com:vhk158_es:part0:1.1 available at C:/XILINX1/Vivado/2024.1/data/xhub/boards/XilinxBoardStore/boards/Xilinx/vhk158/es/1.1/board.xml as part xcvh1582-vsva3697-2mp-e-s-es1 specified in board_part file is either invalid or not available
WARNING: [Board 49-26] cannot add Board Part xilinx.com:vmk180:part0:2.2 available at C:/XILINX1/Vivado/2024.1/data/xhub/boards/XilinxBoardStore/boards/Xilinx/vmk180/production/2.2/board.xml as part xcvm1802-vsva2197-2mp-e-s specified in board_part file is either invalid or not available
WARNING: [Board 49-26] cannot add Board Part xilinx.com:vmk180:part0:3.0 available at C:/XILINX1/Vivado/2024.1/data/xhub/boards/XilinxBoardStore/boards/Xilinx/vmk180/production/3.0/board.xml as part xcvm1802-vsva2197-2mp-e-s specified in board_part file is either invalid or not available
WARNING: [Board 49-26] cannot add Board Part xilinx.com:vmk180:part0:3.1 available at C:/XILINX1/Vivado/2024.1/data/xhub/boards/XilinxBoardStore/boards/Xilinx/vmk180/production/3.1/board.xml as part xcvm1802-vsva2197-2mp-e-s specified in board_part file is either invalid or not available
WARNING: [Board 49-26] cannot add Board Part xilinx.com:vmk180:part0:3.2 available at C:/XILINX1/Vivado/2024.1/data/xhub/boards/XilinxBoardStore/boards/Xilinx/vmk180/production/3.2/board.xml as part xcvm1802-vsva2197-2mp-e-s specified in board_part file is either invalid or not available
WARNING: [Board 49-26] cannot add Board Part xilinx.com:vmk180_newl:part0:1.0 available at C:/XILINX1/Vivado/2024.1/data/xhub/boards/XilinxBoardStore/boards/Xilinx/vmk180_newl/production/1.0/board.xml as part xcvm1802-vsva2197-2mp-e-s specified in board_part file is either invalid or not available
WARNING: [Board 49-26] cannot add Board Part xilinx.com:vmk180_newl:part0:1.1 available at C:/XILINX1/Vivado/2024.1/data/xhub/boards/XilinxBoardStore/boards/Xilinx/vmk180_newl/production/1.1/board.xml as part xcvm1802-vsva2197-2mp-e-s specified in board_part file is either invalid or not available
WARNING: [Board 49-26] cannot add Board Part xilinx.com:vpk120:part0:1.0 available at C:/XILINX1/Vivado/2024.1/data/xhub/boards/XilinxBoardStore/boards/Xilinx/vpk120/production/1.0/board.xml as part xcvp1202-vsva2785-2mp-e-s specified in board_part file is either invalid or not available
WARNING: [Board 49-26] cannot add Board Part xilinx.com:vpk120:part0:1.1 available at C:/XILINX1/Vivado/2024.1/data/xhub/boards/XilinxBoardStore/boards/Xilinx/vpk120/production/1.1/board.xml as part xcvp1202-vsva2785-2mp-e-s specified in board_part file is either invalid or not available
WARNING: [Board 49-26] cannot add Board Part xilinx.com:vpk120:part0:1.2 available at C:/XILINX1/Vivado/2024.1/data/xhub/boards/XilinxBoardStore/boards/Xilinx/vpk120/production/1.2/board.xml as part xcvp1202-vsva2785-2mp-e-s specified in board_part file is either invalid or not available
WARNING: [Board 49-26] cannot add Board Part xilinx.com:vpk180:part0:1.0 available at C:/XILINX1/Vivado/2024.1/data/xhub/boards/XilinxBoardStore/boards/Xilinx/vpk180/production/1.0/board.xml as part xcvp1802-lsvc4072-2mp-e-s specified in board_part file is either invalid or not available
WARNING: [Board 49-26] cannot add Board Part xilinx.com:vpk180:part0:1.1 available at C:/XILINX1/Vivado/2024.1/data/xhub/boards/XilinxBoardStore/boards/Xilinx/vpk180/production/1.1/board.xml as part xcvp1802-lsvc4072-2mp-e-s specified in board_part file is either invalid or not available
WARNING: [Board 49-26] cannot add Board Part xilinx.com:vpk180:part0:1.2 available at C:/XILINX1/Vivado/2024.1/data/xhub/boards/XilinxBoardStore/boards/Xilinx/vpk180/production/1.2/board.xml as part xcvp1802-lsvc4072-2mp-e-s specified in board_part file is either invalid or not available
WARNING: [Board 49-26] cannot add Board Part xilinx.com:zc702:part0:1.4 available at C:/XILINX1/Vivado/2024.1/data/xhub/boards/XilinxBoardStore/boards/Xilinx/zc702/1.4/board.xml as part xc7z020clg484-1 specified in board_part file is either invalid or not available
WARNING: [Board 49-26] cannot add Board Part xilinx.com:zc706:part0:1.4 available at C:/XILINX1/Vivado/2024.1/data/xhub/boards/XilinxBoardStore/boards/Xilinx/zc706/1.4/board.xml as part xc7z045ffg900-2 specified in board_part file is either invalid or not available
WARNING: [Board 49-26] cannot add Board Part xilinx.com:zcu102:part0:3.3 available at C:/XILINX1/Vivado/2024.1/data/xhub/boards/XilinxBoardStore/boards/Xilinx/zcu102/3.3/board.xml as part xczu9eg-ffvb1156-2-e specified in board_part file is either invalid or not available
WARNING: [Board 49-26] cannot add Board Part xilinx.com:zcu102:part0:3.4 available at C:/XILINX1/Vivado/2024.1/data/xhub/boards/XilinxBoardStore/boards/Xilinx/zcu102/3.4/board.xml as part xczu9eg-ffvb1156-2-e specified in board_part file is either invalid or not available
WARNING: [Board 49-26] cannot add Board Part xilinx.com:zcu104:part0:1.1 available at C:/XILINX1/Vivado/2024.1/data/xhub/boards/XilinxBoardStore/boards/Xilinx/zcu104/1.1/board.xml as part xczu7ev-ffvc1156-2-e specified in board_part file is either invalid or not available
WARNING: [Board 49-26] cannot add Board Part xilinx.com:zcu106:part0:2.4 available at C:/XILINX1/Vivado/2024.1/data/xhub/boards/XilinxBoardStore/boards/Xilinx/zcu106/2.4/board.xml as part xczu7ev-ffvc1156-2-e specified in board_part file is either invalid or not available
WARNING: [Board 49-26] cannot add Board Part xilinx.com:zcu106:part0:2.5 available at C:/XILINX1/Vivado/2024.1/data/xhub/boards/XilinxBoardStore/boards/Xilinx/zcu106/2.5/board.xml as part xczu7ev-ffvc1156-2-e specified in board_part file is either invalid or not available
WARNING: [Board 49-26] cannot add Board Part xilinx.com:zcu106:part0:2.6 available at C:/XILINX1/Vivado/2024.1/data/xhub/boards/XilinxBoardStore/boards/Xilinx/zcu106/2.6/board.xml as part xczu7ev-ffvc1156-2-e specified in board_part file is either invalid or not available
WARNING: [Board 49-26] cannot add Board Part xilinx.com:zcu111:part0:1.2 available at C:/XILINX1/Vivado/2024.1/data/xhub/boards/XilinxBoardStore/boards/Xilinx/zcu111/1.2/board.xml as part xczu28dr-ffvg1517-2-e specified in board_part file is either invalid or not available
WARNING: [Board 49-26] cannot add Board Part xilinx.com:zcu111:part0:1.3 available at C:/XILINX1/Vivado/2024.1/data/xhub/boards/XilinxBoardStore/boards/Xilinx/zcu111/1.3/board.xml as part xczu28dr-ffvg1517-2-e specified in board_part file is either invalid or not available
WARNING: [Board 49-26] cannot add Board Part xilinx.com:zcu111:part0:1.4 available at C:/XILINX1/Vivado/2024.1/data/xhub/boards/XilinxBoardStore/boards/Xilinx/zcu111/1.4/board.xml as part xczu28dr-ffvg1517-2-e specified in board_part file is either invalid or not available
WARNING: [Board 49-26] cannot add Board Part xilinx.com:zcu1275:part0:1.0 available at C:/XILINX1/Vivado/2024.1/data/xhub/boards/XilinxBoardStore/boards/Xilinx/zcu1275/1.0/board.xml as part xczu29dr-ffvf1760-2-e specified in board_part file is either invalid or not available
WARNING: [Board 49-26] cannot add Board Part xilinx.com:zcu1285:part0:1.0 available at C:/XILINX1/Vivado/2024.1/data/xhub/boards/XilinxBoardStore/boards/Xilinx/zcu1285/1.0/board.xml as part xczu39dr-ffvf1760-2-i specified in board_part file is either invalid or not available
WARNING: [Board 49-26] cannot add Board Part xilinx.com:zcu208:part0:2.0 available at C:/XILINX1/Vivado/2024.1/data/xhub/boards/XilinxBoardStore/boards/Xilinx/zcu208/production/2.0/board.xml as part xczu48dr-fsvg1517-2-e specified in board_part file is either invalid or not available
WARNING: [Board 49-26] cannot add Board Part xilinx.com:zcu208ld:part0:2.0 available at C:/XILINX1/Vivado/2024.1/data/xhub/boards/XilinxBoardStore/boards/Xilinx/zcu208ld/production/2.0/board.xml as part xczu58dr-fsvg1517-2-i specified in board_part file is either invalid or not available
INFO: [Common 17-14] Message 'Board 49-26' appears 100 times and further instances of the messages will be disabled. Use the Tcl command set_msg_config to change the current settings.
Scanning sources...
Finished scanning sources
INFO: [IP_Flow 19-234] Refreshing IP repositories
INFO: [IP_Flow 19-1704] No user IP repositories specified
INFO: [IP_Flow 19-2313] Loaded Vivado IP repository 'C:/XILINX1/Vivado/2024.1/data/ip'.
open_project: Time (s): cpu = 00:00:25 ; elapsed = 00:00:17 . Memory (MB): peak = 1608.086 ; gain = 492.750
update_compile_order -fileset sources_1
launch_simulation
Command: launch_simulation 
INFO: [Vivado 12-12493] Simulation top is 'GAME_PLAY_TB'
WARNING: [Vivado 12-13340] Unable to auto find GCC executables from simulator install path! (path not set)
INFO: [Vivado 12-5682] Launching behavioral simulation in 'C:/Users/ivano/OneDrive/Documentos/GitHub/VHDL-SnakeGame/SnakeGame/SnakeGame.sim/sim_1/behav/xsim'
INFO: [SIM-utils-51] Simulation object is 'sim_1'
INFO: [SIM-utils-72] Using boost library from 'C:/XILINX1/Vivado/2024.1/tps/boost_1_72_0'
INFO: [USF-XSim-7] Finding pre-compiled libraries...
INFO: [USF-XSim-11] File 'C:/XILINX1/Vivado/2024.1/data/xsim/xsim.ini' copied to run dir:'C:/Users/ivano/OneDrive/Documentos/GitHub/VHDL-SnakeGame/SnakeGame/SnakeGame.sim/sim_1/behav/xsim'
INFO: [SIM-utils-54] Inspecting design source files for 'GAME_PLAY_TB' in fileset 'sim_1'...
INFO: [USF-XSim-97] Finding global include files...
INFO: [USF-XSim-98] Fetching design files from 'sim_1'...
INFO: [USF-XSim-2] XSim::Compile design
INFO: [USF-XSim-61] Executing 'COMPILE and ANALYZE' step in 'C:/Users/ivano/OneDrive/Documentos/GitHub/VHDL-SnakeGame/SnakeGame/SnakeGame.sim/sim_1/behav/xsim'
"xvhdl --incr --relax -prj GAME_PLAY_TB_vhdl.prj"
INFO: [VRFC 10-163] Analyzing VHDL file "C:/Users/ivano/OneDrive/Documentos/GitHub/VHDL-SnakeGame/SnakeGame/SnakeGame.srcs/sources_1/new/GAME_PLAY.vhd" into library xil_defaultlib
INFO: [VRFC 10-3107] analyzing entity 'GAME_Play'
INFO: [USF-XSim-69] 'compile' step finished in '3' seconds
INFO: [USF-XSim-3] XSim::Elaborate design
INFO: [USF-XSim-61] Executing 'ELABORATE' step in 'C:/Users/ivano/OneDrive/Documentos/GitHub/VHDL-SnakeGame/SnakeGame/SnakeGame.sim/sim_1/behav/xsim'
"xelab --incr --debug typical --relax --mt 2 -L xil_defaultlib -L secureip -L xpm --snapshot GAME_PLAY_TB_behav xil_defaultlib.GAME_PLAY_TB -log elaborate.log"
Vivado Simulator v2024.1
Copyright 1986-2022 Xilinx, Inc. All Rights Reserved.
Copyright 2022-2024 Advanced Micro Devices, Inc. All Rights Reserved.
Running: C:/XILINX1/Vivado/2024.1/bin/unwrapped/win64.o/xelab.exe --incr --debug typical --relax --mt 2 -L xil_defaultlib -L secureip -L xpm --snapshot GAME_PLAY_TB_behav xil_defaultlib.GAME_PLAY_TB -log elaborate.log 
Using 2 slave threads.
Starting static elaboration
ERROR: [VRFC 10-3006] 'C:/Users/ivano/OneDrive/Documentos/GitHub/VHDL-SnakeGame/SnakeGame/SnakeGame.sim/sim_1/behav/xsim/xsim.dir/xil_defaultlib/move_init.vdb' needs to be re-saved since 'xil_defaultlib.types' changed
ERROR: [VRFC 10-3032] 'xil_defaultlib.move_init' failed to restore
ERROR: [VRFC 10-3006] 'C:/Users/ivano/OneDrive/Documentos/GitHub/VHDL-SnakeGame/SnakeGame/SnakeGame.sim/sim_1/behav/xsim/xsim.dir/xil_defaultlib/move_init.vdb' needs to be re-saved since 'xil_defaultlib.types' changed
ERROR: [VRFC 10-3032] 'xil_defaultlib.move_init' failed to restore
ERROR: [VRFC 10-3006] 'C:/Users/ivano/OneDrive/Documentos/GitHub/VHDL-SnakeGame/SnakeGame/SnakeGame.sim/sim_1/behav/xsim/xsim.dir/xil_defaultlib/move_init.vdb' needs to be re-saved since 'xil_defaultlib.types' changed
ERROR: [VRFC 10-3032] 'xil_defaultlib.move_init' failed to restore
WARNING: [VRFC 10-4940] 'move_init' remains a black box since it has no binding entity [C:/Users/ivano/OneDrive/Documentos/GitHub/VHDL-SnakeGame/SnakeGame/SnakeGame.srcs/sources_1/new/GAME_PLAY.vhd:281]
ERROR: [XSIM 43-3321] Static elaboration of top level VHDL design unit game_play_tb in library work failed.
INFO: [USF-XSim-69] 'elaborate' step finished in '3' seconds
INFO: [USF-XSim-99] Step results log file:'C:/Users/ivano/OneDrive/Documentos/GitHub/VHDL-SnakeGame/SnakeGame/SnakeGame.sim/sim_1/behav/xsim/elaborate.log'
ERROR: [USF-XSim-62] 'elaborate' step failed with error(s). Please check the Tcl console output or 'C:/Users/ivano/OneDrive/Documentos/GitHub/VHDL-SnakeGame/SnakeGame/SnakeGame.sim/sim_1/behav/xsim/elaborate.log' file for more information.
ERROR: [Vivado 12-4473] Detected error while running simulation. Please correct the issue and retry this operation.
launch_simulation: Time (s): cpu = 00:00:01 ; elapsed = 00:00:07 . Memory (MB): peak = 1625.691 ; gain = 13.477
ERROR: [Common 17-39] 'launch_simulation' failed due to earlier errors.
WARNING: [filemgmt 56-199] Attempt to get parsing info during refresh. "On-the-fly" syntax checking information may be incorrect. [C:\Users\ivano\OneDrive\Documentos\GitHub\VHDL-SnakeGame\SnakeGame\SnakeGame.srcs\sources_1\new\GAME_PLAY.vhd:]
WARNING: [filemgmt 56-199] Attempt to get parsing info during refresh. "On-the-fly" syntax checking information may be incorrect. [C:\Users\ivano\OneDrive\Documentos\GitHub\VHDL-SnakeGame\SnakeGame\SnakeGame.srcs\sources_1\new\MOVE_Init.vhd:]
WARNING: [filemgmt 56-199] Attempt to get parsing info during refresh. "On-the-fly" syntax checking information may be incorrect. [C:\Users\ivano\OneDrive\Documentos\GitHub\VHDL-SnakeGame\SnakeGame\SnakeGame.srcs\sim_1\new\GAME_PLAY_TB.vhd:]
WARNING: [filemgmt 56-199] Attempt to get parsing info during refresh. "On-the-fly" syntax checking information may be incorrect. [C:\Users\ivano\OneDrive\Documentos\GitHub\VHDL-SnakeGame\SnakeGame\SnakeGame.srcs\sim_1\new\GAME_PLAY_TB.vhd:]
WARNING: [filemgmt 56-199] Attempt to get parsing info during refresh. "On-the-fly" syntax checking information may be incorrect. [C:\Users\ivano\OneDrive\Documentos\GitHub\VHDL-SnakeGame\SnakeGame\SnakeGame.srcs\sim_1\new\GAME_PLAY_TB.vhd:]
WARNING: [filemgmt 56-199] Attempt to get parsing info during refresh. "On-the-fly" syntax checking information may be incorrect. [C:\Users\ivano\OneDrive\Documentos\GitHub\VHDL-SnakeGame\SnakeGame\SnakeGame.srcs\sources_1\new\GAME_PLAY.vhd:]
WARNING: [filemgmt 56-199] Attempt to get parsing info during refresh. "On-the-fly" syntax checking information may be incorrect. [C:\Users\ivano\OneDrive\Documentos\GitHub\VHDL-SnakeGame\SnakeGame\SnakeGame.srcs\sources_1\new\MOVE_Init.vhd:]
WARNING: [filemgmt 56-199] Attempt to get parsing info during refresh. "On-the-fly" syntax checking information may be incorrect. [C:\Users\ivano\OneDrive\Documentos\GitHub\VHDL-SnakeGame\SnakeGame\SnakeGame.srcs\sim_1\new\GAME_PLAY_TB.vhd:]
WARNING: [filemgmt 56-199] Attempt to get parsing info during refresh. "On-the-fly" syntax checking information may be incorrect. [C:\Users\ivano\OneDrive\Documentos\GitHub\VHDL-SnakeGame\SnakeGame\SnakeGame.srcs\sources_1\new\GAME_PLAY.vhd:]
WARNING: [filemgmt 56-199] Attempt to get parsing info during refresh. "On-the-fly" syntax checking information may be incorrect. [C:\Users\ivano\OneDrive\Documentos\GitHub\VHDL-SnakeGame\SnakeGame\SnakeGame.srcs\sources_1\new\GAME_PLAY.vhd:]
launch_simulation
Command: launch_simulation 
INFO: [Vivado 12-12493] Simulation top is 'GAME_PLAY_TB'
WARNING: [Vivado 12-13340] Unable to auto find GCC executables from simulator install path! (path not set)
INFO: [Vivado 12-5682] Launching behavioral simulation in 'C:/Users/ivano/OneDrive/Documentos/GitHub/VHDL-SnakeGame/SnakeGame/SnakeGame.sim/sim_1/behav/xsim'
INFO: [SIM-utils-51] Simulation object is 'sim_1'
INFO: [SIM-utils-72] Using boost library from 'C:/XILINX1/Vivado/2024.1/tps/boost_1_72_0'
INFO: [USF-XSim-7] Finding pre-compiled libraries...
INFO: [USF-XSim-11] File 'C:/XILINX1/Vivado/2024.1/data/xsim/xsim.ini' copied to run dir:'C:/Users/ivano/OneDrive/Documentos/GitHub/VHDL-SnakeGame/SnakeGame/SnakeGame.sim/sim_1/behav/xsim'
INFO: [SIM-utils-54] Inspecting design source files for 'GAME_PLAY_TB' in fileset 'sim_1'...
INFO: [USF-XSim-97] Finding global include files...
INFO: [USF-XSim-98] Fetching design files from 'sim_1'...
INFO: [USF-XSim-2] XSim::Compile design
INFO: [USF-XSim-61] Executing 'COMPILE and ANALYZE' step in 'C:/Users/ivano/OneDrive/Documentos/GitHub/VHDL-SnakeGame/SnakeGame/SnakeGame.sim/sim_1/behav/xsim'
"xvhdl --incr --relax -prj GAME_PLAY_TB_vhdl.prj"
INFO: [VRFC 10-163] Analyzing VHDL file "C:/Users/ivano/OneDrive/Documentos/GitHub/VHDL-SnakeGame/SnakeGame/SnakeGame.srcs/sources_1/new/GAME_PLAY.vhd" into library xil_defaultlib
INFO: [VRFC 10-3107] analyzing entity 'GAME_Play'
INFO: [USF-XSim-69] 'compile' step finished in '3' seconds
INFO: [USF-XSim-3] XSim::Elaborate design
INFO: [USF-XSim-61] Executing 'ELABORATE' step in 'C:/Users/ivano/OneDrive/Documentos/GitHub/VHDL-SnakeGame/SnakeGame/SnakeGame.sim/sim_1/behav/xsim'
"xelab --incr --debug typical --relax --mt 2 -L xil_defaultlib -L secureip -L xpm --snapshot GAME_PLAY_TB_behav xil_defaultlib.GAME_PLAY_TB -log elaborate.log"
Vivado Simulator v2024.1
Copyright 1986-2022 Xilinx, Inc. All Rights Reserved.
Copyright 2022-2024 Advanced Micro Devices, Inc. All Rights Reserved.
Running: C:/XILINX1/Vivado/2024.1/bin/unwrapped/win64.o/xelab.exe --incr --debug typical --relax --mt 2 -L xil_defaultlib -L secureip -L xpm --snapshot GAME_PLAY_TB_behav xil_defaultlib.GAME_PLAY_TB -log elaborate.log 
Using 2 slave threads.
Starting static elaboration
ERROR: [VRFC 10-3006] 'C:/Users/ivano/OneDrive/Documentos/GitHub/VHDL-SnakeGame/SnakeGame/SnakeGame.sim/sim_1/behav/xsim/xsim.dir/xil_defaultlib/move_init.vdb' needs to be re-saved since 'xil_defaultlib.types' changed
ERROR: [VRFC 10-3032] 'xil_defaultlib.move_init' failed to restore
ERROR: [VRFC 10-3006] 'C:/Users/ivano/OneDrive/Documentos/GitHub/VHDL-SnakeGame/SnakeGame/SnakeGame.sim/sim_1/behav/xsim/xsim.dir/xil_defaultlib/move_init.vdb' needs to be re-saved since 'xil_defaultlib.types' changed
ERROR: [VRFC 10-3032] 'xil_defaultlib.move_init' failed to restore
ERROR: [VRFC 10-3006] 'C:/Users/ivano/OneDrive/Documentos/GitHub/VHDL-SnakeGame/SnakeGame/SnakeGame.sim/sim_1/behav/xsim/xsim.dir/xil_defaultlib/move_init.vdb' needs to be re-saved since 'xil_defaultlib.types' changed
ERROR: [VRFC 10-3032] 'xil_defaultlib.move_init' failed to restore
WARNING: [VRFC 10-4940] 'move_init' remains a black box since it has no binding entity [C:/Users/ivano/OneDrive/Documentos/GitHub/VHDL-SnakeGame/SnakeGame/SnakeGame.srcs/sources_1/new/GAME_PLAY.vhd:282]
ERROR: [XSIM 43-3321] Static elaboration of top level VHDL design unit game_play_tb in library work failed.
INFO: [USF-XSim-69] 'elaborate' step finished in '4' seconds
INFO: [USF-XSim-99] Step results log file:'C:/Users/ivano/OneDrive/Documentos/GitHub/VHDL-SnakeGame/SnakeGame/SnakeGame.sim/sim_1/behav/xsim/elaborate.log'
ERROR: [USF-XSim-62] 'elaborate' step failed with error(s). Please check the Tcl console output or 'C:/Users/ivano/OneDrive/Documentos/GitHub/VHDL-SnakeGame/SnakeGame/SnakeGame.sim/sim_1/behav/xsim/elaborate.log' file for more information.
ERROR: [Vivado 12-4473] Detected error while running simulation. Please correct the issue and retry this operation.
launch_simulation: Time (s): cpu = 00:00:00 ; elapsed = 00:00:07 . Memory (MB): peak = 1649.996 ; gain = 0.000
ERROR: [Common 17-39] 'launch_simulation' failed due to earlier errors.
WARNING: [filemgmt 56-199] Attempt to get parsing info during refresh. "On-the-fly" syntax checking information may be incorrect. [C:\Users\ivano\OneDrive\Documentos\GitHub\VHDL-SnakeGame\SnakeGame\SnakeGame.srcs\sources_1\new\Types.vhd:]
WARNING: [filemgmt 56-199] Attempt to get parsing info during refresh. "On-the-fly" syntax checking information may be incorrect. [C:\Users\ivano\OneDrive\Documentos\GitHub\VHDL-SnakeGame\SnakeGame\SnakeGame.srcs\sources_1\new\GAME_PLAY.vhd:]
WARNING: [filemgmt 56-199] Attempt to get parsing info during refresh. "On-the-fly" syntax checking information may be incorrect. [C:\Users\ivano\OneDrive\Documentos\GitHub\VHDL-SnakeGame\SnakeGame\SnakeGame.srcs\sources_1\new\MOVE_Init.vhd:]
WARNING: [filemgmt 56-199] Attempt to get parsing info during refresh. "On-the-fly" syntax checking information may be incorrect. [C:\Users\ivano\OneDrive\Documentos\GitHub\VHDL-SnakeGame\SnakeGame\SnakeGame.srcs\sim_1\new\GAME_PLAY_TB.vhd:]
WARNING: [filemgmt 56-199] Attempt to get parsing info during refresh. "On-the-fly" syntax checking information may be incorrect. [C:\Users\ivano\OneDrive\Documentos\GitHub\VHDL-SnakeGame\SnakeGame\SnakeGame.srcs\sim_1\new\GAME_PLAY_TB.vhd:]
WARNING: [filemgmt 56-199] Attempt to get parsing info during refresh. "On-the-fly" syntax checking information may be incorrect. [C:\Users\ivano\OneDrive\Documentos\GitHub\VHDL-SnakeGame\SnakeGame\SnakeGame.srcs\sim_1\new\GAME_PLAY_TB.vhd:]
WARNING: [filemgmt 56-199] Attempt to get parsing info during refresh. "On-the-fly" syntax checking information may be incorrect. [C:\Users\ivano\OneDrive\Documentos\GitHub\VHDL-SnakeGame\SnakeGame\SnakeGame.srcs\sources_1\new\Types.vhd:]
WARNING: [filemgmt 56-199] Attempt to get parsing info during refresh. "On-the-fly" syntax checking information may be incorrect. [C:\Users\ivano\OneDrive\Documentos\GitHub\VHDL-SnakeGame\SnakeGame\SnakeGame.srcs\sources_1\new\GAME_PLAY.vhd:]
WARNING: [filemgmt 56-199] Attempt to get parsing info during refresh. "On-the-fly" syntax checking information may be incorrect. [C:\Users\ivano\OneDrive\Documentos\GitHub\VHDL-SnakeGame\SnakeGame\SnakeGame.srcs\sources_1\new\MOVE_Init.vhd:]
WARNING: [filemgmt 56-199] Attempt to get parsing info during refresh. "On-the-fly" syntax checking information may be incorrect. [C:\Users\ivano\OneDrive\Documentos\GitHub\VHDL-SnakeGame\SnakeGame\SnakeGame.srcs\sim_1\new\GAME_PLAY_TB.vhd:]
WARNING: [filemgmt 56-199] Attempt to get parsing info during refresh. "On-the-fly" syntax checking information may be incorrect. [C:\Users\ivano\OneDrive\Documentos\GitHub\VHDL-SnakeGame\SnakeGame\SnakeGame.srcs\sources_1\new\Types.vhd:]
WARNING: [filemgmt 56-199] Attempt to get parsing info during refresh. "On-the-fly" syntax checking information may be incorrect. [C:\Users\ivano\OneDrive\Documentos\GitHub\VHDL-SnakeGame\SnakeGame\SnakeGame.srcs\sources_1\new\Types.vhd:]
ERROR: [Common 17-180] Spawn failed: No error
ERROR: [Common 17-180] Spawn failed: No error
launch_simulation
Command: launch_simulation 
INFO: [Vivado 12-12493] Simulation top is 'GAME_PLAY_TB'
WARNING: [Vivado 12-13340] Unable to auto find GCC executables from simulator install path! (path not set)
INFO: [Vivado 12-5682] Launching behavioral simulation in 'C:/Users/ivano/OneDrive/Documentos/GitHub/VHDL-SnakeGame/SnakeGame/SnakeGame.sim/sim_1/behav/xsim'
INFO: [SIM-utils-51] Simulation object is 'sim_1'
INFO: [SIM-utils-72] Using boost library from 'C:/XILINX1/Vivado/2024.1/tps/boost_1_72_0'
INFO: [USF-XSim-7] Finding pre-compiled libraries...
INFO: [USF-XSim-11] File 'C:/XILINX1/Vivado/2024.1/data/xsim/xsim.ini' copied to run dir:'C:/Users/ivano/OneDrive/Documentos/GitHub/VHDL-SnakeGame/SnakeGame/SnakeGame.sim/sim_1/behav/xsim'
INFO: [SIM-utils-54] Inspecting design source files for 'GAME_PLAY_TB' in fileset 'sim_1'...
INFO: [USF-XSim-97] Finding global include files...
INFO: [USF-XSim-98] Fetching design files from 'sim_1'...
INFO: [USF-XSim-2] XSim::Compile design
INFO: [USF-XSim-61] Executing 'COMPILE and ANALYZE' step in 'C:/Users/ivano/OneDrive/Documentos/GitHub/VHDL-SnakeGame/SnakeGame/SnakeGame.sim/sim_1/behav/xsim'
"xvhdl --incr --relax -prj GAME_PLAY_TB_vhdl.prj"
INFO: [VRFC 10-163] Analyzing VHDL file "C:/Users/ivano/OneDrive/Documentos/GitHub/VHDL-SnakeGame/SnakeGame/SnakeGame.srcs/sim_1/new/GAME_PLAY_TB.vhd" into library xil_defaultlib
INFO: [VRFC 10-3107] analyzing entity 'GAME_PLAY_TB'
INFO: [USF-XSim-69] 'compile' step finished in '2' seconds
INFO: [USF-XSim-3] XSim::Elaborate design
INFO: [USF-XSim-61] Executing 'ELABORATE' step in 'C:/Users/ivano/OneDrive/Documentos/GitHub/VHDL-SnakeGame/SnakeGame/SnakeGame.sim/sim_1/behav/xsim'
"xelab --incr --debug typical --relax --mt 2 -L xil_defaultlib -L secureip -L xpm --snapshot GAME_PLAY_TB_behav xil_defaultlib.GAME_PLAY_TB -log elaborate.log"
Vivado Simulator v2024.1
Copyright 1986-2022 Xilinx, Inc. All Rights Reserved.
Copyright 2022-2024 Advanced Micro Devices, Inc. All Rights Reserved.
Running: C:/XILINX1/Vivado/2024.1/bin/unwrapped/win64.o/xelab.exe --incr --debug typical --relax --mt 2 -L xil_defaultlib -L secureip -L xpm --snapshot GAME_PLAY_TB_behav xil_defaultlib.GAME_PLAY_TB -log elaborate.log 
Using 2 slave threads.
Starting static elaboration
ERROR: [VRFC 10-3006] 'C:/Users/ivano/OneDrive/Documentos/GitHub/VHDL-SnakeGame/SnakeGame/SnakeGame.sim/sim_1/behav/xsim/xsim.dir/xil_defaultlib/move_init.vdb' needs to be re-saved since 'xil_defaultlib.types' changed
ERROR: [VRFC 10-3032] 'xil_defaultlib.move_init' failed to restore
ERROR: [VRFC 10-3006] 'C:/Users/ivano/OneDrive/Documentos/GitHub/VHDL-SnakeGame/SnakeGame/SnakeGame.sim/sim_1/behav/xsim/xsim.dir/xil_defaultlib/move_init.vdb' needs to be re-saved since 'xil_defaultlib.types' changed
ERROR: [VRFC 10-3032] 'xil_defaultlib.move_init' failed to restore
ERROR: [VRFC 10-3006] 'C:/Users/ivano/OneDrive/Documentos/GitHub/VHDL-SnakeGame/SnakeGame/SnakeGame.sim/sim_1/behav/xsim/xsim.dir/xil_defaultlib/move_init.vdb' needs to be re-saved since 'xil_defaultlib.types' changed
ERROR: [VRFC 10-3032] 'xil_defaultlib.move_init' failed to restore
WARNING: [VRFC 10-4940] 'move_init' remains a black box since it has no binding entity [C:/Users/ivano/OneDrive/Documentos/GitHub/VHDL-SnakeGame/SnakeGame/SnakeGame.srcs/sources_1/new/GAME_PLAY.vhd:282]
ERROR: [XSIM 43-3321] Static elaboration of top level VHDL design unit game_play_tb in library work failed.
INFO: [USF-XSim-69] 'elaborate' step finished in '4' seconds
INFO: [USF-XSim-99] Step results log file:'C:/Users/ivano/OneDrive/Documentos/GitHub/VHDL-SnakeGame/SnakeGame/SnakeGame.sim/sim_1/behav/xsim/elaborate.log'
ERROR: [USF-XSim-62] 'elaborate' step failed with error(s). Please check the Tcl console output or 'C:/Users/ivano/OneDrive/Documentos/GitHub/VHDL-SnakeGame/SnakeGame/SnakeGame.sim/sim_1/behav/xsim/elaborate.log' file for more information.
ERROR: [Vivado 12-4473] Detected error while running simulation. Please correct the issue and retry this operation.
launch_simulation: Time (s): cpu = 00:00:01 ; elapsed = 00:00:08 . Memory (MB): peak = 1649.996 ; gain = 0.000
ERROR: [Common 17-39] 'launch_simulation' failed due to earlier errors.
WARNING: [filemgmt 56-199] Attempt to get parsing info during refresh. "On-the-fly" syntax checking information may be incorrect. [C:\Users\ivano\OneDrive\Documentos\GitHub\VHDL-SnakeGame\SnakeGame\SnakeGame.srcs\sources_1\new\Types.vhd:]
WARNING: [filemgmt 56-199] Attempt to get parsing info during refresh. "On-the-fly" syntax checking information may be incorrect. [C:\Users\ivano\OneDrive\Documentos\GitHub\VHDL-SnakeGame\SnakeGame\SnakeGame.srcs\sources_1\new\GAME_PLAY.vhd:]
WARNING: [filemgmt 56-199] Attempt to get parsing info during refresh. "On-the-fly" syntax checking information may be incorrect. [C:\Users\ivano\OneDrive\Documentos\GitHub\VHDL-SnakeGame\SnakeGame\SnakeGame.srcs\sources_1\new\MOVE_Init.vhd:]
WARNING: [filemgmt 56-199] Attempt to get parsing info during refresh. "On-the-fly" syntax checking information may be incorrect. [C:\Users\ivano\OneDrive\Documentos\GitHub\VHDL-SnakeGame\SnakeGame\SnakeGame.srcs\sim_1\new\GAME_PLAY_TB.vhd:]
WARNING: [filemgmt 56-199] Attempt to get parsing info during refresh. "On-the-fly" syntax checking information may be incorrect. [C:\Users\ivano\OneDrive\Documentos\GitHub\VHDL-SnakeGame\SnakeGame\SnakeGame.srcs\sim_1\new\GAME_PLAY_TB.vhd:]
WARNING: [filemgmt 56-199] Attempt to get parsing info during refresh. "On-the-fly" syntax checking information may be incorrect. [C:\Users\ivano\OneDrive\Documentos\GitHub\VHDL-SnakeGame\SnakeGame\SnakeGame.srcs\sim_1\new\GAME_PLAY_TB.vhd:]
WARNING: [filemgmt 56-199] Attempt to get parsing info during refresh. "On-the-fly" syntax checking information may be incorrect. [C:\Users\ivano\OneDrive\Documentos\GitHub\VHDL-SnakeGame\SnakeGame\SnakeGame.srcs\sources_1\new\Types.vhd:]
WARNING: [filemgmt 56-199] Attempt to get parsing info during refresh. "On-the-fly" syntax checking information may be incorrect. [C:\Users\ivano\OneDrive\Documentos\GitHub\VHDL-SnakeGame\SnakeGame\SnakeGame.srcs\sources_1\new\GAME_PLAY.vhd:]
WARNING: [filemgmt 56-199] Attempt to get parsing info during refresh. "On-the-fly" syntax checking information may be incorrect. [C:\Users\ivano\OneDrive\Documentos\GitHub\VHDL-SnakeGame\SnakeGame\SnakeGame.srcs\sources_1\new\MOVE_Init.vhd:]
WARNING: [filemgmt 56-199] Attempt to get parsing info during refresh. "On-the-fly" syntax checking information may be incorrect. [C:\Users\ivano\OneDrive\Documentos\GitHub\VHDL-SnakeGame\SnakeGame\SnakeGame.srcs\sim_1\new\GAME_PLAY_TB.vhd:]
WARNING: [filemgmt 56-199] Attempt to get parsing info during refresh. "On-the-fly" syntax checking information may be incorrect. [C:\Users\ivano\OneDrive\Documentos\GitHub\VHDL-SnakeGame\SnakeGame\SnakeGame.srcs\sources_1\new\Types.vhd:]
WARNING: [filemgmt 56-199] Attempt to get parsing info during refresh. "On-the-fly" syntax checking information may be incorrect. [C:\Users\ivano\OneDrive\Documentos\GitHub\VHDL-SnakeGame\SnakeGame\SnakeGame.srcs\sources_1\new\Types.vhd:]
ERROR: [Common 17-180] Spawn failed: No error
WARNING: [filemgmt 56-199] Attempt to get parsing info during refresh. "On-the-fly" syntax checking information may be incorrect. [C:\Users\ivano\OneDrive\Documentos\GitHub\VHDL-SnakeGame\SnakeGame\SnakeGame.srcs\sources_1\new\Types.vhd:]
WARNING: [filemgmt 56-199] Attempt to get parsing info during refresh. "On-the-fly" syntax checking information may be incorrect. [C:\Users\ivano\OneDrive\Documentos\GitHub\VHDL-SnakeGame\SnakeGame\SnakeGame.srcs\sources_1\new\GAME_PLAY.vhd:]
WARNING: [filemgmt 56-199] Attempt to get parsing info during refresh. "On-the-fly" syntax checking information may be incorrect. [C:\Users\ivano\OneDrive\Documentos\GitHub\VHDL-SnakeGame\SnakeGame\SnakeGame.srcs\sources_1\new\MOVE_Init.vhd:]
WARNING: [filemgmt 56-199] Attempt to get parsing info during refresh. "On-the-fly" syntax checking information may be incorrect. [C:\Users\ivano\OneDrive\Documentos\GitHub\VHDL-SnakeGame\SnakeGame\SnakeGame.srcs\sim_1\new\GAME_PLAY_TB.vhd:]
WARNING: [filemgmt 56-199] Attempt to get parsing info during refresh. "On-the-fly" syntax checking information may be incorrect. [C:\Users\ivano\OneDrive\Documentos\GitHub\VHDL-SnakeGame\SnakeGame\SnakeGame.srcs\sources_1\new\MOVE_Init.vhd:]
WARNING: [filemgmt 56-199] Attempt to get parsing info during refresh. "On-the-fly" syntax checking information may be incorrect. [C:\Users\ivano\OneDrive\Documentos\GitHub\VHDL-SnakeGame\SnakeGame\SnakeGame.srcs\sources_1\new\MOVE_Init.vhd:]
ERROR: [Common 17-180] Spawn failed: No error
launch_simulation
Command: launch_simulation 
INFO: [Vivado 12-12493] Simulation top is 'GAME_PLAY_TB'
WARNING: [Vivado 12-13340] Unable to auto find GCC executables from simulator install path! (path not set)
INFO: [Vivado 12-5682] Launching behavioral simulation in 'C:/Users/ivano/OneDrive/Documentos/GitHub/VHDL-SnakeGame/SnakeGame/SnakeGame.sim/sim_1/behav/xsim'
INFO: [SIM-utils-51] Simulation object is 'sim_1'
INFO: [SIM-utils-72] Using boost library from 'C:/XILINX1/Vivado/2024.1/tps/boost_1_72_0'
INFO: [USF-XSim-7] Finding pre-compiled libraries...
INFO: [USF-XSim-11] File 'C:/XILINX1/Vivado/2024.1/data/xsim/xsim.ini' copied to run dir:'C:/Users/ivano/OneDrive/Documentos/GitHub/VHDL-SnakeGame/SnakeGame/SnakeGame.sim/sim_1/behav/xsim'
INFO: [SIM-utils-54] Inspecting design source files for 'GAME_PLAY_TB' in fileset 'sim_1'...
INFO: [USF-XSim-97] Finding global include files...
INFO: [USF-XSim-98] Fetching design files from 'sim_1'...
INFO: [USF-XSim-2] XSim::Compile design
INFO: [USF-XSim-61] Executing 'COMPILE and ANALYZE' step in 'C:/Users/ivano/OneDrive/Documentos/GitHub/VHDL-SnakeGame/SnakeGame/SnakeGame.sim/sim_1/behav/xsim'
"xvhdl --incr --relax -prj GAME_PLAY_TB_vhdl.prj"
INFO: [VRFC 10-163] Analyzing VHDL file "C:/Users/ivano/OneDrive/Documentos/GitHub/VHDL-SnakeGame/SnakeGame/SnakeGame.srcs/sources_1/new/GAME_PLAY.vhd" into library xil_defaultlib
INFO: [VRFC 10-3107] analyzing entity 'GAME_Play'
INFO: [USF-XSim-69] 'compile' step finished in '2' seconds
INFO: [USF-XSim-3] XSim::Elaborate design
INFO: [USF-XSim-61] Executing 'ELABORATE' step in 'C:/Users/ivano/OneDrive/Documentos/GitHub/VHDL-SnakeGame/SnakeGame/SnakeGame.sim/sim_1/behav/xsim'
"xelab --incr --debug typical --relax --mt 2 -L xil_defaultlib -L secureip -L xpm --snapshot GAME_PLAY_TB_behav xil_defaultlib.GAME_PLAY_TB -log elaborate.log"
Vivado Simulator v2024.1
Copyright 1986-2022 Xilinx, Inc. All Rights Reserved.
Copyright 2022-2024 Advanced Micro Devices, Inc. All Rights Reserved.
Running: C:/XILINX1/Vivado/2024.1/bin/unwrapped/win64.o/xelab.exe --incr --debug typical --relax --mt 2 -L xil_defaultlib -L secureip -L xpm --snapshot GAME_PLAY_TB_behav xil_defaultlib.GAME_PLAY_TB -log elaborate.log 
Using 2 slave threads.
Starting static elaboration
ERROR: [VRFC 10-3006] 'C:/Users/ivano/OneDrive/Documentos/GitHub/VHDL-SnakeGame/SnakeGame/SnakeGame.sim/sim_1/behav/xsim/xsim.dir/xil_defaultlib/move_init.vdb' needs to be re-saved since 'xil_defaultlib.types' changed
ERROR: [VRFC 10-3032] 'xil_defaultlib.move_init' failed to restore
ERROR: [VRFC 10-3006] 'C:/Users/ivano/OneDrive/Documentos/GitHub/VHDL-SnakeGame/SnakeGame/SnakeGame.sim/sim_1/behav/xsim/xsim.dir/xil_defaultlib/move_init.vdb' needs to be re-saved since 'xil_defaultlib.types' changed
ERROR: [VRFC 10-3032] 'xil_defaultlib.move_init' failed to restore
ERROR: [VRFC 10-3006] 'C:/Users/ivano/OneDrive/Documentos/GitHub/VHDL-SnakeGame/SnakeGame/SnakeGame.sim/sim_1/behav/xsim/xsim.dir/xil_defaultlib/move_init.vdb' needs to be re-saved since 'xil_defaultlib.types' changed
ERROR: [VRFC 10-3032] 'xil_defaultlib.move_init' failed to restore
WARNING: [VRFC 10-4940] 'move_init' remains a black box since it has no binding entity [C:/Users/ivano/OneDrive/Documentos/GitHub/VHDL-SnakeGame/SnakeGame/SnakeGame.srcs/sources_1/new/GAME_PLAY.vhd:282]
ERROR: [XSIM 43-3321] Static elaboration of top level VHDL design unit game_play_tb in library work failed.
INFO: [USF-XSim-69] 'elaborate' step finished in '4' seconds
INFO: [USF-XSim-99] Step results log file:'C:/Users/ivano/OneDrive/Documentos/GitHub/VHDL-SnakeGame/SnakeGame/SnakeGame.sim/sim_1/behav/xsim/elaborate.log'
ERROR: [USF-XSim-62] 'elaborate' step failed with error(s). Please check the Tcl console output or 'C:/Users/ivano/OneDrive/Documentos/GitHub/VHDL-SnakeGame/SnakeGame/SnakeGame.sim/sim_1/behav/xsim/elaborate.log' file for more information.
ERROR: [Vivado 12-4473] Detected error while running simulation. Please correct the issue and retry this operation.
launch_simulation: Time (s): cpu = 00:00:01 ; elapsed = 00:00:07 . Memory (MB): peak = 1649.996 ; gain = 0.000
ERROR: [Common 17-39] 'launch_simulation' failed due to earlier errors.
WARNING: [filemgmt 56-199] Attempt to get parsing info during refresh. "On-the-fly" syntax checking information may be incorrect. [C:\Users\ivano\OneDrive\Documentos\GitHub\VHDL-SnakeGame\SnakeGame\SnakeGame.srcs\sources_1\new\Types.vhd:]
WARNING: [filemgmt 56-199] Attempt to get parsing info during refresh. "On-the-fly" syntax checking information may be incorrect. [C:\Users\ivano\OneDrive\Documentos\GitHub\VHDL-SnakeGame\SnakeGame\SnakeGame.srcs\sources_1\new\GAME_PLAY.vhd:]
WARNING: [filemgmt 56-199] Attempt to get parsing info during refresh. "On-the-fly" syntax checking information may be incorrect. [C:\Users\ivano\OneDrive\Documentos\GitHub\VHDL-SnakeGame\SnakeGame\SnakeGame.srcs\sources_1\new\MOVE_Init.vhd:]
WARNING: [filemgmt 56-199] Attempt to get parsing info during refresh. "On-the-fly" syntax checking information may be incorrect. [C:\Users\ivano\OneDrive\Documentos\GitHub\VHDL-SnakeGame\SnakeGame\SnakeGame.srcs\sim_1\new\GAME_PLAY_TB.vhd:]
WARNING: [filemgmt 56-199] Attempt to get parsing info during refresh. "On-the-fly" syntax checking information may be incorrect. [C:\Users\ivano\OneDrive\Documentos\GitHub\VHDL-SnakeGame\SnakeGame\SnakeGame.srcs\sim_1\new\GAME_PLAY_TB.vhd:]
WARNING: [filemgmt 56-199] Attempt to get parsing info during refresh. "On-the-fly" syntax checking information may be incorrect. [C:\Users\ivano\OneDrive\Documentos\GitHub\VHDL-SnakeGame\SnakeGame\SnakeGame.srcs\sim_1\new\GAME_PLAY_TB.vhd:]
WARNING: [filemgmt 56-199] Attempt to get parsing info during refresh. "On-the-fly" syntax checking information may be incorrect. [C:\Users\ivano\OneDrive\Documentos\GitHub\VHDL-SnakeGame\SnakeGame\SnakeGame.srcs\sources_1\new\Types.vhd:]
WARNING: [filemgmt 56-199] Attempt to get parsing info during refresh. "On-the-fly" syntax checking information may be incorrect. [C:\Users\ivano\OneDrive\Documentos\GitHub\VHDL-SnakeGame\SnakeGame\SnakeGame.srcs\sources_1\new\GAME_PLAY.vhd:]
WARNING: [filemgmt 56-199] Attempt to get parsing info during refresh. "On-the-fly" syntax checking information may be incorrect. [C:\Users\ivano\OneDrive\Documentos\GitHub\VHDL-SnakeGame\SnakeGame\SnakeGame.srcs\sources_1\new\MOVE_Init.vhd:]
WARNING: [filemgmt 56-199] Attempt to get parsing info during refresh. "On-the-fly" syntax checking information may be incorrect. [C:\Users\ivano\OneDrive\Documentos\GitHub\VHDL-SnakeGame\SnakeGame\SnakeGame.srcs\sim_1\new\GAME_PLAY_TB.vhd:]
WARNING: [filemgmt 56-199] Attempt to get parsing info during refresh. "On-the-fly" syntax checking information may be incorrect. [C:\Users\ivano\OneDrive\Documentos\GitHub\VHDL-SnakeGame\SnakeGame\SnakeGame.srcs\sources_1\new\Types.vhd:]
WARNING: [filemgmt 56-199] Attempt to get parsing info during refresh. "On-the-fly" syntax checking information may be incorrect. [C:\Users\ivano\OneDrive\Documentos\GitHub\VHDL-SnakeGame\SnakeGame\SnakeGame.srcs\sources_1\new\Types.vhd:]
ERROR: [Common 17-180] Spawn failed: No error
WARNING: [filemgmt 56-199] Attempt to get parsing info during refresh. "On-the-fly" syntax checking information may be incorrect. [C:\Users\ivano\OneDrive\Documentos\GitHub\VHDL-SnakeGame\SnakeGame\SnakeGame.srcs\sources_1\new\Types.vhd:]
WARNING: [filemgmt 56-199] Attempt to get parsing info during refresh. "On-the-fly" syntax checking information may be incorrect. [C:\Users\ivano\OneDrive\Documentos\GitHub\VHDL-SnakeGame\SnakeGame\SnakeGame.srcs\sources_1\new\GAME_PLAY.vhd:]
WARNING: [filemgmt 56-199] Attempt to get parsing info during refresh. "On-the-fly" syntax checking information may be incorrect. [C:\Users\ivano\OneDrive\Documentos\GitHub\VHDL-SnakeGame\SnakeGame\SnakeGame.srcs\sources_1\new\MOVE_Init.vhd:]
WARNING: [filemgmt 56-199] Attempt to get parsing info during refresh. "On-the-fly" syntax checking information may be incorrect. [C:\Users\ivano\OneDrive\Documentos\GitHub\VHDL-SnakeGame\SnakeGame\SnakeGame.srcs\sim_1\new\GAME_PLAY_TB.vhd:]
WARNING: [filemgmt 56-199] Attempt to get parsing info during refresh. "On-the-fly" syntax checking information may be incorrect. [C:\Users\ivano\OneDrive\Documentos\GitHub\VHDL-SnakeGame\SnakeGame\SnakeGame.srcs\sources_1\new\GAME_PLAY.vhd:]
WARNING: [filemgmt 56-199] Attempt to get parsing info during refresh. "On-the-fly" syntax checking information may be incorrect. [C:\Users\ivano\OneDrive\Documentos\GitHub\VHDL-SnakeGame\SnakeGame\SnakeGame.srcs\sources_1\new\GAME_PLAY.vhd:]
ERROR: [Common 17-180] Spawn failed: No error
launch_simulation
Command: launch_simulation 
INFO: [Vivado 12-12493] Simulation top is 'GAME_PLAY_TB'
WARNING: [Vivado 12-13340] Unable to auto find GCC executables from simulator install path! (path not set)
INFO: [Vivado 12-5682] Launching behavioral simulation in 'C:/Users/ivano/OneDrive/Documentos/GitHub/VHDL-SnakeGame/SnakeGame/SnakeGame.sim/sim_1/behav/xsim'
INFO: [SIM-utils-51] Simulation object is 'sim_1'
INFO: [SIM-utils-72] Using boost library from 'C:/XILINX1/Vivado/2024.1/tps/boost_1_72_0'
INFO: [USF-XSim-7] Finding pre-compiled libraries...
INFO: [USF-XSim-11] File 'C:/XILINX1/Vivado/2024.1/data/xsim/xsim.ini' copied to run dir:'C:/Users/ivano/OneDrive/Documentos/GitHub/VHDL-SnakeGame/SnakeGame/SnakeGame.sim/sim_1/behav/xsim'
INFO: [SIM-utils-54] Inspecting design source files for 'GAME_PLAY_TB' in fileset 'sim_1'...
INFO: [USF-XSim-97] Finding global include files...
INFO: [USF-XSim-98] Fetching design files from 'sim_1'...
INFO: [USF-XSim-2] XSim::Compile design
INFO: [USF-XSim-61] Executing 'COMPILE and ANALYZE' step in 'C:/Users/ivano/OneDrive/Documentos/GitHub/VHDL-SnakeGame/SnakeGame/SnakeGame.sim/sim_1/behav/xsim'
"xvhdl --incr --relax -prj GAME_PLAY_TB_vhdl.prj"
INFO: [VRFC 10-163] Analyzing VHDL file "C:/Users/ivano/OneDrive/Documentos/GitHub/VHDL-SnakeGame/SnakeGame/SnakeGame.srcs/sim_1/new/GAME_PLAY_TB.vhd" into library xil_defaultlib
INFO: [VRFC 10-3107] analyzing entity 'GAME_PLAY_TB'
INFO: [USF-XSim-69] 'compile' step finished in '3' seconds
INFO: [USF-XSim-3] XSim::Elaborate design
INFO: [USF-XSim-61] Executing 'ELABORATE' step in 'C:/Users/ivano/OneDrive/Documentos/GitHub/VHDL-SnakeGame/SnakeGame/SnakeGame.sim/sim_1/behav/xsim'
"xelab --incr --debug typical --relax --mt 2 -L xil_defaultlib -L secureip -L xpm --snapshot GAME_PLAY_TB_behav xil_defaultlib.GAME_PLAY_TB -log elaborate.log"
Vivado Simulator v2024.1
Copyright 1986-2022 Xilinx, Inc. All Rights Reserved.
Copyright 2022-2024 Advanced Micro Devices, Inc. All Rights Reserved.
Running: C:/XILINX1/Vivado/2024.1/bin/unwrapped/win64.o/xelab.exe --incr --debug typical --relax --mt 2 -L xil_defaultlib -L secureip -L xpm --snapshot GAME_PLAY_TB_behav xil_defaultlib.GAME_PLAY_TB -log elaborate.log 
Using 2 slave threads.
Starting static elaboration
ERROR: [VRFC 10-3006] 'C:/Users/ivano/OneDrive/Documentos/GitHub/VHDL-SnakeGame/SnakeGame/SnakeGame.sim/sim_1/behav/xsim/xsim.dir/xil_defaultlib/move_init.vdb' needs to be re-saved since 'xil_defaultlib.types' changed
ERROR: [VRFC 10-3032] 'xil_defaultlib.move_init' failed to restore
ERROR: [VRFC 10-3006] 'C:/Users/ivano/OneDrive/Documentos/GitHub/VHDL-SnakeGame/SnakeGame/SnakeGame.sim/sim_1/behav/xsim/xsim.dir/xil_defaultlib/move_init.vdb' needs to be re-saved since 'xil_defaultlib.types' changed
ERROR: [VRFC 10-3032] 'xil_defaultlib.move_init' failed to restore
ERROR: [VRFC 10-3006] 'C:/Users/ivano/OneDrive/Documentos/GitHub/VHDL-SnakeGame/SnakeGame/SnakeGame.sim/sim_1/behav/xsim/xsim.dir/xil_defaultlib/move_init.vdb' needs to be re-saved since 'xil_defaultlib.types' changed
ERROR: [VRFC 10-3032] 'xil_defaultlib.move_init' failed to restore
WARNING: [VRFC 10-4940] 'move_init' remains a black box since it has no binding entity [C:/Users/ivano/OneDrive/Documentos/GitHub/VHDL-SnakeGame/SnakeGame/SnakeGame.srcs/sources_1/new/GAME_PLAY.vhd:282]
ERROR: [XSIM 43-3321] Static elaboration of top level VHDL design unit game_play_tb in library work failed.
INFO: [USF-XSim-69] 'elaborate' step finished in '3' seconds
INFO: [USF-XSim-99] Step results log file:'C:/Users/ivano/OneDrive/Documentos/GitHub/VHDL-SnakeGame/SnakeGame/SnakeGame.sim/sim_1/behav/xsim/elaborate.log'
ERROR: [USF-XSim-62] 'elaborate' step failed with error(s). Please check the Tcl console output or 'C:/Users/ivano/OneDrive/Documentos/GitHub/VHDL-SnakeGame/SnakeGame/SnakeGame.sim/sim_1/behav/xsim/elaborate.log' file for more information.
ERROR: [Vivado 12-4473] Detected error while running simulation. Please correct the issue and retry this operation.
launch_simulation: Time (s): cpu = 00:00:01 ; elapsed = 00:00:06 . Memory (MB): peak = 1649.996 ; gain = 0.000
ERROR: [Common 17-39] 'launch_simulation' failed due to earlier errors.
close_project
exit
INFO: [Common 17-206] Exiting Vivado at Fri Dec 13 18:36:05 2024...
