#-----------------------------------------------------------
# Vivado v2024.1 (64-bit)
# SW Build 5076996 on Wed May 22 18:37:14 MDT 2024
# IP Build 5075265 on Wed May 22 21:45:21 MDT 2024
# SharedData Build 5076995 on Wed May 22 18:29:18 MDT 2024
# Start of session at: Wed Jan 15 08:45:19 2025
# Process ID: 8820
# Current directory: C:/Users/ivano/OneDrive/Documentos/GitHub/VHDL-SnakeGame-Copy-15-1/SnakeGame
# Command line: vivado.exe -gui_launcher_event rodinguilauncherevent5684 C:\Users\ivano\OneDrive\Documentos\GitHub\VHDL-SnakeGame-Copy-15-1\SnakeGame\SnakeGame.xpr
# Log file: C:/Users/ivano/OneDrive/Documentos/GitHub/VHDL-SnakeGame-Copy-15-1/SnakeGame/vivado.log
# Journal file: C:/Users/ivano/OneDrive/Documentos/GitHub/VHDL-SnakeGame-Copy-15-1/SnakeGame\vivado.jou
# Running On        :DESKTOP-1V0CU1G
# Platform          :Windows Server 2016 or Windows 10
# Operating System  :22631
# Processor Detail  :Intel(R) Core(TM) i7-10870H CPU @ 2.20GHz
# CPU Frequency     :2208 MHz
# CPU Physical cores:8
# CPU Logical cores :16
# Host memory       :17007 MB
# Swap memory       :9663 MB
# Total Virtual     :26671 MB
# Available Virtual :15252 MB
#-----------------------------------------------------------
start_gui
open_project C:/Users/ivano/OneDrive/Documentos/GitHub/VHDL-SnakeGame-Copy-15-1/SnakeGame/SnakeGame.xpr
WARNING: [Board 49-26] cannot add Board Part digilentinc.com:arty-s7-25:part0:1.1 available at C:/XILINX1/Vivado/2024.1/data/boards/board_files/arty-s7-25/E.0/board.xml as part xc7s25csga324-1 specified in board_part file is either invalid or not available
WARNING: [Board 49-26] cannot add Board Part digilentinc.com:arty-s7-50:part0:1.1 available at C:/XILINX1/Vivado/2024.1/data/boards/board_files/arty-s7-50/B.0/board.xml as part xc7s50csga324-1 specified in board_part file is either invalid or not available
WARNING: [Board 49-26] cannot add Board Part digilentinc.com:arty-z7-10:part0:1.1 available at C:/XILINX1/Vivado/2024.1/data/boards/board_files/arty-z7-10/A.0/board.xml as part xc7z010clg400-1 specified in board_part file is either invalid or not available
WARNING: [Board 49-26] cannot add Board Part digilentinc.com:arty-z7-20:part0:1.1 available at C:/XILINX1/Vivado/2024.1/data/boards/board_files/arty-z7-20/A.0/board.xml as part xc7z020clg400-1 specified in board_part file is either invalid or not available
WARNING: [Board 49-26] cannot add Board Part digilentinc.com:cmod-s7-25:part0:1.0 available at C:/XILINX1/Vivado/2024.1/data/boards/board_files/cmod-s7-25/B.0/board.xml as part xc7s25csga225-1 specified in board_part file is either invalid or not available
WARNING: [Board 49-26] cannot add Board Part digilentinc.com:cora-z7-07s:part0:1.1 available at C:/XILINX1/Vivado/2024.1/data/boards/board_files/cora-z7-07s/B.0/board.xml as part xc7z007sclg400-1 specified in board_part file is either invalid or not available
WARNING: [Board 49-26] cannot add Board Part digilentinc.com:cora-z7-10:part0:1.1 available at C:/XILINX1/Vivado/2024.1/data/boards/board_files/cora-z7-10/B.0/board.xml as part xc7z010clg400-1 specified in board_part file is either invalid or not available
WARNING: [Board 49-26] cannot add Board Part digilentinc.com:eclypse-z7:part0:1.0 available at C:/XILINX1/Vivado/2024.1/data/boards/board_files/eclypse-z7/A.0/board.xml as part xc7z020clg484-1 specified in board_part file is either invalid or not available
WARNING: [Board 49-26] cannot add Board Part digilentinc.com:eclypse-z7:part0:1.1 available at C:/XILINX1/Vivado/2024.1/data/boards/board_files/eclypse-z7/B.0/board.xml as part xc7z020clg484-1 specified in board_part file is either invalid or not available
WARNING: [Board 49-26] cannot add Board Part digilentinc.com:genesys2:part0:1.1 available at C:/XILINX1/Vivado/2024.1/data/boards/board_files/genesys2/H/board.xml as part xc7k325tffg900-2 specified in board_part file is either invalid or not available
WARNING: [Board 49-26] cannot add Board Part digilentinc.com:gzu_3eg:part0:1.0 available at C:/XILINX1/Vivado/2024.1/data/boards/board_files/genesys-zu-3eg/B.0/board.xml as part xczu3eg-sfvc784-1-e specified in board_part file is either invalid or not available
WARNING: [Board 49-26] cannot add Board Part digilentinc.com:gzu_3eg:part0:1.1 available at C:/XILINX1/Vivado/2024.1/data/boards/board_files/genesys-zu-3eg/D.0/board.xml as part xczu3eg-sfvc784-1-e specified in board_part file is either invalid or not available
WARNING: [Board 49-26] cannot add Board Part digilentinc.com:gzu_5ev:part0:1.1 available at C:/XILINX1/Vivado/2024.1/data/boards/board_files/genesys-zu-5ev/C.0/board.xml as part xczu5ev-sfvc784-1-e specified in board_part file is either invalid or not available
WARNING: [Board 49-26] cannot add Board Part digilentinc.com:sword:part0:1.0 available at C:/XILINX1/Vivado/2024.1/data/boards/board_files/sword/C.0/board.xml as part xc7k325tffg900-2 specified in board_part file is either invalid or not available
WARNING: [Board 49-26] cannot add Board Part digilentinc.com:zedboard:part0:1.1 available at C:/XILINX1/Vivado/2024.1/data/boards/board_files/zedboard/1.3/board.xml as part xc7z020clg484-1 specified in board_part file is either invalid or not available
WARNING: [Board 49-26] cannot add Board Part digilentinc.com:zybo-z7-10:part0:1.2 available at C:/XILINX1/Vivado/2024.1/data/boards/board_files/zybo-z7-10/A.0/board.xml as part xc7z010clg400-1 specified in board_part file is either invalid or not available
WARNING: [Board 49-26] cannot add Board Part digilentinc.com:zybo-z7-20:part0:1.2 available at C:/XILINX1/Vivado/2024.1/data/boards/board_files/zybo-z7-20/A.0/board.xml as part xc7z020clg400-1 specified in board_part file is either invalid or not available
WARNING: [Board 49-26] cannot add Board Part digilentinc.com:zybo:part0:1.0 available at C:/XILINX1/Vivado/2024.1/data/boards/board_files/zybo/B.3/board.xml as part xc7z010clg400-1 specified in board_part file is either invalid or not available
WARNING: [Board 49-26] cannot add Board Part digilentinc.com:zybo:part0:2.0 available at C:/XILINX1/Vivado/2024.1/data/boards/board_files/zybo/B.4/board.xml as part xc7z010clg400-1 specified in board_part file is either invalid or not available
WARNING: [Board 49-26] cannot add Board Part xilinx.com:k24c:part0:1.0 available at C:/XILINX1/Vivado/2024.1/data/xhub/boards/XilinxBoardStore/boards/Xilinx/k24c/1.0/board.xml as part xck24-ubva530-2lv-c specified in board_part file is either invalid or not available
WARNING: [Board 49-26] cannot add Board Part xilinx.com:k24i:part0:1.0 available at C:/XILINX1/Vivado/2024.1/data/xhub/boards/XilinxBoardStore/boards/Xilinx/k24i/1.0/board.xml as part xck24-ubva530-2lvi-i specified in board_part file is either invalid or not available
WARNING: [Board 49-26] cannot add Board Part xilinx.com:k26c:part0:1.2 available at C:/XILINX1/Vivado/2024.1/data/xhub/boards/XilinxBoardStore/boards/Xilinx/k26c/1.2/board.xml as part xck26-sfvc784-2lv-c specified in board_part file is either invalid or not available
WARNING: [Board 49-26] cannot add Board Part xilinx.com:k26c:part0:1.3 available at C:/XILINX1/Vivado/2024.1/data/xhub/boards/XilinxBoardStore/boards/Xilinx/k26c/1.3/board.xml as part xck26-sfvc784-2lv-c specified in board_part file is either invalid or not available
WARNING: [Board 49-26] cannot add Board Part xilinx.com:k26c:part0:1.4 available at C:/XILINX1/Vivado/2024.1/data/xhub/boards/XilinxBoardStore/boards/Xilinx/k26c/1.4/board.xml as part xck26-sfvc784-2lv-c specified in board_part file is either invalid or not available
WARNING: [Board 49-26] cannot add Board Part xilinx.com:k26i:part0:1.2 available at C:/XILINX1/Vivado/2024.1/data/xhub/boards/XilinxBoardStore/boards/Xilinx/k26i/1.2/board.xml as part xck26-sfvc784-2lvi-i specified in board_part file is either invalid or not available
WARNING: [Board 49-26] cannot add Board Part xilinx.com:k26i:part0:1.3 available at C:/XILINX1/Vivado/2024.1/data/xhub/boards/XilinxBoardStore/boards/Xilinx/k26i/1.3/board.xml as part xck26-sfvc784-2lvi-i specified in board_part file is either invalid or not available
WARNING: [Board 49-26] cannot add Board Part xilinx.com:k26i:part0:1.4 available at C:/XILINX1/Vivado/2024.1/data/xhub/boards/XilinxBoardStore/boards/Xilinx/k26i/1.4/board.xml as part xck26-sfvc784-2lvi-i specified in board_part file is either invalid or not available
WARNING: [Board 49-26] cannot add Board Part xilinx.com:kc705:part0:1.6 available at C:/XILINX1/Vivado/2024.1/data/xhub/boards/XilinxBoardStore/boards/Xilinx/kc705/1.6/board.xml as part xc7k325tffg900-2 specified in board_part file is either invalid or not available
WARNING: [Board 49-26] cannot add Board Part xilinx.com:kcu105:part0:1.6 available at C:/XILINX1/Vivado/2024.1/data/xhub/boards/XilinxBoardStore/boards/Xilinx/kcu105/1.6/board.xml as part xcku040-ffva1156-2-e specified in board_part file is either invalid or not available
WARNING: [Board 49-26] cannot add Board Part xilinx.com:kcu105:part0:1.7 available at C:/XILINX1/Vivado/2024.1/data/xhub/boards/XilinxBoardStore/boards/Xilinx/kcu105/1.7/board.xml as part xcku040-ffva1156-2-e specified in board_part file is either invalid or not available
WARNING: [Board 49-26] cannot add Board Part xilinx.com:kcu116:part0:1.4 available at C:/XILINX1/Vivado/2024.1/data/xhub/boards/XilinxBoardStore/boards/Xilinx/kcu116/1.4/board.xml as part xcku5p-ffvb676-2-e specified in board_part file is either invalid or not available
WARNING: [Board 49-26] cannot add Board Part xilinx.com:kcu116:part0:1.5 available at C:/XILINX1/Vivado/2024.1/data/xhub/boards/XilinxBoardStore/boards/Xilinx/kcu116/1.5/board.xml as part xcku5p-ffvb676-2-e specified in board_part file is either invalid or not available
WARNING: [Board 49-26] cannot add Board Part xilinx.com:kcu1500:part0:1.2 available at C:/XILINX1/Vivado/2024.1/data/xhub/boards/XilinxBoardStore/boards/Xilinx/kcu1500/1.2/board.xml as part xcku115-flvb2104-2-e specified in board_part file is either invalid or not available
WARNING: [Board 49-26] cannot add Board Part xilinx.com:kd240_som:part0:1.0 available at C:/XILINX1/Vivado/2024.1/data/xhub/boards/XilinxBoardStore/boards/Xilinx/kd240_som/1.0/board.xml as part xck24-ubva530-2lv-c specified in board_part file is either invalid or not available
WARNING: [Board 49-26] cannot add Board Part xilinx.com:kr260_som:part0:1.0 available at C:/XILINX1/Vivado/2024.1/data/xhub/boards/XilinxBoardStore/boards/Xilinx/kr260_som/1.0/board.xml as part xck26-sfvc784-2lv-c specified in board_part file is either invalid or not available
WARNING: [Board 49-26] cannot add Board Part xilinx.com:kr260_som:part0:1.1 available at C:/XILINX1/Vivado/2024.1/data/xhub/boards/XilinxBoardStore/boards/Xilinx/kr260_som/1.1/board.xml as part xck26-sfvc784-2lv-c specified in board_part file is either invalid or not available
WARNING: [Board 49-26] cannot add Board Part xilinx.com:kv260_som:part0:1.2 available at C:/XILINX1/Vivado/2024.1/data/xhub/boards/XilinxBoardStore/boards/Xilinx/kv260_som/1.2/board.xml as part xck26-sfvc784-2lv-c specified in board_part file is either invalid or not available
WARNING: [Board 49-26] cannot add Board Part xilinx.com:kv260_som:part0:1.3 available at C:/XILINX1/Vivado/2024.1/data/xhub/boards/XilinxBoardStore/boards/Xilinx/kv260_som/1.3/board.xml as part xck26-sfvc784-2lv-c specified in board_part file is either invalid or not available
WARNING: [Board 49-26] cannot add Board Part xilinx.com:kv260_som:part0:1.4 available at C:/XILINX1/Vivado/2024.1/data/xhub/boards/XilinxBoardStore/boards/Xilinx/kv260_som/1.4/board.xml as part xck26-sfvc784-2lv-c specified in board_part file is either invalid or not available
WARNING: [Board 49-26] cannot add Board Part xilinx.com:sp701:part0:1.0 available at C:/XILINX1/Vivado/2024.1/data/xhub/boards/XilinxBoardStore/boards/Xilinx/sp701/1.0/board.xml as part xc7s100fgga676-2 specified in board_part file is either invalid or not available
WARNING: [Board 49-26] cannot add Board Part xilinx.com:sp701:part0:1.1 available at C:/XILINX1/Vivado/2024.1/data/xhub/boards/XilinxBoardStore/boards/Xilinx/sp701/1.1/board.xml as part xc7s100fgga676-2 specified in board_part file is either invalid or not available
WARNING: [Board 49-26] cannot add Board Part xilinx.com:vc707:part0:1.4 available at C:/XILINX1/Vivado/2024.1/data/xhub/boards/XilinxBoardStore/boards/Xilinx/vc707/1.4/board.xml as part xc7vx485tffg1761-2 specified in board_part file is either invalid or not available
WARNING: [Board 49-26] cannot add Board Part xilinx.com:vc709:part0:1.8 available at C:/XILINX1/Vivado/2024.1/data/xhub/boards/XilinxBoardStore/boards/Xilinx/vc709/1.8/board.xml as part xc7vx690tffg1761-2 specified in board_part file is either invalid or not available
WARNING: [Board 49-26] cannot add Board Part xilinx.com:vck190:part0:2.2 available at C:/XILINX1/Vivado/2024.1/data/xhub/boards/XilinxBoardStore/boards/Xilinx/vck190/production/2.2/board.xml as part xcvc1902-vsva2197-2mp-e-s specified in board_part file is either invalid or not available
WARNING: [Board 49-26] cannot add Board Part xilinx.com:vck190:part0:3.0 available at C:/XILINX1/Vivado/2024.1/data/xhub/boards/XilinxBoardStore/boards/Xilinx/vck190/production/3.0/board.xml as part xcvc1902-vsva2197-2mp-e-s specified in board_part file is either invalid or not available
WARNING: [Board 49-26] cannot add Board Part xilinx.com:vck190:part0:3.1 available at C:/XILINX1/Vivado/2024.1/data/xhub/boards/XilinxBoardStore/boards/Xilinx/vck190/production/3.1/board.xml as part xcvc1902-vsva2197-2mp-e-s specified in board_part file is either invalid or not available
WARNING: [Board 49-26] cannot add Board Part xilinx.com:vck190:part0:3.2 available at C:/XILINX1/Vivado/2024.1/data/xhub/boards/XilinxBoardStore/boards/Xilinx/vck190/production/3.2/board.xml as part xcvc1902-vsva2197-2mp-e-s specified in board_part file is either invalid or not available
WARNING: [Board 49-26] cannot add Board Part xilinx.com:vck190:part0:3.3 available at C:/XILINX1/Vivado/2024.1/data/xhub/boards/XilinxBoardStore/boards/Xilinx/vck190/production/3.3/board.xml as part xcvc1902-vsva2197-2mp-e-s specified in board_part file is either invalid or not available
WARNING: [Board 49-26] cannot add Board Part xilinx.com:vck190_newl:part0:1.0 available at C:/XILINX1/Vivado/2024.1/data/xhub/boards/XilinxBoardStore/boards/Xilinx/vck190_newl/production/1.0/board.xml as part xcvc1902-vsva2197-2mp-e-s specified in board_part file is either invalid or not available
WARNING: [Board 49-26] cannot add Board Part xilinx.com:vck190_newl:part0:1.1 available at C:/XILINX1/Vivado/2024.1/data/xhub/boards/XilinxBoardStore/boards/Xilinx/vck190_newl/production/1.1/board.xml as part xcvc1902-vsva2197-2mp-e-s specified in board_part file is either invalid or not available
WARNING: [Board 49-26] cannot add Board Part xilinx.com:vck190_newl:part0:1.2 available at C:/XILINX1/Vivado/2024.1/data/xhub/boards/XilinxBoardStore/boards/Xilinx/vck190_newl/production/1.2/board.xml as part xcvc1902-vsva2197-2mp-e-s specified in board_part file is either invalid or not available
WARNING: [Board 49-26] cannot add Board Part xilinx.com:vcu108:part0:1.6 available at C:/XILINX1/Vivado/2024.1/data/xhub/boards/XilinxBoardStore/boards/Xilinx/vcu108/1.6/board.xml as part xcvu095-ffva2104-2-e specified in board_part file is either invalid or not available
WARNING: [Board 49-26] cannot add Board Part xilinx.com:vcu108:part0:1.7 available at C:/XILINX1/Vivado/2024.1/data/xhub/boards/XilinxBoardStore/boards/Xilinx/vcu108/1.7/board.xml as part xcvu095-ffva2104-2-e specified in board_part file is either invalid or not available
WARNING: [Board 49-26] cannot add Board Part xilinx.com:vcu110:part0:1.4 available at C:/XILINX1/Vivado/2024.1/data/xhub/boards/XilinxBoardStore/boards/Xilinx/vcu110/1.4/board.xml as part xcvu190-flgc2104-2-e specified in board_part file is either invalid or not available
WARNING: [Board 49-26] cannot add Board Part xilinx.com:vcu118:part0:2.0 available at C:/XILINX1/Vivado/2024.1/data/xhub/boards/XilinxBoardStore/boards/Xilinx/vcu118/2.0/board.xml as part xcvu9p-flga2104-2l-e specified in board_part file is either invalid or not available
WARNING: [Board 49-26] cannot add Board Part xilinx.com:vcu118:part0:2.3 available at C:/XILINX1/Vivado/2024.1/data/xhub/boards/XilinxBoardStore/boards/Xilinx/vcu118/2.3/board.xml as part xcvu9p-flga2104-2l-e specified in board_part file is either invalid or not available
WARNING: [Board 49-26] cannot add Board Part xilinx.com:vcu118:part0:2.4 available at C:/XILINX1/Vivado/2024.1/data/xhub/boards/XilinxBoardStore/boards/Xilinx/vcu118/2.4/board.xml as part xcvu9p-flga2104-2l-e specified in board_part file is either invalid or not available
WARNING: [Board 49-26] cannot add Board Part xilinx.com:vcu128:part0:1.0 available at C:/XILINX1/Vivado/2024.1/data/xhub/boards/XilinxBoardStore/boards/Xilinx/vcu128/production/1.0/board.xml as part xcvu37p-fsvh2892-2l-e specified in board_part file is either invalid or not available
WARNING: [Board 49-26] cannot add Board Part xilinx.com:vcu129:part0:1.0 available at C:/XILINX1/Vivado/2024.1/data/xhub/boards/XilinxBoardStore/boards/Xilinx/vcu129/production/1.0/board.xml as part xcvu29p-fsga2577-2l-e specified in board_part file is either invalid or not available
WARNING: [Board 49-26] cannot add Board Part xilinx.com:vcu1525:part0:1.3 available at C:/XILINX1/Vivado/2024.1/data/xhub/boards/XilinxBoardStore/boards/Xilinx/vcu1525/1.3/board.xml as part xcvu9p-fsgd2104-2l-e specified in board_part file is either invalid or not available
WARNING: [Board 49-26] cannot add Board Part xilinx.com:vek280:part0:1.0 available at C:/XILINX1/Vivado/2024.1/data/xhub/boards/XilinxBoardStore/boards/Xilinx/vek280/production/1.0/board.xml as part xcve2802-vsvh1760-2mp-e-s specified in board_part file is either invalid or not available
WARNING: [Board 49-26] cannot add Board Part xilinx.com:vek280:part0:1.1 available at C:/XILINX1/Vivado/2024.1/data/xhub/boards/XilinxBoardStore/boards/Xilinx/vek280/production/1.1/board.xml as part xcve2802-vsvh1760-2mp-e-s specified in board_part file is either invalid or not available
WARNING: [Board 49-26] cannot add Board Part xilinx.com:vek280:part0:1.2 available at C:/XILINX1/Vivado/2024.1/data/xhub/boards/XilinxBoardStore/boards/Xilinx/vek280/production/1.2/board.xml as part xcve2802-vsvh1760-2mp-e-s specified in board_part file is either invalid or not available
WARNING: [Board 49-26] cannot add Board Part xilinx.com:vek280_es:part0:1.0 available at C:/XILINX1/Vivado/2024.1/data/xhub/boards/XilinxBoardStore/boards/Xilinx/vek280/es/rev_a/1.0/board.xml as part xcve2802-vsvh1760-2lp-e-s-es1 specified in board_part file is either invalid or not available
WARNING: [Board 49-26] cannot add Board Part xilinx.com:vek280_es:part0:1.1 available at C:/XILINX1/Vivado/2024.1/data/xhub/boards/XilinxBoardStore/boards/Xilinx/vek280/es/rev_a/1.1/board.xml as part xcve2802-vsvh1760-2lp-e-s-es1 specified in board_part file is either invalid or not available
WARNING: [Board 49-26] cannot add Board Part xilinx.com:vek280_es_revb:part0:1.0 available at C:/XILINX1/Vivado/2024.1/data/xhub/boards/XilinxBoardStore/boards/Xilinx/vek280/es/rev_b/1.0/board.xml as part xcve2802-vsvh1760-2mp-e-s-es1 specified in board_part file is either invalid or not available
WARNING: [Board 49-26] cannot add Board Part xilinx.com:vek280_es_revb:part0:1.1 available at C:/XILINX1/Vivado/2024.1/data/xhub/boards/XilinxBoardStore/boards/Xilinx/vek280/es/rev_b/1.1/board.xml as part xcve2802-vsvh1760-2mp-e-s-es1 specified in board_part file is either invalid or not available
WARNING: [Board 49-26] cannot add Board Part xilinx.com:vermeo_t1_mpsoc:part0:1.0 available at C:/XILINX1/Vivado/2024.1/data/xhub/boards/XilinxBoardStore/boards/Xilinx/vermeo_t1_mpsoc/1.0/board.xml as part xczu19eg-ffvd1760-2l-e specified in board_part file is either invalid or not available
INFO: [Project 1-313] Project file moved from 'C:/Users/ivano/OneDrive/Documentos/GitHub/VHDL-SnakeGame/SnakeGame' since last save.
WARNING: [Board 49-26] cannot add Board Part xilinx.com:vermeo_t1_rfsoc:part0:1.0 available at C:/XILINX1/Vivado/2024.1/data/xhub/boards/XilinxBoardStore/boards/Xilinx/vermeo_t1_rfsoc/1.0/board.xml as part xczu21dr-ffvd1156-2l-e specified in board_part file is either invalid or not available
WARNING: [Board 49-26] cannot add Board Part xilinx.com:vhk158:part0:1.0 available at C:/XILINX1/Vivado/2024.1/data/xhub/boards/XilinxBoardStore/boards/Xilinx/vhk158/production/1.0/board.xml as part xcvh1582-vsva3697-2mp-e-s specified in board_part file is either invalid or not available
WARNING: [Board 49-26] cannot add Board Part xilinx.com:vhk158:part0:1.1 available at C:/XILINX1/Vivado/2024.1/data/xhub/boards/XilinxBoardStore/boards/Xilinx/vhk158/production/1.1/board.xml as part xcvh1582-vsva3697-2mp-e-s specified in board_part file is either invalid or not available
WARNING: [Board 49-26] cannot add Board Part xilinx.com:vhk158_es:part0:1.0 available at C:/XILINX1/Vivado/2024.1/data/xhub/boards/XilinxBoardStore/boards/Xilinx/vhk158/es/1.0/board.xml as part xcvh1582-vsva3697-2mp-e-s-es1 specified in board_part file is either invalid or not available
WARNING: [Board 49-26] cannot add Board Part xilinx.com:vhk158_es:part0:1.1 available at C:/XILINX1/Vivado/2024.1/data/xhub/boards/XilinxBoardStore/boards/Xilinx/vhk158/es/1.1/board.xml as part xcvh1582-vsva3697-2mp-e-s-es1 specified in board_part file is either invalid or not available
WARNING: [Board 49-26] cannot add Board Part xilinx.com:vmk180:part0:2.2 available at C:/XILINX1/Vivado/2024.1/data/xhub/boards/XilinxBoardStore/boards/Xilinx/vmk180/production/2.2/board.xml as part xcvm1802-vsva2197-2mp-e-s specified in board_part file is either invalid or not available
WARNING: [Board 49-26] cannot add Board Part xilinx.com:vmk180:part0:3.0 available at C:/XILINX1/Vivado/2024.1/data/xhub/boards/XilinxBoardStore/boards/Xilinx/vmk180/production/3.0/board.xml as part xcvm1802-vsva2197-2mp-e-s specified in board_part file is either invalid or not available
WARNING: [Board 49-26] cannot add Board Part xilinx.com:vmk180:part0:3.1 available at C:/XILINX1/Vivado/2024.1/data/xhub/boards/XilinxBoardStore/boards/Xilinx/vmk180/production/3.1/board.xml as part xcvm1802-vsva2197-2mp-e-s specified in board_part file is either invalid or not available
WARNING: [Board 49-26] cannot add Board Part xilinx.com:vmk180:part0:3.2 available at C:/XILINX1/Vivado/2024.1/data/xhub/boards/XilinxBoardStore/boards/Xilinx/vmk180/production/3.2/board.xml as part xcvm1802-vsva2197-2mp-e-s specified in board_part file is either invalid or not available
WARNING: [Board 49-26] cannot add Board Part xilinx.com:vmk180_newl:part0:1.0 available at C:/XILINX1/Vivado/2024.1/data/xhub/boards/XilinxBoardStore/boards/Xilinx/vmk180_newl/production/1.0/board.xml as part xcvm1802-vsva2197-2mp-e-s specified in board_part file is either invalid or not available
WARNING: [Board 49-26] cannot add Board Part xilinx.com:vmk180_newl:part0:1.1 available at C:/XILINX1/Vivado/2024.1/data/xhub/boards/XilinxBoardStore/boards/Xilinx/vmk180_newl/production/1.1/board.xml as part xcvm1802-vsva2197-2mp-e-s specified in board_part file is either invalid or not available
WARNING: [Board 49-26] cannot add Board Part xilinx.com:vpk120:part0:1.0 available at C:/XILINX1/Vivado/2024.1/data/xhub/boards/XilinxBoardStore/boards/Xilinx/vpk120/production/1.0/board.xml as part xcvp1202-vsva2785-2mp-e-s specified in board_part file is either invalid or not available
WARNING: [Board 49-26] cannot add Board Part xilinx.com:vpk120:part0:1.1 available at C:/XILINX1/Vivado/2024.1/data/xhub/boards/XilinxBoardStore/boards/Xilinx/vpk120/production/1.1/board.xml as part xcvp1202-vsva2785-2mp-e-s specified in board_part file is either invalid or not available
WARNING: [Board 49-26] cannot add Board Part xilinx.com:vpk120:part0:1.2 available at C:/XILINX1/Vivado/2024.1/data/xhub/boards/XilinxBoardStore/boards/Xilinx/vpk120/production/1.2/board.xml as part xcvp1202-vsva2785-2mp-e-s specified in board_part file is either invalid or not available
WARNING: [Board 49-26] cannot add Board Part xilinx.com:vpk180:part0:1.0 available at C:/XILINX1/Vivado/2024.1/data/xhub/boards/XilinxBoardStore/boards/Xilinx/vpk180/production/1.0/board.xml as part xcvp1802-lsvc4072-2mp-e-s specified in board_part file is either invalid or not available
WARNING: [Board 49-26] cannot add Board Part xilinx.com:vpk180:part0:1.1 available at C:/XILINX1/Vivado/2024.1/data/xhub/boards/XilinxBoardStore/boards/Xilinx/vpk180/production/1.1/board.xml as part xcvp1802-lsvc4072-2mp-e-s specified in board_part file is either invalid or not available
WARNING: [Board 49-26] cannot add Board Part xilinx.com:vpk180:part0:1.2 available at C:/XILINX1/Vivado/2024.1/data/xhub/boards/XilinxBoardStore/boards/Xilinx/vpk180/production/1.2/board.xml as part xcvp1802-lsvc4072-2mp-e-s specified in board_part file is either invalid or not available
WARNING: [Board 49-26] cannot add Board Part xilinx.com:zc702:part0:1.4 available at C:/XILINX1/Vivado/2024.1/data/xhub/boards/XilinxBoardStore/boards/Xilinx/zc702/1.4/board.xml as part xc7z020clg484-1 specified in board_part file is either invalid or not available
WARNING: [Board 49-26] cannot add Board Part xilinx.com:zc706:part0:1.4 available at C:/XILINX1/Vivado/2024.1/data/xhub/boards/XilinxBoardStore/boards/Xilinx/zc706/1.4/board.xml as part xc7z045ffg900-2 specified in board_part file is either invalid or not available
WARNING: [Board 49-26] cannot add Board Part xilinx.com:zcu102:part0:3.3 available at C:/XILINX1/Vivado/2024.1/data/xhub/boards/XilinxBoardStore/boards/Xilinx/zcu102/3.3/board.xml as part xczu9eg-ffvb1156-2-e specified in board_part file is either invalid or not available
WARNING: [Board 49-26] cannot add Board Part xilinx.com:zcu102:part0:3.4 available at C:/XILINX1/Vivado/2024.1/data/xhub/boards/XilinxBoardStore/boards/Xilinx/zcu102/3.4/board.xml as part xczu9eg-ffvb1156-2-e specified in board_part file is either invalid or not available
WARNING: [Board 49-26] cannot add Board Part xilinx.com:zcu104:part0:1.1 available at C:/XILINX1/Vivado/2024.1/data/xhub/boards/XilinxBoardStore/boards/Xilinx/zcu104/1.1/board.xml as part xczu7ev-ffvc1156-2-e specified in board_part file is either invalid or not available
WARNING: [Board 49-26] cannot add Board Part xilinx.com:zcu106:part0:2.4 available at C:/XILINX1/Vivado/2024.1/data/xhub/boards/XilinxBoardStore/boards/Xilinx/zcu106/2.4/board.xml as part xczu7ev-ffvc1156-2-e specified in board_part file is either invalid or not available
WARNING: [Board 49-26] cannot add Board Part xilinx.com:zcu106:part0:2.5 available at C:/XILINX1/Vivado/2024.1/data/xhub/boards/XilinxBoardStore/boards/Xilinx/zcu106/2.5/board.xml as part xczu7ev-ffvc1156-2-e specified in board_part file is either invalid or not available
WARNING: [Board 49-26] cannot add Board Part xilinx.com:zcu106:part0:2.6 available at C:/XILINX1/Vivado/2024.1/data/xhub/boards/XilinxBoardStore/boards/Xilinx/zcu106/2.6/board.xml as part xczu7ev-ffvc1156-2-e specified in board_part file is either invalid or not available
WARNING: [Board 49-26] cannot add Board Part xilinx.com:zcu111:part0:1.2 available at C:/XILINX1/Vivado/2024.1/data/xhub/boards/XilinxBoardStore/boards/Xilinx/zcu111/1.2/board.xml as part xczu28dr-ffvg1517-2-e specified in board_part file is either invalid or not available
WARNING: [Board 49-26] cannot add Board Part xilinx.com:zcu111:part0:1.3 available at C:/XILINX1/Vivado/2024.1/data/xhub/boards/XilinxBoardStore/boards/Xilinx/zcu111/1.3/board.xml as part xczu28dr-ffvg1517-2-e specified in board_part file is either invalid or not available
WARNING: [Board 49-26] cannot add Board Part xilinx.com:zcu111:part0:1.4 available at C:/XILINX1/Vivado/2024.1/data/xhub/boards/XilinxBoardStore/boards/Xilinx/zcu111/1.4/board.xml as part xczu28dr-ffvg1517-2-e specified in board_part file is either invalid or not available
WARNING: [Board 49-26] cannot add Board Part xilinx.com:zcu1275:part0:1.0 available at C:/XILINX1/Vivado/2024.1/data/xhub/boards/XilinxBoardStore/boards/Xilinx/zcu1275/1.0/board.xml as part xczu29dr-ffvf1760-2-e specified in board_part file is either invalid or not available
WARNING: [Board 49-26] cannot add Board Part xilinx.com:zcu1285:part0:1.0 available at C:/XILINX1/Vivado/2024.1/data/xhub/boards/XilinxBoardStore/boards/Xilinx/zcu1285/1.0/board.xml as part xczu39dr-ffvf1760-2-i specified in board_part file is either invalid or not available
WARNING: [Board 49-26] cannot add Board Part xilinx.com:zcu208:part0:2.0 available at C:/XILINX1/Vivado/2024.1/data/xhub/boards/XilinxBoardStore/boards/Xilinx/zcu208/production/2.0/board.xml as part xczu48dr-fsvg1517-2-e specified in board_part file is either invalid or not available
WARNING: [Board 49-26] cannot add Board Part xilinx.com:zcu208ld:part0:2.0 available at C:/XILINX1/Vivado/2024.1/data/xhub/boards/XilinxBoardStore/boards/Xilinx/zcu208ld/production/2.0/board.xml as part xczu58dr-fsvg1517-2-i specified in board_part file is either invalid or not available
INFO: [Common 17-14] Message 'Board 49-26' appears 100 times and further instances of the messages will be disabled. Use the Tcl command set_msg_config to change the current settings.
Scanning sources...
Finished scanning sources
INFO: [IP_Flow 19-234] Refreshing IP repositories
INFO: [IP_Flow 19-1704] No user IP repositories specified
INFO: [IP_Flow 19-2313] Loaded Vivado IP repository 'C:/XILINX1/Vivado/2024.1/data/ip'.
open_project: Time (s): cpu = 00:00:33 ; elapsed = 00:00:34 . Memory (MB): peak = 1632.129 ; gain = 542.234
update_compile_order -fileset sources_1
synth_design -top TOP_2 -part xc7a100tcsg324-1 -lint 
Command: synth_design -top TOP_2 -part xc7a100tcsg324-1 -lint
Starting synth_design
Attempting to get a license for feature 'Synthesis' and/or device 'xc7a100t'
INFO: [Common 17-349] Got license for feature 'Synthesis' and/or device 'xc7a100t'
INFO: [Synth 8-7079] Multithreading enabled for synth_design using a maximum of 2 processes.
INFO: [Synth 8-7078] Launching helper process for spawning children vivado processes
INFO: [Synth 8-7075] Helper process launched with PID 24944
---------------------------------------------------------------------------------
Starting Synthesize : Time (s): cpu = 00:00:09 ; elapsed = 00:00:11 . Memory (MB): peak = 2057.363 ; gain = 374.137
---------------------------------------------------------------------------------
Clean up Linter database...
WARNING: [Synth 8-9694] invalid size of integer constant literal [C:/Users/ivano/OneDrive/Documentos/GitHub/VHDL-SnakeGame-Copy-15-1/SnakeGame/SnakeGame.srcs/sources_1/imports/sources_1/imports/hdl/PS2Receiver.v:39]
INFO: [Synth 8-638] synthesizing module 'TOP_2' [C:/Users/ivano/OneDrive/Documentos/GitHub/VHDL-SnakeGame-Copy-15-1/SnakeGame/SnakeGame.srcs/sources_1/new/Top2LaSecuela.vhd:75]
INFO: [Synth 8-3491] module 'FLIP_FLOP_Pyton' declared at 'C:/Users/ivano/OneDrive/Documentos/GitHub/VHDL-SnakeGame-Copy-15-1/SnakeGame/SnakeGame.srcs/sources_1/new/FLIP_FLOP_Snake.vhd:26' bound to instance 'Inst_Flip_Flop' of component 'FLIP_FLOP_Pyton' [C:/Users/ivano/OneDrive/Documentos/GitHub/VHDL-SnakeGame-Copy-15-1/SnakeGame/SnakeGame.srcs/sources_1/new/Top2LaSecuela.vhd:244]
INFO: [Synth 8-638] synthesizing module 'FLIP_FLOP_Pyton' [C:/Users/ivano/OneDrive/Documentos/GitHub/VHDL-SnakeGame-Copy-15-1/SnakeGame/SnakeGame.srcs/sources_1/new/FLIP_FLOP_Snake.vhd:39]
INFO: [Synth 8-256] done synthesizing module 'FLIP_FLOP_Pyton' (1#1) [C:/Users/ivano/OneDrive/Documentos/GitHub/VHDL-SnakeGame-Copy-15-1/SnakeGame/SnakeGame.srcs/sources_1/new/FLIP_FLOP_Snake.vhd:39]
INFO: [Synth 8-3491] module 'Clock_Manager' declared at 'C:/Users/ivano/OneDrive/Documentos/GitHub/VHDL-SnakeGame-Copy-15-1/SnakeGame/SnakeGame.srcs/sources_1/new/Clock_Manager.vhd:25' bound to instance 'Inst_Clock_Manager' of component 'Clock_manager' [C:/Users/ivano/OneDrive/Documentos/GitHub/VHDL-SnakeGame-Copy-15-1/SnakeGame/SnakeGame.srcs/sources_1/new/Top2LaSecuela.vhd:255]
INFO: [Synth 8-638] synthesizing module 'Clock_Manager' [C:/Users/ivano/OneDrive/Documentos/GitHub/VHDL-SnakeGame-Copy-15-1/SnakeGame/SnakeGame.srcs/sources_1/new/Clock_Manager.vhd:39]
INFO: [Synth 8-3491] module 'Clock_distributor' declared at 'C:/Users/ivano/OneDrive/Documentos/GitHub/VHDL-SnakeGame-Copy-15-1/SnakeGame/SnakeGame.srcs/sources_1/new/Clock_distributor.vhd:27' bound to instance 'Inst_ClockDistributor' of component 'clock_distributor' [C:/Users/ivano/OneDrive/Documentos/GitHub/VHDL-SnakeGame-Copy-15-1/SnakeGame/SnakeGame.srcs/sources_1/new/Clock_Manager.vhd:66]
INFO: [Synth 8-638] synthesizing module 'Clock_distributor' [C:/Users/ivano/OneDrive/Documentos/GitHub/VHDL-SnakeGame-Copy-15-1/SnakeGame/SnakeGame.srcs/sources_1/new/Clock_distributor.vhd:36]
INFO: [Synth 8-113] binding component instance 'bufg_inst' to cell 'BUFG' [C:/Users/ivano/OneDrive/Documentos/GitHub/VHDL-SnakeGame-Copy-15-1/SnakeGame/SnakeGame.srcs/sources_1/new/Clock_distributor.vhd:41]
INFO: [Synth 8-256] done synthesizing module 'Clock_distributor' (2#1) [C:/Users/ivano/OneDrive/Documentos/GitHub/VHDL-SnakeGame-Copy-15-1/SnakeGame/SnakeGame.srcs/sources_1/new/Clock_distributor.vhd:36]
INFO: [Synth 8-3491] module 'PLL100to108' declared at 'C:/Users/ivano/OneDrive/Documentos/GitHub/VHDL-SnakeGame-Copy-15-1/SnakeGame/.Xil/Vivado-8820-DESKTOP-1V0CU1G/realtime/PLL100to108_stub.vhdl:6' bound to instance 'Inst_PLL' of component 'PLL100to108' [C:/Users/ivano/OneDrive/Documentos/GitHub/VHDL-SnakeGame-Copy-15-1/SnakeGame/SnakeGame.srcs/sources_1/new/Clock_Manager.vhd:76]
INFO: [Synth 8-638] synthesizing module 'PLL100to108' [C:/Users/ivano/OneDrive/Documentos/GitHub/VHDL-SnakeGame-Copy-15-1/SnakeGame/.Xil/Vivado-8820-DESKTOP-1V0CU1G/realtime/PLL100to108_stub.vhdl:14]
INFO: [Synth 8-3491] module 'Clock_Converter' declared at 'C:/Users/ivano/OneDrive/Documentos/GitHub/VHDL-SnakeGame-Copy-15-1/SnakeGame/SnakeGame.srcs/sources_1/new/Clock_Converter.vhd:26' bound to instance 'Inst_Clock_Converter' of component 'Clock_Converter' [C:/Users/ivano/OneDrive/Documentos/GitHub/VHDL-SnakeGame-Copy-15-1/SnakeGame/SnakeGame.srcs/sources_1/new/Clock_Manager.vhd:81]
INFO: [Synth 8-638] synthesizing module 'Clock_Converter' [C:/Users/ivano/OneDrive/Documentos/GitHub/VHDL-SnakeGame-Copy-15-1/SnakeGame/SnakeGame.srcs/sources_1/new/Clock_Converter.vhd:34]
INFO: [Synth 8-256] done synthesizing module 'Clock_Converter' (3#1) [C:/Users/ivano/OneDrive/Documentos/GitHub/VHDL-SnakeGame-Copy-15-1/SnakeGame/SnakeGame.srcs/sources_1/new/Clock_Converter.vhd:34]
INFO: [Synth 8-256] done synthesizing module 'Clock_Manager' (4#1) [C:/Users/ivano/OneDrive/Documentos/GitHub/VHDL-SnakeGame-Copy-15-1/SnakeGame/SnakeGame.srcs/sources_1/new/Clock_Manager.vhd:39]
INFO: [Synth 8-3491] module 'Scaled_String' declared at 'C:/Users/ivano/OneDrive/Documentos/GitHub/VHDL-SnakeGame-Copy-15-1/SnakeGame/SnakeGame.srcs/sources_1/new/Scaled_String.vhd:24' bound to instance 'Inst_ScaledString' of component 'Scaled_String' [C:/Users/ivano/OneDrive/Documentos/GitHub/VHDL-SnakeGame-Copy-15-1/SnakeGame/SnakeGame.srcs/sources_1/new/Top2LaSecuela.vhd:268]
INFO: [Synth 8-638] synthesizing module 'Scaled_String' [C:/Users/ivano/OneDrive/Documentos/GitHub/VHDL-SnakeGame-Copy-15-1/SnakeGame/SnakeGame.srcs/sources_1/new/Scaled_String.vhd:32]
INFO: [Synth 8-3491] module 'Scaler' declared at 'C:/Users/ivano/OneDrive/Documentos/GitHub/VHDL-SnakeGame-Copy-15-1/SnakeGame/SnakeGame.srcs/sources_1/new/Scaler.vhd:24' bound to instance 'Inst_Scaler' of component 'SCALER' [C:/Users/ivano/OneDrive/Documentos/GitHub/VHDL-SnakeGame-Copy-15-1/SnakeGame/SnakeGame.srcs/sources_1/new/Scaled_String.vhd:47]
INFO: [Synth 8-638] synthesizing module 'Scaler' [C:/Users/ivano/OneDrive/Documentos/GitHub/VHDL-SnakeGame-Copy-15-1/SnakeGame/SnakeGame.srcs/sources_1/new/Scaler.vhd:32]
INFO: [Synth 8-256] done synthesizing module 'Scaler' (5#1) [C:/Users/ivano/OneDrive/Documentos/GitHub/VHDL-SnakeGame-Copy-15-1/SnakeGame/SnakeGame.srcs/sources_1/new/Scaler.vhd:32]
INFO: [Synth 8-3491] module 'Scaler' declared at 'C:/Users/ivano/OneDrive/Documentos/GitHub/VHDL-SnakeGame-Copy-15-1/SnakeGame/SnakeGame.srcs/sources_1/new/Scaler.vhd:24' bound to instance 'Inst_Scaler' of component 'SCALER' [C:/Users/ivano/OneDrive/Documentos/GitHub/VHDL-SnakeGame-Copy-15-1/SnakeGame/SnakeGame.srcs/sources_1/new/Scaled_String.vhd:47]
INFO: [Synth 8-3491] module 'Scaler' declared at 'C:/Users/ivano/OneDrive/Documentos/GitHub/VHDL-SnakeGame-Copy-15-1/SnakeGame/SnakeGame.srcs/sources_1/new/Scaler.vhd:24' bound to instance 'Inst_Scaler' of component 'SCALER' [C:/Users/ivano/OneDrive/Documentos/GitHub/VHDL-SnakeGame-Copy-15-1/SnakeGame/SnakeGame.srcs/sources_1/new/Scaled_String.vhd:47]
INFO: [Synth 8-3491] module 'Scaler' declared at 'C:/Users/ivano/OneDrive/Documentos/GitHub/VHDL-SnakeGame-Copy-15-1/SnakeGame/SnakeGame.srcs/sources_1/new/Scaler.vhd:24' bound to instance 'Inst_Scaler' of component 'SCALER' [C:/Users/ivano/OneDrive/Documentos/GitHub/VHDL-SnakeGame-Copy-15-1/SnakeGame/SnakeGame.srcs/sources_1/new/Scaled_String.vhd:47]
INFO: [Synth 8-3491] module 'Scaler' declared at 'C:/Users/ivano/OneDrive/Documentos/GitHub/VHDL-SnakeGame-Copy-15-1/SnakeGame/SnakeGame.srcs/sources_1/new/Scaler.vhd:24' bound to instance 'Inst_Scaler' of component 'SCALER' [C:/Users/ivano/OneDrive/Documentos/GitHub/VHDL-SnakeGame-Copy-15-1/SnakeGame/SnakeGame.srcs/sources_1/new/Scaled_String.vhd:47]
INFO: [Synth 8-3491] module 'Scaler' declared at 'C:/Users/ivano/OneDrive/Documentos/GitHub/VHDL-SnakeGame-Copy-15-1/SnakeGame/SnakeGame.srcs/sources_1/new/Scaler.vhd:24' bound to instance 'Inst_Scaler' of component 'SCALER' [C:/Users/ivano/OneDrive/Documentos/GitHub/VHDL-SnakeGame-Copy-15-1/SnakeGame/SnakeGame.srcs/sources_1/new/Scaled_String.vhd:47]
INFO: [Synth 8-3491] module 'Scaler' declared at 'C:/Users/ivano/OneDrive/Documentos/GitHub/VHDL-SnakeGame-Copy-15-1/SnakeGame/SnakeGame.srcs/sources_1/new/Scaler.vhd:24' bound to instance 'Inst_Scaler' of component 'SCALER' [C:/Users/ivano/OneDrive/Documentos/GitHub/VHDL-SnakeGame-Copy-15-1/SnakeGame/SnakeGame.srcs/sources_1/new/Scaled_String.vhd:47]
INFO: [Synth 8-3491] module 'Scaler' declared at 'C:/Users/ivano/OneDrive/Documentos/GitHub/VHDL-SnakeGame-Copy-15-1/SnakeGame/SnakeGame.srcs/sources_1/new/Scaler.vhd:24' bound to instance 'Inst_Scaler' of component 'SCALER' [C:/Users/ivano/OneDrive/Documentos/GitHub/VHDL-SnakeGame-Copy-15-1/SnakeGame/SnakeGame.srcs/sources_1/new/Scaled_String.vhd:47]
INFO: [Synth 8-3491] module 'Scaler' declared at 'C:/Users/ivano/OneDrive/Documentos/GitHub/VHDL-SnakeGame-Copy-15-1/SnakeGame/SnakeGame.srcs/sources_1/new/Scaler.vhd:24' bound to instance 'Inst_Scaler' of component 'SCALER' [C:/Users/ivano/OneDrive/Documentos/GitHub/VHDL-SnakeGame-Copy-15-1/SnakeGame/SnakeGame.srcs/sources_1/new/Scaled_String.vhd:47]
INFO: [Synth 8-256] done synthesizing module 'Scaled_String' (6#1) [C:/Users/ivano/OneDrive/Documentos/GitHub/VHDL-SnakeGame-Copy-15-1/SnakeGame/SnakeGame.srcs/sources_1/new/Scaled_String.vhd:32]
INFO: [Synth 8-3491] module 'BUTTONS_Sync' declared at 'C:/Users/ivano/OneDrive/Documentos/GitHub/VHDL-SnakeGame-Copy-15-1/SnakeGame/SnakeGame.srcs/sources_1/new/BUTTONS_SYNCHRONIZER.vhd:34' bound to instance 'Inst_Buttons_Sync' of component 'BUTTONS_Sync' [C:/Users/ivano/OneDrive/Documentos/GitHub/VHDL-SnakeGame-Copy-15-1/SnakeGame/SnakeGame.srcs/sources_1/new/Top2LaSecuela.vhd:276]
INFO: [Synth 8-638] synthesizing module 'BUTTONS_Sync' [C:/Users/ivano/OneDrive/Documentos/GitHub/VHDL-SnakeGame-Copy-15-1/SnakeGame/SnakeGame.srcs/sources_1/new/BUTTONS_SYNCHRONIZER.vhd:42]
INFO: [Synth 8-256] done synthesizing module 'BUTTONS_Sync' (7#1) [C:/Users/ivano/OneDrive/Documentos/GitHub/VHDL-SnakeGame-Copy-15-1/SnakeGame/SnakeGame.srcs/sources_1/new/BUTTONS_SYNCHRONIZER.vhd:42]
INFO: [Synth 8-3491] module 'EDGEDTCTR' declared at 'C:/Users/ivano/OneDrive/Documentos/GitHub/VHDL-SnakeGame-Copy-15-1/SnakeGame/SnakeGame.srcs/sources_1/new/EDGEDTCTR.vhd:23' bound to instance 'Inst_edge' of component 'EDGEDTCTR' [C:/Users/ivano/OneDrive/Documentos/GitHub/VHDL-SnakeGame-Copy-15-1/SnakeGame/SnakeGame.srcs/sources_1/new/Top2LaSecuela.vhd:284]
INFO: [Synth 8-638] synthesizing module 'EDGEDTCTR' [C:/Users/ivano/OneDrive/Documentos/GitHub/VHDL-SnakeGame-Copy-15-1/SnakeGame/SnakeGame.srcs/sources_1/new/EDGEDTCTR.vhd:30]
INFO: [Synth 8-256] done synthesizing module 'EDGEDTCTR' (8#1) [C:/Users/ivano/OneDrive/Documentos/GitHub/VHDL-SnakeGame-Copy-15-1/SnakeGame/SnakeGame.srcs/sources_1/new/EDGEDTCTR.vhd:30]
INFO: [Synth 8-3491] module 'Main_Game' declared at 'C:/Users/ivano/OneDrive/Documentos/GitHub/VHDL-SnakeGame-Copy-15-1/SnakeGame/SnakeGame.srcs/sources_1/new/Main_Game.vhd:25' bound to instance 'Inst_MainFSM' of component 'Main_Game' [C:/Users/ivano/OneDrive/Documentos/GitHub/VHDL-SnakeGame-Copy-15-1/SnakeGame/SnakeGame.srcs/sources_1/new/Top2LaSecuela.vhd:291]
INFO: [Synth 8-638] synthesizing module 'Main_Game' [C:/Users/ivano/OneDrive/Documentos/GitHub/VHDL-SnakeGame-Copy-15-1/SnakeGame/SnakeGame.srcs/sources_1/new/Main_Game.vhd:34]
INFO: [Synth 8-256] done synthesizing module 'Main_Game' (9#1) [C:/Users/ivano/OneDrive/Documentos/GitHub/VHDL-SnakeGame-Copy-15-1/SnakeGame/SnakeGame.srcs/sources_1/new/Main_Game.vhd:34]
INFO: [Synth 8-3491] module 'GAME_Play' declared at 'C:/Users/ivano/OneDrive/Documentos/GitHub/VHDL-SnakeGame-Copy-15-1/SnakeGame/SnakeGame.srcs/sources_1/new/GAME_PLAY.vhd:27' bound to instance 'Inst_GAME_Play' of component 'GAME_Play' [C:/Users/ivano/OneDrive/Documentos/GitHub/VHDL-SnakeGame-Copy-15-1/SnakeGame/SnakeGame.srcs/sources_1/new/Top2LaSecuela.vhd:299]
INFO: [Synth 8-638] synthesizing module 'GAME_Play' [C:/Users/ivano/OneDrive/Documentos/GitHub/VHDL-SnakeGame-Copy-15-1/SnakeGame/SnakeGame.srcs/sources_1/new/GAME_PLAY.vhd:46]
WARNING: [Synth 8-614] signal 'sig_snake_mesh_xy' is read in the process but is not in the sensitivity list [C:/Users/ivano/OneDrive/Documentos/GitHub/VHDL-SnakeGame-Copy-15-1/SnakeGame/SnakeGame.srcs/sources_1/new/GAME_PLAY.vhd:58]
WARNING: [Synth 8-614] signal 'inited' is read in the process but is not in the sensitivity list [C:/Users/ivano/OneDrive/Documentos/GitHub/VHDL-SnakeGame-Copy-15-1/SnakeGame/SnakeGame.srcs/sources_1/new/GAME_PLAY.vhd:58]
WARNING: [Synth 8-3848] Net estado in module/entity GAME_Play does not have driver. [C:/Users/ivano/OneDrive/Documentos/GitHub/VHDL-SnakeGame-Copy-15-1/SnakeGame/SnakeGame.srcs/sources_1/new/GAME_PLAY.vhd:39]
INFO: [Synth 8-256] done synthesizing module 'GAME_Play' (10#1) [C:/Users/ivano/OneDrive/Documentos/GitHub/VHDL-SnakeGame-Copy-15-1/SnakeGame/SnakeGame.srcs/sources_1/new/GAME_PLAY.vhd:46]
INFO: [Synth 8-3491] module 'VGA_Manager' declared at 'C:/Users/ivano/OneDrive/Documentos/GitHub/VHDL-SnakeGame-Copy-15-1/SnakeGame/SnakeGame.srcs/sources_1/new/VGA_Manager.vhd:27' bound to instance 'Inst_VGA_Manager' of component 'VGA_Manager' [C:/Users/ivano/OneDrive/Documentos/GitHub/VHDL-SnakeGame-Copy-15-1/SnakeGame/SnakeGame.srcs/sources_1/new/Top2LaSecuela.vhd:315]
INFO: [Synth 8-638] synthesizing module 'VGA_Manager' [C:/Users/ivano/OneDrive/Documentos/GitHub/VHDL-SnakeGame-Copy-15-1/SnakeGame/SnakeGame.srcs/sources_1/new/VGA_Manager.vhd:42]
INFO: [Synth 8-3491] module 'VGA_Sync' declared at 'C:/Users/ivano/OneDrive/Documentos/GitHub/VHDL-SnakeGame-Copy-15-1/SnakeGame/SnakeGame.srcs/sources_1/new/VGA_Sync.vhd:26' bound to instance 'Inst_VGA_Sync' of component 'VGA_Sync' [C:/Users/ivano/OneDrive/Documentos/GitHub/VHDL-SnakeGame-Copy-15-1/SnakeGame/SnakeGame.srcs/sources_1/new/VGA_Manager.vhd:80]
INFO: [Synth 8-638] synthesizing module 'VGA_Sync' [C:/Users/ivano/OneDrive/Documentos/GitHub/VHDL-SnakeGame-Copy-15-1/SnakeGame/SnakeGame.srcs/sources_1/new/VGA_Sync.vhd:54]
INFO: [Synth 8-256] done synthesizing module 'VGA_Sync' (11#1) [C:/Users/ivano/OneDrive/Documentos/GitHub/VHDL-SnakeGame-Copy-15-1/SnakeGame/SnakeGame.srcs/sources_1/new/VGA_Sync.vhd:54]
INFO: [Synth 8-3491] module 'VGA_Draw' declared at 'C:/Users/ivano/OneDrive/Documentos/GitHub/VHDL-SnakeGame-Copy-15-1/SnakeGame/SnakeGame.srcs/sources_1/new/VGA_Draw.vhd:28' bound to instance 'Inst_VGA_Draw' of component 'VGA_Draw' [C:/Users/ivano/OneDrive/Documentos/GitHub/VHDL-SnakeGame-Copy-15-1/SnakeGame/SnakeGame.srcs/sources_1/new/VGA_Manager.vhd:90]
INFO: [Synth 8-638] synthesizing module 'VGA_Draw' [C:/Users/ivano/OneDrive/Documentos/GitHub/VHDL-SnakeGame-Copy-15-1/SnakeGame/SnakeGame.srcs/sources_1/new/VGA_Draw.vhd:41]
WARNING: [Synth 8-614] signal 'enable' is read in the process but is not in the sensitivity list [C:/Users/ivano/OneDrive/Documentos/GitHub/VHDL-SnakeGame-Copy-15-1/SnakeGame/SnakeGame.srcs/sources_1/new/VGA_Draw.vhd:44]
WARNING: [Synth 8-614] signal 'pyton_length' is read in the process but is not in the sensitivity list [C:/Users/ivano/OneDrive/Documentos/GitHub/VHDL-SnakeGame-Copy-15-1/SnakeGame/SnakeGame.srcs/sources_1/new/VGA_Draw.vhd:44]
WARNING: [Synth 8-614] signal 'pyton_mesh_pos' is read in the process but is not in the sensitivity list [C:/Users/ivano/OneDrive/Documentos/GitHub/VHDL-SnakeGame-Copy-15-1/SnakeGame/SnakeGame.srcs/sources_1/new/VGA_Draw.vhd:44]
WARNING: [Synth 8-614] signal 'apple_pos' is read in the process but is not in the sensitivity list [C:/Users/ivano/OneDrive/Documentos/GitHub/VHDL-SnakeGame-Copy-15-1/SnakeGame/SnakeGame.srcs/sources_1/new/VGA_Draw.vhd:44]
INFO: [Synth 8-256] done synthesizing module 'VGA_Draw' (12#1) [C:/Users/ivano/OneDrive/Documentos/GitHub/VHDL-SnakeGame-Copy-15-1/SnakeGame/SnakeGame.srcs/sources_1/new/VGA_Draw.vhd:41]
INFO: [Synth 8-3491] module 'VGA_DrawStr' declared at 'C:/Users/ivano/OneDrive/Documentos/GitHub/VHDL-SnakeGame-Copy-15-1/SnakeGame/SnakeGame.srcs/sources_1/new/VGA_DrawStr.vhd:33' bound to instance 'Inst_VGA_DrawStr' of component 'VGA_DrawStr' [C:/Users/ivano/OneDrive/Documentos/GitHub/VHDL-SnakeGame-Copy-15-1/SnakeGame/SnakeGame.srcs/sources_1/new/VGA_Manager.vhd:103]
INFO: [Synth 8-638] synthesizing module 'VGA_DrawStr' [C:/Users/ivano/OneDrive/Documentos/GitHub/VHDL-SnakeGame-Copy-15-1/SnakeGame/SnakeGame.srcs/sources_1/new/VGA_DrawStr.vhd:46]
WARNING: [Synth 8-614] signal 'mode' is read in the process but is not in the sensitivity list [C:/Users/ivano/OneDrive/Documentos/GitHub/VHDL-SnakeGame-Copy-15-1/SnakeGame/SnakeGame.srcs/sources_1/new/VGA_DrawStr.vhd:56]
WARNING: [Synth 8-614] signal 'enable' is read in the process but is not in the sensitivity list [C:/Users/ivano/OneDrive/Documentos/GitHub/VHDL-SnakeGame-Copy-15-1/SnakeGame/SnakeGame.srcs/sources_1/new/VGA_DrawStr.vhd:68]
WARNING: [Synth 8-614] signal 'Strlen' is read in the process but is not in the sensitivity list [C:/Users/ivano/OneDrive/Documentos/GitHub/VHDL-SnakeGame-Copy-15-1/SnakeGame/SnakeGame.srcs/sources_1/new/VGA_DrawStr.vhd:68]
WARNING: [Synth 8-614] signal 'START' is read in the process but is not in the sensitivity list [C:/Users/ivano/OneDrive/Documentos/GitHub/VHDL-SnakeGame-Copy-15-1/SnakeGame/SnakeGame.srcs/sources_1/new/VGA_DrawStr.vhd:68]
WARNING: [Synth 8-614] signal 'GAMEOVER' is read in the process but is not in the sensitivity list [C:/Users/ivano/OneDrive/Documentos/GitHub/VHDL-SnakeGame-Copy-15-1/SnakeGame/SnakeGame.srcs/sources_1/new/VGA_DrawStr.vhd:68]
INFO: [Synth 8-256] done synthesizing module 'VGA_DrawStr' (13#1) [C:/Users/ivano/OneDrive/Documentos/GitHub/VHDL-SnakeGame-Copy-15-1/SnakeGame/SnakeGame.srcs/sources_1/new/VGA_DrawStr.vhd:46]
WARNING: [Synth 8-614] signal 'mode' is read in the process but is not in the sensitivity list [C:/Users/ivano/OneDrive/Documentos/GitHub/VHDL-SnakeGame-Copy-15-1/SnakeGame/SnakeGame.srcs/sources_1/new/VGA_Manager.vhd:116]
WARNING: [Synth 8-614] signal 'red_s' is read in the process but is not in the sensitivity list [C:/Users/ivano/OneDrive/Documentos/GitHub/VHDL-SnakeGame-Copy-15-1/SnakeGame/SnakeGame.srcs/sources_1/new/VGA_Manager.vhd:116]
WARNING: [Synth 8-614] signal 'green_s' is read in the process but is not in the sensitivity list [C:/Users/ivano/OneDrive/Documentos/GitHub/VHDL-SnakeGame-Copy-15-1/SnakeGame/SnakeGame.srcs/sources_1/new/VGA_Manager.vhd:116]
WARNING: [Synth 8-614] signal 'blue_s' is read in the process but is not in the sensitivity list [C:/Users/ivano/OneDrive/Documentos/GitHub/VHDL-SnakeGame-Copy-15-1/SnakeGame/SnakeGame.srcs/sources_1/new/VGA_Manager.vhd:116]
WARNING: [Synth 8-614] signal 'red_g' is read in the process but is not in the sensitivity list [C:/Users/ivano/OneDrive/Documentos/GitHub/VHDL-SnakeGame-Copy-15-1/SnakeGame/SnakeGame.srcs/sources_1/new/VGA_Manager.vhd:116]
WARNING: [Synth 8-614] signal 'green_g' is read in the process but is not in the sensitivity list [C:/Users/ivano/OneDrive/Documentos/GitHub/VHDL-SnakeGame-Copy-15-1/SnakeGame/SnakeGame.srcs/sources_1/new/VGA_Manager.vhd:116]
WARNING: [Synth 8-614] signal 'blue_g' is read in the process but is not in the sensitivity list [C:/Users/ivano/OneDrive/Documentos/GitHub/VHDL-SnakeGame-Copy-15-1/SnakeGame/SnakeGame.srcs/sources_1/new/VGA_Manager.vhd:116]
INFO: [Synth 8-256] done synthesizing module 'VGA_Manager' (14#1) [C:/Users/ivano/OneDrive/Documentos/GitHub/VHDL-SnakeGame-Copy-15-1/SnakeGame/SnakeGame.srcs/sources_1/new/VGA_Manager.vhd:42]
INFO: [Synth 8-3491] module 'TOP_TECLADO' declared at 'C:/Users/ivano/OneDrive/Documentos/GitHub/VHDL-SnakeGame-Copy-15-1/SnakeGame/SnakeGame.srcs/sources_1/imports/sources_1/new/TOP_TEC.vhd:6' bound to instance 'Inst_Teclado' of component 'TOP_TECLADO' [C:/Users/ivano/OneDrive/Documentos/GitHub/VHDL-SnakeGame-Copy-15-1/SnakeGame/SnakeGame.srcs/sources_1/new/Top2LaSecuela.vhd:359]
INFO: [Synth 8-638] synthesizing module 'TOP_TECLADO' [C:/Users/ivano/OneDrive/Documentos/GitHub/VHDL-SnakeGame-Copy-15-1/SnakeGame/SnakeGame.srcs/sources_1/imports/sources_1/new/TOP_TEC.vhd:24]
INFO: [Synth 8-6157] synthesizing module 'PS2Receiver' [C:/Users/ivano/OneDrive/Documentos/GitHub/VHDL-SnakeGame-Copy-15-1/SnakeGame/SnakeGame.srcs/sources_1/imports/sources_1/imports/hdl/PS2Receiver.v:23]
INFO: [Synth 8-6157] synthesizing module 'debouncer' [C:/Users/ivano/OneDrive/Documentos/GitHub/VHDL-SnakeGame-Copy-15-1/SnakeGame/SnakeGame.srcs/sources_1/imports/sources_1/imports/hdl/debouncer.v:23]
INFO: [Synth 8-6155] done synthesizing module 'debouncer' (15#1) [C:/Users/ivano/OneDrive/Documentos/GitHub/VHDL-SnakeGame-Copy-15-1/SnakeGame/SnakeGame.srcs/sources_1/imports/sources_1/imports/hdl/debouncer.v:23]
INFO: [Synth 8-155] case statement is not full and has no default [C:/Users/ivano/OneDrive/Documentos/GitHub/VHDL-SnakeGame-Copy-15-1/SnakeGame/SnakeGame.srcs/sources_1/imports/sources_1/imports/hdl/PS2Receiver.v:53]
INFO: [Synth 8-6155] done synthesizing module 'PS2Receiver' (16#1) [C:/Users/ivano/OneDrive/Documentos/GitHub/VHDL-SnakeGame-Copy-15-1/SnakeGame/SnakeGame.srcs/sources_1/imports/sources_1/imports/hdl/PS2Receiver.v:23]
INFO: [Synth 8-638] synthesizing module 'MAQUINA_ESTADOS_TECLADO' [C:/Users/ivano/OneDrive/Documentos/GitHub/VHDL-SnakeGame-Copy-15-1/SnakeGame/SnakeGame.srcs/sources_1/imports/sources_1/new/DISPLAY_BCD.vhd:22]
INFO: [Synth 8-226] default block is never used [C:/Users/ivano/OneDrive/Documentos/GitHub/VHDL-SnakeGame-Copy-15-1/SnakeGame/SnakeGame.srcs/sources_1/imports/sources_1/new/DISPLAY_BCD.vhd:248]
INFO: [Synth 8-226] default block is never used [C:/Users/ivano/OneDrive/Documentos/GitHub/VHDL-SnakeGame-Copy-15-1/SnakeGame/SnakeGame.srcs/sources_1/imports/sources_1/new/DISPLAY_BCD.vhd:290]
INFO: [Synth 8-256] done synthesizing module 'MAQUINA_ESTADOS_TECLADO' (17#1) [C:/Users/ivano/OneDrive/Documentos/GitHub/VHDL-SnakeGame-Copy-15-1/SnakeGame/SnakeGame.srcs/sources_1/imports/sources_1/new/DISPLAY_BCD.vhd:22]
WARNING: [Synth 8-3848] Net UART_TXD in module/entity TOP_TECLADO does not have driver. [C:/Users/ivano/OneDrive/Documentos/GitHub/VHDL-SnakeGame-Copy-15-1/SnakeGame/SnakeGame.srcs/sources_1/imports/sources_1/new/TOP_TEC.vhd:15]
INFO: [Synth 8-256] done synthesizing module 'TOP_TECLADO' (18#1) [C:/Users/ivano/OneDrive/Documentos/GitHub/VHDL-SnakeGame-Copy-15-1/SnakeGame/SnakeGame.srcs/sources_1/imports/sources_1/new/TOP_TEC.vhd:24]
WARNING: [Synth 8-3848] Net LEDs in module/entity TOP_2 does not have driver. [C:/Users/ivano/OneDrive/Documentos/GitHub/VHDL-SnakeGame-Copy-15-1/SnakeGame/SnakeGame.srcs/sources_1/new/Top2LaSecuela.vhd:42]
INFO: [Synth 8-256] done synthesizing module 'TOP_2' (19#1) [C:/Users/ivano/OneDrive/Documentos/GitHub/VHDL-SnakeGame-Copy-15-1/SnakeGame/SnakeGame.srcs/sources_1/new/Top2LaSecuela.vhd:75]
---------------------------------------------------------------------------------
Finished Synthesize : Time (s): cpu = 00:00:17 ; elapsed = 00:00:19 . Memory (MB): peak = 2349.719 ; gain = 666.492
---------------------------------------------------------------------------------
Copyright 1986-2022 Xilinx, Inc. All Rights Reserved. Copyright 2022-2024 Advanced Micro Devices, Inc. All Rights Reserved.
---------------------------------------------------------------------------------------------------------------------------------------------
| Tool Version : Vivado v.2024.1 (win64) Build 5076996 Wed May 22 18:37:14 MDT 2024
| Date         : Wed Jan 15 08:48:05 2025
| Host         : DESKTOP-1V0CU1G running 64-bit major release  (build 9200)
---------------------------------------------------------------------------------------------------------------------------------------------

RTL Linter Report

Table of Contents
-----------------
1. Summary

1. Summary
----------

+-----------+----------+--------------+----------+
| Rule ID   | Severity | # Violations | # Waived |
+-----------+----------+--------------+----------+
| ASSIGN-5  | WARNING  | 6            | 0        |
| ASSIGN-6  | WARNING  | 3            | 0        |
| ASSIGN-9  | WARNING  | 9            | 0        |
| ASSIGN-10 | WARNING  | 1            | 0        |
| INFER-1   | WARNING  | 3            | 0        |
| INFER-4   | WARNING  | 1            | 0        |
| RESET-2   | WARNING  | 1            | 0        |
+-----------+----------+--------------+----------+


WARNING: [Synth 37-125] [ASSIGN-10]Some bits in IO 'x' are not read. First unread bit index is 8. 
RTL Name 'x', Hierarchy 'MAQUINA_ESTADOS_TECLADO', File 'DISPLAY_BCD.vhd', Line 9.
WARNING: [Synth 37-124] [ASSIGN-5]Some bits in 'sig_food_xy' are not set. First unset bit index is 0. 
RTL Name 'sig_food_xy', Hierarchy 'GAME_Play', File 'GAME_PLAY.vhd', Line 51.
WARNING: [Synth 37-126] [ASSIGN-9]Some bits in IO 'estado' are not set. First unset bit index is 0. 
RTL Name 'estado', Hierarchy 'GAME_Play', File 'GAME_PLAY.vhd', Line 39.
WARNING: [Synth 37-88] [INFER-1]Inferred latch found for inited_reg. 
RTL Name 'inited_reg', Hierarchy 'GAME_Play', File 'C:/Users/ivano/OneDrive/Documentos/GitHub/VHDL-SnakeGame-Copy-15-1/SnakeGame/SnakeGame.srcs/sources_1/new/GAME_PLAY.vhd', Line 74.
WARNING: [Synth 37-113] [INFER-4]Combination loop detected on 'inited' at '0' bit. 
Hierarchy 'GAME_Play', File 'C:/Users/ivano/OneDrive/Documentos/GitHub/VHDL-SnakeGame-Copy-15-1/SnakeGame/SnakeGame.srcs/sources_1/new/GAME_PLAY.vhd', Line 54.
WARNING: [Synth 37-103] [RESET-2]Register s_led_choque_reg in always/process block does not have asynchronous reset when one or more other signals do.
RTL Name 's_led_choque_reg', Hierarchy 'GAME_Play', File 'C:/Users/ivano/OneDrive/Documentos/GitHub/VHDL-SnakeGame-Copy-15-1/SnakeGame/SnakeGame.srcs/sources_1/new/GAME_PLAY.vhd', Line 58.
WARNING: [Synth 37-93] [ASSIGN-6]Signal 'counter' was assigned but not read. 
RTL Name 'counter', Hierarchy 'Main_Game', File 'C:/Users/ivano/OneDrive/Documentos/GitHub/VHDL-SnakeGame-Copy-15-1/SnakeGame/SnakeGame.srcs/sources_1/new/Main_Game.vhd', Line 39.
WARNING: [Synth 37-126] [ASSIGN-9]Some bits in IO 'UART_TXD' are not set. First unset bit index is 0. 
RTL Name 'UART_TXD', Hierarchy 'TOP_TECLADO', File 'TOP_TEC.vhd', Line 15.
WARNING: [Synth 37-124] [ASSIGN-5]Some bits in 'sig_estado_juego' are not set. First unset bit index is 0. 
RTL Name 'sig_estado_juego', Hierarchy 'TOP_2', File 'Top2LaSecuela.vhd', Line 104.
WARNING: [Synth 37-93] [ASSIGN-6]Signal 'clk_CV' was assigned but not read. 
RTL Name 'clk_CV', Hierarchy 'TOP_2', File 'C:/Users/ivano/OneDrive/Documentos/GitHub/VHDL-SnakeGame-Copy-15-1/SnakeGame/SnakeGame.srcs/sources_1/new/Top2LaSecuela.vhd', Line 80.
WARNING: [Synth 37-93] [ASSIGN-6]Signal 'sig_estado_juego' was assigned but not read. 
RTL Name 'sig_estado_juego', Hierarchy 'TOP_2', File 'C:/Users/ivano/OneDrive/Documentos/GitHub/VHDL-SnakeGame-Copy-15-1/SnakeGame/SnakeGame.srcs/sources_1/new/Top2LaSecuela.vhd', Line 104.
WARNING: [Synth 37-126] [ASSIGN-9]Some bits in IO 'LEDs' are not set. First unset bit index is 0. 
RTL Name 'LEDs', Hierarchy 'TOP_2', File 'Top2LaSecuela.vhd', Line 42.
WARNING: [Synth 37-126] [ASSIGN-9]Some bits in IO 'UART_TXD' are not set. First unset bit index is 0. 
RTL Name 'UART_TXD', Hierarchy 'TOP_2', File 'Top2LaSecuela.vhd', Line 64.
WARNING: [Synth 37-126] [ASSIGN-9]Some bits in IO 'UART_TXD' are not set. First unset bit index is 0. 
RTL Name 'UART_TXD', Hierarchy 'TOP_2', File 'Top2LaSecuela.vhd', Line 219.
WARNING: [Synth 37-126] [ASSIGN-9]Some bits in IO 'estado' are not set. First unset bit index is 0. 
RTL Name 'estado', Hierarchy 'TOP_2', File 'Top2LaSecuela.vhd', Line 189.
WARNING: [Synth 37-88] [INFER-1]Inferred latch found for sig_buttons_lock_reg. 
RTL Name 'sig_buttons_lock_reg', Hierarchy 'TOP_2', File 'C:/Users/ivano/OneDrive/Documentos/GitHub/VHDL-SnakeGame-Copy-15-1/SnakeGame/SnakeGame.srcs/sources_1/new/Top2LaSecuela.vhd', Line 232.
WARNING: [Synth 37-88] [INFER-1]Inferred latch found for drawSnake.draw_management_reg. 
RTL Name 'drawSnake.draw_management_reg', Hierarchy 'VGA_Draw', File 'C:/Users/ivano/OneDrive/Documentos/GitHub/VHDL-SnakeGame-Copy-15-1/SnakeGame/SnakeGame.srcs/sources_1/new/VGA_Draw.vhd', Line 60.
WARNING: [Synth 37-95] [ASSIGN-5]Found scalar variable(s) 'typeDraw' declared and are not set.
RTL Name 'typeDraw', Hierarchy 'VGA_DrawStr', File 'C:/Users/ivano/OneDrive/Documentos/GitHub/VHDL-SnakeGame-Copy-15-1/SnakeGame/SnakeGame.srcs/sources_1/new/VGA_DrawStr.vhd', Line 51.
WARNING: [Synth 37-124] [ASSIGN-5]Some bits in 'blue_g' are not set. First unset bit index is 2. 
RTL Name 'blue_g', Hierarchy 'VGA_Manager', File 'VGA_Manager.vhd', Line 46.
WARNING: [Synth 37-126] [ASSIGN-9]Some bits in IO 'bout' are not set. First unset bit index is 2. 
RTL Name 'bout', Hierarchy 'VGA_Manager', File 'VGA_Manager.vhd', Line 76.
WARNING: [Synth 37-126] [ASSIGN-9]Some bits in IO 'col' are not set. First unset bit index is 11. 
RTL Name 'col', Hierarchy 'VGA_Sync', File 'VGA_Sync.vhd', Line 50.
WARNING: [Synth 37-126] [ASSIGN-9]Some bits in IO 'row' are not set. First unset bit index is 11. 
RTL Name 'row', Hierarchy 'VGA_Sync', File 'VGA_Sync.vhd', Line 50.
WARNING: [Synth 37-95] [ASSIGN-5]Found scalar variable(s) 'out0' declared and are not set.
RTL Name 'out0', Hierarchy 'debouncer', File 'C:/Users/ivano/OneDrive/Documentos/GitHub/VHDL-SnakeGame-Copy-15-1/SnakeGame/SnakeGame.srcs/sources_1/imports/sources_1/imports/hdl/debouncer.v', Line 33.
WARNING: [Synth 37-95] [ASSIGN-5]Found scalar variable(s) 'out1' declared and are not set.
RTL Name 'out1', Hierarchy 'debouncer', File 'C:/Users/ivano/OneDrive/Documentos/GitHub/VHDL-SnakeGame-Copy-15-1/SnakeGame/SnakeGame.srcs/sources_1/imports/sources_1/imports/hdl/debouncer.v', Line 33.
INFO: [Synth 37-85] Total of 24 linter message(s) generated.
INFO: [Synth 37-45] Linter Run Finished!
Synthesis Optimization Runtime : Time (s): cpu = 00:00:17 ; elapsed = 00:00:19 . Memory (MB): peak = 2349.719 ; gain = 666.492
INFO: [Common 17-83] Releasing license: Synthesis
74 Infos, 46 Warnings, 0 Critical Warnings and 0 Errors encountered.
synth_design completed successfully
synth_design: Time (s): cpu = 00:00:17 ; elapsed = 00:00:19 . Memory (MB): peak = 2349.719 ; gain = 666.492
WARNING: [filemgmt 56-199] Attempt to get parsing info during refresh. "On-the-fly" syntax checking information may be incorrect. [C:\Users\ivano\OneDrive\Documentos\GitHub\VHDL-SnakeGame-Copy-15-1\SnakeGame\SnakeGame.srcs\sources_1\new\Types.vhd:]
WARNING: [filemgmt 56-199] Attempt to get parsing info during refresh. "On-the-fly" syntax checking information may be incorrect. [C:\Users\ivano\OneDrive\Documentos\GitHub\VHDL-SnakeGame-Copy-15-1\SnakeGame\SnakeGame.srcs\sources_1\new\FLIP_FLOP_Snake.vhd:]
WARNING: [filemgmt 56-199] Attempt to get parsing info during refresh. "On-the-fly" syntax checking information may be incorrect. [C:\Users\ivano\OneDrive\Documentos\GitHub\VHDL-SnakeGame-Copy-15-1\SnakeGame\SnakeGame.srcs\sources_1\new\GAME_PLAY.vhd:]
WARNING: [filemgmt 56-199] Attempt to get parsing info during refresh. "On-the-fly" syntax checking information may be incorrect. [C:\Users\ivano\OneDrive\Documentos\GitHub\VHDL-SnakeGame-Copy-15-1\SnakeGame\SnakeGame.srcs\sources_1\new\Top2LaSecuela.vhd:]
WARNING: [filemgmt 56-199] Attempt to get parsing info during refresh. "On-the-fly" syntax checking information may be incorrect. [C:\Users\ivano\OneDrive\Documentos\GitHub\VHDL-SnakeGame-Copy-15-1\SnakeGame\SnakeGame.srcs\sources_1\new\GAME_PLAY.vhd:]
WARNING: [filemgmt 56-199] Attempt to get parsing info during refresh. "On-the-fly" syntax checking information may be incorrect. [C:\Users\ivano\OneDrive\Documentos\GitHub\VHDL-SnakeGame-Copy-15-1\SnakeGame\SnakeGame.srcs\sources_1\new\GAME_PLAY.vhd:]
WARNING: [filemgmt 56-199] Attempt to get parsing info during refresh. "On-the-fly" syntax checking information may be incorrect. [C:\Users\ivano\OneDrive\Documentos\GitHub\VHDL-SnakeGame-Copy-15-1\SnakeGame\SnakeGame.srcs\sources_1\new\Types.vhd:]
WARNING: [filemgmt 56-199] Attempt to get parsing info during refresh. "On-the-fly" syntax checking information may be incorrect. [C:\Users\ivano\OneDrive\Documentos\GitHub\VHDL-SnakeGame-Copy-15-1\SnakeGame\SnakeGame.srcs\sources_1\new\FLIP_FLOP_Snake.vhd:]
WARNING: [filemgmt 56-199] Attempt to get parsing info during refresh. "On-the-fly" syntax checking information may be incorrect. [C:\Users\ivano\OneDrive\Documentos\GitHub\VHDL-SnakeGame-Copy-15-1\SnakeGame\SnakeGame.srcs\sources_1\new\GAME_PLAY.vhd:]
WARNING: [filemgmt 56-199] Attempt to get parsing info during refresh. "On-the-fly" syntax checking information may be incorrect. [C:\Users\ivano\OneDrive\Documentos\GitHub\VHDL-SnakeGame-Copy-15-1\SnakeGame\SnakeGame.srcs\sources_1\new\Top2LaSecuela.vhd:]
WARNING: [filemgmt 56-199] Attempt to get parsing info during refresh. "On-the-fly" syntax checking information may be incorrect. [C:\Users\ivano\OneDrive\Documentos\GitHub\VHDL-SnakeGame-Copy-15-1\SnakeGame\SnakeGame.srcs\sources_1\new\Types.vhd:]
WARNING: [filemgmt 56-199] Attempt to get parsing info during refresh. "On-the-fly" syntax checking information may be incorrect. [C:\Users\ivano\OneDrive\Documentos\GitHub\VHDL-SnakeGame-Copy-15-1\SnakeGame\SnakeGame.srcs\sources_1\new\Types.vhd:]
ERROR: [Common 17-180] Spawn failed: No error
WARNING: [filemgmt 56-199] Attempt to get parsing info during refresh. "On-the-fly" syntax checking information may be incorrect. [C:\Users\ivano\OneDrive\Documentos\GitHub\VHDL-SnakeGame-Copy-15-1\SnakeGame\SnakeGame.srcs\sources_1\new\Types.vhd:]
WARNING: [filemgmt 56-199] Attempt to get parsing info during refresh. "On-the-fly" syntax checking information may be incorrect. [C:\Users\ivano\OneDrive\Documentos\GitHub\VHDL-SnakeGame-Copy-15-1\SnakeGame\SnakeGame.srcs\sources_1\new\FLIP_FLOP_Snake.vhd:]
WARNING: [filemgmt 56-199] Attempt to get parsing info during refresh. "On-the-fly" syntax checking information may be incorrect. [C:\Users\ivano\OneDrive\Documentos\GitHub\VHDL-SnakeGame-Copy-15-1\SnakeGame\SnakeGame.srcs\sources_1\new\GAME_PLAY.vhd:]
WARNING: [filemgmt 56-199] Attempt to get parsing info during refresh. "On-the-fly" syntax checking information may be incorrect. [C:\Users\ivano\OneDrive\Documentos\GitHub\VHDL-SnakeGame-Copy-15-1\SnakeGame\SnakeGame.srcs\sources_1\new\Top2LaSecuela.vhd:]
WARNING: [filemgmt 56-199] Attempt to get parsing info during refresh. "On-the-fly" syntax checking information may be incorrect. [C:\Users\ivano\OneDrive\Documentos\GitHub\VHDL-SnakeGame-Copy-15-1\SnakeGame\SnakeGame.srcs\sources_1\new\Top2LaSecuela.vhd:]
WARNING: [filemgmt 56-199] Attempt to get parsing info during refresh. "On-the-fly" syntax checking information may be incorrect. [C:\Users\ivano\OneDrive\Documentos\GitHub\VHDL-SnakeGame-Copy-15-1\SnakeGame\SnakeGame.srcs\sources_1\new\Top2LaSecuela.vhd:]
ERROR: [Common 17-180] Spawn failed: No error
WARNING: [filemgmt 56-199] Attempt to get parsing info during refresh. "On-the-fly" syntax checking information may be incorrect. [C:\Users\ivano\OneDrive\Documentos\GitHub\VHDL-SnakeGame-Copy-15-1\SnakeGame\SnakeGame.srcs\sources_1\new\Types.vhd:]
WARNING: [filemgmt 56-199] Attempt to get parsing info during refresh. "On-the-fly" syntax checking information may be incorrect. [C:\Users\ivano\OneDrive\Documentos\GitHub\VHDL-SnakeGame-Copy-15-1\SnakeGame\SnakeGame.srcs\sources_1\new\FLIP_FLOP_Snake.vhd:]
WARNING: [filemgmt 56-199] Attempt to get parsing info during refresh. "On-the-fly" syntax checking information may be incorrect. [C:\Users\ivano\OneDrive\Documentos\GitHub\VHDL-SnakeGame-Copy-15-1\SnakeGame\SnakeGame.srcs\sources_1\new\GAME_PLAY.vhd:]
WARNING: [filemgmt 56-199] Attempt to get parsing info during refresh. "On-the-fly" syntax checking information may be incorrect. [C:\Users\ivano\OneDrive\Documentos\GitHub\VHDL-SnakeGame-Copy-15-1\SnakeGame\SnakeGame.srcs\sources_1\new\Top2LaSecuela.vhd:]
WARNING: [filemgmt 56-199] Attempt to get parsing info during refresh. "On-the-fly" syntax checking information may be incorrect. [C:\Users\ivano\OneDrive\Documentos\GitHub\VHDL-SnakeGame-Copy-15-1\SnakeGame\SnakeGame.srcs\sources_1\new\GAME_PLAY.vhd:]
WARNING: [filemgmt 56-199] Attempt to get parsing info during refresh. "On-the-fly" syntax checking information may be incorrect. [C:\Users\ivano\OneDrive\Documentos\GitHub\VHDL-SnakeGame-Copy-15-1\SnakeGame\SnakeGame.srcs\sources_1\new\GAME_PLAY.vhd:]
WARNING: [filemgmt 56-199] Attempt to get parsing info during refresh. "On-the-fly" syntax checking information may be incorrect. [C:\Users\ivano\OneDrive\Documentos\GitHub\VHDL-SnakeGame-Copy-15-1\SnakeGame\SnakeGame.srcs\sources_1\new\Types.vhd:]
WARNING: [filemgmt 56-199] Attempt to get parsing info during refresh. "On-the-fly" syntax checking information may be incorrect. [C:\Users\ivano\OneDrive\Documentos\GitHub\VHDL-SnakeGame-Copy-15-1\SnakeGame\SnakeGame.srcs\sources_1\new\FLIP_FLOP_Snake.vhd:]
WARNING: [filemgmt 56-199] Attempt to get parsing info during refresh. "On-the-fly" syntax checking information may be incorrect. [C:\Users\ivano\OneDrive\Documentos\GitHub\VHDL-SnakeGame-Copy-15-1\SnakeGame\SnakeGame.srcs\sources_1\new\GAME_PLAY.vhd:]
WARNING: [filemgmt 56-199] Attempt to get parsing info during refresh. "On-the-fly" syntax checking information may be incorrect. [C:\Users\ivano\OneDrive\Documentos\GitHub\VHDL-SnakeGame-Copy-15-1\SnakeGame\SnakeGame.srcs\sources_1\new\Top2LaSecuela.vhd:]
WARNING: [filemgmt 56-199] Attempt to get parsing info during refresh. "On-the-fly" syntax checking information may be incorrect. [C:\Users\ivano\OneDrive\Documentos\GitHub\VHDL-SnakeGame-Copy-15-1\SnakeGame\SnakeGame.srcs\sources_1\new\Types.vhd:]
WARNING: [filemgmt 56-199] Attempt to get parsing info during refresh. "On-the-fly" syntax checking information may be incorrect. [C:\Users\ivano\OneDrive\Documentos\GitHub\VHDL-SnakeGame-Copy-15-1\SnakeGame\SnakeGame.srcs\sources_1\new\Types.vhd:]
ERROR: [Common 17-180] Spawn failed: No error
WARNING: [filemgmt 56-199] Attempt to get parsing info during refresh. "On-the-fly" syntax checking information may be incorrect. [C:\Users\ivano\OneDrive\Documentos\GitHub\VHDL-SnakeGame-Copy-15-1\SnakeGame\SnakeGame.srcs\sources_1\new\Types.vhd:]
WARNING: [filemgmt 56-199] Attempt to get parsing info during refresh. "On-the-fly" syntax checking information may be incorrect. [C:\Users\ivano\OneDrive\Documentos\GitHub\VHDL-SnakeGame-Copy-15-1\SnakeGame\SnakeGame.srcs\sources_1\new\FLIP_FLOP_Snake.vhd:]
WARNING: [filemgmt 56-199] Attempt to get parsing info during refresh. "On-the-fly" syntax checking information may be incorrect. [C:\Users\ivano\OneDrive\Documentos\GitHub\VHDL-SnakeGame-Copy-15-1\SnakeGame\SnakeGame.srcs\sources_1\new\GAME_PLAY.vhd:]
WARNING: [filemgmt 56-199] Attempt to get parsing info during refresh. "On-the-fly" syntax checking information may be incorrect. [C:\Users\ivano\OneDrive\Documentos\GitHub\VHDL-SnakeGame-Copy-15-1\SnakeGame\SnakeGame.srcs\sources_1\new\Top2LaSecuela.vhd:]
WARNING: [filemgmt 56-199] Attempt to get parsing info during refresh. "On-the-fly" syntax checking information may be incorrect. [C:\Users\ivano\OneDrive\Documentos\GitHub\VHDL-SnakeGame-Copy-15-1\SnakeGame\SnakeGame.srcs\sources_1\new\Top2LaSecuela.vhd:]
WARNING: [filemgmt 56-199] Attempt to get parsing info during refresh. "On-the-fly" syntax checking information may be incorrect. [C:\Users\ivano\OneDrive\Documentos\GitHub\VHDL-SnakeGame-Copy-15-1\SnakeGame\SnakeGame.srcs\sources_1\new\Top2LaSecuela.vhd:]
ERROR: [Common 17-180] Spawn failed: No error
WARNING: [filemgmt 56-199] Attempt to get parsing info during refresh. "On-the-fly" syntax checking information may be incorrect. [C:\Users\ivano\OneDrive\Documentos\GitHub\VHDL-SnakeGame-Copy-15-1\SnakeGame\SnakeGame.srcs\sources_1\new\VGA_Manager.vhd:]
WARNING: [filemgmt 56-199] Attempt to get parsing info during refresh. "On-the-fly" syntax checking information may be incorrect. [C:\Users\ivano\OneDrive\Documentos\GitHub\VHDL-SnakeGame-Copy-15-1\SnakeGame\SnakeGame.srcs\sources_1\new\Types.vhd:]
WARNING: [filemgmt 56-199] Attempt to get parsing info during refresh. "On-the-fly" syntax checking information may be incorrect. [C:\Users\ivano\OneDrive\Documentos\GitHub\VHDL-SnakeGame-Copy-15-1\SnakeGame\SnakeGame.srcs\sources_1\new\FLIP_FLOP_Snake.vhd:]
WARNING: [filemgmt 56-199] Attempt to get parsing info during refresh. "On-the-fly" syntax checking information may be incorrect. [C:\Users\ivano\OneDrive\Documentos\GitHub\VHDL-SnakeGame-Copy-15-1\SnakeGame\SnakeGame.srcs\sources_1\new\Top2LaSecuela.vhd:]
WARNING: [filemgmt 56-199] Attempt to get parsing info during refresh. "On-the-fly" syntax checking information may be incorrect. [C:\Users\ivano\OneDrive\Documentos\GitHub\VHDL-SnakeGame-Copy-15-1\SnakeGame\SnakeGame.srcs\sources_1\new\FLIP_FLOP_Snake.vhd:]
WARNING: [filemgmt 56-199] Attempt to get parsing info during refresh. "On-the-fly" syntax checking information may be incorrect. [C:\Users\ivano\OneDrive\Documentos\GitHub\VHDL-SnakeGame-Copy-15-1\SnakeGame\SnakeGame.srcs\sources_1\new\FLIP_FLOP_Snake.vhd:]
WARNING: [filemgmt 56-199] Attempt to get parsing info during refresh. "On-the-fly" syntax checking information may be incorrect. [C:\Users\ivano\OneDrive\Documentos\GitHub\VHDL-SnakeGame-Copy-15-1\SnakeGame\SnakeGame.srcs\sources_1\new\VGA_Manager.vhd:]
WARNING: [filemgmt 56-199] Attempt to get parsing info during refresh. "On-the-fly" syntax checking information may be incorrect. [C:\Users\ivano\OneDrive\Documentos\GitHub\VHDL-SnakeGame-Copy-15-1\SnakeGame\SnakeGame.srcs\sources_1\new\Types.vhd:]
WARNING: [filemgmt 56-199] Attempt to get parsing info during refresh. "On-the-fly" syntax checking information may be incorrect. [C:\Users\ivano\OneDrive\Documentos\GitHub\VHDL-SnakeGame-Copy-15-1\SnakeGame\SnakeGame.srcs\sources_1\new\FLIP_FLOP_Snake.vhd:]
WARNING: [filemgmt 56-199] Attempt to get parsing info during refresh. "On-the-fly" syntax checking information may be incorrect. [C:\Users\ivano\OneDrive\Documentos\GitHub\VHDL-SnakeGame-Copy-15-1\SnakeGame\SnakeGame.srcs\sources_1\new\Top2LaSecuela.vhd:]
WARNING: [filemgmt 56-199] Attempt to get parsing info during refresh. "On-the-fly" syntax checking information may be incorrect. [C:\Users\ivano\OneDrive\Documentos\GitHub\VHDL-SnakeGame-Copy-15-1\SnakeGame\SnakeGame.srcs\sources_1\new\VGA_Manager.vhd:]
WARNING: [filemgmt 56-199] Attempt to get parsing info during refresh. "On-the-fly" syntax checking information may be incorrect. [C:\Users\ivano\OneDrive\Documentos\GitHub\VHDL-SnakeGame-Copy-15-1\SnakeGame\SnakeGame.srcs\sources_1\new\VGA_Manager.vhd:]
ERROR: [Common 17-180] Spawn failed: No error
ERROR: [Common 17-180] Spawn failed: No error
WARNING: [filemgmt 56-199] Attempt to get parsing info during refresh. "On-the-fly" syntax checking information may be incorrect. [C:\Users\ivano\OneDrive\Documentos\GitHub\VHDL-SnakeGame-Copy-15-1\SnakeGame\SnakeGame.srcs\sources_1\new\Types.vhd:]
WARNING: [filemgmt 56-199] Attempt to get parsing info during refresh. "On-the-fly" syntax checking information may be incorrect. [C:\Users\ivano\OneDrive\Documentos\GitHub\VHDL-SnakeGame-Copy-15-1\SnakeGame\SnakeGame.srcs\sources_1\new\FLIP_FLOP_Snake.vhd:]
WARNING: [filemgmt 56-199] Attempt to get parsing info during refresh. "On-the-fly" syntax checking information may be incorrect. [C:\Users\ivano\OneDrive\Documentos\GitHub\VHDL-SnakeGame-Copy-15-1\SnakeGame\SnakeGame.srcs\sources_1\new\VGA_Draw.vhd:]
WARNING: [filemgmt 56-199] Attempt to get parsing info during refresh. "On-the-fly" syntax checking information may be incorrect. [C:\Users\ivano\OneDrive\Documentos\GitHub\VHDL-SnakeGame-Copy-15-1\SnakeGame\SnakeGame.srcs\sources_1\new\Top2LaSecuela.vhd:]
WARNING: [filemgmt 56-199] Attempt to get parsing info during refresh. "On-the-fly" syntax checking information may be incorrect. [C:\Users\ivano\OneDrive\Documentos\GitHub\VHDL-SnakeGame-Copy-15-1\SnakeGame\SnakeGame.srcs\sources_1\new\FLIP_FLOP_Snake.vhd:]
WARNING: [filemgmt 56-199] Attempt to get parsing info during refresh. "On-the-fly" syntax checking information may be incorrect. [C:\Users\ivano\OneDrive\Documentos\GitHub\VHDL-SnakeGame-Copy-15-1\SnakeGame\SnakeGame.srcs\sources_1\new\FLIP_FLOP_Snake.vhd:]
WARNING: [filemgmt 56-199] Attempt to get parsing info during refresh. "On-the-fly" syntax checking information may be incorrect. [C:\Users\ivano\OneDrive\Documentos\GitHub\VHDL-SnakeGame-Copy-15-1\SnakeGame\SnakeGame.srcs\sources_1\new\Types.vhd:]
WARNING: [filemgmt 56-199] Attempt to get parsing info during refresh. "On-the-fly" syntax checking information may be incorrect. [C:\Users\ivano\OneDrive\Documentos\GitHub\VHDL-SnakeGame-Copy-15-1\SnakeGame\SnakeGame.srcs\sources_1\new\FLIP_FLOP_Snake.vhd:]
WARNING: [filemgmt 56-199] Attempt to get parsing info during refresh. "On-the-fly" syntax checking information may be incorrect. [C:\Users\ivano\OneDrive\Documentos\GitHub\VHDL-SnakeGame-Copy-15-1\SnakeGame\SnakeGame.srcs\sources_1\new\VGA_Draw.vhd:]
WARNING: [filemgmt 56-199] Attempt to get parsing info during refresh. "On-the-fly" syntax checking information may be incorrect. [C:\Users\ivano\OneDrive\Documentos\GitHub\VHDL-SnakeGame-Copy-15-1\SnakeGame\SnakeGame.srcs\sources_1\new\Top2LaSecuela.vhd:]
WARNING: [filemgmt 56-199] Attempt to get parsing info during refresh. "On-the-fly" syntax checking information may be incorrect. [C:\Users\ivano\OneDrive\Documentos\GitHub\VHDL-SnakeGame-Copy-15-1\SnakeGame\SnakeGame.srcs\sources_1\new\VGA_Draw.vhd:]
WARNING: [filemgmt 56-199] Attempt to get parsing info during refresh. "On-the-fly" syntax checking information may be incorrect. [C:\Users\ivano\OneDrive\Documentos\GitHub\VHDL-SnakeGame-Copy-15-1\SnakeGame\SnakeGame.srcs\sources_1\new\VGA_Draw.vhd:]
ERROR: [Common 17-180] Spawn failed: No error
WARNING: [filemgmt 56-199] Attempt to get parsing info during refresh. "On-the-fly" syntax checking information may be incorrect. [C:\Users\ivano\OneDrive\Documentos\GitHub\VHDL-SnakeGame-Copy-15-1\SnakeGame\SnakeGame.srcs\sources_1\new\Types.vhd:]
WARNING: [filemgmt 56-199] Attempt to get parsing info during refresh. "On-the-fly" syntax checking information may be incorrect. [C:\Users\ivano\OneDrive\Documentos\GitHub\VHDL-SnakeGame-Copy-15-1\SnakeGame\SnakeGame.srcs\sources_1\new\FLIP_FLOP_Snake.vhd:]
WARNING: [filemgmt 56-199] Attempt to get parsing info during refresh. "On-the-fly" syntax checking information may be incorrect. [C:\Users\ivano\OneDrive\Documentos\GitHub\VHDL-SnakeGame-Copy-15-1\SnakeGame\SnakeGame.srcs\sources_1\new\VGA_Draw.vhd:]
WARNING: [filemgmt 56-199] Attempt to get parsing info during refresh. "On-the-fly" syntax checking information may be incorrect. [C:\Users\ivano\OneDrive\Documentos\GitHub\VHDL-SnakeGame-Copy-15-1\SnakeGame\SnakeGame.srcs\sources_1\new\Top2LaSecuela.vhd:]
WARNING: [filemgmt 56-199] Attempt to get parsing info during refresh. "On-the-fly" syntax checking information may be incorrect. [C:\Users\ivano\OneDrive\Documentos\GitHub\VHDL-SnakeGame-Copy-15-1\SnakeGame\SnakeGame.srcs\sources_1\new\Types.vhd:]
WARNING: [filemgmt 56-199] Attempt to get parsing info during refresh. "On-the-fly" syntax checking information may be incorrect. [C:\Users\ivano\OneDrive\Documentos\GitHub\VHDL-SnakeGame-Copy-15-1\SnakeGame\SnakeGame.srcs\sources_1\new\Types.vhd:]
ERROR: [Common 17-180] Spawn failed: No error
WARNING: [filemgmt 56-199] Attempt to get parsing info during refresh. "On-the-fly" syntax checking information may be incorrect. [C:\Users\ivano\OneDrive\Documentos\GitHub\VHDL-SnakeGame-Copy-15-1\SnakeGame\SnakeGame.srcs\sources_1\new\Types.vhd:]
WARNING: [filemgmt 56-199] Attempt to get parsing info during refresh. "On-the-fly" syntax checking information may be incorrect. [C:\Users\ivano\OneDrive\Documentos\GitHub\VHDL-SnakeGame-Copy-15-1\SnakeGame\SnakeGame.srcs\sources_1\new\FLIP_FLOP_Snake.vhd:]
WARNING: [filemgmt 56-199] Attempt to get parsing info during refresh. "On-the-fly" syntax checking information may be incorrect. [C:\Users\ivano\OneDrive\Documentos\GitHub\VHDL-SnakeGame-Copy-15-1\SnakeGame\SnakeGame.srcs\sources_1\new\Top2LaSecuela.vhd:]
WARNING: [filemgmt 56-199] Attempt to get parsing info during refresh. "On-the-fly" syntax checking information may be incorrect. [C:\Users\ivano\OneDrive\Documentos\GitHub\VHDL-SnakeGame-Copy-15-1\SnakeGame\SnakeGame.srcs\sources_1\new\VGA_DrawStr.vhd:]
WARNING: [filemgmt 56-199] Attempt to get parsing info during refresh. "On-the-fly" syntax checking information may be incorrect. [C:\Users\ivano\OneDrive\Documentos\GitHub\VHDL-SnakeGame-Copy-15-1\SnakeGame\SnakeGame.srcs\sources_1\new\FLIP_FLOP_Snake.vhd:]
WARNING: [filemgmt 56-199] Attempt to get parsing info during refresh. "On-the-fly" syntax checking information may be incorrect. [C:\Users\ivano\OneDrive\Documentos\GitHub\VHDL-SnakeGame-Copy-15-1\SnakeGame\SnakeGame.srcs\sources_1\new\FLIP_FLOP_Snake.vhd:]
WARNING: [filemgmt 56-199] Attempt to get parsing info during refresh. "On-the-fly" syntax checking information may be incorrect. [C:\Users\ivano\OneDrive\Documentos\GitHub\VHDL-SnakeGame-Copy-15-1\SnakeGame\SnakeGame.srcs\sources_1\new\Types.vhd:]
WARNING: [filemgmt 56-199] Attempt to get parsing info during refresh. "On-the-fly" syntax checking information may be incorrect. [C:\Users\ivano\OneDrive\Documentos\GitHub\VHDL-SnakeGame-Copy-15-1\SnakeGame\SnakeGame.srcs\sources_1\new\FLIP_FLOP_Snake.vhd:]
WARNING: [filemgmt 56-199] Attempt to get parsing info during refresh. "On-the-fly" syntax checking information may be incorrect. [C:\Users\ivano\OneDrive\Documentos\GitHub\VHDL-SnakeGame-Copy-15-1\SnakeGame\SnakeGame.srcs\sources_1\new\Top2LaSecuela.vhd:]
WARNING: [filemgmt 56-199] Attempt to get parsing info during refresh. "On-the-fly" syntax checking information may be incorrect. [C:\Users\ivano\OneDrive\Documentos\GitHub\VHDL-SnakeGame-Copy-15-1\SnakeGame\SnakeGame.srcs\sources_1\new\VGA_DrawStr.vhd:]
WARNING: [filemgmt 56-199] Attempt to get parsing info during refresh. "On-the-fly" syntax checking information may be incorrect. [C:\Users\ivano\OneDrive\Documentos\GitHub\VHDL-SnakeGame-Copy-15-1\SnakeGame\SnakeGame.srcs\sources_1\new\VGA_DrawStr.vhd:]
WARNING: [filemgmt 56-199] Attempt to get parsing info during refresh. "On-the-fly" syntax checking information may be incorrect. [C:\Users\ivano\OneDrive\Documentos\GitHub\VHDL-SnakeGame-Copy-15-1\SnakeGame\SnakeGame.srcs\sources_1\new\VGA_DrawStr.vhd:]
ERROR: [Common 17-180] Spawn failed: No error
ERROR: [Common 17-180] Spawn failed: No error
WARNING: [filemgmt 56-199] Attempt to get parsing info during refresh. "On-the-fly" syntax checking information may be incorrect. [C:\Users\ivano\OneDrive\Documentos\GitHub\VHDL-SnakeGame-Copy-15-1\SnakeGame\SnakeGame.srcs\sources_1\new\Types.vhd:]
WARNING: [filemgmt 56-199] Attempt to get parsing info during refresh. "On-the-fly" syntax checking information may be incorrect. [C:\Users\ivano\OneDrive\Documentos\GitHub\VHDL-SnakeGame-Copy-15-1\SnakeGame\SnakeGame.srcs\sources_1\new\FLIP_FLOP_Snake.vhd:]
WARNING: [filemgmt 56-199] Attempt to get parsing info during refresh. "On-the-fly" syntax checking information may be incorrect. [C:\Users\ivano\OneDrive\Documentos\GitHub\VHDL-SnakeGame-Copy-15-1\SnakeGame\SnakeGame.srcs\sources_1\new\Top2LaSecuela.vhd:]
WARNING: [filemgmt 56-199] Attempt to get parsing info during refresh. "On-the-fly" syntax checking information may be incorrect. [C:\Users\ivano\OneDrive\Documentos\GitHub\VHDL-SnakeGame-Copy-15-1\SnakeGame\SnakeGame.srcs\sources_1\new\FLIP_FLOP_Snake.vhd:]
WARNING: [filemgmt 56-199] Attempt to get parsing info during refresh. "On-the-fly" syntax checking information may be incorrect. [C:\Users\ivano\OneDrive\Documentos\GitHub\VHDL-SnakeGame-Copy-15-1\SnakeGame\SnakeGame.srcs\sources_1\new\FLIP_FLOP_Snake.vhd:]
WARNING: [filemgmt 56-199] Attempt to get parsing info during refresh. "On-the-fly" syntax checking information may be incorrect. [C:\Users\ivano\OneDrive\Documentos\GitHub\VHDL-SnakeGame-Copy-15-1\SnakeGame\SnakeGame.srcs\sources_1\new\Types.vhd:]
WARNING: [filemgmt 56-199] Attempt to get parsing info during refresh. "On-the-fly" syntax checking information may be incorrect. [C:\Users\ivano\OneDrive\Documentos\GitHub\VHDL-SnakeGame-Copy-15-1\SnakeGame\SnakeGame.srcs\sources_1\new\FLIP_FLOP_Snake.vhd:]
WARNING: [filemgmt 56-199] Attempt to get parsing info during refresh. "On-the-fly" syntax checking information may be incorrect. [C:\Users\ivano\OneDrive\Documentos\GitHub\VHDL-SnakeGame-Copy-15-1\SnakeGame\SnakeGame.srcs\sources_1\new\Top2LaSecuela.vhd:]
WARNING: [filemgmt 56-199] Attempt to get parsing info during refresh. "On-the-fly" syntax checking information may be incorrect. [C:\Users\ivano\OneDrive\Documentos\GitHub\VHDL-SnakeGame-Copy-15-1\SnakeGame\SnakeGame.srcs\sources_1\new\Top2LaSecuela.vhd:]
WARNING: [filemgmt 56-199] Attempt to get parsing info during refresh. "On-the-fly" syntax checking information may be incorrect. [C:\Users\ivano\OneDrive\Documentos\GitHub\VHDL-SnakeGame-Copy-15-1\SnakeGame\SnakeGame.srcs\sources_1\new\Top2LaSecuela.vhd:]
WARNING: [filemgmt 56-199] Attempt to get parsing info during refresh. "On-the-fly" syntax checking information may be incorrect. [C:\Users\ivano\OneDrive\Documentos\GitHub\VHDL-SnakeGame-Copy-15-1\SnakeGame\SnakeGame.srcs\sources_1\new\GAME_PLAY.vhd:]
WARNING: [filemgmt 56-199] Attempt to get parsing info during refresh. "On-the-fly" syntax checking information may be incorrect. [C:\Users\ivano\OneDrive\Documentos\GitHub\VHDL-SnakeGame-Copy-15-1\SnakeGame\SnakeGame.srcs\sources_1\new\Top2LaSecuela.vhd:]
WARNING: [filemgmt 56-199] Attempt to get parsing info during refresh. "On-the-fly" syntax checking information may be incorrect. [C:\Users\ivano\OneDrive\Documentos\GitHub\VHDL-SnakeGame-Copy-15-1\SnakeGame\SnakeGame.srcs\sources_1\new\GAME_PLAY.vhd:]
WARNING: [filemgmt 56-199] Attempt to get parsing info during refresh. "On-the-fly" syntax checking information may be incorrect. [C:\Users\ivano\OneDrive\Documentos\GitHub\VHDL-SnakeGame-Copy-15-1\SnakeGame\SnakeGame.srcs\sources_1\new\GAME_PLAY.vhd:]
ERROR: [Common 17-180] Spawn failed: No error
reset_run synth_1
INFO: [Project 1-1161] Replacing file C:/Users/ivano/OneDrive/Documentos/GitHub/VHDL-SnakeGame-Copy-15-1/SnakeGame/SnakeGame.srcs/utils_1/imports/synth_1/VGA_Sync.dcp with file C:/Users/ivano/OneDrive/Documentos/GitHub/VHDL-SnakeGame-Copy-15-1/SnakeGame/SnakeGame.runs/synth_1/TOP_2.dcp
WARNING: [filemgmt 56-199] Attempt to get parsing info during refresh. "On-the-fly" syntax checking information may be incorrect. [C:\Users\ivano\OneDrive\Documentos\GitHub\VHDL-SnakeGame-Copy-15-1\SnakeGame\SnakeGame.srcs\sources_1\new\GAME_PLAY.vhd:]
WARNING: [filemgmt 56-199] Attempt to get parsing info during refresh. "On-the-fly" syntax checking information may be incorrect. [C:\Users\ivano\OneDrive\Documentos\GitHub\VHDL-SnakeGame-Copy-15-1\SnakeGame\SnakeGame.srcs\sources_1\new\Top2LaSecuela.vhd:]
WARNING: [filemgmt 56-199] Attempt to get parsing info during refresh. "On-the-fly" syntax checking information may be incorrect. [C:\Users\ivano\OneDrive\Documentos\GitHub\VHDL-SnakeGame-Copy-15-1\SnakeGame\SnakeGame.srcs\sources_1\new\GAME_PLAY.vhd:]
WARNING: [filemgmt 56-199] Attempt to get parsing info during refresh. "On-the-fly" syntax checking information may be incorrect. [C:\Users\ivano\OneDrive\Documentos\GitHub\VHDL-SnakeGame-Copy-15-1\SnakeGame\SnakeGame.srcs\sources_1\new\GAME_PLAY.vhd:]
launch_runs impl_1 -to_step write_bitstream -jobs 16
ERROR: [Common 17-180] Spawn failed: No error
[Wed Jan 15 09:49:34 2025] Launched synth_1...
Run output will be captured here: C:/Users/ivano/OneDrive/Documentos/GitHub/VHDL-SnakeGame-Copy-15-1/SnakeGame/SnakeGame.runs/synth_1/runme.log
[Wed Jan 15 09:49:34 2025] Launched impl_1...
Run output will be captured here: C:/Users/ivano/OneDrive/Documentos/GitHub/VHDL-SnakeGame-Copy-15-1/SnakeGame/SnakeGame.runs/impl_1/runme.log
ERROR: [Common 17-39] 'launch_runs' failed due to earlier errors.
reset_run synth_1
WARNING: [Vivado 12-1017] Problems encountered:
1. Failed to delete one or more files in run directory C:/Users/ivano/OneDrive/Documentos/GitHub/VHDL-SnakeGame-Copy-15-1/SnakeGame/SnakeGame.runs/synth_1

launch_runs impl_1 -to_step write_bitstream -jobs 16
[Wed Jan 15 09:49:54 2025] Launched synth_1...
Run output will be captured here: C:/Users/ivano/OneDrive/Documentos/GitHub/VHDL-SnakeGame-Copy-15-1/SnakeGame/SnakeGame.runs/synth_1/runme.log
[Wed Jan 15 09:49:54 2025] Launched impl_1...
Run output will be captured here: C:/Users/ivano/OneDrive/Documentos/GitHub/VHDL-SnakeGame-Copy-15-1/SnakeGame/SnakeGame.runs/impl_1/runme.log
exit
INFO: [Common 17-206] Exiting Vivado at Wed Jan 15 10:09:23 2025...
