#-----------------------------------------------------------
# Vivado v2024.1 (64-bit)
# SW Build 5076996 on Wed May 22 18:37:14 MDT 2024
# IP Build 5075265 on Wed May 22 21:45:21 MDT 2024
# SharedData Build 5076995 on Wed May 22 18:29:18 MDT 2024
# Start of session at: Mon Dec  9 13:47:46 2024
# Process ID: 10148
# Current directory: C:/Users/ivano/OneDrive/Documentos/GitHub/VHDL-SnakeGame/SnakeGame
# Command line: vivado.exe -gui_launcher_event rodinguilauncherevent3340 C:\Users\ivano\OneDrive\Documentos\GitHub\VHDL-SnakeGame\SnakeGame\SnakeGame.xpr
# Log file: C:/Users/ivano/OneDrive/Documentos/GitHub/VHDL-SnakeGame/SnakeGame/vivado.log
# Journal file: C:/Users/ivano/OneDrive/Documentos/GitHub/VHDL-SnakeGame/SnakeGame\vivado.jou
# Running On        :DESKTOP-1V0CU1G
# Platform          :Windows Server 2016 or Windows 10
# Operating System  :22631
# Processor Detail  :Intel(R) Core(TM) i7-10870H CPU @ 2.20GHz
# CPU Frequency     :2208 MHz
# CPU Physical cores:8
# CPU Logical cores :16
# Host memory       :17007 MB
# Swap memory       :11274 MB
# Total Virtual     :28281 MB
# Available Virtual :9383 MB
#-----------------------------------------------------------
start_gui
open_project C:/Users/ivano/OneDrive/Documentos/GitHub/VHDL-SnakeGame/SnakeGame/SnakeGame.xpr
WARNING: [Board 49-26] cannot add Board Part digilentinc.com:arty-s7-25:part0:1.1 available at C:/XILINX1/Vivado/2024.1/data/boards/board_files/arty-s7-25/E.0/board.xml as part xc7s25csga324-1 specified in board_part file is either invalid or not available
WARNING: [Board 49-26] cannot add Board Part digilentinc.com:arty-s7-50:part0:1.1 available at C:/XILINX1/Vivado/2024.1/data/boards/board_files/arty-s7-50/B.0/board.xml as part xc7s50csga324-1 specified in board_part file is either invalid or not available
WARNING: [Board 49-26] cannot add Board Part digilentinc.com:arty-z7-10:part0:1.1 available at C:/XILINX1/Vivado/2024.1/data/boards/board_files/arty-z7-10/A.0/board.xml as part xc7z010clg400-1 specified in board_part file is either invalid or not available
WARNING: [Board 49-26] cannot add Board Part digilentinc.com:arty-z7-20:part0:1.1 available at C:/XILINX1/Vivado/2024.1/data/boards/board_files/arty-z7-20/A.0/board.xml as part xc7z020clg400-1 specified in board_part file is either invalid or not available
WARNING: [Board 49-26] cannot add Board Part digilentinc.com:cmod-s7-25:part0:1.0 available at C:/XILINX1/Vivado/2024.1/data/boards/board_files/cmod-s7-25/B.0/board.xml as part xc7s25csga225-1 specified in board_part file is either invalid or not available
WARNING: [Board 49-26] cannot add Board Part digilentinc.com:cora-z7-07s:part0:1.1 available at C:/XILINX1/Vivado/2024.1/data/boards/board_files/cora-z7-07s/B.0/board.xml as part xc7z007sclg400-1 specified in board_part file is either invalid or not available
WARNING: [Board 49-26] cannot add Board Part digilentinc.com:cora-z7-10:part0:1.1 available at C:/XILINX1/Vivado/2024.1/data/boards/board_files/cora-z7-10/B.0/board.xml as part xc7z010clg400-1 specified in board_part file is either invalid or not available
WARNING: [Board 49-26] cannot add Board Part digilentinc.com:eclypse-z7:part0:1.0 available at C:/XILINX1/Vivado/2024.1/data/boards/board_files/eclypse-z7/A.0/board.xml as part xc7z020clg484-1 specified in board_part file is either invalid or not available
WARNING: [Board 49-26] cannot add Board Part digilentinc.com:eclypse-z7:part0:1.1 available at C:/XILINX1/Vivado/2024.1/data/boards/board_files/eclypse-z7/B.0/board.xml as part xc7z020clg484-1 specified in board_part file is either invalid or not available
WARNING: [Board 49-26] cannot add Board Part digilentinc.com:genesys2:part0:1.1 available at C:/XILINX1/Vivado/2024.1/data/boards/board_files/genesys2/H/board.xml as part xc7k325tffg900-2 specified in board_part file is either invalid or not available
WARNING: [Board 49-26] cannot add Board Part digilentinc.com:gzu_3eg:part0:1.0 available at C:/XILINX1/Vivado/2024.1/data/boards/board_files/genesys-zu-3eg/B.0/board.xml as part xczu3eg-sfvc784-1-e specified in board_part file is either invalid or not available
WARNING: [Board 49-26] cannot add Board Part digilentinc.com:gzu_3eg:part0:1.1 available at C:/XILINX1/Vivado/2024.1/data/boards/board_files/genesys-zu-3eg/D.0/board.xml as part xczu3eg-sfvc784-1-e specified in board_part file is either invalid or not available
WARNING: [Board 49-26] cannot add Board Part digilentinc.com:gzu_5ev:part0:1.1 available at C:/XILINX1/Vivado/2024.1/data/boards/board_files/genesys-zu-5ev/C.0/board.xml as part xczu5ev-sfvc784-1-e specified in board_part file is either invalid or not available
WARNING: [Board 49-26] cannot add Board Part digilentinc.com:sword:part0:1.0 available at C:/XILINX1/Vivado/2024.1/data/boards/board_files/sword/C.0/board.xml as part xc7k325tffg900-2 specified in board_part file is either invalid or not available
WARNING: [Board 49-26] cannot add Board Part digilentinc.com:zedboard:part0:1.1 available at C:/XILINX1/Vivado/2024.1/data/boards/board_files/zedboard/1.3/board.xml as part xc7z020clg484-1 specified in board_part file is either invalid or not available
WARNING: [Board 49-26] cannot add Board Part digilentinc.com:zybo-z7-10:part0:1.2 available at C:/XILINX1/Vivado/2024.1/data/boards/board_files/zybo-z7-10/A.0/board.xml as part xc7z010clg400-1 specified in board_part file is either invalid or not available
WARNING: [Board 49-26] cannot add Board Part digilentinc.com:zybo-z7-20:part0:1.2 available at C:/XILINX1/Vivado/2024.1/data/boards/board_files/zybo-z7-20/A.0/board.xml as part xc7z020clg400-1 specified in board_part file is either invalid or not available
WARNING: [Board 49-26] cannot add Board Part digilentinc.com:zybo:part0:1.0 available at C:/XILINX1/Vivado/2024.1/data/boards/board_files/zybo/B.3/board.xml as part xc7z010clg400-1 specified in board_part file is either invalid or not available
WARNING: [Board 49-26] cannot add Board Part digilentinc.com:zybo:part0:2.0 available at C:/XILINX1/Vivado/2024.1/data/boards/board_files/zybo/B.4/board.xml as part xc7z010clg400-1 specified in board_part file is either invalid or not available
WARNING: [Board 49-26] cannot add Board Part xilinx.com:k24c:part0:1.0 available at C:/XILINX1/Vivado/2024.1/data/xhub/boards/XilinxBoardStore/boards/Xilinx/k24c/1.0/board.xml as part xck24-ubva530-2lv-c specified in board_part file is either invalid or not available
WARNING: [Board 49-26] cannot add Board Part xilinx.com:k24i:part0:1.0 available at C:/XILINX1/Vivado/2024.1/data/xhub/boards/XilinxBoardStore/boards/Xilinx/k24i/1.0/board.xml as part xck24-ubva530-2lvi-i specified in board_part file is either invalid or not available
WARNING: [Board 49-26] cannot add Board Part xilinx.com:k26c:part0:1.2 available at C:/XILINX1/Vivado/2024.1/data/xhub/boards/XilinxBoardStore/boards/Xilinx/k26c/1.2/board.xml as part xck26-sfvc784-2lv-c specified in board_part file is either invalid or not available
WARNING: [Board 49-26] cannot add Board Part xilinx.com:k26c:part0:1.3 available at C:/XILINX1/Vivado/2024.1/data/xhub/boards/XilinxBoardStore/boards/Xilinx/k26c/1.3/board.xml as part xck26-sfvc784-2lv-c specified in board_part file is either invalid or not available
WARNING: [Board 49-26] cannot add Board Part xilinx.com:k26c:part0:1.4 available at C:/XILINX1/Vivado/2024.1/data/xhub/boards/XilinxBoardStore/boards/Xilinx/k26c/1.4/board.xml as part xck26-sfvc784-2lv-c specified in board_part file is either invalid or not available
WARNING: [Board 49-26] cannot add Board Part xilinx.com:k26i:part0:1.2 available at C:/XILINX1/Vivado/2024.1/data/xhub/boards/XilinxBoardStore/boards/Xilinx/k26i/1.2/board.xml as part xck26-sfvc784-2lvi-i specified in board_part file is either invalid or not available
WARNING: [Board 49-26] cannot add Board Part xilinx.com:k26i:part0:1.3 available at C:/XILINX1/Vivado/2024.1/data/xhub/boards/XilinxBoardStore/boards/Xilinx/k26i/1.3/board.xml as part xck26-sfvc784-2lvi-i specified in board_part file is either invalid or not available
WARNING: [Board 49-26] cannot add Board Part xilinx.com:k26i:part0:1.4 available at C:/XILINX1/Vivado/2024.1/data/xhub/boards/XilinxBoardStore/boards/Xilinx/k26i/1.4/board.xml as part xck26-sfvc784-2lvi-i specified in board_part file is either invalid or not available
WARNING: [Board 49-26] cannot add Board Part xilinx.com:kc705:part0:1.6 available at C:/XILINX1/Vivado/2024.1/data/xhub/boards/XilinxBoardStore/boards/Xilinx/kc705/1.6/board.xml as part xc7k325tffg900-2 specified in board_part file is either invalid or not available
WARNING: [Board 49-26] cannot add Board Part xilinx.com:kcu105:part0:1.6 available at C:/XILINX1/Vivado/2024.1/data/xhub/boards/XilinxBoardStore/boards/Xilinx/kcu105/1.6/board.xml as part xcku040-ffva1156-2-e specified in board_part file is either invalid or not available
WARNING: [Board 49-26] cannot add Board Part xilinx.com:kcu105:part0:1.7 available at C:/XILINX1/Vivado/2024.1/data/xhub/boards/XilinxBoardStore/boards/Xilinx/kcu105/1.7/board.xml as part xcku040-ffva1156-2-e specified in board_part file is either invalid or not available
WARNING: [Board 49-26] cannot add Board Part xilinx.com:kcu116:part0:1.4 available at C:/XILINX1/Vivado/2024.1/data/xhub/boards/XilinxBoardStore/boards/Xilinx/kcu116/1.4/board.xml as part xcku5p-ffvb676-2-e specified in board_part file is either invalid or not available
WARNING: [Board 49-26] cannot add Board Part xilinx.com:kcu116:part0:1.5 available at C:/XILINX1/Vivado/2024.1/data/xhub/boards/XilinxBoardStore/boards/Xilinx/kcu116/1.5/board.xml as part xcku5p-ffvb676-2-e specified in board_part file is either invalid or not available
WARNING: [Board 49-26] cannot add Board Part xilinx.com:kcu1500:part0:1.2 available at C:/XILINX1/Vivado/2024.1/data/xhub/boards/XilinxBoardStore/boards/Xilinx/kcu1500/1.2/board.xml as part xcku115-flvb2104-2-e specified in board_part file is either invalid or not available
WARNING: [Board 49-26] cannot add Board Part xilinx.com:kd240_som:part0:1.0 available at C:/XILINX1/Vivado/2024.1/data/xhub/boards/XilinxBoardStore/boards/Xilinx/kd240_som/1.0/board.xml as part xck24-ubva530-2lv-c specified in board_part file is either invalid or not available
WARNING: [Board 49-26] cannot add Board Part xilinx.com:kr260_som:part0:1.0 available at C:/XILINX1/Vivado/2024.1/data/xhub/boards/XilinxBoardStore/boards/Xilinx/kr260_som/1.0/board.xml as part xck26-sfvc784-2lv-c specified in board_part file is either invalid or not available
WARNING: [Board 49-26] cannot add Board Part xilinx.com:kr260_som:part0:1.1 available at C:/XILINX1/Vivado/2024.1/data/xhub/boards/XilinxBoardStore/boards/Xilinx/kr260_som/1.1/board.xml as part xck26-sfvc784-2lv-c specified in board_part file is either invalid or not available
WARNING: [Board 49-26] cannot add Board Part xilinx.com:kv260_som:part0:1.2 available at C:/XILINX1/Vivado/2024.1/data/xhub/boards/XilinxBoardStore/boards/Xilinx/kv260_som/1.2/board.xml as part xck26-sfvc784-2lv-c specified in board_part file is either invalid or not available
WARNING: [Board 49-26] cannot add Board Part xilinx.com:kv260_som:part0:1.3 available at C:/XILINX1/Vivado/2024.1/data/xhub/boards/XilinxBoardStore/boards/Xilinx/kv260_som/1.3/board.xml as part xck26-sfvc784-2lv-c specified in board_part file is either invalid or not available
WARNING: [Board 49-26] cannot add Board Part xilinx.com:kv260_som:part0:1.4 available at C:/XILINX1/Vivado/2024.1/data/xhub/boards/XilinxBoardStore/boards/Xilinx/kv260_som/1.4/board.xml as part xck26-sfvc784-2lv-c specified in board_part file is either invalid or not available
WARNING: [Board 49-26] cannot add Board Part xilinx.com:sp701:part0:1.0 available at C:/XILINX1/Vivado/2024.1/data/xhub/boards/XilinxBoardStore/boards/Xilinx/sp701/1.0/board.xml as part xc7s100fgga676-2 specified in board_part file is either invalid or not available
WARNING: [Board 49-26] cannot add Board Part xilinx.com:sp701:part0:1.1 available at C:/XILINX1/Vivado/2024.1/data/xhub/boards/XilinxBoardStore/boards/Xilinx/sp701/1.1/board.xml as part xc7s100fgga676-2 specified in board_part file is either invalid or not available
WARNING: [Board 49-26] cannot add Board Part xilinx.com:vc707:part0:1.4 available at C:/XILINX1/Vivado/2024.1/data/xhub/boards/XilinxBoardStore/boards/Xilinx/vc707/1.4/board.xml as part xc7vx485tffg1761-2 specified in board_part file is either invalid or not available
WARNING: [Board 49-26] cannot add Board Part xilinx.com:vc709:part0:1.8 available at C:/XILINX1/Vivado/2024.1/data/xhub/boards/XilinxBoardStore/boards/Xilinx/vc709/1.8/board.xml as part xc7vx690tffg1761-2 specified in board_part file is either invalid or not available
WARNING: [Board 49-26] cannot add Board Part xilinx.com:vck190:part0:2.2 available at C:/XILINX1/Vivado/2024.1/data/xhub/boards/XilinxBoardStore/boards/Xilinx/vck190/production/2.2/board.xml as part xcvc1902-vsva2197-2mp-e-s specified in board_part file is either invalid or not available
WARNING: [Board 49-26] cannot add Board Part xilinx.com:vck190:part0:3.0 available at C:/XILINX1/Vivado/2024.1/data/xhub/boards/XilinxBoardStore/boards/Xilinx/vck190/production/3.0/board.xml as part xcvc1902-vsva2197-2mp-e-s specified in board_part file is either invalid or not available
WARNING: [Board 49-26] cannot add Board Part xilinx.com:vck190:part0:3.1 available at C:/XILINX1/Vivado/2024.1/data/xhub/boards/XilinxBoardStore/boards/Xilinx/vck190/production/3.1/board.xml as part xcvc1902-vsva2197-2mp-e-s specified in board_part file is either invalid or not available
WARNING: [Board 49-26] cannot add Board Part xilinx.com:vck190:part0:3.2 available at C:/XILINX1/Vivado/2024.1/data/xhub/boards/XilinxBoardStore/boards/Xilinx/vck190/production/3.2/board.xml as part xcvc1902-vsva2197-2mp-e-s specified in board_part file is either invalid or not available
WARNING: [Board 49-26] cannot add Board Part xilinx.com:vck190:part0:3.3 available at C:/XILINX1/Vivado/2024.1/data/xhub/boards/XilinxBoardStore/boards/Xilinx/vck190/production/3.3/board.xml as part xcvc1902-vsva2197-2mp-e-s specified in board_part file is either invalid or not available
WARNING: [Board 49-26] cannot add Board Part xilinx.com:vck190_newl:part0:1.0 available at C:/XILINX1/Vivado/2024.1/data/xhub/boards/XilinxBoardStore/boards/Xilinx/vck190_newl/production/1.0/board.xml as part xcvc1902-vsva2197-2mp-e-s specified in board_part file is either invalid or not available
WARNING: [Board 49-26] cannot add Board Part xilinx.com:vck190_newl:part0:1.1 available at C:/XILINX1/Vivado/2024.1/data/xhub/boards/XilinxBoardStore/boards/Xilinx/vck190_newl/production/1.1/board.xml as part xcvc1902-vsva2197-2mp-e-s specified in board_part file is either invalid or not available
WARNING: [Board 49-26] cannot add Board Part xilinx.com:vck190_newl:part0:1.2 available at C:/XILINX1/Vivado/2024.1/data/xhub/boards/XilinxBoardStore/boards/Xilinx/vck190_newl/production/1.2/board.xml as part xcvc1902-vsva2197-2mp-e-s specified in board_part file is either invalid or not available
WARNING: [Board 49-26] cannot add Board Part xilinx.com:vcu108:part0:1.6 available at C:/XILINX1/Vivado/2024.1/data/xhub/boards/XilinxBoardStore/boards/Xilinx/vcu108/1.6/board.xml as part xcvu095-ffva2104-2-e specified in board_part file is either invalid or not available
WARNING: [Board 49-26] cannot add Board Part xilinx.com:vcu108:part0:1.7 available at C:/XILINX1/Vivado/2024.1/data/xhub/boards/XilinxBoardStore/boards/Xilinx/vcu108/1.7/board.xml as part xcvu095-ffva2104-2-e specified in board_part file is either invalid or not available
WARNING: [Board 49-26] cannot add Board Part xilinx.com:vcu110:part0:1.4 available at C:/XILINX1/Vivado/2024.1/data/xhub/boards/XilinxBoardStore/boards/Xilinx/vcu110/1.4/board.xml as part xcvu190-flgc2104-2-e specified in board_part file is either invalid or not available
WARNING: [Board 49-26] cannot add Board Part xilinx.com:vcu118:part0:2.0 available at C:/XILINX1/Vivado/2024.1/data/xhub/boards/XilinxBoardStore/boards/Xilinx/vcu118/2.0/board.xml as part xcvu9p-flga2104-2l-e specified in board_part file is either invalid or not available
WARNING: [Board 49-26] cannot add Board Part xilinx.com:vcu118:part0:2.3 available at C:/XILINX1/Vivado/2024.1/data/xhub/boards/XilinxBoardStore/boards/Xilinx/vcu118/2.3/board.xml as part xcvu9p-flga2104-2l-e specified in board_part file is either invalid or not available
WARNING: [Board 49-26] cannot add Board Part xilinx.com:vcu118:part0:2.4 available at C:/XILINX1/Vivado/2024.1/data/xhub/boards/XilinxBoardStore/boards/Xilinx/vcu118/2.4/board.xml as part xcvu9p-flga2104-2l-e specified in board_part file is either invalid or not available
WARNING: [Board 49-26] cannot add Board Part xilinx.com:vcu128:part0:1.0 available at C:/XILINX1/Vivado/2024.1/data/xhub/boards/XilinxBoardStore/boards/Xilinx/vcu128/production/1.0/board.xml as part xcvu37p-fsvh2892-2l-e specified in board_part file is either invalid or not available
WARNING: [Board 49-26] cannot add Board Part xilinx.com:vcu129:part0:1.0 available at C:/XILINX1/Vivado/2024.1/data/xhub/boards/XilinxBoardStore/boards/Xilinx/vcu129/production/1.0/board.xml as part xcvu29p-fsga2577-2l-e specified in board_part file is either invalid or not available
WARNING: [Board 49-26] cannot add Board Part xilinx.com:vcu1525:part0:1.3 available at C:/XILINX1/Vivado/2024.1/data/xhub/boards/XilinxBoardStore/boards/Xilinx/vcu1525/1.3/board.xml as part xcvu9p-fsgd2104-2l-e specified in board_part file is either invalid or not available
WARNING: [Board 49-26] cannot add Board Part xilinx.com:vek280:part0:1.0 available at C:/XILINX1/Vivado/2024.1/data/xhub/boards/XilinxBoardStore/boards/Xilinx/vek280/production/1.0/board.xml as part xcve2802-vsvh1760-2mp-e-s specified in board_part file is either invalid or not available
WARNING: [Board 49-26] cannot add Board Part xilinx.com:vek280:part0:1.1 available at C:/XILINX1/Vivado/2024.1/data/xhub/boards/XilinxBoardStore/boards/Xilinx/vek280/production/1.1/board.xml as part xcve2802-vsvh1760-2mp-e-s specified in board_part file is either invalid or not available
WARNING: [Board 49-26] cannot add Board Part xilinx.com:vek280:part0:1.2 available at C:/XILINX1/Vivado/2024.1/data/xhub/boards/XilinxBoardStore/boards/Xilinx/vek280/production/1.2/board.xml as part xcve2802-vsvh1760-2mp-e-s specified in board_part file is either invalid or not available
WARNING: [Board 49-26] cannot add Board Part xilinx.com:vek280_es:part0:1.0 available at C:/XILINX1/Vivado/2024.1/data/xhub/boards/XilinxBoardStore/boards/Xilinx/vek280/es/rev_a/1.0/board.xml as part xcve2802-vsvh1760-2lp-e-s-es1 specified in board_part file is either invalid or not available
WARNING: [Board 49-26] cannot add Board Part xilinx.com:vek280_es:part0:1.1 available at C:/XILINX1/Vivado/2024.1/data/xhub/boards/XilinxBoardStore/boards/Xilinx/vek280/es/rev_a/1.1/board.xml as part xcve2802-vsvh1760-2lp-e-s-es1 specified in board_part file is either invalid or not available
WARNING: [Board 49-26] cannot add Board Part xilinx.com:vek280_es_revb:part0:1.0 available at C:/XILINX1/Vivado/2024.1/data/xhub/boards/XilinxBoardStore/boards/Xilinx/vek280/es/rev_b/1.0/board.xml as part xcve2802-vsvh1760-2mp-e-s-es1 specified in board_part file is either invalid or not available
WARNING: [Board 49-26] cannot add Board Part xilinx.com:vek280_es_revb:part0:1.1 available at C:/XILINX1/Vivado/2024.1/data/xhub/boards/XilinxBoardStore/boards/Xilinx/vek280/es/rev_b/1.1/board.xml as part xcve2802-vsvh1760-2mp-e-s-es1 specified in board_part file is either invalid or not available
WARNING: [Board 49-26] cannot add Board Part xilinx.com:vermeo_t1_mpsoc:part0:1.0 available at C:/XILINX1/Vivado/2024.1/data/xhub/boards/XilinxBoardStore/boards/Xilinx/vermeo_t1_mpsoc/1.0/board.xml as part xczu19eg-ffvd1760-2l-e specified in board_part file is either invalid or not available
WARNING: [Board 49-26] cannot add Board Part xilinx.com:vermeo_t1_rfsoc:part0:1.0 available at C:/XILINX1/Vivado/2024.1/data/xhub/boards/XilinxBoardStore/boards/Xilinx/vermeo_t1_rfsoc/1.0/board.xml as part xczu21dr-ffvd1156-2l-e specified in board_part file is either invalid or not available
WARNING: [Board 49-26] cannot add Board Part xilinx.com:vhk158:part0:1.0 available at C:/XILINX1/Vivado/2024.1/data/xhub/boards/XilinxBoardStore/boards/Xilinx/vhk158/production/1.0/board.xml as part xcvh1582-vsva3697-2mp-e-s specified in board_part file is either invalid or not available
WARNING: [Board 49-26] cannot add Board Part xilinx.com:vhk158:part0:1.1 available at C:/XILINX1/Vivado/2024.1/data/xhub/boards/XilinxBoardStore/boards/Xilinx/vhk158/production/1.1/board.xml as part xcvh1582-vsva3697-2mp-e-s specified in board_part file is either invalid or not available
WARNING: [Board 49-26] cannot add Board Part xilinx.com:vhk158_es:part0:1.0 available at C:/XILINX1/Vivado/2024.1/data/xhub/boards/XilinxBoardStore/boards/Xilinx/vhk158/es/1.0/board.xml as part xcvh1582-vsva3697-2mp-e-s-es1 specified in board_part file is either invalid or not available
WARNING: [Board 49-26] cannot add Board Part xilinx.com:vhk158_es:part0:1.1 available at C:/XILINX1/Vivado/2024.1/data/xhub/boards/XilinxBoardStore/boards/Xilinx/vhk158/es/1.1/board.xml as part xcvh1582-vsva3697-2mp-e-s-es1 specified in board_part file is either invalid or not available
WARNING: [Board 49-26] cannot add Board Part xilinx.com:vmk180:part0:2.2 available at C:/XILINX1/Vivado/2024.1/data/xhub/boards/XilinxBoardStore/boards/Xilinx/vmk180/production/2.2/board.xml as part xcvm1802-vsva2197-2mp-e-s specified in board_part file is either invalid or not available
WARNING: [Board 49-26] cannot add Board Part xilinx.com:vmk180:part0:3.0 available at C:/XILINX1/Vivado/2024.1/data/xhub/boards/XilinxBoardStore/boards/Xilinx/vmk180/production/3.0/board.xml as part xcvm1802-vsva2197-2mp-e-s specified in board_part file is either invalid or not available
WARNING: [Board 49-26] cannot add Board Part xilinx.com:vmk180:part0:3.1 available at C:/XILINX1/Vivado/2024.1/data/xhub/boards/XilinxBoardStore/boards/Xilinx/vmk180/production/3.1/board.xml as part xcvm1802-vsva2197-2mp-e-s specified in board_part file is either invalid or not available
WARNING: [Board 49-26] cannot add Board Part xilinx.com:vmk180:part0:3.2 available at C:/XILINX1/Vivado/2024.1/data/xhub/boards/XilinxBoardStore/boards/Xilinx/vmk180/production/3.2/board.xml as part xcvm1802-vsva2197-2mp-e-s specified in board_part file is either invalid or not available
WARNING: [Board 49-26] cannot add Board Part xilinx.com:vmk180_newl:part0:1.0 available at C:/XILINX1/Vivado/2024.1/data/xhub/boards/XilinxBoardStore/boards/Xilinx/vmk180_newl/production/1.0/board.xml as part xcvm1802-vsva2197-2mp-e-s specified in board_part file is either invalid or not available
WARNING: [Board 49-26] cannot add Board Part xilinx.com:vmk180_newl:part0:1.1 available at C:/XILINX1/Vivado/2024.1/data/xhub/boards/XilinxBoardStore/boards/Xilinx/vmk180_newl/production/1.1/board.xml as part xcvm1802-vsva2197-2mp-e-s specified in board_part file is either invalid or not available
WARNING: [Board 49-26] cannot add Board Part xilinx.com:vpk120:part0:1.0 available at C:/XILINX1/Vivado/2024.1/data/xhub/boards/XilinxBoardStore/boards/Xilinx/vpk120/production/1.0/board.xml as part xcvp1202-vsva2785-2mp-e-s specified in board_part file is either invalid or not available
WARNING: [Board 49-26] cannot add Board Part xilinx.com:vpk120:part0:1.1 available at C:/XILINX1/Vivado/2024.1/data/xhub/boards/XilinxBoardStore/boards/Xilinx/vpk120/production/1.1/board.xml as part xcvp1202-vsva2785-2mp-e-s specified in board_part file is either invalid or not available
WARNING: [Board 49-26] cannot add Board Part xilinx.com:vpk120:part0:1.2 available at C:/XILINX1/Vivado/2024.1/data/xhub/boards/XilinxBoardStore/boards/Xilinx/vpk120/production/1.2/board.xml as part xcvp1202-vsva2785-2mp-e-s specified in board_part file is either invalid or not available
WARNING: [Board 49-26] cannot add Board Part xilinx.com:vpk180:part0:1.0 available at C:/XILINX1/Vivado/2024.1/data/xhub/boards/XilinxBoardStore/boards/Xilinx/vpk180/production/1.0/board.xml as part xcvp1802-lsvc4072-2mp-e-s specified in board_part file is either invalid or not available
WARNING: [Board 49-26] cannot add Board Part xilinx.com:vpk180:part0:1.1 available at C:/XILINX1/Vivado/2024.1/data/xhub/boards/XilinxBoardStore/boards/Xilinx/vpk180/production/1.1/board.xml as part xcvp1802-lsvc4072-2mp-e-s specified in board_part file is either invalid or not available
WARNING: [Board 49-26] cannot add Board Part xilinx.com:vpk180:part0:1.2 available at C:/XILINX1/Vivado/2024.1/data/xhub/boards/XilinxBoardStore/boards/Xilinx/vpk180/production/1.2/board.xml as part xcvp1802-lsvc4072-2mp-e-s specified in board_part file is either invalid or not available
WARNING: [Board 49-26] cannot add Board Part xilinx.com:zc702:part0:1.4 available at C:/XILINX1/Vivado/2024.1/data/xhub/boards/XilinxBoardStore/boards/Xilinx/zc702/1.4/board.xml as part xc7z020clg484-1 specified in board_part file is either invalid or not available
WARNING: [Board 49-26] cannot add Board Part xilinx.com:zc706:part0:1.4 available at C:/XILINX1/Vivado/2024.1/data/xhub/boards/XilinxBoardStore/boards/Xilinx/zc706/1.4/board.xml as part xc7z045ffg900-2 specified in board_part file is either invalid or not available
WARNING: [Board 49-26] cannot add Board Part xilinx.com:zcu102:part0:3.3 available at C:/XILINX1/Vivado/2024.1/data/xhub/boards/XilinxBoardStore/boards/Xilinx/zcu102/3.3/board.xml as part xczu9eg-ffvb1156-2-e specified in board_part file is either invalid or not available
WARNING: [Board 49-26] cannot add Board Part xilinx.com:zcu102:part0:3.4 available at C:/XILINX1/Vivado/2024.1/data/xhub/boards/XilinxBoardStore/boards/Xilinx/zcu102/3.4/board.xml as part xczu9eg-ffvb1156-2-e specified in board_part file is either invalid or not available
WARNING: [Board 49-26] cannot add Board Part xilinx.com:zcu104:part0:1.1 available at C:/XILINX1/Vivado/2024.1/data/xhub/boards/XilinxBoardStore/boards/Xilinx/zcu104/1.1/board.xml as part xczu7ev-ffvc1156-2-e specified in board_part file is either invalid or not available
WARNING: [Board 49-26] cannot add Board Part xilinx.com:zcu106:part0:2.4 available at C:/XILINX1/Vivado/2024.1/data/xhub/boards/XilinxBoardStore/boards/Xilinx/zcu106/2.4/board.xml as part xczu7ev-ffvc1156-2-e specified in board_part file is either invalid or not available
WARNING: [Board 49-26] cannot add Board Part xilinx.com:zcu106:part0:2.5 available at C:/XILINX1/Vivado/2024.1/data/xhub/boards/XilinxBoardStore/boards/Xilinx/zcu106/2.5/board.xml as part xczu7ev-ffvc1156-2-e specified in board_part file is either invalid or not available
WARNING: [Board 49-26] cannot add Board Part xilinx.com:zcu106:part0:2.6 available at C:/XILINX1/Vivado/2024.1/data/xhub/boards/XilinxBoardStore/boards/Xilinx/zcu106/2.6/board.xml as part xczu7ev-ffvc1156-2-e specified in board_part file is either invalid or not available
WARNING: [Board 49-26] cannot add Board Part xilinx.com:zcu111:part0:1.2 available at C:/XILINX1/Vivado/2024.1/data/xhub/boards/XilinxBoardStore/boards/Xilinx/zcu111/1.2/board.xml as part xczu28dr-ffvg1517-2-e specified in board_part file is either invalid or not available
WARNING: [Board 49-26] cannot add Board Part xilinx.com:zcu111:part0:1.3 available at C:/XILINX1/Vivado/2024.1/data/xhub/boards/XilinxBoardStore/boards/Xilinx/zcu111/1.3/board.xml as part xczu28dr-ffvg1517-2-e specified in board_part file is either invalid or not available
WARNING: [Board 49-26] cannot add Board Part xilinx.com:zcu111:part0:1.4 available at C:/XILINX1/Vivado/2024.1/data/xhub/boards/XilinxBoardStore/boards/Xilinx/zcu111/1.4/board.xml as part xczu28dr-ffvg1517-2-e specified in board_part file is either invalid or not available
WARNING: [Board 49-26] cannot add Board Part xilinx.com:zcu1275:part0:1.0 available at C:/XILINX1/Vivado/2024.1/data/xhub/boards/XilinxBoardStore/boards/Xilinx/zcu1275/1.0/board.xml as part xczu29dr-ffvf1760-2-e specified in board_part file is either invalid or not available
WARNING: [Board 49-26] cannot add Board Part xilinx.com:zcu1285:part0:1.0 available at C:/XILINX1/Vivado/2024.1/data/xhub/boards/XilinxBoardStore/boards/Xilinx/zcu1285/1.0/board.xml as part xczu39dr-ffvf1760-2-i specified in board_part file is either invalid or not available
WARNING: [Board 49-26] cannot add Board Part xilinx.com:zcu208:part0:2.0 available at C:/XILINX1/Vivado/2024.1/data/xhub/boards/XilinxBoardStore/boards/Xilinx/zcu208/production/2.0/board.xml as part xczu48dr-fsvg1517-2-e specified in board_part file is either invalid or not available
WARNING: [Board 49-26] cannot add Board Part xilinx.com:zcu208ld:part0:2.0 available at C:/XILINX1/Vivado/2024.1/data/xhub/boards/XilinxBoardStore/boards/Xilinx/zcu208ld/production/2.0/board.xml as part xczu58dr-fsvg1517-2-i specified in board_part file is either invalid or not available
INFO: [Common 17-14] Message 'Board 49-26' appears 100 times and further instances of the messages will be disabled. Use the Tcl command set_msg_config to change the current settings.
INFO: [Project 1-313] Project file moved from 'C:/Users/juans/OneDrive/Escritorio/Universidad/Cuarto/Sistemas Electrnicos Digitales/TRABAJO/VHDL-SnakeGame/SnakeGame' since last save.
Scanning sources...
Finished scanning sources
INFO: [IP_Flow 19-234] Refreshing IP repositories
INFO: [IP_Flow 19-1704] No user IP repositories specified
INFO: [IP_Flow 19-2313] Loaded Vivado IP repository 'C:/XILINX1/Vivado/2024.1/data/ip'.
open_project: Time (s): cpu = 00:00:37 ; elapsed = 00:00:32 . Memory (MB): peak = 1602.109 ; gain = 520.586
update_compile_order -fileset sources_1
WARNING: [filemgmt 56-199] Attempt to get parsing info during refresh. "On-the-fly" syntax checking information may be incorrect. [C:\Users\ivano\OneDrive\Documentos\GitHub\VHDL-SnakeGame\SnakeGame\SnakeGame.srcs\sources_1\new\TOP_Test.vhd:]
WARNING: [filemgmt 56-199] Attempt to get parsing info during refresh. "On-the-fly" syntax checking information may be incorrect. [C:\Users\ivano\OneDrive\Documentos\GitHub\VHDL-SnakeGame\SnakeGame\SnakeGame.srcs\sources_1\new\Clock_Manager.vhd:]
WARNING: [filemgmt 56-199] Attempt to get parsing info during refresh. "On-the-fly" syntax checking information may be incorrect. [C:\Users\ivano\OneDrive\Documentos\GitHub\VHDL-SnakeGame\SnakeGame\SnakeGame.srcs\sources_1\new\Clock_Converter.vhd:]
WARNING: [filemgmt 56-199] Attempt to get parsing info during refresh. "On-the-fly" syntax checking information may be incorrect. [C:\Users\ivano\OneDrive\Documentos\GitHub\VHDL-SnakeGame\SnakeGame\SnakeGame.srcs\sources_1\new\Clock_Manager.vhd:]
WARNING: [filemgmt 56-199] Attempt to get parsing info during refresh. "On-the-fly" syntax checking information may be incorrect. [C:\Users\ivano\OneDrive\Documentos\GitHub\VHDL-SnakeGame\SnakeGame\SnakeGame.srcs\sources_1\new\Clock_Manager.vhd:]
WARNING: [filemgmt 56-199] Attempt to get parsing info during refresh. "On-the-fly" syntax checking information may be incorrect. [C:\Users\ivano\OneDrive\Documentos\GitHub\VHDL-SnakeGame\SnakeGame\SnakeGame.srcs\sources_1\new\TOP_Test.vhd:]
WARNING: [filemgmt 56-199] Attempt to get parsing info during refresh. "On-the-fly" syntax checking information may be incorrect. [C:\Users\ivano\OneDrive\Documentos\GitHub\VHDL-SnakeGame\SnakeGame\SnakeGame.srcs\sources_1\new\Clock_Manager.vhd:]
WARNING: [filemgmt 56-199] Attempt to get parsing info during refresh. "On-the-fly" syntax checking information may be incorrect. [C:\Users\ivano\OneDrive\Documentos\GitHub\VHDL-SnakeGame\SnakeGame\SnakeGame.srcs\sources_1\new\Clock_Converter.vhd:]
WARNING: [filemgmt 56-199] Attempt to get parsing info during refresh. "On-the-fly" syntax checking information may be incorrect. [C:\Users\ivano\OneDrive\Documentos\GitHub\VHDL-SnakeGame\SnakeGame\SnakeGame.srcs\sources_1\new\TOP_Test.vhd:]
WARNING: [filemgmt 56-199] Attempt to get parsing info during refresh. "On-the-fly" syntax checking information may be incorrect. [C:\Users\ivano\OneDrive\Documentos\GitHub\VHDL-SnakeGame\SnakeGame\SnakeGame.srcs\sources_1\new\TOP_Test.vhd:]
set_property -name {xsim.simulate.runtime} -value {200ms} -objects [get_filesets sim_1]
WARNING: [filemgmt 56-199] Attempt to get parsing info during refresh. "On-the-fly" syntax checking information may be incorrect. [C:\Users\ivano\OneDrive\Documentos\GitHub\VHDL-SnakeGame\SnakeGame\SnakeGame.srcs\sim_1\new\Clock_Manager_tb.vhd:]
WARNING: [filemgmt 56-199] Attempt to get parsing info during refresh. "On-the-fly" syntax checking information may be incorrect. [C:\Users\ivano\OneDrive\Documentos\GitHub\VHDL-SnakeGame\SnakeGame\SnakeGame.srcs\sources_1\new\TOP_Test.vhd:]
WARNING: [filemgmt 56-199] Attempt to get parsing info during refresh. "On-the-fly" syntax checking information may be incorrect. [C:\Users\ivano\OneDrive\Documentos\GitHub\VHDL-SnakeGame\SnakeGame\SnakeGame.srcs\sources_1\new\Clock_Manager.vhd:]
WARNING: [filemgmt 56-199] Attempt to get parsing info during refresh. "On-the-fly" syntax checking information may be incorrect. [C:\Users\ivano\OneDrive\Documentos\GitHub\VHDL-SnakeGame\SnakeGame\SnakeGame.srcs\sources_1\new\Clock_Converter.vhd:]
WARNING: [filemgmt 56-199] Attempt to get parsing info during refresh. "On-the-fly" syntax checking information may be incorrect. [C:\Users\ivano\OneDrive\Documentos\GitHub\VHDL-SnakeGame\SnakeGame\SnakeGame.srcs\sources_1\new\Clock_Manager.vhd:]
WARNING: [filemgmt 56-199] Attempt to get parsing info during refresh. "On-the-fly" syntax checking information may be incorrect. [C:\Users\ivano\OneDrive\Documentos\GitHub\VHDL-SnakeGame\SnakeGame\SnakeGame.srcs\sources_1\new\Clock_Manager.vhd:]
WARNING: [filemgmt 56-199] Attempt to get parsing info during refresh. "On-the-fly" syntax checking information may be incorrect. [C:\Users\ivano\OneDrive\Documentos\GitHub\VHDL-SnakeGame\SnakeGame\SnakeGame.srcs\sim_1\new\Clock_Manager_tb.vhd:]
WARNING: [filemgmt 56-199] Attempt to get parsing info during refresh. "On-the-fly" syntax checking information may be incorrect. [C:\Users\ivano\OneDrive\Documentos\GitHub\VHDL-SnakeGame\SnakeGame\SnakeGame.srcs\sources_1\new\TOP_Test.vhd:]
WARNING: [filemgmt 56-199] Attempt to get parsing info during refresh. "On-the-fly" syntax checking information may be incorrect. [C:\Users\ivano\OneDrive\Documentos\GitHub\VHDL-SnakeGame\SnakeGame\SnakeGame.srcs\sources_1\new\Clock_Manager.vhd:]
WARNING: [filemgmt 56-199] Attempt to get parsing info during refresh. "On-the-fly" syntax checking information may be incorrect. [C:\Users\ivano\OneDrive\Documentos\GitHub\VHDL-SnakeGame\SnakeGame\SnakeGame.srcs\sources_1\new\Clock_Converter.vhd:]
WARNING: [filemgmt 56-199] Attempt to get parsing info during refresh. "On-the-fly" syntax checking information may be incorrect. [C:\Users\ivano\OneDrive\Documentos\GitHub\VHDL-SnakeGame\SnakeGame\SnakeGame.srcs\sources_1\new\TOP_Test.vhd:]
WARNING: [filemgmt 56-199] Attempt to get parsing info during refresh. "On-the-fly" syntax checking information may be incorrect. [C:\Users\ivano\OneDrive\Documentos\GitHub\VHDL-SnakeGame\SnakeGame\SnakeGame.srcs\sources_1\new\TOP_Test.vhd:]
WARNING: [filemgmt 56-199] Attempt to get parsing info during refresh. "On-the-fly" syntax checking information may be incorrect. [C:\Users\ivano\OneDrive\Documentos\GitHub\VHDL-SnakeGame\SnakeGame\SnakeGame.srcs\sim_1\new\Clock_Manager_tb.vhd:]
WARNING: [filemgmt 56-199] Attempt to get parsing info during refresh. "On-the-fly" syntax checking information may be incorrect. [C:\Users\ivano\OneDrive\Documentos\GitHub\VHDL-SnakeGame\SnakeGame\SnakeGame.srcs\sources_1\new\TOP_Test.vhd:]
WARNING: [filemgmt 56-199] Attempt to get parsing info during refresh. "On-the-fly" syntax checking information may be incorrect. [C:\Users\ivano\OneDrive\Documentos\GitHub\VHDL-SnakeGame\SnakeGame\SnakeGame.srcs\sources_1\new\Clock_Manager.vhd:]
WARNING: [filemgmt 56-199] Attempt to get parsing info during refresh. "On-the-fly" syntax checking information may be incorrect. [C:\Users\ivano\OneDrive\Documentos\GitHub\VHDL-SnakeGame\SnakeGame\SnakeGame.srcs\sources_1\new\Clock_Converter.vhd:]
WARNING: [filemgmt 56-199] Attempt to get parsing info during refresh. "On-the-fly" syntax checking information may be incorrect. [C:\Users\ivano\OneDrive\Documentos\GitHub\VHDL-SnakeGame\SnakeGame\SnakeGame.srcs\sim_1\new\Clock_Manager_tb.vhd:]
WARNING: [filemgmt 56-199] Attempt to get parsing info during refresh. "On-the-fly" syntax checking information may be incorrect. [C:\Users\ivano\OneDrive\Documentos\GitHub\VHDL-SnakeGame\SnakeGame\SnakeGame.srcs\sim_1\new\Clock_Manager_tb.vhd:]
ERROR: [Common 17-180] Spawn failed: No error
set_property top Clock_Manager_tb [get_filesets sim_1]
set_property top_lib xil_defaultlib [get_filesets sim_1]
WARNING: [filemgmt 56-199] Attempt to get parsing info during refresh. "On-the-fly" syntax checking information may be incorrect. [C:\Users\ivano\OneDrive\Documentos\GitHub\VHDL-SnakeGame\SnakeGame\SnakeGame.srcs\sim_1\new\Clock_Manager_tb.vhd:]
WARNING: [filemgmt 56-199] Attempt to get parsing info during refresh. "On-the-fly" syntax checking information may be incorrect. [C:\Users\ivano\OneDrive\Documentos\GitHub\VHDL-SnakeGame\SnakeGame\SnakeGame.srcs\sources_1\new\TOP_Test.vhd:]
WARNING: [filemgmt 56-199] Attempt to get parsing info during refresh. "On-the-fly" syntax checking information may be incorrect. [C:\Users\ivano\OneDrive\Documentos\GitHub\VHDL-SnakeGame\SnakeGame\SnakeGame.srcs\sources_1\new\Clock_Manager.vhd:]
WARNING: [filemgmt 56-199] Attempt to get parsing info during refresh. "On-the-fly" syntax checking information may be incorrect. [C:\Users\ivano\OneDrive\Documentos\GitHub\VHDL-SnakeGame\SnakeGame\SnakeGame.srcs\sources_1\new\Clock_Converter.vhd:]
WARNING: [filemgmt 56-199] Attempt to get parsing info during refresh. "On-the-fly" syntax checking information may be incorrect. [C:\Users\ivano\OneDrive\Documentos\GitHub\VHDL-SnakeGame\SnakeGame\SnakeGame.srcs\sources_1\new\Clock_Manager.vhd:]
WARNING: [filemgmt 56-199] Attempt to get parsing info during refresh. "On-the-fly" syntax checking information may be incorrect. [C:\Users\ivano\OneDrive\Documentos\GitHub\VHDL-SnakeGame\SnakeGame\SnakeGame.srcs\sources_1\new\Clock_Manager.vhd:]
WARNING: [filemgmt 56-199] Attempt to get parsing info during refresh. "On-the-fly" syntax checking information may be incorrect. [C:\Users\ivano\OneDrive\Documentos\GitHub\VHDL-SnakeGame\SnakeGame\SnakeGame.srcs\sim_1\new\Clock_Manager_tb.vhd:]
WARNING: [filemgmt 56-199] Attempt to get parsing info during refresh. "On-the-fly" syntax checking information may be incorrect. [C:\Users\ivano\OneDrive\Documentos\GitHub\VHDL-SnakeGame\SnakeGame\SnakeGame.srcs\sources_1\new\TOP_Test.vhd:]
WARNING: [filemgmt 56-199] Attempt to get parsing info during refresh. "On-the-fly" syntax checking information may be incorrect. [C:\Users\ivano\OneDrive\Documentos\GitHub\VHDL-SnakeGame\SnakeGame\SnakeGame.srcs\sources_1\new\Clock_Manager.vhd:]
WARNING: [filemgmt 56-199] Attempt to get parsing info during refresh. "On-the-fly" syntax checking information may be incorrect. [C:\Users\ivano\OneDrive\Documentos\GitHub\VHDL-SnakeGame\SnakeGame\SnakeGame.srcs\sources_1\new\Clock_Converter.vhd:]
WARNING: [filemgmt 56-199] Attempt to get parsing info during refresh. "On-the-fly" syntax checking information may be incorrect. [C:\Users\ivano\OneDrive\Documentos\GitHub\VHDL-SnakeGame\SnakeGame\SnakeGame.srcs\sim_1\new\Clock_Manager_tb.vhd:]
WARNING: [filemgmt 56-199] Attempt to get parsing info during refresh. "On-the-fly" syntax checking information may be incorrect. [C:\Users\ivano\OneDrive\Documentos\GitHub\VHDL-SnakeGame\SnakeGame\SnakeGame.srcs\sim_1\new\Clock_Manager_tb.vhd:]
ERROR: [Common 17-180] Spawn failed: No error
WARNING: [filemgmt 56-199] Attempt to get parsing info during refresh. "On-the-fly" syntax checking information may be incorrect. [C:\Users\ivano\OneDrive\Documentos\GitHub\VHDL-SnakeGame\SnakeGame\SnakeGame.srcs\sim_1\new\Clock_Manager_tb.vhd:]
WARNING: [filemgmt 56-199] Attempt to get parsing info during refresh. "On-the-fly" syntax checking information may be incorrect. [C:\Users\ivano\OneDrive\Documentos\GitHub\VHDL-SnakeGame\SnakeGame\SnakeGame.srcs\sources_1\new\TOP_Test.vhd:]
WARNING: [filemgmt 56-199] Attempt to get parsing info during refresh. "On-the-fly" syntax checking information may be incorrect. [C:\Users\ivano\OneDrive\Documentos\GitHub\VHDL-SnakeGame\SnakeGame\SnakeGame.srcs\sources_1\new\Clock_Manager.vhd:]
WARNING: [filemgmt 56-199] Attempt to get parsing info during refresh. "On-the-fly" syntax checking information may be incorrect. [C:\Users\ivano\OneDrive\Documentos\GitHub\VHDL-SnakeGame\SnakeGame\SnakeGame.srcs\sources_1\new\Clock_Converter.vhd:]
WARNING: [filemgmt 56-199] Attempt to get parsing info during refresh. "On-the-fly" syntax checking information may be incorrect. [C:\Users\ivano\OneDrive\Documentos\GitHub\VHDL-SnakeGame\SnakeGame\SnakeGame.srcs\sources_1\new\Clock_Converter.vhd:]
WARNING: [filemgmt 56-199] Attempt to get parsing info during refresh. "On-the-fly" syntax checking information may be incorrect. [C:\Users\ivano\OneDrive\Documentos\GitHub\VHDL-SnakeGame\SnakeGame\SnakeGame.srcs\sources_1\new\Clock_Converter.vhd:]
ERROR: [Common 17-180] Spawn failed: No error
update_compile_order -fileset sim_1
WARNING: [filemgmt 56-199] Attempt to get parsing info during refresh. "On-the-fly" syntax checking information may be incorrect. [C:\Users\ivano\OneDrive\Documentos\GitHub\VHDL-SnakeGame\SnakeGame\SnakeGame.srcs\sim_1\new\Clock_Manager_tb.vhd:]
WARNING: [filemgmt 56-199] Attempt to get parsing info during refresh. "On-the-fly" syntax checking information may be incorrect. [C:\Users\ivano\OneDrive\Documentos\GitHub\VHDL-SnakeGame\SnakeGame\SnakeGame.srcs\sources_1\new\TOP_Test.vhd:]
WARNING: [filemgmt 56-199] Attempt to get parsing info during refresh. "On-the-fly" syntax checking information may be incorrect. [C:\Users\ivano\OneDrive\Documentos\GitHub\VHDL-SnakeGame\SnakeGame\SnakeGame.srcs\sources_1\new\Clock_Manager.vhd:]
WARNING: [filemgmt 56-199] Attempt to get parsing info during refresh. "On-the-fly" syntax checking information may be incorrect. [C:\Users\ivano\OneDrive\Documentos\GitHub\VHDL-SnakeGame\SnakeGame\SnakeGame.srcs\sources_1\new\Clock_Converter.vhd:]
WARNING: [filemgmt 56-199] Attempt to get parsing info during refresh. "On-the-fly" syntax checking information may be incorrect. [C:\Users\ivano\OneDrive\Documentos\GitHub\VHDL-SnakeGame\SnakeGame\SnakeGame.srcs\sources_1\new\Clock_Manager.vhd:]
WARNING: [filemgmt 56-199] Attempt to get parsing info during refresh. "On-the-fly" syntax checking information may be incorrect. [C:\Users\ivano\OneDrive\Documentos\GitHub\VHDL-SnakeGame\SnakeGame\SnakeGame.srcs\sources_1\new\Clock_Manager.vhd:]
WARNING: [filemgmt 56-199] Attempt to get parsing info during refresh. "On-the-fly" syntax checking information may be incorrect. [C:\Users\ivano\OneDrive\Documentos\GitHub\VHDL-SnakeGame\SnakeGame\SnakeGame.srcs\sim_1\new\Clock_Manager_tb.vhd:]
WARNING: [filemgmt 56-199] Attempt to get parsing info during refresh. "On-the-fly" syntax checking information may be incorrect. [C:\Users\ivano\OneDrive\Documentos\GitHub\VHDL-SnakeGame\SnakeGame\SnakeGame.srcs\sources_1\new\TOP_Test.vhd:]
WARNING: [filemgmt 56-199] Attempt to get parsing info during refresh. "On-the-fly" syntax checking information may be incorrect. [C:\Users\ivano\OneDrive\Documentos\GitHub\VHDL-SnakeGame\SnakeGame\SnakeGame.srcs\sources_1\new\Clock_Manager.vhd:]
WARNING: [filemgmt 56-199] Attempt to get parsing info during refresh. "On-the-fly" syntax checking information may be incorrect. [C:\Users\ivano\OneDrive\Documentos\GitHub\VHDL-SnakeGame\SnakeGame\SnakeGame.srcs\sources_1\new\Clock_Converter.vhd:]
WARNING: [filemgmt 56-199] Attempt to get parsing info during refresh. "On-the-fly" syntax checking information may be incorrect. [C:\Users\ivano\OneDrive\Documentos\GitHub\VHDL-SnakeGame\SnakeGame\SnakeGame.srcs\sim_1\new\Clock_Manager_tb.vhd:]
WARNING: [filemgmt 56-199] Attempt to get parsing info during refresh. "On-the-fly" syntax checking information may be incorrect. [C:\Users\ivano\OneDrive\Documentos\GitHub\VHDL-SnakeGame\SnakeGame\SnakeGame.srcs\sim_1\new\Clock_Manager_tb.vhd:]
ERROR: [Common 17-180] Spawn failed: No error
WARNING: [filemgmt 56-199] Attempt to get parsing info during refresh. "On-the-fly" syntax checking information may be incorrect. [C:\Users\ivano\OneDrive\Documentos\GitHub\VHDL-SnakeGame\SnakeGame\SnakeGame.srcs\sim_1\new\Clock_Manager_tb.vhd:]
WARNING: [filemgmt 56-199] Attempt to get parsing info during refresh. "On-the-fly" syntax checking information may be incorrect. [C:\Users\ivano\OneDrive\Documentos\GitHub\VHDL-SnakeGame\SnakeGame\SnakeGame.srcs\sources_1\new\TOP_Test.vhd:]
WARNING: [filemgmt 56-199] Attempt to get parsing info during refresh. "On-the-fly" syntax checking information may be incorrect. [C:\Users\ivano\OneDrive\Documentos\GitHub\VHDL-SnakeGame\SnakeGame\SnakeGame.srcs\sources_1\new\Clock_Manager.vhd:]
WARNING: [filemgmt 56-199] Attempt to get parsing info during refresh. "On-the-fly" syntax checking information may be incorrect. [C:\Users\ivano\OneDrive\Documentos\GitHub\VHDL-SnakeGame\SnakeGame\SnakeGame.srcs\sources_1\new\Clock_Converter.vhd:]
WARNING: [filemgmt 56-199] Attempt to get parsing info during refresh. "On-the-fly" syntax checking information may be incorrect. [C:\Users\ivano\OneDrive\Documentos\GitHub\VHDL-SnakeGame\SnakeGame\SnakeGame.srcs\sources_1\new\Clock_Converter.vhd:]
WARNING: [filemgmt 56-199] Attempt to get parsing info during refresh. "On-the-fly" syntax checking information may be incorrect. [C:\Users\ivano\OneDrive\Documentos\GitHub\VHDL-SnakeGame\SnakeGame\SnakeGame.srcs\sources_1\new\Clock_Converter.vhd:]
ERROR: [Common 17-180] Spawn failed: No error
set_property top Clock_Manager [current_fileset]
WARNING: [filemgmt 56-199] Attempt to get parsing info during refresh. "On-the-fly" syntax checking information may be incorrect. [C:\Users\ivano\OneDrive\Documentos\GitHub\VHDL-SnakeGame\SnakeGame\SnakeGame.srcs\sim_1\new\Clock_Manager_tb.vhd:]
WARNING: [filemgmt 56-199] Attempt to get parsing info during refresh. "On-the-fly" syntax checking information may be incorrect. [C:\Users\ivano\OneDrive\Documentos\GitHub\VHDL-SnakeGame\SnakeGame\SnakeGame.srcs\sources_1\new\TOP_Test.vhd:]
WARNING: [filemgmt 56-199] Attempt to get parsing info during refresh. "On-the-fly" syntax checking information may be incorrect. [C:\Users\ivano\OneDrive\Documentos\GitHub\VHDL-SnakeGame\SnakeGame\SnakeGame.srcs\sources_1\new\Clock_Manager.vhd:]
WARNING: [filemgmt 56-199] Attempt to get parsing info during refresh. "On-the-fly" syntax checking information may be incorrect. [C:\Users\ivano\OneDrive\Documentos\GitHub\VHDL-SnakeGame\SnakeGame\SnakeGame.srcs\sources_1\new\Clock_Converter.vhd:]
WARNING: [filemgmt 56-199] Attempt to get parsing info during refresh. "On-the-fly" syntax checking information may be incorrect. [C:\Users\ivano\OneDrive\Documentos\GitHub\VHDL-SnakeGame\SnakeGame\SnakeGame.srcs\sources_1\new\Clock_Manager.vhd:]
WARNING: [filemgmt 56-199] Attempt to get parsing info during refresh. "On-the-fly" syntax checking information may be incorrect. [C:\Users\ivano\OneDrive\Documentos\GitHub\VHDL-SnakeGame\SnakeGame\SnakeGame.srcs\sources_1\new\Clock_Manager.vhd:]
WARNING: [filemgmt 56-199] Attempt to get parsing info during refresh. "On-the-fly" syntax checking information may be incorrect. [C:\Users\ivano\OneDrive\Documentos\GitHub\VHDL-SnakeGame\SnakeGame\SnakeGame.srcs\sim_1\new\Clock_Manager_tb.vhd:]
WARNING: [filemgmt 56-199] Attempt to get parsing info during refresh. "On-the-fly" syntax checking information may be incorrect. [C:\Users\ivano\OneDrive\Documentos\GitHub\VHDL-SnakeGame\SnakeGame\SnakeGame.srcs\sources_1\new\TOP_Test.vhd:]
WARNING: [filemgmt 56-199] Attempt to get parsing info during refresh. "On-the-fly" syntax checking information may be incorrect. [C:\Users\ivano\OneDrive\Documentos\GitHub\VHDL-SnakeGame\SnakeGame\SnakeGame.srcs\sources_1\new\Clock_Manager.vhd:]
WARNING: [filemgmt 56-199] Attempt to get parsing info during refresh. "On-the-fly" syntax checking information may be incorrect. [C:\Users\ivano\OneDrive\Documentos\GitHub\VHDL-SnakeGame\SnakeGame\SnakeGame.srcs\sources_1\new\Clock_Converter.vhd:]
WARNING: [filemgmt 56-199] Attempt to get parsing info during refresh. "On-the-fly" syntax checking information may be incorrect. [C:\Users\ivano\OneDrive\Documentos\GitHub\VHDL-SnakeGame\SnakeGame\SnakeGame.srcs\sim_1\new\Clock_Manager_tb.vhd:]
WARNING: [filemgmt 56-199] Attempt to get parsing info during refresh. "On-the-fly" syntax checking information may be incorrect. [C:\Users\ivano\OneDrive\Documentos\GitHub\VHDL-SnakeGame\SnakeGame\SnakeGame.srcs\sim_1\new\Clock_Manager_tb.vhd:]
ERROR: [Common 17-180] Spawn failed: No error
WARNING: [filemgmt 56-199] Attempt to get parsing info during refresh. "On-the-fly" syntax checking information may be incorrect. [C:\Users\ivano\OneDrive\Documentos\GitHub\VHDL-SnakeGame\SnakeGame\SnakeGame.srcs\sim_1\new\Clock_Manager_tb.vhd:]
WARNING: [filemgmt 56-199] Attempt to get parsing info during refresh. "On-the-fly" syntax checking information may be incorrect. [C:\Users\ivano\OneDrive\Documentos\GitHub\VHDL-SnakeGame\SnakeGame\SnakeGame.srcs\sources_1\new\TOP_Test.vhd:]
WARNING: [filemgmt 56-199] Attempt to get parsing info during refresh. "On-the-fly" syntax checking information may be incorrect. [C:\Users\ivano\OneDrive\Documentos\GitHub\VHDL-SnakeGame\SnakeGame\SnakeGame.srcs\sources_1\new\Clock_Manager.vhd:]
WARNING: [filemgmt 56-199] Attempt to get parsing info during refresh. "On-the-fly" syntax checking information may be incorrect. [C:\Users\ivano\OneDrive\Documentos\GitHub\VHDL-SnakeGame\SnakeGame\SnakeGame.srcs\sources_1\new\Clock_Converter.vhd:]
WARNING: [filemgmt 56-199] Attempt to get parsing info during refresh. "On-the-fly" syntax checking information may be incorrect. [C:\Users\ivano\OneDrive\Documentos\GitHub\VHDL-SnakeGame\SnakeGame\SnakeGame.srcs\sources_1\new\TOP_Test.vhd:]
WARNING: [filemgmt 56-199] Attempt to get parsing info during refresh. "On-the-fly" syntax checking information may be incorrect. [C:\Users\ivano\OneDrive\Documentos\GitHub\VHDL-SnakeGame\SnakeGame\SnakeGame.srcs\sources_1\new\TOP_Test.vhd:]
ERROR: [Common 17-180] Spawn failed: No error
update_compile_order -fileset sources_1
WARNING: [filemgmt 56-199] Attempt to get parsing info during refresh. "On-the-fly" syntax checking information may be incorrect. [C:\Users\ivano\OneDrive\Documentos\GitHub\VHDL-SnakeGame\SnakeGame\SnakeGame.srcs\sim_1\new\Clock_Manager_tb.vhd:]
WARNING: [filemgmt 56-199] Attempt to get parsing info during refresh. "On-the-fly" syntax checking information may be incorrect. [C:\Users\ivano\OneDrive\Documentos\GitHub\VHDL-SnakeGame\SnakeGame\SnakeGame.srcs\sources_1\new\TOP_Test.vhd:]
WARNING: [filemgmt 56-199] Attempt to get parsing info during refresh. "On-the-fly" syntax checking information may be incorrect. [C:\Users\ivano\OneDrive\Documentos\GitHub\VHDL-SnakeGame\SnakeGame\SnakeGame.srcs\sources_1\new\Clock_Manager.vhd:]
WARNING: [filemgmt 56-199] Attempt to get parsing info during refresh. "On-the-fly" syntax checking information may be incorrect. [C:\Users\ivano\OneDrive\Documentos\GitHub\VHDL-SnakeGame\SnakeGame\SnakeGame.srcs\sources_1\new\Clock_Converter.vhd:]
WARNING: [filemgmt 56-199] Attempt to get parsing info during refresh. "On-the-fly" syntax checking information may be incorrect. [C:\Users\ivano\OneDrive\Documentos\GitHub\VHDL-SnakeGame\SnakeGame\SnakeGame.srcs\sources_1\new\Clock_Manager.vhd:]
WARNING: [filemgmt 56-199] Attempt to get parsing info during refresh. "On-the-fly" syntax checking information may be incorrect. [C:\Users\ivano\OneDrive\Documentos\GitHub\VHDL-SnakeGame\SnakeGame\SnakeGame.srcs\sources_1\new\Clock_Manager.vhd:]
WARNING: [filemgmt 56-199] Attempt to get parsing info during refresh. "On-the-fly" syntax checking information may be incorrect. [C:\Users\ivano\OneDrive\Documentos\GitHub\VHDL-SnakeGame\SnakeGame\SnakeGame.srcs\sim_1\new\Clock_Manager_tb.vhd:]
WARNING: [filemgmt 56-199] Attempt to get parsing info during refresh. "On-the-fly" syntax checking information may be incorrect. [C:\Users\ivano\OneDrive\Documentos\GitHub\VHDL-SnakeGame\SnakeGame\SnakeGame.srcs\sources_1\new\TOP_Test.vhd:]
WARNING: [filemgmt 56-199] Attempt to get parsing info during refresh. "On-the-fly" syntax checking information may be incorrect. [C:\Users\ivano\OneDrive\Documentos\GitHub\VHDL-SnakeGame\SnakeGame\SnakeGame.srcs\sources_1\new\Clock_Manager.vhd:]
WARNING: [filemgmt 56-199] Attempt to get parsing info during refresh. "On-the-fly" syntax checking information may be incorrect. [C:\Users\ivano\OneDrive\Documentos\GitHub\VHDL-SnakeGame\SnakeGame\SnakeGame.srcs\sources_1\new\Clock_Converter.vhd:]
WARNING: [filemgmt 56-199] Attempt to get parsing info during refresh. "On-the-fly" syntax checking information may be incorrect. [C:\Users\ivano\OneDrive\Documentos\GitHub\VHDL-SnakeGame\SnakeGame\SnakeGame.srcs\sim_1\new\Clock_Manager_tb.vhd:]
WARNING: [filemgmt 56-199] Attempt to get parsing info during refresh. "On-the-fly" syntax checking information may be incorrect. [C:\Users\ivano\OneDrive\Documentos\GitHub\VHDL-SnakeGame\SnakeGame\SnakeGame.srcs\sim_1\new\Clock_Manager_tb.vhd:]
ERROR: [Common 17-180] Spawn failed: No error
WARNING: [filemgmt 56-199] Attempt to get parsing info during refresh. "On-the-fly" syntax checking information may be incorrect. [C:\Users\ivano\OneDrive\Documentos\GitHub\VHDL-SnakeGame\SnakeGame\SnakeGame.srcs\sim_1\new\Clock_Manager_tb.vhd:]
WARNING: [filemgmt 56-199] Attempt to get parsing info during refresh. "On-the-fly" syntax checking information may be incorrect. [C:\Users\ivano\OneDrive\Documentos\GitHub\VHDL-SnakeGame\SnakeGame\SnakeGame.srcs\sources_1\new\TOP_Test.vhd:]
WARNING: [filemgmt 56-199] Attempt to get parsing info during refresh. "On-the-fly" syntax checking information may be incorrect. [C:\Users\ivano\OneDrive\Documentos\GitHub\VHDL-SnakeGame\SnakeGame\SnakeGame.srcs\sources_1\new\Clock_Manager.vhd:]
WARNING: [filemgmt 56-199] Attempt to get parsing info during refresh. "On-the-fly" syntax checking information may be incorrect. [C:\Users\ivano\OneDrive\Documentos\GitHub\VHDL-SnakeGame\SnakeGame\SnakeGame.srcs\sources_1\new\Clock_Converter.vhd:]
WARNING: [filemgmt 56-199] Attempt to get parsing info during refresh. "On-the-fly" syntax checking information may be incorrect. [C:\Users\ivano\OneDrive\Documentos\GitHub\VHDL-SnakeGame\SnakeGame\SnakeGame.srcs\sources_1\new\TOP_Test.vhd:]
WARNING: [filemgmt 56-199] Attempt to get parsing info during refresh. "On-the-fly" syntax checking information may be incorrect. [C:\Users\ivano\OneDrive\Documentos\GitHub\VHDL-SnakeGame\SnakeGame\SnakeGame.srcs\sources_1\new\TOP_Test.vhd:]
ERROR: [Common 17-180] Spawn failed: No error
launch_simulation
Command: launch_simulation 
INFO: [Vivado 12-12493] Simulation top is 'Clock_Manager_tb'
WARNING: [Vivado 12-13340] Unable to auto find GCC executables from simulator install path! (path not set)
INFO: [Vivado 12-5698] Checking validity of IPs in the design for the 'XSim' simulator...
INFO: [Vivado 12-5682] Launching behavioral simulation in 'C:/Users/ivano/OneDrive/Documentos/GitHub/VHDL-SnakeGame/SnakeGame/SnakeGame.sim/sim_1/behav/xsim'
INFO: [Vivado 12-4795] Using compiled simulation libraries for IPs
INFO: [SIM-utils-51] Simulation object is 'sim_1'
INFO: [SIM-utils-72] Using boost library from 'C:/XILINX1/Vivado/2024.1/tps/boost_1_72_0'
INFO: [USF-XSim-7] Finding pre-compiled libraries...
INFO: [USF-XSim-11] File 'C:/XILINX1/Vivado/2024.1/data/xsim/xsim.ini' copied to run dir:'C:/Users/ivano/OneDrive/Documentos/GitHub/VHDL-SnakeGame/SnakeGame/SnakeGame.sim/sim_1/behav/xsim'
INFO: [SIM-utils-54] Inspecting design source files for 'Clock_Manager_tb' in fileset 'sim_1'...
INFO: [USF-XSim-97] Finding global include files...
INFO: [USF-XSim-98] Fetching design files from 'sim_1'...
INFO: [USF-XSim-2] XSim::Compile design
INFO: [USF-XSim-61] Executing 'COMPILE and ANALYZE' step in 'C:/Users/ivano/OneDrive/Documentos/GitHub/VHDL-SnakeGame/SnakeGame/SnakeGame.sim/sim_1/behav/xsim'
"xvlog --incr --relax -prj Clock_Manager_tb_vlog.prj"
INFO: [VRFC 10-2263] Analyzing Verilog file "C:/Users/ivano/OneDrive/Documentos/GitHub/VHDL-SnakeGame/SnakeGame/SnakeGame.sim/sim_1/behav/xsim/glbl.v" into library xil_defaultlib
INFO: [VRFC 10-311] analyzing module glbl
"xvhdl --incr --relax -prj Clock_Manager_tb_vhdl.prj"
INFO: [VRFC 10-163] Analyzing VHDL file "C:/Users/ivano/OneDrive/Documentos/GitHub/VHDL-SnakeGame/SnakeGame/SnakeGame.gen/sources_1/ip/PLL100to108/PLL100to108_sim_netlist.vhdl" into library xil_defaultlib
INFO: [VRFC 10-3107] analyzing entity 'PLL100to108_clk_wiz'
INFO: [VRFC 10-3107] analyzing entity 'PLL100to108'
INFO: [VRFC 10-163] Analyzing VHDL file "C:/Users/ivano/OneDrive/Documentos/GitHub/VHDL-SnakeGame/SnakeGame/SnakeGame.srcs/sources_1/new/Clock_Converter.vhd" into library xil_defaultlib
INFO: [VRFC 10-3107] analyzing entity 'Clock_Converter'
INFO: [VRFC 10-163] Analyzing VHDL file "C:/Users/ivano/OneDrive/Documentos/GitHub/VHDL-SnakeGame/SnakeGame/SnakeGame.srcs/sources_1/new/Clock_Manager.vhd" into library xil_defaultlib
INFO: [VRFC 10-3107] analyzing entity 'Clock_Manager'
INFO: [VRFC 10-163] Analyzing VHDL file "C:/Users/ivano/OneDrive/Documentos/GitHub/VHDL-SnakeGame/SnakeGame/SnakeGame.srcs/sim_1/new/Clock_Manager_tb.vhd" into library xil_defaultlib
INFO: [VRFC 10-3107] analyzing entity 'Clock_Manager_tb'
run_program: Time (s): cpu = 00:00:00 ; elapsed = 00:00:07 . Memory (MB): peak = 1674.812 ; gain = 0.000
INFO: [USF-XSim-69] 'compile' step finished in '8' seconds
INFO: [USF-XSim-3] XSim::Elaborate design
INFO: [USF-XSim-61] Executing 'ELABORATE' step in 'C:/Users/ivano/OneDrive/Documentos/GitHub/VHDL-SnakeGame/SnakeGame/SnakeGame.sim/sim_1/behav/xsim'
"xelab --incr --debug typical --relax --mt 2 -L xil_defaultlib -L unisims_ver -L unimacro_ver -L secureip -L xpm --snapshot Clock_Manager_tb_behav xil_defaultlib.Clock_Manager_tb xil_defaultlib.glbl -log elaborate.log"
Vivado Simulator v2024.1
Copyright 1986-2022 Xilinx, Inc. All Rights Reserved.
Copyright 2022-2024 Advanced Micro Devices, Inc. All Rights Reserved.
Running: C:/XILINX1/Vivado/2024.1/bin/unwrapped/win64.o/xelab.exe --incr --debug typical --relax --mt 2 -L xil_defaultlib -L unisims_ver -L unimacro_ver -L secureip -L xpm --snapshot Clock_Manager_tb_behav xil_defaultlib.Clock_Manager_tb xil_defaultlib.glbl -log elaborate.log 
Using 2 slave threads.
Starting static elaboration
Pass Through NonSizing Optimizer
Completed static elaboration
Starting simulation data flow analysis
Completed simulation data flow analysis
Time Resolution for simulation is 1ps
Compiling package std.standard
Compiling package std.textio
Compiling package ieee.std_logic_1164
Compiling package ieee.numeric_std
Compiling package unisim.vcomponents
Compiling package ieee.std_logic_arith
Compiling package ieee.std_logic_signed
Compiling package ieee.vital_timing
Compiling package ieee.vital_primitives
Compiling package unisim.vpkg
Compiling module xil_defaultlib.glbl
Compiling architecture bufg_v of entity unisim.BUFG [bufg_default]
Compiling architecture ibuf_v of entity unisim.IBUF [\IBUF(1,9)(1,1)(1,4)(1,7)\]
Compiling architecture plle2_adv_v of entity unisim.PLLE2_ADV [\PLLE2_ADV(clkfbout_mult=54,clki...]
Compiling architecture structure of entity xil_defaultlib.PLL100to108_clk_wiz [pll100to108_clk_wiz_default]
Compiling architecture structure of entity xil_defaultlib.PLL100to108 [pll100to108_default]
Compiling architecture behavioral of entity xil_defaultlib.Clock_Converter [clock_converter_default]
Compiling architecture structural of entity xil_defaultlib.Clock_Manager [clock_manager_default]
Compiling architecture behavioral of entity xil_defaultlib.clock_manager_tb
Built simulation snapshot Clock_Manager_tb_behav
run_program: Time (s): cpu = 00:00:01 ; elapsed = 00:00:11 . Memory (MB): peak = 1674.812 ; gain = 0.000
INFO: [USF-XSim-69] 'elaborate' step finished in '11' seconds
INFO: [USF-XSim-4] XSim::Simulate design
INFO: [USF-XSim-61] Executing 'SIMULATE' step in 'C:/Users/ivano/OneDrive/Documentos/GitHub/VHDL-SnakeGame/SnakeGame/SnakeGame.sim/sim_1/behav/xsim'
INFO: [USF-XSim-98] *** Running xsim
   with args "Clock_Manager_tb_behav -key {Behavioral:sim_1:Functional:Clock_Manager_tb} -tclbatch {Clock_Manager_tb.tcl} -log {simulate.log}"
INFO: [USF-XSim-8] Loading simulator feature
Time resolution is 1 ps
source Clock_Manager_tb.tcl
# set curr_wave [current_wave_config]
# if { [string length $curr_wave] == 0 } {
#   if { [llength [get_objects]] > 0} {
#     add_wave /
#     set_property needs_save false [current_wave_config]
#   } else {
#      send_msg_id Add_Wave-1 WARNING "No top level signals found. Simulator will start without a wave window. If you want to open a wave window go to 'File->New Waveform Configuration' or type 'create_wave_config' in the TCL console."
#   }
# }
# run 200ms
INFO: [Common 17-41] Interrupt caught. Command should exit soon.
run: Time (s): cpu = 00:00:05 ; elapsed = 00:00:49 . Memory (MB): peak = 1704.879 ; gain = 2.320
INFO: [Common 17-344] 'run' was cancelled
INFO: [Common 17-344] 'source' was cancelled
xsim: Time (s): cpu = 00:00:07 ; elapsed = 00:00:54 . Memory (MB): peak = 1704.879 ; gain = 30.066
INFO: [Common 17-344] 'xsim' was cancelled
INFO: [Vivado 12-5357] 'simulate' step aborted
launch_simulation: Time (s): cpu = 00:00:08 ; elapsed = 00:01:16 . Memory (MB): peak = 1704.879 ; gain = 30.066
INFO: [Common 17-344] 'launch_simulation' was cancelled
run all
run: Time (s): cpu = 00:00:03 ; elapsed = 00:00:39 . Memory (MB): peak = 2749.188 ; gain = 0.000
run all
run: Time (s): cpu = 00:00:02 ; elapsed = 00:00:41 . Memory (MB): peak = 2749.188 ; gain = 0.000
close_sim
INFO: xsimkernel Simulation Memory Usage: 18572 KB (Peak: 18572 KB), Simulation CPU Usage: 123936 ms
INFO: [Simtcl 6-16] Simulation closed
exit
INFO: [Common 17-206] Exiting Vivado at Mon Dec  9 16:11:59 2024...
