srcscan starts
srcscan exits with return value 0
r VHDL std libs ===========
INFO: VHDL library search path for library "std" is now "C:/XILINX1/Vivado/2024.1/data/precomp_hsv/vhdl/std" (VHDL-1505)
INFO: VHDL library search path for library "synopsys" is now "C:/XILINX1/Vivado/2024.1/data/precomp_hsv/vhdl/synopsys" (VHDL-1505)
INFO: VHDL library search path for library "ieee" is now "C:/XILINX1/Vivado/2024.1/data/precomp_hsv/vhdl/ieee" (VHDL-1505)
INFO: VHDL library search path for library "unimacro" is now "C:/XILINX1/Vivado/2024.1/data/precomp_hsv/vhdl/unimacro" (VHDL-1505)
INFO: VHDL library search path for library "unisim" is now "C:/XILINX1/Vivado/2024.1/data/precomp_hsv/vhdl/unisim" (VHDL-1505)
INFO: VHDL library search path for library "vl" is now "C:/XILINX1/Vivado/2024.1/data/precomp_hsv/vhdl/vl" (VHDL-1505)
INFO: VHDL library search path for library "xpm" is now "C:/XILINX1/Vivado/2024.1/data/precomp_hsv/vhdl/xpm" (VHDL-1505)
INFO: analyzing module PS2Receiver (VERI-9002)
C:/Users/ivano/OneDrive/Documentos/GitHub/VHDL-SnakeGame/SnakeGame/SnakeGame.srcs/sources_1/imports/sources_1/imports/hdl/PS2Receiver.v(39): WARNING: invalid size of integer constant literal (VERI-1864)
INFO: analyzing module debouncer (VERI-9002)
-- Analyzing VHDL file "C:/Users/ivano/OneDrive/Documentos/GitHub/VHDL-SnakeGame/SnakeGame/SnakeGame.srcs/sources_1/new/BUTTONS_SYNCHRONIZER.vhd" into library xil_defaultlib (VHDL-9003)
INFO: analyzing entity 'BUTTONS_Sync' (VHDL-1012)
INFO: analyzing architecture 'Behavioral' of entity 'buttons_sync' (VHDL-9006)
-- Analyzing VHDL file "C:/Users/ivano/OneDrive/Documentos/GitHub/VHDL-SnakeGame/SnakeGame/SnakeGame.srcs/sources_1/new/Clock_Converter.vhd" into library xil_defaultlib (VHDL-9003)
INFO: analyzing entity 'Clock_Converter' (VHDL-1012)
INFO: analyzing architecture 'BEHAVIORAL' of entity 'clock_converter' (VHDL-9006)
-- Analyzing VHDL file "C:/Users/ivano/OneDrive/Documentos/GitHub/VHDL-SnakeGame/SnakeGame/SnakeGame.srcs/sources_1/new/Clock_distributor.vhd" into library xil_defaultlib (VHDL-9003)
INFO: analyzing entity 'Clock_distributor' (VHDL-1012)
INFO: analyzing architecture 'Structural' of entity 'clock_distributor' (VHDL-9006)
-- Analyzing VHDL file "C:/Users/ivano/OneDrive/Documentos/GitHub/VHDL-SnakeGame/SnakeGame/SnakeGame.srcs/sources_1/imports/sources_1/new/DISPLAY_BCD.vhd" into library xil_defaultlib (VHDL-9003)
INFO: analyzing entity 'MAQUINA_ESTADOS_TECLADO' (VHDL-1012)
INFO: analyzing architecture 'Behavioral' of entity 'maquina_estados_teclado' (VHDL-9006)
-- Analyzing VHDL file "C:/Users/ivano/OneDrive/Documentos/GitHub/VHDL-SnakeGame/SnakeGame/SnakeGame.srcs/sources_1/new/EDGEDTCTR.vhd" into library xil_defaultlib (VHDL-9003)
INFO: analyzing entity 'EDGEDTCTR' (VHDL-1012)
INFO: analyzing architecture 'Behavioral' of entity 'edgedtctr' (VHDL-9006)
-- Analyzing VHDL file "C:/Users/ivano/AppData/Local/Temp/VivadoEditorAssist14981015609590464980.tmp" into library xil_defaultlib (VHDL-9003)
INFO: analyzing package 'Types'

INFO: analyzing package body 'Types'

-- Analyzing VHDL file "C:/Users/ivano/AppData/Local/Temp/VivadoEditorAssist17308491732633356472.tmp" into library xil_defaultlib (VHDL-9003)
INFO: analyzing entity 'GAME_Play' (VHDL-1012)
INFO: analyzing architecture 'main' of entity 'game_play' (VHDL-9006)
-- Analyzing VHDL file "C:/Users/ivano/OneDrive/Documentos/GitHub/VHDL-SnakeGame/SnakeGame/SnakeGame.srcs/sources_1/new/Letters.vhd" into library xil_defaultlib (VHDL-9003)
INFO: analyzing package 'Letters'

INFO: analyzing package body 'Letters'

-- Analyzing VHDL file "C:/Users/ivano/OneDrive/Documentos/GitHub/VHDL-SnakeGame/SnakeGame/SnakeGame.srcs/sources_1/new/Main_Game.vhd" into library xil_defaultlib (VHDL-9003)
INFO: analyzing entity 'Main_Game' (VHDL-1012)
INFO: analyzing architecture 'Structural' of entity 'main_game' (VHDL-9006)
-- Analyzing VHDL file "C:/Users/ivano/OneDrive/Documentos/GitHub/VHDL-SnakeGame/SnakeGame/SnakeGame.srcs/sources_1/new/Scaled_String.vhd" into library xil_defaultlib (VHDL-9003)
INFO: analyzing entity 'Scaled_String' (VHDL-1012)
INFO: analyzing architecture 'STRUCTURAL' of entity 'scaled_string' (VHDL-9006)
-- Analyzing VHDL file "C:/Users/ivano/OneDrive/Documentos/GitHub/VHDL-SnakeGame/SnakeGame/SnakeGame.srcs/sources_1/new/Scaler.vhd" into library xil_defaultlib (VHDL-9003)
INFO: analyzing entity 'Scaler' (VHDL-1012)
INFO: analyzing architecture 'Behavioral' of entity 'scaler' (VHDL-9006)
-- Analyzing VHDL file "C:/Users/ivano/OneDrive/Documentos/GitHub/VHDL-SnakeGame/SnakeGame/SnakeGame.srcs/sources_1/imports/sources_1/new/TOP_TEC.vhd" into library xil_defaultlib (VHDL-9003)
INFO: analyzing entity 'TOP_TECLADO' (VHDL-1012)
INFO: analyzing architecture 'Behavioral' of entity 'top_teclado' (VHDL-9006)
C:/Users/ivano/OneDrive/Documentos/GitHub/VHDL-SnakeGame/SnakeGame/SnakeGame.srcs/sources_1/imports/sources_1/new/TOP_TEC.vhd(44): INFO: The direction of input port <clk> is not explicitly declared. This is valid but affects code readability (VHDL-9018)
C:/Users/ivano/OneDrive/Documentos/GitHub/VHDL-SnakeGame/SnakeGame/SnakeGame.srcs/sources_1/imports/sources_1/new/TOP_TEC.vhd(44): INFO: The direction of input port <kclk> is not explicitly declared. This is valid but affects code readability (VHDL-9018)
C:/Users/ivano/OneDrive/Documentos/GitHub/VHDL-SnakeGame/SnakeGame/SnakeGame.srcs/sources_1/imports/sources_1/new/TOP_TEC.vhd(44): INFO: The direction of input port <kdata> is not explicitly declared. This is valid but affects code readability (VHDL-9018)
C:/Users/ivano/OneDrive/Documentos/GitHub/VHDL-SnakeGame/SnakeGame/SnakeGame.srcs/sources_1/imports/sources_1/new/TOP_TEC.vhd(44): INFO: The direction of input port <keycodeout> is not explicitly declared. This is valid but affects code readability (VHDL-9018)
-- Analyzing VHDL file "C:/Users/ivano/AppData/Local/Temp/VivadoEditorAssist3546682006137292199.tmp" into library xil_defaultlib (VHDL-9003)
INFO: analyzing entity 'VGA_Draw' (VHDL-1012)
INFO: analyzing architecture 'BEHAVIORAL' of entity 'vga_draw' (VHDL-9006)
-- Analyzing VHDL file "C:/Users/ivano/OneDrive/Documentos/GitHub/VHDL-SnakeGame/SnakeGame/SnakeGame.srcs/sources_1/new/VGA_DrawStr.vhd" into library xil_defaultlib (VHDL-9003)
INFO: analyzing entity 'VGA_DrawStr' (VHDL-1012)
INFO: analyzing architecture 'Behavioral' of entity 'vga_drawstr' (VHDL-9006)
-- Analyzing VHDL file "C:/Users/ivano/OneDrive/Documentos/GitHub/VHDL-SnakeGame/SnakeGame/SnakeGame.srcs/sources_1/new/VGA_Manager.vhd" into library xil_defaultlib (VHDL-9003)
INFO: analyzing entity 'VGA_Manager' (VHDL-1012)
INFO: analyzing architecture 'Behavioral' of entity 'vga_manager' (VHDL-9006)
-- Analyzing VHDL file "C:/Users/ivano/OneDrive/Documentos/GitHub/VHDL-SnakeGame/SnakeGame/SnakeGame.srcs/sources_1/new/VGA_Sync.vhd" into library xil_defaultlib (VHDL-9003)
INFO: analyzing entity 'VGA_Sync' (VHDL-1012)
INFO: analyzing architecture 'BEHAVIORAL' of entity 'vga_sync' (VHDL-9006)
-- Analyzing VHDL file "C:/Users/ivano/AppData/Local/Temp/VivadoEditorAssist6799169815943128226.tmp" into library xil_defaultlib (VHDL-9003)
INFO: analyzing entity 'TOP_2' (VHDL-1012)
INFO: analyzing architecture 'Behavioral' of entity 'top_2' (VHDL-9006)
-- Analyzing VHDL file "C:/Users/ivano/OneDrive/Documentos/GitHub/VHDL-SnakeGame/SnakeGame/SnakeGame.srcs/sources_1/new/BUTTON_Lock.vhd" into library xil_defaultlib (VHDL-9003)
INFO: analyzing entity 'BUTTON_Lock' (VHDL-1012)
INFO: analyzing architecture 'Behavioral' of entity 'button_lock' (VHDL-9006)
-- Analyzing VHDL file "C:/Users/ivano/OneDrive/Documentos/GitHub/VHDL-SnakeGame/SnakeGame/SnakeGame.srcs/sources_1/new/Clock_Manager.vhd" into library xil_defaultlib (VHDL-9003)
INFO: analyzing entity 'Clock_Manager' (VHDL-1012)
INFO: analyzing architecture 'Structural' of entity 'clock_manager' (VHDL-9006)
-- Analyzing VHDL file "C:/Users/ivano/OneDrive/Documentos/GitHub/VHDL-SnakeGame/SnakeGame/SnakeGame.srcs/sources_1/new/MOVE_Down.vhd" into library xil_defaultlib (VHDL-9003)
INFO: analyzing entity 'Move_Down' (VHDL-1012)
INFO: analyzing architecture 'BEHAVIORAL' of entity 'move_down' (VHDL-9006)
-- Analyzing VHDL file "C:/Users/ivano/OneDrive/Documentos/GitHub/VHDL-SnakeGame/SnakeGame/SnakeGame.srcs/sources_1/new/MOVE_Init.vhd" into library xil_defaultlib (VHDL-9003)
INFO: analyzing entity 'Move_Init' (VHDL-1012)
INFO: analyzing architecture 'BEHAVIORAL' of entity 'move_init' (VHDL-9006)
-- Analyzing VHDL file "C:/Users/ivano/OneDrive/Documentos/GitHub/VHDL-SnakeGame/SnakeGame/SnakeGame.srcs/sources_1/new/MOVE_Left.vhd" into library xil_defaultlib (VHDL-9003)
INFO: analyzing entity 'Move_Left' (VHDL-1012)
INFO: analyzing architecture 'BEHAVIORAL' of entity 'move_left' (VHDL-9006)
-- Analyzing VHDL file "C:/Users/ivano/OneDrive/Documentos/GitHub/VHDL-SnakeGame/SnakeGame/SnakeGame.srcs/sources_1/new/MOVE_Right.vhd" into library xil_defaultlib (VHDL-9003)
INFO: analyzing entity 'Move_Right' (VHDL-1012)
INFO: analyzing architecture 'BEHAVIORAL' of entity 'move_right' (VHDL-9006)
-- Analyzing VHDL file "C:/Users/ivano/OneDrive/Documentos/GitHub/VHDL-SnakeGame/SnakeGame/SnakeGame.srcs/sources_1/new/MOVE_Up.vhd" into library xil_defaultlib (VHDL-9003)
INFO: analyzing entity 'Move_Up' (VHDL-1012)
INFO: analyzing architecture 'BEHAVIORAL' of entity 'move_up' (VHDL-9006)
-- Analyzing VHDL file "C:/Users/ivano/OneDrive/Documentos/GitHub/VHDL-SnakeGame/SnakeGame/SnakeGame.srcs/sources_1/new/TOP_Test.vhd" into library xil_defaultlib (VHDL-9003)
INFO: analyzing entity 'top' (VHDL-1012)
INFO: analyzing architecture 'Structural' of entity 'top' (VHDL-9006)
-- Analyzing VHDL file "C:/Users/ivano/OneDrive/Documentos/GitHub/VHDL-SnakeGame/SnakeGame/SnakeGame.srcs/sources_1/new/VGA_Manager_tb.vhd" into library xil_defaultlib (VHDL-9003)
INFO: analyzing entity 'VGA_Manager_tb' (VHDL-1012)
INFO: analyzing architecture 'TestBench' of entity 'vga_manager_tb' (VHDL-9006)
-- Analyzing VHDL file "C:/Users/ivano/OneDrive/Documentos/GitHub/VHDL-SnakeGame/SnakeGame/SnakeGame.srcs/sources_1/new/FLIP_FLOP_Snake.vhd" into library xil_defaultlib (VHDL-9003)
INFO: analyzing entity 'FLIP_FLOP_Snake' (VHDL-1012)
INFO: analyzing architecture 'Behavioral' of entity 'flip_flop_snake' (VHDL-9006)
-- Analyzing VHDL file "C:/Users/ivano/OneDrive/Documentos/GitHub/VHDL-SnakeGame/SnakeGame/SnakeGame.srcs/sources_1/new/FLIP_FLOP_String.vhd" into library xil_defaultlib (VHDL-9003)
srcscan exits with return value 0
